[2022-12-12 18:25:48,414] {taskinstance.py:1159} INFO - Dependencies all met for <TaskInstance: prepare_data.get_last_id scheduled__2022-11-28T17:07:00+00:00 [queued]>
[2022-12-12 18:25:48,462] {taskinstance.py:1159} INFO - Dependencies all met for <TaskInstance: prepare_data.get_last_id scheduled__2022-11-28T17:07:00+00:00 [queued]>
[2022-12-12 18:25:48,463] {taskinstance.py:1356} INFO - 
--------------------------------------------------------------------------------
[2022-12-12 18:25:48,465] {taskinstance.py:1357} INFO - Starting attempt 1 of 1
[2022-12-12 18:25:48,468] {taskinstance.py:1358} INFO - 
--------------------------------------------------------------------------------
[2022-12-12 18:25:48,695] {taskinstance.py:1377} INFO - Executing <Task(PythonOperator): get_last_id> on 2022-11-28 17:07:00+00:00
[2022-12-12 18:25:48,720] {standard_task_runner.py:52} INFO - Started process 413 to run task
[2022-12-12 18:25:48,739] {standard_task_runner.py:79} INFO - Running: ['airflow', 'tasks', 'run', 'prepare_data', 'get_last_id', 'scheduled__2022-11-28T17:07:00+00:00', '--job-id', '100', '--raw', '--subdir', 'DAGS_FOLDER/prepare_data.py', '--cfg-path', '/tmp/tmpjcbsnm4c', '--error-file', '/tmp/tmp0sl635vn']
[2022-12-12 18:25:48,749] {standard_task_runner.py:80} INFO - Job 100: Subtask get_last_id
[2022-12-12 18:25:49,139] {task_command.py:369} INFO - Running <TaskInstance: prepare_data.get_last_id scheduled__2022-11-28T17:07:00+00:00 [running]> on host a49e44ee4a94
[2022-12-12 18:25:50,505] {taskinstance.py:1571} INFO - Exporting the following env vars:
AIRFLOW_CTX_DAG_OWNER=airflow
AIRFLOW_CTX_DAG_ID=prepare_data
AIRFLOW_CTX_TASK_ID=get_last_id
AIRFLOW_CTX_EXECUTION_DATE=2022-11-28T17:07:00+00:00
AIRFLOW_CTX_TRY_NUMBER=1
AIRFLOW_CTX_DAG_RUN_ID=scheduled__2022-11-28T17:07:00+00:00
[2022-12-12 18:25:50,633] {base.py:68} INFO - Using connection ID 'postgres_default' for task execution.
[2022-12-12 18:25:50,950] {python.py:173} INFO - Done. Returned value was: None
[2022-12-12 18:25:51,066] {taskinstance.py:1400} INFO - Marking task as SUCCESS. dag_id=prepare_data, task_id=get_last_id, execution_date=20221128T170700, start_date=20221212T182548, end_date=20221212T182551
[2022-12-12 18:25:51,192] {local_task_job.py:156} INFO - Task exited with return code 0
[2022-12-12 18:25:51,536] {local_task_job.py:273} INFO - 1 downstream tasks scheduled from follow-on schedule check
[2022-12-12 18:39:03,558] {taskinstance.py:1159} INFO - Dependencies all met for <TaskInstance: prepare_data.get_last_id scheduled__2022-11-28T17:07:00+00:00 [queued]>
[2022-12-12 18:39:03,737] {taskinstance.py:1159} INFO - Dependencies all met for <TaskInstance: prepare_data.get_last_id scheduled__2022-11-28T17:07:00+00:00 [queued]>
[2022-12-12 18:39:03,740] {taskinstance.py:1356} INFO - 
--------------------------------------------------------------------------------
[2022-12-12 18:39:03,744] {taskinstance.py:1357} INFO - Starting attempt 1 of 1
[2022-12-12 18:39:03,762] {taskinstance.py:1358} INFO - 
--------------------------------------------------------------------------------
[2022-12-12 18:39:04,124] {taskinstance.py:1377} INFO - Executing <Task(PythonOperator): get_last_id> on 2022-11-28 17:07:00+00:00
[2022-12-12 18:39:04,198] {standard_task_runner.py:52} INFO - Started process 375 to run task
[2022-12-12 18:39:04,274] {standard_task_runner.py:79} INFO - Running: ['airflow', 'tasks', 'run', 'prepare_data', 'get_last_id', 'scheduled__2022-11-28T17:07:00+00:00', '--job-id', '85', '--raw', '--subdir', 'DAGS_FOLDER/prepare_data.py', '--cfg-path', '/tmp/tmpwwmnb9gd', '--error-file', '/tmp/tmpxklrvzz0']
[2022-12-12 18:39:04,397] {standard_task_runner.py:80} INFO - Job 85: Subtask get_last_id
[2022-12-12 18:39:05,274] {task_command.py:369} INFO - Running <TaskInstance: prepare_data.get_last_id scheduled__2022-11-28T17:07:00+00:00 [running]> on host cfea470654c7
[2022-12-12 18:39:06,265] {taskinstance.py:1571} INFO - Exporting the following env vars:
AIRFLOW_CTX_DAG_OWNER=airflow
AIRFLOW_CTX_DAG_ID=prepare_data
AIRFLOW_CTX_TASK_ID=get_last_id
AIRFLOW_CTX_EXECUTION_DATE=2022-11-28T17:07:00+00:00
AIRFLOW_CTX_TRY_NUMBER=1
AIRFLOW_CTX_DAG_RUN_ID=scheduled__2022-11-28T17:07:00+00:00
[2022-12-12 18:39:06,335] {base.py:68} INFO - Using connection ID 'postgres_default' for task execution.
[2022-12-12 18:39:06,468] {python.py:173} INFO - Done. Returned value was: None
[2022-12-12 18:39:06,678] {taskinstance.py:1400} INFO - Marking task as SUCCESS. dag_id=prepare_data, task_id=get_last_id, execution_date=20221128T170700, start_date=20221212T183903, end_date=20221212T183906
[2022-12-12 18:39:07,212] {local_task_job.py:156} INFO - Task exited with return code 0
[2022-12-12 18:39:08,288] {local_task_job.py:273} INFO - 0 downstream tasks scheduled from follow-on schedule check
