[2022-12-12 18:25:21,142] {taskinstance.py:1159} INFO - Dependencies all met for <TaskInstance: prepare_data.create_table scheduled__2022-11-28T16:51:00+00:00 [queued]>
[2022-12-12 18:25:21,182] {taskinstance.py:1159} INFO - Dependencies all met for <TaskInstance: prepare_data.create_table scheduled__2022-11-28T16:51:00+00:00 [queued]>
[2022-12-12 18:25:21,186] {taskinstance.py:1356} INFO - 
--------------------------------------------------------------------------------
[2022-12-12 18:25:21,188] {taskinstance.py:1357} INFO - Starting attempt 1 of 1
[2022-12-12 18:25:21,190] {taskinstance.py:1358} INFO - 
--------------------------------------------------------------------------------
[2022-12-12 18:25:21,259] {taskinstance.py:1377} INFO - Executing <Task(PostgresOperator): create_table> on 2022-11-28 16:51:00+00:00
[2022-12-12 18:25:21,267] {standard_task_runner.py:52} INFO - Started process 295 to run task
[2022-12-12 18:25:21,292] {standard_task_runner.py:79} INFO - Running: ['airflow', 'tasks', 'run', 'prepare_data', 'create_table', 'scheduled__2022-11-28T16:51:00+00:00', '--job-id', '44', '--raw', '--subdir', 'DAGS_FOLDER/prepare_data.py', '--cfg-path', '/tmp/tmpfnj6bc_3', '--error-file', '/tmp/tmp3dkg1_x_']
[2022-12-12 18:25:21,299] {standard_task_runner.py:80} INFO - Job 44: Subtask create_table
[2022-12-12 18:25:21,234] {task_command.py:369} INFO - Running <TaskInstance: prepare_data.create_table scheduled__2022-11-28T16:51:00+00:00 [running]> on host a49e44ee4a94
[2022-12-12 18:25:21,535] {taskinstance.py:1571} INFO - Exporting the following env vars:
AIRFLOW_CTX_DAG_OWNER=airflow
AIRFLOW_CTX_DAG_ID=prepare_data
AIRFLOW_CTX_TASK_ID=create_table
AIRFLOW_CTX_EXECUTION_DATE=2022-11-28T16:51:00+00:00
AIRFLOW_CTX_TRY_NUMBER=1
AIRFLOW_CTX_DAG_RUN_ID=scheduled__2022-11-28T16:51:00+00:00
[2022-12-12 18:25:21,622] {base.py:68} INFO - Using connection ID 'postgres_default' for task execution.
[2022-12-12 18:25:21,650] {dbapi.py:208} INFO - Running statement: CREATE TABLE IF NOT EXISTS prepared_data (
	id SERIAL,
	sensor_id BIGINT,
	longitude FLOAT,
	latitude FLOAT,
	controller_id BIGINT,
	datetime TIMESTAMP WITH TIME ZONE,
	temperature INTEGER
);, parameters: None
[2022-12-12 18:25:21,654] {postgres.py:94} INFO - NOTICE:  relation "prepared_data" already exists, skipping

[2022-12-12 18:25:21,694] {taskinstance.py:1400} INFO - Marking task as SUCCESS. dag_id=prepare_data, task_id=create_table, execution_date=20221128T165100, start_date=20221212T182521, end_date=20221212T182521
[2022-12-12 18:25:21,766] {local_task_job.py:156} INFO - Task exited with return code 0
[2022-12-12 18:25:22,192] {local_task_job.py:273} INFO - 0 downstream tasks scheduled from follow-on schedule check
[2022-12-12 18:38:33,476] {taskinstance.py:1159} INFO - Dependencies all met for <TaskInstance: prepare_data.create_table scheduled__2022-11-28T16:51:00+00:00 [queued]>
[2022-12-12 18:38:33,609] {taskinstance.py:1159} INFO - Dependencies all met for <TaskInstance: prepare_data.create_table scheduled__2022-11-28T16:51:00+00:00 [queued]>
[2022-12-12 18:38:33,611] {taskinstance.py:1356} INFO - 
--------------------------------------------------------------------------------
[2022-12-12 18:38:33,612] {taskinstance.py:1357} INFO - Starting attempt 1 of 1
[2022-12-12 18:38:33,614] {taskinstance.py:1358} INFO - 
--------------------------------------------------------------------------------
[2022-12-12 18:38:33,821] {taskinstance.py:1377} INFO - Executing <Task(PostgresOperator): create_table> on 2022-11-28 16:51:00+00:00
[2022-12-12 18:38:33,839] {standard_task_runner.py:52} INFO - Started process 261 to run task
[2022-12-12 18:38:33,862] {standard_task_runner.py:79} INFO - Running: ['airflow', 'tasks', 'run', 'prepare_data', 'create_table', 'scheduled__2022-11-28T16:51:00+00:00', '--job-id', '30', '--raw', '--subdir', 'DAGS_FOLDER/prepare_data.py', '--cfg-path', '/tmp/tmp_g8vdxmj', '--error-file', '/tmp/tmp37vpa5zg']
[2022-12-12 18:38:33,873] {standard_task_runner.py:80} INFO - Job 30: Subtask create_table
[2022-12-12 18:38:34,953] {task_command.py:369} INFO - Running <TaskInstance: prepare_data.create_table scheduled__2022-11-28T16:51:00+00:00 [running]> on host cfea470654c7
[2022-12-12 18:38:36,135] {taskinstance.py:1571} INFO - Exporting the following env vars:
AIRFLOW_CTX_DAG_OWNER=airflow
AIRFLOW_CTX_DAG_ID=prepare_data
AIRFLOW_CTX_TASK_ID=create_table
AIRFLOW_CTX_EXECUTION_DATE=2022-11-28T16:51:00+00:00
AIRFLOW_CTX_TRY_NUMBER=1
AIRFLOW_CTX_DAG_RUN_ID=scheduled__2022-11-28T16:51:00+00:00
[2022-12-12 18:38:36,218] {base.py:68} INFO - Using connection ID 'postgres_default' for task execution.
[2022-12-12 18:38:36,248] {dbapi.py:208} INFO - Running statement: CREATE TABLE IF NOT EXISTS prepared_data (
	id SERIAL,
	sensor_id BIGINT,
	longitude FLOAT,
	latitude FLOAT,
	controller_id BIGINT,
	datetime TIMESTAMP WITH TIME ZONE,
	temperature INTEGER
);, parameters: None
[2022-12-12 18:38:36,254] {postgres.py:94} INFO - NOTICE:  relation "prepared_data" already exists, skipping

[2022-12-12 18:38:36,375] {taskinstance.py:1400} INFO - Marking task as SUCCESS. dag_id=prepare_data, task_id=create_table, execution_date=20221128T165100, start_date=20221212T183833, end_date=20221212T183836
[2022-12-12 18:38:36,671] {local_task_job.py:156} INFO - Task exited with return code 0
[2022-12-12 18:38:37,687] {local_task_job.py:273} INFO - 0 downstream tasks scheduled from follow-on schedule check
