[2022-12-12 18:43:37,532] {taskinstance.py:1159} INFO - Dependencies all met for <TaskInstance: prepare_data.transfer_data scheduled__2022-11-28T20:22:00+00:00 [queued]>
[2022-12-12 18:43:37,671] {taskinstance.py:1159} INFO - Dependencies all met for <TaskInstance: prepare_data.transfer_data scheduled__2022-11-28T20:22:00+00:00 [queued]>
[2022-12-12 18:43:37,675] {taskinstance.py:1356} INFO - 
--------------------------------------------------------------------------------
[2022-12-12 18:43:37,678] {taskinstance.py:1357} INFO - Starting attempt 1 of 1
[2022-12-12 18:43:37,694] {taskinstance.py:1358} INFO - 
--------------------------------------------------------------------------------
[2022-12-12 18:43:37,883] {taskinstance.py:1377} INFO - Executing <Task(PythonOperator): transfer_data> on 2022-11-28 20:22:00+00:00
[2022-12-12 18:43:37,929] {standard_task_runner.py:52} INFO - Started process 1619 to run task
[2022-12-12 18:43:38,001] {standard_task_runner.py:79} INFO - Running: ['airflow', 'tasks', 'run', 'prepare_data', 'transfer_data', 'scheduled__2022-11-28T20:22:00+00:00', '--job-id', '685', '--raw', '--subdir', 'DAGS_FOLDER/prepare_data.py', '--cfg-path', '/tmp/tmpyy2o1hcs', '--error-file', '/tmp/tmpy4ug18u3']
[2022-12-12 18:43:38,020] {standard_task_runner.py:80} INFO - Job 685: Subtask transfer_data
[2022-12-12 18:43:38,500] {task_command.py:369} INFO - Running <TaskInstance: prepare_data.transfer_data scheduled__2022-11-28T20:22:00+00:00 [running]> on host cfea470654c7
[2022-12-12 18:43:39,510] {taskinstance.py:1571} INFO - Exporting the following env vars:
AIRFLOW_CTX_DAG_OWNER=airflow
AIRFLOW_CTX_DAG_ID=prepare_data
AIRFLOW_CTX_TASK_ID=transfer_data
AIRFLOW_CTX_EXECUTION_DATE=2022-11-28T20:22:00+00:00
AIRFLOW_CTX_TRY_NUMBER=1
AIRFLOW_CTX_DAG_RUN_ID=scheduled__2022-11-28T20:22:00+00:00
[2022-12-12 18:43:39,604] {base.py:68} INFO - Using connection ID 'postgres_default' for task execution.
[2022-12-12 18:43:39,770] {python.py:173} INFO - Done. Returned value was: None
[2022-12-12 18:43:40,239] {taskinstance.py:1400} INFO - Marking task as SUCCESS. dag_id=prepare_data, task_id=transfer_data, execution_date=20221128T202200, start_date=20221212T184337, end_date=20221212T184340
[2022-12-12 18:43:40,605] {local_task_job.py:156} INFO - Task exited with return code 0
[2022-12-12 18:43:40,942] {local_task_job.py:273} INFO - 0 downstream tasks scheduled from follow-on schedule check
