[2022-12-12 18:40:48,037] {taskinstance.py:1159} INFO - Dependencies all met for <TaskInstance: prepare_data.get_last_id scheduled__2022-11-28T18:23:00+00:00 [queued]>
[2022-12-12 18:40:48,267] {taskinstance.py:1159} INFO - Dependencies all met for <TaskInstance: prepare_data.get_last_id scheduled__2022-11-28T18:23:00+00:00 [queued]>
[2022-12-12 18:40:48,276] {taskinstance.py:1356} INFO - 
--------------------------------------------------------------------------------
[2022-12-12 18:40:48,277] {taskinstance.py:1357} INFO - Starting attempt 1 of 1
[2022-12-12 18:40:48,279] {taskinstance.py:1358} INFO - 
--------------------------------------------------------------------------------
[2022-12-12 18:40:48,428] {taskinstance.py:1377} INFO - Executing <Task(PythonOperator): get_last_id> on 2022-11-28 18:23:00+00:00
[2022-12-12 18:40:48,470] {standard_task_runner.py:52} INFO - Started process 843 to run task
[2022-12-12 18:40:48,495] {standard_task_runner.py:79} INFO - Running: ['airflow', 'tasks', 'run', 'prepare_data', 'get_last_id', 'scheduled__2022-11-28T18:23:00+00:00', '--job-id', '312', '--raw', '--subdir', 'DAGS_FOLDER/prepare_data.py', '--cfg-path', '/tmp/tmp52bhcz68', '--error-file', '/tmp/tmpga7nny2t']
[2022-12-12 18:40:48,526] {standard_task_runner.py:80} INFO - Job 312: Subtask get_last_id
[2022-12-12 18:40:48,976] {task_command.py:369} INFO - Running <TaskInstance: prepare_data.get_last_id scheduled__2022-11-28T18:23:00+00:00 [running]> on host cfea470654c7
[2022-12-12 18:40:49,949] {taskinstance.py:1571} INFO - Exporting the following env vars:
AIRFLOW_CTX_DAG_OWNER=airflow
AIRFLOW_CTX_DAG_ID=prepare_data
AIRFLOW_CTX_TASK_ID=get_last_id
AIRFLOW_CTX_EXECUTION_DATE=2022-11-28T18:23:00+00:00
AIRFLOW_CTX_TRY_NUMBER=1
AIRFLOW_CTX_DAG_RUN_ID=scheduled__2022-11-28T18:23:00+00:00
[2022-12-12 18:40:49,997] {base.py:68} INFO - Using connection ID 'postgres_default' for task execution.
[2022-12-12 18:40:50,157] {python.py:173} INFO - Done. Returned value was: None
[2022-12-12 18:40:50,693] {taskinstance.py:1400} INFO - Marking task as SUCCESS. dag_id=prepare_data, task_id=get_last_id, execution_date=20221128T182300, start_date=20221212T184048, end_date=20221212T184050
[2022-12-12 18:40:51,083] {local_task_job.py:156} INFO - Task exited with return code 0
[2022-12-12 18:40:52,088] {local_task_job.py:273} INFO - 0 downstream tasks scheduled from follow-on schedule check
