[2022-12-15 17:00:03,878] {taskinstance.py:1159} INFO - Dependencies all met for <TaskInstance: prepare_data.transfer_data scheduled__2022-12-15T16:59:00+00:00 [queued]>
[2022-12-15 17:00:03,899] {taskinstance.py:1159} INFO - Dependencies all met for <TaskInstance: prepare_data.transfer_data scheduled__2022-12-15T16:59:00+00:00 [queued]>
[2022-12-15 17:00:03,901] {taskinstance.py:1356} INFO - 
--------------------------------------------------------------------------------
[2022-12-15 17:00:03,902] {taskinstance.py:1357} INFO - Starting attempt 1 of 1
[2022-12-15 17:00:03,904] {taskinstance.py:1358} INFO - 
--------------------------------------------------------------------------------
[2022-12-15 17:00:03,938] {taskinstance.py:1377} INFO - Executing <Task(PythonOperator): transfer_data> on 2022-12-15 16:59:00+00:00
[2022-12-15 17:00:03,948] {standard_task_runner.py:52} INFO - Started process 302 to run task
[2022-12-15 17:00:03,957] {standard_task_runner.py:79} INFO - Running: ['airflow', 'tasks', 'run', 'prepare_data', 'transfer_data', 'scheduled__2022-12-15T16:59:00+00:00', '--job-id', '29', '--raw', '--subdir', 'DAGS_FOLDER/prepare_data.py', '--cfg-path', '/tmp/tmp_bif0x2j', '--error-file', '/tmp/tmpuw1myx19']
[2022-12-15 17:00:03,961] {standard_task_runner.py:80} INFO - Job 29: Subtask transfer_data
[2022-12-15 17:00:04,100] {task_command.py:369} INFO - Running <TaskInstance: prepare_data.transfer_data scheduled__2022-12-15T16:59:00+00:00 [running]> on host 39e562fe01ff
[2022-12-15 17:00:04,234] {taskinstance.py:1571} INFO - Exporting the following env vars:
AIRFLOW_CTX_DAG_OWNER=airflow
AIRFLOW_CTX_DAG_ID=prepare_data
AIRFLOW_CTX_TASK_ID=transfer_data
AIRFLOW_CTX_EXECUTION_DATE=2022-12-15T16:59:00+00:00
AIRFLOW_CTX_TRY_NUMBER=1
AIRFLOW_CTX_DAG_RUN_ID=scheduled__2022-12-15T16:59:00+00:00
[2022-12-15 17:00:04,254] {base.py:68} INFO - Using connection ID 'gp_conn' for task execution.
[2022-12-15 17:00:04,323] {python.py:173} INFO - Done. Returned value was: None
[2022-12-15 17:00:04,349] {taskinstance.py:1400} INFO - Marking task as SUCCESS. dag_id=prepare_data, task_id=transfer_data, execution_date=20221215T165900, start_date=20221215T170003, end_date=20221215T170004
[2022-12-15 17:00:04,370] {local_task_job.py:156} INFO - Task exited with return code 0
[2022-12-15 17:00:04,426] {local_task_job.py:273} INFO - 0 downstream tasks scheduled from follow-on schedule check
[2022-12-16 08:06:09,890] {taskinstance.py:1159} INFO - Dependencies all met for <TaskInstance: prepare_data.transfer_data scheduled__2022-12-15T16:59:00+00:00 [queued]>
[2022-12-16 08:06:11,140] {taskinstance.py:1159} INFO - Dependencies all met for <TaskInstance: prepare_data.transfer_data scheduled__2022-12-15T16:59:00+00:00 [queued]>
[2022-12-16 08:06:11,140] {taskinstance.py:1356} INFO - 
--------------------------------------------------------------------------------
[2022-12-16 08:06:11,140] {taskinstance.py:1357} INFO - Starting attempt 1 of 1
[2022-12-16 08:06:11,140] {taskinstance.py:1358} INFO - 
--------------------------------------------------------------------------------
[2022-12-16 08:06:13,124] {taskinstance.py:1377} INFO - Executing <Task(PythonOperator): transfer_data> on 2022-12-15 16:59:00+00:00
[2022-12-16 08:06:13,508] {standard_task_runner.py:52} INFO - Started process 16687 to run task
[2022-12-16 08:06:13,818] {standard_task_runner.py:79} INFO - Running: ['airflow', 'tasks', 'run', 'prepare_data', 'transfer_data', 'scheduled__2022-12-15T16:59:00+00:00', '--job-id', '59', '--raw', '--subdir', 'DAGS_FOLDER/prepare_data.py', '--cfg-path', '/tmp/tmpqmctkchu', '--error-file', '/tmp/tmp792q2puo']
[2022-12-16 08:06:13,921] {standard_task_runner.py:80} INFO - Job 59: Subtask transfer_data
[2022-12-16 08:06:19,326] {task_command.py:369} INFO - Running <TaskInstance: prepare_data.transfer_data scheduled__2022-12-15T16:59:00+00:00 [running]> on host 8e2f65ec4c74
[2022-12-16 08:06:25,961] {taskinstance.py:1571} INFO - Exporting the following env vars:
AIRFLOW_CTX_DAG_OWNER=airflow
AIRFLOW_CTX_DAG_ID=prepare_data
AIRFLOW_CTX_TASK_ID=transfer_data
AIRFLOW_CTX_EXECUTION_DATE=2022-12-15T16:59:00+00:00
AIRFLOW_CTX_TRY_NUMBER=1
AIRFLOW_CTX_DAG_RUN_ID=scheduled__2022-12-15T16:59:00+00:00
[2022-12-16 08:06:26,480] {base.py:68} INFO - Using connection ID 'gp_conn' for task execution.
[2022-12-16 08:06:28,420] {python.py:173} INFO - Done. Returned value was: None
[2022-12-16 08:06:29,529] {taskinstance.py:1400} INFO - Marking task as SUCCESS. dag_id=prepare_data, task_id=transfer_data, execution_date=20221215T165900, start_date=20221216T080610, end_date=20221216T080629
[2022-12-16 08:06:30,848] {local_task_job.py:156} INFO - Task exited with return code 0
[2022-12-16 08:06:32,929] {local_task_job.py:273} INFO - 0 downstream tasks scheduled from follow-on schedule check
