[2022-12-12 18:25:17,196] {taskinstance.py:1159} INFO - Dependencies all met for <TaskInstance: prepare_data.transfer_data scheduled__2022-11-28T16:48:00+00:00 [queued]>
[2022-12-12 18:25:17,221] {taskinstance.py:1159} INFO - Dependencies all met for <TaskInstance: prepare_data.transfer_data scheduled__2022-11-28T16:48:00+00:00 [queued]>
[2022-12-12 18:25:17,223] {taskinstance.py:1356} INFO - 
--------------------------------------------------------------------------------
[2022-12-12 18:25:17,224] {taskinstance.py:1357} INFO - Starting attempt 1 of 1
[2022-12-12 18:25:17,225] {taskinstance.py:1358} INFO - 
--------------------------------------------------------------------------------
[2022-12-12 18:25:17,258] {taskinstance.py:1377} INFO - Executing <Task(PythonOperator): transfer_data> on 2022-11-28 16:48:00+00:00
[2022-12-12 18:25:17,267] {standard_task_runner.py:52} INFO - Started process 286 to run task
[2022-12-12 18:25:17,275] {standard_task_runner.py:79} INFO - Running: ['airflow', 'tasks', 'run', 'prepare_data', 'transfer_data', 'scheduled__2022-11-28T16:48:00+00:00', '--job-id', '41', '--raw', '--subdir', 'DAGS_FOLDER/prepare_data.py', '--cfg-path', '/tmp/tmppp4hhzh9', '--error-file', '/tmp/tmpc9skgygv']
[2022-12-12 18:25:17,278] {standard_task_runner.py:80} INFO - Job 41: Subtask transfer_data
[2022-12-12 18:25:17,448] {task_command.py:369} INFO - Running <TaskInstance: prepare_data.transfer_data scheduled__2022-11-28T16:48:00+00:00 [running]> on host a49e44ee4a94
[2022-12-12 18:25:17,619] {taskinstance.py:1571} INFO - Exporting the following env vars:
AIRFLOW_CTX_DAG_OWNER=airflow
AIRFLOW_CTX_DAG_ID=prepare_data
AIRFLOW_CTX_TASK_ID=transfer_data
AIRFLOW_CTX_EXECUTION_DATE=2022-11-28T16:48:00+00:00
AIRFLOW_CTX_TRY_NUMBER=1
AIRFLOW_CTX_DAG_RUN_ID=scheduled__2022-11-28T16:48:00+00:00
[2022-12-12 18:25:17,643] {base.py:68} INFO - Using connection ID 'postgres_default' for task execution.
[2022-12-12 18:25:17,682] {python.py:173} INFO - Done. Returned value was: None
[2022-12-12 18:25:17,715] {taskinstance.py:1400} INFO - Marking task as SUCCESS. dag_id=prepare_data, task_id=transfer_data, execution_date=20221128T164800, start_date=20221212T182517, end_date=20221212T182517
[2022-12-12 18:25:17,777] {local_task_job.py:156} INFO - Task exited with return code 0
[2022-12-12 18:25:17,893] {local_task_job.py:273} INFO - 0 downstream tasks scheduled from follow-on schedule check
[2022-12-12 18:38:37,516] {taskinstance.py:1159} INFO - Dependencies all met for <TaskInstance: prepare_data.transfer_data scheduled__2022-11-28T16:48:00+00:00 [queued]>
[2022-12-12 18:38:37,618] {taskinstance.py:1159} INFO - Dependencies all met for <TaskInstance: prepare_data.transfer_data scheduled__2022-11-28T16:48:00+00:00 [queued]>
[2022-12-12 18:38:37,628] {taskinstance.py:1356} INFO - 
--------------------------------------------------------------------------------
[2022-12-12 18:38:37,664] {taskinstance.py:1357} INFO - Starting attempt 1 of 1
[2022-12-12 18:38:37,670] {taskinstance.py:1358} INFO - 
--------------------------------------------------------------------------------
[2022-12-12 18:38:38,142] {taskinstance.py:1377} INFO - Executing <Task(PythonOperator): transfer_data> on 2022-11-28 16:48:00+00:00
[2022-12-12 18:38:38,159] {standard_task_runner.py:52} INFO - Started process 275 to run task
[2022-12-12 18:38:38,175] {standard_task_runner.py:79} INFO - Running: ['airflow', 'tasks', 'run', 'prepare_data', 'transfer_data', 'scheduled__2022-11-28T16:48:00+00:00', '--job-id', '37', '--raw', '--subdir', 'DAGS_FOLDER/prepare_data.py', '--cfg-path', '/tmp/tmp60ihbhka', '--error-file', '/tmp/tmpx5vitkj0']
[2022-12-12 18:38:38,180] {standard_task_runner.py:80} INFO - Job 37: Subtask transfer_data
[2022-12-12 18:38:38,521] {task_command.py:369} INFO - Running <TaskInstance: prepare_data.transfer_data scheduled__2022-11-28T16:48:00+00:00 [running]> on host cfea470654c7
[2022-12-12 18:38:39,536] {taskinstance.py:1571} INFO - Exporting the following env vars:
AIRFLOW_CTX_DAG_OWNER=airflow
AIRFLOW_CTX_DAG_ID=prepare_data
AIRFLOW_CTX_TASK_ID=transfer_data
AIRFLOW_CTX_EXECUTION_DATE=2022-11-28T16:48:00+00:00
AIRFLOW_CTX_TRY_NUMBER=1
AIRFLOW_CTX_DAG_RUN_ID=scheduled__2022-11-28T16:48:00+00:00
[2022-12-12 18:38:39,628] {base.py:68} INFO - Using connection ID 'postgres_default' for task execution.
[2022-12-12 18:38:39,723] {python.py:173} INFO - Done. Returned value was: None
[2022-12-12 18:38:39,830] {taskinstance.py:1400} INFO - Marking task as SUCCESS. dag_id=prepare_data, task_id=transfer_data, execution_date=20221128T164800, start_date=20221212T183837, end_date=20221212T183839
[2022-12-12 18:38:40,007] {local_task_job.py:156} INFO - Task exited with return code 0
[2022-12-12 18:38:40,256] {local_task_job.py:273} INFO - 0 downstream tasks scheduled from follow-on schedule check
