[2022-12-16 13:02:43,321] {taskinstance.py:1159} INFO - Dependencies all met for <TaskInstance: prepare_data.create_table scheduled__2022-12-16T11:35:00+00:00 [queued]>
[2022-12-16 13:02:43,397] {taskinstance.py:1159} INFO - Dependencies all met for <TaskInstance: prepare_data.create_table scheduled__2022-12-16T11:35:00+00:00 [queued]>
[2022-12-16 13:02:43,402] {taskinstance.py:1356} INFO - 
--------------------------------------------------------------------------------
[2022-12-16 13:02:43,402] {taskinstance.py:1357} INFO - Starting attempt 1 of 1
[2022-12-16 13:02:43,402] {taskinstance.py:1358} INFO - 
--------------------------------------------------------------------------------
[2022-12-16 13:02:43,506] {taskinstance.py:1377} INFO - Executing <Task(PostgresOperator): create_table> on 2022-12-16 11:35:00+00:00
[2022-12-16 13:02:43,532] {standard_task_runner.py:52} INFO - Started process 3769 to run task
[2022-12-16 13:02:43,554] {standard_task_runner.py:79} INFO - Running: ['airflow', 'tasks', 'run', 'prepare_data', 'create_table', 'scheduled__2022-12-16T11:35:00+00:00', '--job-id', '1870', '--raw', '--subdir', 'DAGS_FOLDER/prepare_data.py', '--cfg-path', '/tmp/tmpc7cbrjqw', '--error-file', '/tmp/tmp7psy_wkz']
[2022-12-16 13:02:43,559] {standard_task_runner.py:80} INFO - Job 1870: Subtask create_table
[2022-12-16 13:02:43,923] {task_command.py:369} INFO - Running <TaskInstance: prepare_data.create_table scheduled__2022-12-16T11:35:00+00:00 [running]> on host 8e2f65ec4c74
[2022-12-16 13:02:44,578] {taskinstance.py:1571} INFO - Exporting the following env vars:
AIRFLOW_CTX_DAG_OWNER=airflow
AIRFLOW_CTX_DAG_ID=prepare_data
AIRFLOW_CTX_TASK_ID=create_table
AIRFLOW_CTX_EXECUTION_DATE=2022-12-16T11:35:00+00:00
AIRFLOW_CTX_TRY_NUMBER=1
AIRFLOW_CTX_DAG_RUN_ID=scheduled__2022-12-16T11:35:00+00:00
[2022-12-16 13:02:44,645] {base.py:68} INFO - Using connection ID 'gp_conn' for task execution.
[2022-12-16 13:02:44,668] {dbapi.py:208} INFO - Running statement: CREATE TABLE IF NOT EXISTS prepared_data (
	id SERIAL,
	sensor_id BIGINT,
	longitude FLOAT,
	latitude FLOAT,
	controller_id BIGINT,
	datetime TIMESTAMP WITH TIME ZONE,
	temperature INTEGER
);, parameters: None
[2022-12-16 13:02:44,673] {postgres.py:94} INFO - NOTICE:  relation "prepared_data" already exists, skipping

[2022-12-16 13:02:44,798] {taskinstance.py:1400} INFO - Marking task as SUCCESS. dag_id=prepare_data, task_id=create_table, execution_date=20221216T113500, start_date=20221216T130243, end_date=20221216T130244
[2022-12-16 13:02:44,880] {local_task_job.py:156} INFO - Task exited with return code 0
[2022-12-16 13:02:45,342] {local_task_job.py:273} INFO - 1 downstream tasks scheduled from follow-on schedule check
