[2022-12-12 21:09:26,725] {taskinstance.py:1159} INFO - Dependencies all met for <TaskInstance: prepare_data.transfer_data scheduled__2022-11-28T20:41:00+00:00 [queued]>
[2022-12-12 21:09:27,569] {taskinstance.py:1159} INFO - Dependencies all met for <TaskInstance: prepare_data.transfer_data scheduled__2022-11-28T20:41:00+00:00 [queued]>
[2022-12-12 21:09:27,606] {taskinstance.py:1356} INFO - 
--------------------------------------------------------------------------------
[2022-12-12 21:09:27,668] {taskinstance.py:1357} INFO - Starting attempt 1 of 1
[2022-12-12 21:09:27,680] {taskinstance.py:1358} INFO - 
--------------------------------------------------------------------------------
[2022-12-12 21:09:28,887] {taskinstance.py:1377} INFO - Executing <Task(PythonOperator): transfer_data> on 2022-11-28 20:41:00+00:00
[2022-12-12 21:09:28,923] {standard_task_runner.py:52} INFO - Started process 246 to run task
[2022-12-12 21:09:29,185] {standard_task_runner.py:79} INFO - Running: ['airflow', 'tasks', 'run', 'prepare_data', 'transfer_data', 'scheduled__2022-11-28T20:41:00+00:00', '--job-id', '759', '--raw', '--subdir', 'DAGS_FOLDER/prepare_data.py', '--cfg-path', '/tmp/tmpcgcg84cb', '--error-file', '/tmp/tmplvobpzzr']
[2022-12-12 21:09:29,259] {standard_task_runner.py:80} INFO - Job 759: Subtask transfer_data
[2022-12-12 21:09:30,241] {task_command.py:369} INFO - Running <TaskInstance: prepare_data.transfer_data scheduled__2022-11-28T20:41:00+00:00 [running]> on host cfea470654c7
[2022-12-12 21:09:32,135] {taskinstance.py:1571} INFO - Exporting the following env vars:
AIRFLOW_CTX_DAG_OWNER=airflow
AIRFLOW_CTX_DAG_ID=prepare_data
AIRFLOW_CTX_TASK_ID=transfer_data
AIRFLOW_CTX_EXECUTION_DATE=2022-11-28T20:41:00+00:00
AIRFLOW_CTX_TRY_NUMBER=1
AIRFLOW_CTX_DAG_RUN_ID=scheduled__2022-11-28T20:41:00+00:00
[2022-12-12 21:09:32,253] {base.py:68} INFO - Using connection ID 'postgres_default' for task execution.
[2022-12-12 21:09:32,983] {python.py:173} INFO - Done. Returned value was: None
[2022-12-12 21:09:34,357] {taskinstance.py:1400} INFO - Marking task as SUCCESS. dag_id=prepare_data, task_id=transfer_data, execution_date=20221128T204100, start_date=20221212T210926, end_date=20221212T210934
[2022-12-12 21:09:35,275] {local_task_job.py:221} WARNING - State of this instance has been externally set to success. Terminating instance.
[2022-12-12 21:09:35,297] {process_utils.py:129} INFO - Sending Signals.SIGTERM to group 246. PIDs of all processes in the group: [246]
[2022-12-12 21:09:35,304] {process_utils.py:80} INFO - Sending the signal Signals.SIGTERM to group 246
[2022-12-12 21:09:35,361] {process_utils.py:75} INFO - Process psutil.Process(pid=246, status='terminated', exitcode=0, started='21:09:28') (246) terminated with exit code 0
