[2022-12-12 21:09:39,161] {taskinstance.py:1159} INFO - Dependencies all met for <TaskInstance: prepare_data.transfer_data scheduled__2022-11-28T20:48:00+00:00 [queued]>
[2022-12-12 21:09:39,519] {taskinstance.py:1159} INFO - Dependencies all met for <TaskInstance: prepare_data.transfer_data scheduled__2022-11-28T20:48:00+00:00 [queued]>
[2022-12-12 21:09:39,529] {taskinstance.py:1356} INFO - 
--------------------------------------------------------------------------------
[2022-12-12 21:09:39,542] {taskinstance.py:1357} INFO - Starting attempt 1 of 1
[2022-12-12 21:09:39,546] {taskinstance.py:1358} INFO - 
--------------------------------------------------------------------------------
[2022-12-12 21:09:40,030] {taskinstance.py:1377} INFO - Executing <Task(PythonOperator): transfer_data> on 2022-11-28 20:48:00+00:00
[2022-12-12 21:09:40,058] {standard_task_runner.py:52} INFO - Started process 264 to run task
[2022-12-12 21:09:40,216] {standard_task_runner.py:79} INFO - Running: ['airflow', 'tasks', 'run', 'prepare_data', 'transfer_data', 'scheduled__2022-11-28T20:48:00+00:00', '--job-id', '765', '--raw', '--subdir', 'DAGS_FOLDER/prepare_data.py', '--cfg-path', '/tmp/tmp5t6f51m1', '--error-file', '/tmp/tmp12br68rc']
[2022-12-12 21:09:40,313] {standard_task_runner.py:80} INFO - Job 765: Subtask transfer_data
[2022-12-12 21:09:42,827] {task_command.py:369} INFO - Running <TaskInstance: prepare_data.transfer_data scheduled__2022-11-28T20:48:00+00:00 [running]> on host cfea470654c7
[2022-12-12 21:09:44,357] {taskinstance.py:1571} INFO - Exporting the following env vars:
AIRFLOW_CTX_DAG_OWNER=airflow
AIRFLOW_CTX_DAG_ID=prepare_data
AIRFLOW_CTX_TASK_ID=transfer_data
AIRFLOW_CTX_EXECUTION_DATE=2022-11-28T20:48:00+00:00
AIRFLOW_CTX_TRY_NUMBER=1
AIRFLOW_CTX_DAG_RUN_ID=scheduled__2022-11-28T20:48:00+00:00
[2022-12-12 21:09:44,474] {base.py:68} INFO - Using connection ID 'postgres_default' for task execution.
[2022-12-12 21:09:44,568] {python.py:173} INFO - Done. Returned value was: None
[2022-12-12 21:09:44,745] {taskinstance.py:1400} INFO - Marking task as SUCCESS. dag_id=prepare_data, task_id=transfer_data, execution_date=20221128T204800, start_date=20221212T210939, end_date=20221212T210944
[2022-12-12 21:09:44,954] {local_task_job.py:156} INFO - Task exited with return code 0
[2022-12-12 21:09:45,229] {local_task_job.py:273} INFO - 0 downstream tasks scheduled from follow-on schedule check
