[2022-12-16 10:53:26,405] {taskinstance.py:1159} INFO - Dependencies all met for <TaskInstance: prepare_data.transfer_data scheduled__2022-12-16T00:20:00+00:00 [queued]>
[2022-12-16 10:53:26,741] {taskinstance.py:1159} INFO - Dependencies all met for <TaskInstance: prepare_data.transfer_data scheduled__2022-12-16T00:20:00+00:00 [queued]>
[2022-12-16 10:53:26,741] {taskinstance.py:1356} INFO - 
--------------------------------------------------------------------------------
[2022-12-16 10:53:26,741] {taskinstance.py:1357} INFO - Starting attempt 1 of 1
[2022-12-16 10:53:26,741] {taskinstance.py:1358} INFO - 
--------------------------------------------------------------------------------
[2022-12-16 10:53:27,043] {taskinstance.py:1377} INFO - Executing <Task(PythonOperator): transfer_data> on 2022-12-16 00:20:00+00:00
[2022-12-16 10:53:27,079] {standard_task_runner.py:52} INFO - Started process 2699 to run task
[2022-12-16 10:53:27,106] {standard_task_runner.py:79} INFO - Running: ['airflow', 'tasks', 'run', 'prepare_data', 'transfer_data', 'scheduled__2022-12-16T00:20:00+00:00', '--job-id', '1395', '--raw', '--subdir', 'DAGS_FOLDER/prepare_data.py', '--cfg-path', '/tmp/tmperklr4i7', '--error-file', '/tmp/tmp6fbtzh82']
[2022-12-16 10:53:27,130] {standard_task_runner.py:80} INFO - Job 1395: Subtask transfer_data
[2022-12-16 10:53:28,844] {task_command.py:369} INFO - Running <TaskInstance: prepare_data.transfer_data scheduled__2022-12-16T00:20:00+00:00 [running]> on host 8e2f65ec4c74
[2022-12-16 10:53:31,361] {taskinstance.py:1571} INFO - Exporting the following env vars:
AIRFLOW_CTX_DAG_OWNER=airflow
AIRFLOW_CTX_DAG_ID=prepare_data
AIRFLOW_CTX_TASK_ID=transfer_data
AIRFLOW_CTX_EXECUTION_DATE=2022-12-16T00:20:00+00:00
AIRFLOW_CTX_TRY_NUMBER=1
AIRFLOW_CTX_DAG_RUN_ID=scheduled__2022-12-16T00:20:00+00:00
[2022-12-16 10:53:31,662] {base.py:68} INFO - Using connection ID 'gp_conn' for task execution.
[2022-12-16 10:53:32,470] {python.py:173} INFO - Done. Returned value was: None
[2022-12-16 10:53:32,966] {taskinstance.py:1400} INFO - Marking task as SUCCESS. dag_id=prepare_data, task_id=transfer_data, execution_date=20221216T002000, start_date=20221216T105326, end_date=20221216T105332
[2022-12-16 10:53:33,241] {local_task_job.py:221} WARNING - State of this instance has been externally set to success. Terminating instance.
[2022-12-16 10:53:33,242] {process_utils.py:129} INFO - Sending Signals.SIGTERM to group 2699. PIDs of all processes in the group: [2699]
[2022-12-16 10:53:33,242] {process_utils.py:80} INFO - Sending the signal Signals.SIGTERM to group 2699
[2022-12-16 10:53:33,300] {process_utils.py:75} INFO - Process psutil.Process(pid=2699, status='terminated', exitcode=0, started='10:53:27') (2699) terminated with exit code 0
