[2022-12-12 21:09:26,198] {taskinstance.py:1159} INFO - Dependencies all met for <TaskInstance: prepare_data.transfer_data scheduled__2022-11-28T20:37:00+00:00 [queued]>
[2022-12-12 21:09:26,610] {taskinstance.py:1159} INFO - Dependencies all met for <TaskInstance: prepare_data.transfer_data scheduled__2022-11-28T20:37:00+00:00 [queued]>
[2022-12-12 21:09:26,613] {taskinstance.py:1356} INFO - 
--------------------------------------------------------------------------------
[2022-12-12 21:09:26,633] {taskinstance.py:1357} INFO - Starting attempt 1 of 1
[2022-12-12 21:09:26,669] {taskinstance.py:1358} INFO - 
--------------------------------------------------------------------------------
[2022-12-12 21:09:27,841] {taskinstance.py:1377} INFO - Executing <Task(PythonOperator): transfer_data> on 2022-11-28 20:37:00+00:00
[2022-12-12 21:09:28,191] {standard_task_runner.py:52} INFO - Started process 241 to run task
[2022-12-12 21:09:28,342] {standard_task_runner.py:79} INFO - Running: ['airflow', 'tasks', 'run', 'prepare_data', 'transfer_data', 'scheduled__2022-11-28T20:37:00+00:00', '--job-id', '752', '--raw', '--subdir', 'DAGS_FOLDER/prepare_data.py', '--cfg-path', '/tmp/tmpallp3a_9', '--error-file', '/tmp/tmpgzn5uo10']
[2022-12-12 21:09:28,365] {standard_task_runner.py:80} INFO - Job 752: Subtask transfer_data
[2022-12-12 21:09:30,039] {task_command.py:369} INFO - Running <TaskInstance: prepare_data.transfer_data scheduled__2022-11-28T20:37:00+00:00 [running]> on host cfea470654c7
[2022-12-12 21:09:32,893] {taskinstance.py:1571} INFO - Exporting the following env vars:
AIRFLOW_CTX_DAG_OWNER=airflow
AIRFLOW_CTX_DAG_ID=prepare_data
AIRFLOW_CTX_TASK_ID=transfer_data
AIRFLOW_CTX_EXECUTION_DATE=2022-11-28T20:37:00+00:00
AIRFLOW_CTX_TRY_NUMBER=1
AIRFLOW_CTX_DAG_RUN_ID=scheduled__2022-11-28T20:37:00+00:00
[2022-12-12 21:09:33,079] {base.py:68} INFO - Using connection ID 'postgres_default' for task execution.
[2022-12-12 21:09:33,418] {python.py:173} INFO - Done. Returned value was: None
[2022-12-12 21:09:34,372] {taskinstance.py:1400} INFO - Marking task as SUCCESS. dag_id=prepare_data, task_id=transfer_data, execution_date=20221128T203700, start_date=20221212T210926, end_date=20221212T210934
[2022-12-12 21:09:35,231] {local_task_job.py:156} INFO - Task exited with return code 0
[2022-12-12 21:09:35,618] {local_task_job.py:273} INFO - 0 downstream tasks scheduled from follow-on schedule check
