[2022-12-12 18:25:34,523] {taskinstance.py:1159} INFO - Dependencies all met for <TaskInstance: prepare_data.get_last_id scheduled__2022-11-28T17:02:00+00:00 [queued]>
[2022-12-12 18:25:34,586] {taskinstance.py:1159} INFO - Dependencies all met for <TaskInstance: prepare_data.get_last_id scheduled__2022-11-28T17:02:00+00:00 [queued]>
[2022-12-12 18:25:34,594] {taskinstance.py:1356} INFO - 
--------------------------------------------------------------------------------
[2022-12-12 18:25:34,595] {taskinstance.py:1357} INFO - Starting attempt 1 of 1
[2022-12-12 18:25:34,597] {taskinstance.py:1358} INFO - 
--------------------------------------------------------------------------------
[2022-12-12 18:25:34,684] {taskinstance.py:1377} INFO - Executing <Task(PythonOperator): get_last_id> on 2022-11-28 17:02:00+00:00
[2022-12-12 18:25:34,734] {standard_task_runner.py:52} INFO - Started process 367 to run task
[2022-12-12 18:25:34,779] {standard_task_runner.py:79} INFO - Running: ['airflow', 'tasks', 'run', 'prepare_data', 'get_last_id', 'scheduled__2022-11-28T17:02:00+00:00', '--job-id', '80', '--raw', '--subdir', 'DAGS_FOLDER/prepare_data.py', '--cfg-path', '/tmp/tmpsczmi_0p', '--error-file', '/tmp/tmpvwtv8bxl']
[2022-12-12 18:25:34,816] {standard_task_runner.py:80} INFO - Job 80: Subtask get_last_id
[2022-12-12 18:25:35,628] {task_command.py:369} INFO - Running <TaskInstance: prepare_data.get_last_id scheduled__2022-11-28T17:02:00+00:00 [running]> on host a49e44ee4a94
[2022-12-12 18:25:36,849] {taskinstance.py:1571} INFO - Exporting the following env vars:
AIRFLOW_CTX_DAG_OWNER=airflow
AIRFLOW_CTX_DAG_ID=prepare_data
AIRFLOW_CTX_TASK_ID=get_last_id
AIRFLOW_CTX_EXECUTION_DATE=2022-11-28T17:02:00+00:00
AIRFLOW_CTX_TRY_NUMBER=1
AIRFLOW_CTX_DAG_RUN_ID=scheduled__2022-11-28T17:02:00+00:00
[2022-12-12 18:25:37,092] {base.py:68} INFO - Using connection ID 'postgres_default' for task execution.
[2022-12-12 18:25:37,247] {python.py:173} INFO - Done. Returned value was: None
[2022-12-12 18:25:37,470] {taskinstance.py:1400} INFO - Marking task as SUCCESS. dag_id=prepare_data, task_id=get_last_id, execution_date=20221128T170200, start_date=20221212T182534, end_date=20221212T182537
[2022-12-12 18:25:37,562] {local_task_job.py:156} INFO - Task exited with return code 0
[2022-12-12 18:25:37,892] {local_task_job.py:273} INFO - 1 downstream tasks scheduled from follow-on schedule check
[2022-12-12 18:38:56,916] {taskinstance.py:1159} INFO - Dependencies all met for <TaskInstance: prepare_data.get_last_id scheduled__2022-11-28T17:02:00+00:00 [queued]>
[2022-12-12 18:38:57,067] {taskinstance.py:1159} INFO - Dependencies all met for <TaskInstance: prepare_data.get_last_id scheduled__2022-11-28T17:02:00+00:00 [queued]>
[2022-12-12 18:38:57,069] {taskinstance.py:1356} INFO - 
--------------------------------------------------------------------------------
[2022-12-12 18:38:57,071] {taskinstance.py:1357} INFO - Starting attempt 1 of 1
[2022-12-12 18:38:57,076] {taskinstance.py:1358} INFO - 
--------------------------------------------------------------------------------
[2022-12-12 18:38:57,532] {taskinstance.py:1377} INFO - Executing <Task(PythonOperator): get_last_id> on 2022-11-28 17:02:00+00:00
[2022-12-12 18:38:57,606] {standard_task_runner.py:52} INFO - Started process 343 to run task
[2022-12-12 18:38:57,665] {standard_task_runner.py:79} INFO - Running: ['airflow', 'tasks', 'run', 'prepare_data', 'get_last_id', 'scheduled__2022-11-28T17:02:00+00:00', '--job-id', '69', '--raw', '--subdir', 'DAGS_FOLDER/prepare_data.py', '--cfg-path', '/tmp/tmp4i6beqi_', '--error-file', '/tmp/tmpaawcj3wp']
[2022-12-12 18:38:57,675] {standard_task_runner.py:80} INFO - Job 69: Subtask get_last_id
[2022-12-12 18:38:58,385] {task_command.py:369} INFO - Running <TaskInstance: prepare_data.get_last_id scheduled__2022-11-28T17:02:00+00:00 [running]> on host cfea470654c7
[2022-12-12 18:38:59,002] {taskinstance.py:1571} INFO - Exporting the following env vars:
AIRFLOW_CTX_DAG_OWNER=airflow
AIRFLOW_CTX_DAG_ID=prepare_data
AIRFLOW_CTX_TASK_ID=get_last_id
AIRFLOW_CTX_EXECUTION_DATE=2022-11-28T17:02:00+00:00
AIRFLOW_CTX_TRY_NUMBER=1
AIRFLOW_CTX_DAG_RUN_ID=scheduled__2022-11-28T17:02:00+00:00
[2022-12-12 18:38:59,070] {base.py:68} INFO - Using connection ID 'postgres_default' for task execution.
[2022-12-12 18:38:59,163] {python.py:173} INFO - Done. Returned value was: None
[2022-12-12 18:38:59,412] {taskinstance.py:1400} INFO - Marking task as SUCCESS. dag_id=prepare_data, task_id=get_last_id, execution_date=20221128T170200, start_date=20221212T183856, end_date=20221212T183859
[2022-12-12 18:38:59,566] {local_task_job.py:156} INFO - Task exited with return code 0
[2022-12-12 18:39:00,071] {local_task_job.py:273} INFO - 1 downstream tasks scheduled from follow-on schedule check
