[2022-12-12 18:42:36,854] {taskinstance.py:1159} INFO - Dependencies all met for <TaskInstance: prepare_data.transfer_data scheduled__2022-11-28T19:39:00+00:00 [queued]>
[2022-12-12 18:42:36,921] {taskinstance.py:1159} INFO - Dependencies all met for <TaskInstance: prepare_data.transfer_data scheduled__2022-11-28T19:39:00+00:00 [queued]>
[2022-12-12 18:42:36,924] {taskinstance.py:1356} INFO - 
--------------------------------------------------------------------------------
[2022-12-12 18:42:36,926] {taskinstance.py:1357} INFO - Starting attempt 1 of 1
[2022-12-12 18:42:36,928] {taskinstance.py:1358} INFO - 
--------------------------------------------------------------------------------
[2022-12-12 18:42:37,115] {taskinstance.py:1377} INFO - Executing <Task(PythonOperator): transfer_data> on 2022-11-28 19:39:00+00:00
[2022-12-12 18:42:37,174] {standard_task_runner.py:52} INFO - Started process 1356 to run task
[2022-12-12 18:42:37,184] {standard_task_runner.py:79} INFO - Running: ['airflow', 'tasks', 'run', 'prepare_data', 'transfer_data', 'scheduled__2022-11-28T19:39:00+00:00', '--job-id', '558', '--raw', '--subdir', 'DAGS_FOLDER/prepare_data.py', '--cfg-path', '/tmp/tmp7t3q_3eg', '--error-file', '/tmp/tmp24xwkdug']
[2022-12-12 18:42:37,189] {standard_task_runner.py:80} INFO - Job 558: Subtask transfer_data
[2022-12-12 18:42:37,741] {task_command.py:369} INFO - Running <TaskInstance: prepare_data.transfer_data scheduled__2022-11-28T19:39:00+00:00 [running]> on host cfea470654c7
[2022-12-12 18:42:38,362] {taskinstance.py:1571} INFO - Exporting the following env vars:
AIRFLOW_CTX_DAG_OWNER=airflow
AIRFLOW_CTX_DAG_ID=prepare_data
AIRFLOW_CTX_TASK_ID=transfer_data
AIRFLOW_CTX_EXECUTION_DATE=2022-11-28T19:39:00+00:00
AIRFLOW_CTX_TRY_NUMBER=1
AIRFLOW_CTX_DAG_RUN_ID=scheduled__2022-11-28T19:39:00+00:00
[2022-12-12 18:42:38,440] {base.py:68} INFO - Using connection ID 'postgres_default' for task execution.
[2022-12-12 18:42:38,585] {python.py:173} INFO - Done. Returned value was: None
[2022-12-12 18:42:38,653] {taskinstance.py:1400} INFO - Marking task as SUCCESS. dag_id=prepare_data, task_id=transfer_data, execution_date=20221128T193900, start_date=20221212T184236, end_date=20221212T184238
[2022-12-12 18:42:38,797] {local_task_job.py:156} INFO - Task exited with return code 0
[2022-12-12 18:42:39,142] {local_task_job.py:273} INFO - 0 downstream tasks scheduled from follow-on schedule check
