[2022-12-12 18:42:53,506] {taskinstance.py:1159} INFO - Dependencies all met for <TaskInstance: prepare_data.get_last_id scheduled__2022-11-28T19:57:00+00:00 [queued]>
[2022-12-12 18:42:53,622] {taskinstance.py:1159} INFO - Dependencies all met for <TaskInstance: prepare_data.get_last_id scheduled__2022-11-28T19:57:00+00:00 [queued]>
[2022-12-12 18:42:53,640] {taskinstance.py:1356} INFO - 
--------------------------------------------------------------------------------
[2022-12-12 18:42:53,642] {taskinstance.py:1357} INFO - Starting attempt 1 of 1
[2022-12-12 18:42:53,643] {taskinstance.py:1358} INFO - 
--------------------------------------------------------------------------------
[2022-12-12 18:42:53,808] {taskinstance.py:1377} INFO - Executing <Task(PythonOperator): get_last_id> on 2022-11-28 19:57:00+00:00
[2022-12-12 18:42:53,846] {standard_task_runner.py:52} INFO - Started process 1431 to run task
[2022-12-12 18:42:53,874] {standard_task_runner.py:79} INFO - Running: ['airflow', 'tasks', 'run', 'prepare_data', 'get_last_id', 'scheduled__2022-11-28T19:57:00+00:00', '--job-id', '596', '--raw', '--subdir', 'DAGS_FOLDER/prepare_data.py', '--cfg-path', '/tmp/tmp13tw98hd', '--error-file', '/tmp/tmptdwstyjx']
[2022-12-12 18:42:53,902] {standard_task_runner.py:80} INFO - Job 596: Subtask get_last_id
[2022-12-12 18:42:54,335] {task_command.py:369} INFO - Running <TaskInstance: prepare_data.get_last_id scheduled__2022-11-28T19:57:00+00:00 [running]> on host cfea470654c7
[2022-12-12 18:42:55,376] {taskinstance.py:1571} INFO - Exporting the following env vars:
AIRFLOW_CTX_DAG_OWNER=airflow
AIRFLOW_CTX_DAG_ID=prepare_data
AIRFLOW_CTX_TASK_ID=get_last_id
AIRFLOW_CTX_EXECUTION_DATE=2022-11-28T19:57:00+00:00
AIRFLOW_CTX_TRY_NUMBER=1
AIRFLOW_CTX_DAG_RUN_ID=scheduled__2022-11-28T19:57:00+00:00
[2022-12-12 18:42:55,555] {base.py:68} INFO - Using connection ID 'postgres_default' for task execution.
[2022-12-12 18:42:55,788] {python.py:173} INFO - Done. Returned value was: None
[2022-12-12 18:42:56,261] {taskinstance.py:1400} INFO - Marking task as SUCCESS. dag_id=prepare_data, task_id=get_last_id, execution_date=20221128T195700, start_date=20221212T184253, end_date=20221212T184256
[2022-12-12 18:42:56,474] {local_task_job.py:156} INFO - Task exited with return code 0
[2022-12-12 18:42:57,757] {local_task_job.py:273} INFO - 1 downstream tasks scheduled from follow-on schedule check
