[2022-12-12 18:25:56,906] {taskinstance.py:1159} INFO - Dependencies all met for <TaskInstance: prepare_data.get_last_id scheduled__2022-11-28T17:14:00+00:00 [queued]>
[2022-12-12 18:25:57,054] {taskinstance.py:1159} INFO - Dependencies all met for <TaskInstance: prepare_data.get_last_id scheduled__2022-11-28T17:14:00+00:00 [queued]>
[2022-12-12 18:25:57,056] {taskinstance.py:1356} INFO - 
--------------------------------------------------------------------------------
[2022-12-12 18:25:57,066] {taskinstance.py:1357} INFO - Starting attempt 1 of 1
[2022-12-12 18:25:57,067] {taskinstance.py:1358} INFO - 
--------------------------------------------------------------------------------
[2022-12-12 18:25:57,185] {taskinstance.py:1377} INFO - Executing <Task(PythonOperator): get_last_id> on 2022-11-28 17:14:00+00:00
[2022-12-12 18:25:57,214] {standard_task_runner.py:52} INFO - Started process 442 to run task
[2022-12-12 18:25:57,258] {standard_task_runner.py:79} INFO - Running: ['airflow', 'tasks', 'run', 'prepare_data', 'get_last_id', 'scheduled__2022-11-28T17:14:00+00:00', '--job-id', '115', '--raw', '--subdir', 'DAGS_FOLDER/prepare_data.py', '--cfg-path', '/tmp/tmp2lr0flb3', '--error-file', '/tmp/tmph9dddil6']
[2022-12-12 18:25:57,278] {standard_task_runner.py:80} INFO - Job 115: Subtask get_last_id
[2022-12-12 18:25:58,292] {task_command.py:369} INFO - Running <TaskInstance: prepare_data.get_last_id scheduled__2022-11-28T17:14:00+00:00 [running]> on host a49e44ee4a94
[2022-12-12 18:25:58,802] {taskinstance.py:1571} INFO - Exporting the following env vars:
AIRFLOW_CTX_DAG_OWNER=airflow
AIRFLOW_CTX_DAG_ID=prepare_data
AIRFLOW_CTX_TASK_ID=get_last_id
AIRFLOW_CTX_EXECUTION_DATE=2022-11-28T17:14:00+00:00
AIRFLOW_CTX_TRY_NUMBER=1
AIRFLOW_CTX_DAG_RUN_ID=scheduled__2022-11-28T17:14:00+00:00
[2022-12-12 18:25:58,865] {base.py:68} INFO - Using connection ID 'postgres_default' for task execution.
[2022-12-12 18:25:58,966] {python.py:173} INFO - Done. Returned value was: None
[2022-12-12 18:25:59,015] {taskinstance.py:1400} INFO - Marking task as SUCCESS. dag_id=prepare_data, task_id=get_last_id, execution_date=20221128T171400, start_date=20221212T182556, end_date=20221212T182559
[2022-12-12 18:25:59,093] {local_task_job.py:156} INFO - Task exited with return code 0
[2022-12-12 18:25:59,443] {local_task_job.py:273} INFO - 1 downstream tasks scheduled from follow-on schedule check
[2022-12-12 18:39:23,081] {taskinstance.py:1159} INFO - Dependencies all met for <TaskInstance: prepare_data.get_last_id scheduled__2022-11-28T17:14:00+00:00 [queued]>
[2022-12-12 18:39:23,249] {taskinstance.py:1159} INFO - Dependencies all met for <TaskInstance: prepare_data.get_last_id scheduled__2022-11-28T17:14:00+00:00 [queued]>
[2022-12-12 18:39:23,252] {taskinstance.py:1356} INFO - 
--------------------------------------------------------------------------------
[2022-12-12 18:39:23,259] {taskinstance.py:1357} INFO - Starting attempt 1 of 1
[2022-12-12 18:39:23,263] {taskinstance.py:1358} INFO - 
--------------------------------------------------------------------------------
[2022-12-12 18:39:23,393] {taskinstance.py:1377} INFO - Executing <Task(PythonOperator): get_last_id> on 2022-11-28 17:14:00+00:00
[2022-12-12 18:39:23,407] {standard_task_runner.py:52} INFO - Started process 431 to run task
[2022-12-12 18:39:23,481] {standard_task_runner.py:79} INFO - Running: ['airflow', 'tasks', 'run', 'prepare_data', 'get_last_id', 'scheduled__2022-11-28T17:14:00+00:00', '--job-id', '111', '--raw', '--subdir', 'DAGS_FOLDER/prepare_data.py', '--cfg-path', '/tmp/tmp_qhdvm_x', '--error-file', '/tmp/tmp68iwteta']
[2022-12-12 18:39:23,512] {standard_task_runner.py:80} INFO - Job 111: Subtask get_last_id
[2022-12-12 18:39:23,854] {task_command.py:369} INFO - Running <TaskInstance: prepare_data.get_last_id scheduled__2022-11-28T17:14:00+00:00 [running]> on host cfea470654c7
[2022-12-12 18:39:25,299] {taskinstance.py:1571} INFO - Exporting the following env vars:
AIRFLOW_CTX_DAG_OWNER=airflow
AIRFLOW_CTX_DAG_ID=prepare_data
AIRFLOW_CTX_TASK_ID=get_last_id
AIRFLOW_CTX_EXECUTION_DATE=2022-11-28T17:14:00+00:00
AIRFLOW_CTX_TRY_NUMBER=1
AIRFLOW_CTX_DAG_RUN_ID=scheduled__2022-11-28T17:14:00+00:00
[2022-12-12 18:39:25,471] {base.py:68} INFO - Using connection ID 'postgres_default' for task execution.
[2022-12-12 18:39:25,575] {python.py:173} INFO - Done. Returned value was: None
[2022-12-12 18:39:25,727] {taskinstance.py:1400} INFO - Marking task as SUCCESS. dag_id=prepare_data, task_id=get_last_id, execution_date=20221128T171400, start_date=20221212T183923, end_date=20221212T183925
[2022-12-12 18:39:25,889] {local_task_job.py:156} INFO - Task exited with return code 0
[2022-12-12 18:39:26,540] {local_task_job.py:273} INFO - 0 downstream tasks scheduled from follow-on schedule check
