[2022-12-16 10:55:28,641] {taskinstance.py:1159} INFO - Dependencies all met for <TaskInstance: prepare_data.transfer_data scheduled__2022-12-16T00:36:00+00:00 [queued]>
[2022-12-16 10:55:28,974] {taskinstance.py:1159} INFO - Dependencies all met for <TaskInstance: prepare_data.transfer_data scheduled__2022-12-16T00:36:00+00:00 [queued]>
[2022-12-16 10:55:28,974] {taskinstance.py:1356} INFO - 
--------------------------------------------------------------------------------
[2022-12-16 10:55:28,974] {taskinstance.py:1357} INFO - Starting attempt 1 of 1
[2022-12-16 10:55:28,974] {taskinstance.py:1358} INFO - 
--------------------------------------------------------------------------------
[2022-12-16 10:55:29,938] {taskinstance.py:1377} INFO - Executing <Task(PythonOperator): transfer_data> on 2022-12-16 00:36:00+00:00
[2022-12-16 10:55:30,115] {standard_task_runner.py:52} INFO - Started process 2823 to run task
[2022-12-16 10:55:30,281] {standard_task_runner.py:79} INFO - Running: ['airflow', 'tasks', 'run', 'prepare_data', 'transfer_data', 'scheduled__2022-12-16T00:36:00+00:00', '--job-id', '1446', '--raw', '--subdir', 'DAGS_FOLDER/prepare_data.py', '--cfg-path', '/tmp/tmpqa08kjez', '--error-file', '/tmp/tmpkfr8owr4']
[2022-12-16 10:55:30,360] {standard_task_runner.py:80} INFO - Job 1446: Subtask transfer_data
[2022-12-16 10:55:32,941] {task_command.py:369} INFO - Running <TaskInstance: prepare_data.transfer_data scheduled__2022-12-16T00:36:00+00:00 [running]> on host 8e2f65ec4c74
[2022-12-16 10:55:35,957] {taskinstance.py:1571} INFO - Exporting the following env vars:
AIRFLOW_CTX_DAG_OWNER=airflow
AIRFLOW_CTX_DAG_ID=prepare_data
AIRFLOW_CTX_TASK_ID=transfer_data
AIRFLOW_CTX_EXECUTION_DATE=2022-12-16T00:36:00+00:00
AIRFLOW_CTX_TRY_NUMBER=1
AIRFLOW_CTX_DAG_RUN_ID=scheduled__2022-12-16T00:36:00+00:00
[2022-12-16 10:55:36,321] {base.py:68} INFO - Using connection ID 'gp_conn' for task execution.
[2022-12-16 10:55:36,707] {python.py:173} INFO - Done. Returned value was: None
[2022-12-16 10:55:36,922] {taskinstance.py:1400} INFO - Marking task as SUCCESS. dag_id=prepare_data, task_id=transfer_data, execution_date=20221216T003600, start_date=20221216T105528, end_date=20221216T105536
[2022-12-16 10:55:37,106] {local_task_job.py:156} INFO - Task exited with return code 0
[2022-12-16 10:55:37,368] {local_task_job.py:273} INFO - 0 downstream tasks scheduled from follow-on schedule check
[2022-12-16 10:55:37,688] {dagrun.py:562} INFO - Marking run <DagRun prepare_data @ 2022-12-16 00:36:00+00:00: scheduled__2022-12-16T00:36:00+00:00, externally triggered: False> successful
[2022-12-16 10:55:37,702] {dagrun.py:622} INFO - DagRun Finished: dag_id=prepare_data, execution_date=2022-12-16 00:36:00+00:00, run_id=scheduled__2022-12-16T00:36:00+00:00, run_start_date=2022-12-16 10:54:41.195430+00:00, run_end_date=2022-12-16 10:55:37.688894+00:00, run_duration=56.493464, state=success, external_trigger=False, run_type=scheduled, data_interval_start=2022-12-16 00:36:00+00:00, data_interval_end=2022-12-16 00:37:00+00:00, dag_hash=f61d3c674aa9570d990f0fee1faf43db
