[2022-12-16 10:31:43,296] {taskinstance.py:1159} INFO - Dependencies all met for <TaskInstance: prepare_data.get_last_id scheduled__2022-12-15T18:51:00+00:00 [queued]>
[2022-12-16 10:31:43,814] {taskinstance.py:1159} INFO - Dependencies all met for <TaskInstance: prepare_data.get_last_id scheduled__2022-12-15T18:51:00+00:00 [queued]>
[2022-12-16 10:31:43,843] {taskinstance.py:1356} INFO - 
--------------------------------------------------------------------------------
[2022-12-16 10:31:43,843] {taskinstance.py:1357} INFO - Starting attempt 1 of 1
[2022-12-16 10:31:43,843] {taskinstance.py:1358} INFO - 
--------------------------------------------------------------------------------
[2022-12-16 10:31:44,136] {taskinstance.py:1377} INFO - Executing <Task(PythonOperator): get_last_id> on 2022-12-15 18:51:00+00:00
[2022-12-16 10:31:44,169] {standard_task_runner.py:52} INFO - Started process 513 to run task
[2022-12-16 10:31:44,244] {standard_task_runner.py:79} INFO - Running: ['airflow', 'tasks', 'run', 'prepare_data', 'get_last_id', 'scheduled__2022-12-15T18:51:00+00:00', '--job-id', '398', '--raw', '--subdir', 'DAGS_FOLDER/prepare_data.py', '--cfg-path', '/tmp/tmp_orltnz4', '--error-file', '/tmp/tmp1t9po_sg']
[2022-12-16 10:31:44,245] {standard_task_runner.py:80} INFO - Job 398: Subtask get_last_id
[2022-12-16 10:31:45,150] {task_command.py:369} INFO - Running <TaskInstance: prepare_data.get_last_id scheduled__2022-12-15T18:51:00+00:00 [running]> on host 8e2f65ec4c74
[2022-12-16 10:31:46,326] {taskinstance.py:1571} INFO - Exporting the following env vars:
AIRFLOW_CTX_DAG_OWNER=airflow
AIRFLOW_CTX_DAG_ID=prepare_data
AIRFLOW_CTX_TASK_ID=get_last_id
AIRFLOW_CTX_EXECUTION_DATE=2022-12-15T18:51:00+00:00
AIRFLOW_CTX_TRY_NUMBER=1
AIRFLOW_CTX_DAG_RUN_ID=scheduled__2022-12-15T18:51:00+00:00
[2022-12-16 10:31:46,424] {base.py:68} INFO - Using connection ID 'gp_conn' for task execution.
[2022-12-16 10:31:46,773] {python.py:173} INFO - Done. Returned value was: None
[2022-12-16 10:31:46,909] {taskinstance.py:1400} INFO - Marking task as SUCCESS. dag_id=prepare_data, task_id=get_last_id, execution_date=20221215T185100, start_date=20221216T103143, end_date=20221216T103146
[2022-12-16 10:31:47,163] {local_task_job.py:156} INFO - Task exited with return code 0
[2022-12-16 10:31:47,628] {local_task_job.py:273} INFO - 1 downstream tasks scheduled from follow-on schedule check
