[2022-12-16 10:40:09,241] {taskinstance.py:1159} INFO - Dependencies all met for <TaskInstance: prepare_data.transfer_data scheduled__2022-12-15T21:02:00+00:00 [queued]>
[2022-12-16 10:40:09,485] {taskinstance.py:1159} INFO - Dependencies all met for <TaskInstance: prepare_data.transfer_data scheduled__2022-12-15T21:02:00+00:00 [queued]>
[2022-12-16 10:40:09,509] {taskinstance.py:1356} INFO - 
--------------------------------------------------------------------------------
[2022-12-16 10:40:09,509] {taskinstance.py:1357} INFO - Starting attempt 1 of 1
[2022-12-16 10:40:09,509] {taskinstance.py:1358} INFO - 
--------------------------------------------------------------------------------
[2022-12-16 10:40:09,713] {taskinstance.py:1377} INFO - Executing <Task(PythonOperator): transfer_data> on 2022-12-15 21:02:00+00:00
[2022-12-16 10:40:09,815] {standard_task_runner.py:52} INFO - Started process 1400 to run task
[2022-12-16 10:40:09,864] {standard_task_runner.py:79} INFO - Running: ['airflow', 'tasks', 'run', 'prepare_data', 'transfer_data', 'scheduled__2022-12-15T21:02:00+00:00', '--job-id', '806', '--raw', '--subdir', 'DAGS_FOLDER/prepare_data.py', '--cfg-path', '/tmp/tmpnw3wg6do', '--error-file', '/tmp/tmpk5gp4zsi']
[2022-12-16 10:40:09,895] {standard_task_runner.py:80} INFO - Job 806: Subtask transfer_data
[2022-12-16 10:40:11,484] {task_command.py:369} INFO - Running <TaskInstance: prepare_data.transfer_data scheduled__2022-12-15T21:02:00+00:00 [running]> on host 8e2f65ec4c74
[2022-12-16 10:40:12,910] {taskinstance.py:1571} INFO - Exporting the following env vars:
AIRFLOW_CTX_DAG_OWNER=airflow
AIRFLOW_CTX_DAG_ID=prepare_data
AIRFLOW_CTX_TASK_ID=transfer_data
AIRFLOW_CTX_EXECUTION_DATE=2022-12-15T21:02:00+00:00
AIRFLOW_CTX_TRY_NUMBER=1
AIRFLOW_CTX_DAG_RUN_ID=scheduled__2022-12-15T21:02:00+00:00
[2022-12-16 10:40:13,111] {base.py:68} INFO - Using connection ID 'gp_conn' for task execution.
[2022-12-16 10:40:13,333] {python.py:173} INFO - Done. Returned value was: None
[2022-12-16 10:40:13,423] {taskinstance.py:1400} INFO - Marking task as SUCCESS. dag_id=prepare_data, task_id=transfer_data, execution_date=20221215T210200, start_date=20221216T104009, end_date=20221216T104013
[2022-12-16 10:40:13,632] {local_task_job.py:156} INFO - Task exited with return code 0
[2022-12-16 10:40:14,162] {local_task_job.py:273} INFO - 0 downstream tasks scheduled from follow-on schedule check
