[2022-12-16 13:04:19,612] {taskinstance.py:1159} INFO - Dependencies all met for <TaskInstance: prepare_data.create_table scheduled__2022-12-16T12:15:00+00:00 [queued]>
[2022-12-16 13:04:19,714] {taskinstance.py:1159} INFO - Dependencies all met for <TaskInstance: prepare_data.create_table scheduled__2022-12-16T12:15:00+00:00 [queued]>
[2022-12-16 13:04:19,714] {taskinstance.py:1356} INFO - 
--------------------------------------------------------------------------------
[2022-12-16 13:04:19,714] {taskinstance.py:1357} INFO - Starting attempt 1 of 1
[2022-12-16 13:04:19,714] {taskinstance.py:1358} INFO - 
--------------------------------------------------------------------------------
[2022-12-16 13:04:19,823] {taskinstance.py:1377} INFO - Executing <Task(PostgresOperator): create_table> on 2022-12-16 12:15:00+00:00
[2022-12-16 13:04:19,855] {standard_task_runner.py:52} INFO - Started process 4019 to run task
[2022-12-16 13:04:19,903] {standard_task_runner.py:79} INFO - Running: ['airflow', 'tasks', 'run', 'prepare_data', 'create_table', 'scheduled__2022-12-16T12:15:00+00:00', '--job-id', '1987', '--raw', '--subdir', 'DAGS_FOLDER/prepare_data.py', '--cfg-path', '/tmp/tmpcf2d94ea', '--error-file', '/tmp/tmp9c2f3g80']
[2022-12-16 13:04:19,905] {standard_task_runner.py:80} INFO - Job 1987: Subtask create_table
[2022-12-16 13:04:20,314] {task_command.py:369} INFO - Running <TaskInstance: prepare_data.create_table scheduled__2022-12-16T12:15:00+00:00 [running]> on host 8e2f65ec4c74
[2022-12-16 13:04:21,142] {taskinstance.py:1571} INFO - Exporting the following env vars:
AIRFLOW_CTX_DAG_OWNER=airflow
AIRFLOW_CTX_DAG_ID=prepare_data
AIRFLOW_CTX_TASK_ID=create_table
AIRFLOW_CTX_EXECUTION_DATE=2022-12-16T12:15:00+00:00
AIRFLOW_CTX_TRY_NUMBER=1
AIRFLOW_CTX_DAG_RUN_ID=scheduled__2022-12-16T12:15:00+00:00
[2022-12-16 13:04:21,267] {base.py:68} INFO - Using connection ID 'gp_conn' for task execution.
[2022-12-16 13:04:21,340] {dbapi.py:208} INFO - Running statement: CREATE TABLE IF NOT EXISTS prepared_data (
	id SERIAL,
	sensor_id BIGINT,
	longitude FLOAT,
	latitude FLOAT,
	controller_id BIGINT,
	datetime TIMESTAMP WITH TIME ZONE,
	temperature INTEGER
);, parameters: None
[2022-12-16 13:04:21,358] {postgres.py:94} INFO - NOTICE:  relation "prepared_data" already exists, skipping

[2022-12-16 13:04:21,901] {taskinstance.py:1400} INFO - Marking task as SUCCESS. dag_id=prepare_data, task_id=create_table, execution_date=20221216T121500, start_date=20221216T130419, end_date=20221216T130421
[2022-12-16 13:04:22,024] {local_task_job.py:156} INFO - Task exited with return code 0
[2022-12-16 13:04:22,500] {local_task_job.py:273} INFO - 1 downstream tasks scheduled from follow-on schedule check
