[2022-12-12 18:25:26,799] {taskinstance.py:1159} INFO - Dependencies all met for <TaskInstance: prepare_data.transfer_data scheduled__2022-11-28T16:49:00+00:00 [queued]>
[2022-12-12 18:25:26,904] {taskinstance.py:1159} INFO - Dependencies all met for <TaskInstance: prepare_data.transfer_data scheduled__2022-11-28T16:49:00+00:00 [queued]>
[2022-12-12 18:25:26,906] {taskinstance.py:1356} INFO - 
--------------------------------------------------------------------------------
[2022-12-12 18:25:26,908] {taskinstance.py:1357} INFO - Starting attempt 1 of 1
[2022-12-12 18:25:26,909] {taskinstance.py:1358} INFO - 
--------------------------------------------------------------------------------
[2022-12-12 18:25:26,960] {taskinstance.py:1377} INFO - Executing <Task(PythonOperator): transfer_data> on 2022-11-28 16:49:00+00:00
[2022-12-12 18:25:26,969] {standard_task_runner.py:52} INFO - Started process 335 to run task
[2022-12-12 18:25:27,005] {standard_task_runner.py:79} INFO - Running: ['airflow', 'tasks', 'run', 'prepare_data', 'transfer_data', 'scheduled__2022-11-28T16:49:00+00:00', '--job-id', '63', '--raw', '--subdir', 'DAGS_FOLDER/prepare_data.py', '--cfg-path', '/tmp/tmpziqdey6x', '--error-file', '/tmp/tmp2krtbm9z']
[2022-12-12 18:25:27,010] {standard_task_runner.py:80} INFO - Job 63: Subtask transfer_data
[2022-12-12 18:25:27,668] {task_command.py:369} INFO - Running <TaskInstance: prepare_data.transfer_data scheduled__2022-11-28T16:49:00+00:00 [running]> on host a49e44ee4a94
[2022-12-12 18:25:28,429] {taskinstance.py:1571} INFO - Exporting the following env vars:
AIRFLOW_CTX_DAG_OWNER=airflow
AIRFLOW_CTX_DAG_ID=prepare_data
AIRFLOW_CTX_TASK_ID=transfer_data
AIRFLOW_CTX_EXECUTION_DATE=2022-11-28T16:49:00+00:00
AIRFLOW_CTX_TRY_NUMBER=1
AIRFLOW_CTX_DAG_RUN_ID=scheduled__2022-11-28T16:49:00+00:00
[2022-12-12 18:25:28,510] {base.py:68} INFO - Using connection ID 'postgres_default' for task execution.
[2022-12-12 18:25:28,631] {python.py:173} INFO - Done. Returned value was: None
[2022-12-12 18:25:28,734] {taskinstance.py:1400} INFO - Marking task as SUCCESS. dag_id=prepare_data, task_id=transfer_data, execution_date=20221128T164900, start_date=20221212T182526, end_date=20221212T182528
[2022-12-12 18:25:28,902] {local_task_job.py:156} INFO - Task exited with return code 0
[2022-12-12 18:25:29,330] {local_task_job.py:273} INFO - 0 downstream tasks scheduled from follow-on schedule check
[2022-12-12 18:38:39,927] {taskinstance.py:1159} INFO - Dependencies all met for <TaskInstance: prepare_data.transfer_data scheduled__2022-11-28T16:49:00+00:00 [queued]>
[2022-12-12 18:38:40,009] {taskinstance.py:1159} INFO - Dependencies all met for <TaskInstance: prepare_data.transfer_data scheduled__2022-11-28T16:49:00+00:00 [queued]>
[2022-12-12 18:38:40,011] {taskinstance.py:1356} INFO - 
--------------------------------------------------------------------------------
[2022-12-12 18:38:40,013] {taskinstance.py:1357} INFO - Starting attempt 1 of 1
[2022-12-12 18:38:40,015] {taskinstance.py:1358} INFO - 
--------------------------------------------------------------------------------
[2022-12-12 18:38:40,209] {taskinstance.py:1377} INFO - Executing <Task(PythonOperator): transfer_data> on 2022-11-28 16:49:00+00:00
[2022-12-12 18:38:40,233] {standard_task_runner.py:52} INFO - Started process 281 to run task
[2022-12-12 18:38:40,336] {standard_task_runner.py:79} INFO - Running: ['airflow', 'tasks', 'run', 'prepare_data', 'transfer_data', 'scheduled__2022-11-28T16:49:00+00:00', '--job-id', '41', '--raw', '--subdir', 'DAGS_FOLDER/prepare_data.py', '--cfg-path', '/tmp/tmp4c0vvz_e', '--error-file', '/tmp/tmpml4z9_g9']
[2022-12-12 18:38:40,360] {standard_task_runner.py:80} INFO - Job 41: Subtask transfer_data
[2022-12-12 18:38:40,637] {task_command.py:369} INFO - Running <TaskInstance: prepare_data.transfer_data scheduled__2022-11-28T16:49:00+00:00 [running]> on host cfea470654c7
[2022-12-12 18:38:41,005] {taskinstance.py:1571} INFO - Exporting the following env vars:
AIRFLOW_CTX_DAG_OWNER=airflow
AIRFLOW_CTX_DAG_ID=prepare_data
AIRFLOW_CTX_TASK_ID=transfer_data
AIRFLOW_CTX_EXECUTION_DATE=2022-11-28T16:49:00+00:00
AIRFLOW_CTX_TRY_NUMBER=1
AIRFLOW_CTX_DAG_RUN_ID=scheduled__2022-11-28T16:49:00+00:00
[2022-12-12 18:38:41,101] {base.py:68} INFO - Using connection ID 'postgres_default' for task execution.
[2022-12-12 18:38:41,237] {python.py:173} INFO - Done. Returned value was: None
[2022-12-12 18:38:41,429] {taskinstance.py:1400} INFO - Marking task as SUCCESS. dag_id=prepare_data, task_id=transfer_data, execution_date=20221128T164900, start_date=20221212T183839, end_date=20221212T183841
[2022-12-12 18:38:41,534] {local_task_job.py:156} INFO - Task exited with return code 0
[2022-12-12 18:38:42,236] {local_task_job.py:273} INFO - 0 downstream tasks scheduled from follow-on schedule check
