[2022-12-12 18:25:22,611] {taskinstance.py:1159} INFO - Dependencies all met for <TaskInstance: prepare_data.get_last_id scheduled__2022-11-28T16:49:00+00:00 [queued]>
[2022-12-12 18:25:22,666] {taskinstance.py:1159} INFO - Dependencies all met for <TaskInstance: prepare_data.get_last_id scheduled__2022-11-28T16:49:00+00:00 [queued]>
[2022-12-12 18:25:22,672] {taskinstance.py:1356} INFO - 
--------------------------------------------------------------------------------
[2022-12-12 18:25:22,674] {taskinstance.py:1357} INFO - Starting attempt 1 of 1
[2022-12-12 18:25:22,675] {taskinstance.py:1358} INFO - 
--------------------------------------------------------------------------------
[2022-12-12 18:25:22,790] {taskinstance.py:1377} INFO - Executing <Task(PythonOperator): get_last_id> on 2022-11-28 16:49:00+00:00
[2022-12-12 18:25:22,818] {standard_task_runner.py:52} INFO - Started process 309 to run task
[2022-12-12 18:25:22,899] {standard_task_runner.py:79} INFO - Running: ['airflow', 'tasks', 'run', 'prepare_data', 'get_last_id', 'scheduled__2022-11-28T16:49:00+00:00', '--job-id', '51', '--raw', '--subdir', 'DAGS_FOLDER/prepare_data.py', '--cfg-path', '/tmp/tmprcfpdxlq', '--error-file', '/tmp/tmpz089w2pq']
[2022-12-12 18:25:22,920] {standard_task_runner.py:80} INFO - Job 51: Subtask get_last_id
[2022-12-12 18:25:23,259] {task_command.py:369} INFO - Running <TaskInstance: prepare_data.get_last_id scheduled__2022-11-28T16:49:00+00:00 [running]> on host a49e44ee4a94
[2022-12-12 18:25:23,776] {taskinstance.py:1571} INFO - Exporting the following env vars:
AIRFLOW_CTX_DAG_OWNER=airflow
AIRFLOW_CTX_DAG_ID=prepare_data
AIRFLOW_CTX_TASK_ID=get_last_id
AIRFLOW_CTX_EXECUTION_DATE=2022-11-28T16:49:00+00:00
AIRFLOW_CTX_TRY_NUMBER=1
AIRFLOW_CTX_DAG_RUN_ID=scheduled__2022-11-28T16:49:00+00:00
[2022-12-12 18:25:23,823] {base.py:68} INFO - Using connection ID 'postgres_default' for task execution.
[2022-12-12 18:25:24,026] {python.py:173} INFO - Done. Returned value was: None
[2022-12-12 18:25:24,121] {taskinstance.py:1400} INFO - Marking task as SUCCESS. dag_id=prepare_data, task_id=get_last_id, execution_date=20221128T164900, start_date=20221212T182522, end_date=20221212T182524
[2022-12-12 18:25:24,362] {local_task_job.py:156} INFO - Task exited with return code 0
[2022-12-12 18:25:25,031] {local_task_job.py:273} INFO - 0 downstream tasks scheduled from follow-on schedule check
[2022-12-12 18:38:33,333] {taskinstance.py:1159} INFO - Dependencies all met for <TaskInstance: prepare_data.get_last_id scheduled__2022-11-28T16:49:00+00:00 [queued]>
[2022-12-12 18:38:33,435] {taskinstance.py:1159} INFO - Dependencies all met for <TaskInstance: prepare_data.get_last_id scheduled__2022-11-28T16:49:00+00:00 [queued]>
[2022-12-12 18:38:33,439] {taskinstance.py:1356} INFO - 
--------------------------------------------------------------------------------
[2022-12-12 18:38:33,443] {taskinstance.py:1357} INFO - Starting attempt 1 of 1
[2022-12-12 18:38:33,445] {taskinstance.py:1358} INFO - 
--------------------------------------------------------------------------------
[2022-12-12 18:38:33,582] {taskinstance.py:1377} INFO - Executing <Task(PythonOperator): get_last_id> on 2022-11-28 16:49:00+00:00
[2022-12-12 18:38:33,648] {standard_task_runner.py:52} INFO - Started process 260 to run task
[2022-12-12 18:38:33,717] {standard_task_runner.py:79} INFO - Running: ['airflow', 'tasks', 'run', 'prepare_data', 'get_last_id', 'scheduled__2022-11-28T16:49:00+00:00', '--job-id', '27', '--raw', '--subdir', 'DAGS_FOLDER/prepare_data.py', '--cfg-path', '/tmp/tmp_nd_63vt', '--error-file', '/tmp/tmpea695jys']
[2022-12-12 18:38:33,729] {standard_task_runner.py:80} INFO - Job 27: Subtask get_last_id
[2022-12-12 18:38:34,585] {task_command.py:369} INFO - Running <TaskInstance: prepare_data.get_last_id scheduled__2022-11-28T16:49:00+00:00 [running]> on host cfea470654c7
[2022-12-12 18:38:35,165] {taskinstance.py:1571} INFO - Exporting the following env vars:
AIRFLOW_CTX_DAG_OWNER=airflow
AIRFLOW_CTX_DAG_ID=prepare_data
AIRFLOW_CTX_TASK_ID=get_last_id
AIRFLOW_CTX_EXECUTION_DATE=2022-11-28T16:49:00+00:00
AIRFLOW_CTX_TRY_NUMBER=1
AIRFLOW_CTX_DAG_RUN_ID=scheduled__2022-11-28T16:49:00+00:00
[2022-12-12 18:38:35,375] {base.py:68} INFO - Using connection ID 'postgres_default' for task execution.
[2022-12-12 18:38:35,555] {python.py:173} INFO - Done. Returned value was: None
[2022-12-12 18:38:36,248] {taskinstance.py:1400} INFO - Marking task as SUCCESS. dag_id=prepare_data, task_id=get_last_id, execution_date=20221128T164900, start_date=20221212T183833, end_date=20221212T183836
[2022-12-12 18:38:36,478] {local_task_job.py:156} INFO - Task exited with return code 0
[2022-12-12 18:38:36,902] {local_task_job.py:273} INFO - 1 downstream tasks scheduled from follow-on schedule check
