[2022-12-12 18:25:11,177] {taskinstance.py:1159} INFO - Dependencies all met for <TaskInstance: prepare_data.create_table scheduled__2022-11-28T16:48:00+00:00 [queued]>
[2022-12-12 18:25:11,242] {taskinstance.py:1159} INFO - Dependencies all met for <TaskInstance: prepare_data.create_table scheduled__2022-11-28T16:48:00+00:00 [queued]>
[2022-12-12 18:25:11,246] {taskinstance.py:1356} INFO - 
--------------------------------------------------------------------------------
[2022-12-12 18:25:11,249] {taskinstance.py:1357} INFO - Starting attempt 1 of 1
[2022-12-12 18:25:11,252] {taskinstance.py:1358} INFO - 
--------------------------------------------------------------------------------
[2022-12-12 18:25:11,340] {taskinstance.py:1377} INFO - Executing <Task(PostgresOperator): create_table> on 2022-11-28 16:48:00+00:00
[2022-12-12 18:25:11,363] {standard_task_runner.py:52} INFO - Started process 256 to run task
[2022-12-12 18:25:11,380] {standard_task_runner.py:79} INFO - Running: ['airflow', 'tasks', 'run', 'prepare_data', 'create_table', 'scheduled__2022-11-28T16:48:00+00:00', '--job-id', '26', '--raw', '--subdir', 'DAGS_FOLDER/prepare_data.py', '--cfg-path', '/tmp/tmp5dp8ylcl', '--error-file', '/tmp/tmpziqqdjvn']
[2022-12-12 18:25:11,391] {standard_task_runner.py:80} INFO - Job 26: Subtask create_table
[2022-12-12 18:25:11,742] {task_command.py:369} INFO - Running <TaskInstance: prepare_data.create_table scheduled__2022-11-28T16:48:00+00:00 [running]> on host a49e44ee4a94
[2022-12-12 18:25:12,241] {taskinstance.py:1571} INFO - Exporting the following env vars:
AIRFLOW_CTX_DAG_OWNER=airflow
AIRFLOW_CTX_DAG_ID=prepare_data
AIRFLOW_CTX_TASK_ID=create_table
AIRFLOW_CTX_EXECUTION_DATE=2022-11-28T16:48:00+00:00
AIRFLOW_CTX_TRY_NUMBER=1
AIRFLOW_CTX_DAG_RUN_ID=scheduled__2022-11-28T16:48:00+00:00
[2022-12-12 18:25:12,306] {base.py:68} INFO - Using connection ID 'postgres_default' for task execution.
[2022-12-12 18:25:12,317] {dbapi.py:208} INFO - Running statement: CREATE TABLE IF NOT EXISTS prepared_data (
	id SERIAL,
	sensor_id BIGINT,
	longitude FLOAT,
	latitude FLOAT,
	controller_id BIGINT,
	datetime TIMESTAMP WITH TIME ZONE,
	temperature INTEGER
);, parameters: None
[2022-12-12 18:25:12,329] {postgres.py:94} INFO - NOTICE:  relation "prepared_data" already exists, skipping

[2022-12-12 18:25:12,634] {taskinstance.py:1400} INFO - Marking task as SUCCESS. dag_id=prepare_data, task_id=create_table, execution_date=20221128T164800, start_date=20221212T182511, end_date=20221212T182512
[2022-12-12 18:25:12,744] {local_task_job.py:156} INFO - Task exited with return code 0
[2022-12-12 18:25:13,150] {local_task_job.py:273} INFO - 1 downstream tasks scheduled from follow-on schedule check
[2022-12-12 18:38:28,181] {taskinstance.py:1159} INFO - Dependencies all met for <TaskInstance: prepare_data.create_table scheduled__2022-11-28T16:48:00+00:00 [queued]>
[2022-12-12 18:38:28,264] {taskinstance.py:1159} INFO - Dependencies all met for <TaskInstance: prepare_data.create_table scheduled__2022-11-28T16:48:00+00:00 [queued]>
[2022-12-12 18:38:28,269] {taskinstance.py:1356} INFO - 
--------------------------------------------------------------------------------
[2022-12-12 18:38:28,272] {taskinstance.py:1357} INFO - Starting attempt 1 of 1
[2022-12-12 18:38:28,276] {taskinstance.py:1358} INFO - 
--------------------------------------------------------------------------------
[2022-12-12 18:38:28,349] {taskinstance.py:1377} INFO - Executing <Task(PostgresOperator): create_table> on 2022-11-28 16:48:00+00:00
[2022-12-12 18:38:28,370] {standard_task_runner.py:52} INFO - Started process 231 to run task
[2022-12-12 18:38:28,403] {standard_task_runner.py:79} INFO - Running: ['airflow', 'tasks', 'run', 'prepare_data', 'create_table', 'scheduled__2022-11-28T16:48:00+00:00', '--job-id', '18', '--raw', '--subdir', 'DAGS_FOLDER/prepare_data.py', '--cfg-path', '/tmp/tmpcvt0oiex', '--error-file', '/tmp/tmpyqfmu3e4']
[2022-12-12 18:38:28,434] {standard_task_runner.py:80} INFO - Job 18: Subtask create_table
[2022-12-12 18:38:28,773] {task_command.py:369} INFO - Running <TaskInstance: prepare_data.create_table scheduled__2022-11-28T16:48:00+00:00 [running]> on host cfea470654c7
[2022-12-12 18:38:29,630] {taskinstance.py:1571} INFO - Exporting the following env vars:
AIRFLOW_CTX_DAG_OWNER=airflow
AIRFLOW_CTX_DAG_ID=prepare_data
AIRFLOW_CTX_TASK_ID=create_table
AIRFLOW_CTX_EXECUTION_DATE=2022-11-28T16:48:00+00:00
AIRFLOW_CTX_TRY_NUMBER=1
AIRFLOW_CTX_DAG_RUN_ID=scheduled__2022-11-28T16:48:00+00:00
[2022-12-12 18:38:29,728] {base.py:68} INFO - Using connection ID 'postgres_default' for task execution.
[2022-12-12 18:38:29,751] {dbapi.py:208} INFO - Running statement: CREATE TABLE IF NOT EXISTS prepared_data (
	id SERIAL,
	sensor_id BIGINT,
	longitude FLOAT,
	latitude FLOAT,
	controller_id BIGINT,
	datetime TIMESTAMP WITH TIME ZONE,
	temperature INTEGER
);, parameters: None
[2022-12-12 18:38:29,758] {postgres.py:94} INFO - NOTICE:  relation "prepared_data" already exists, skipping

[2022-12-12 18:38:29,974] {taskinstance.py:1400} INFO - Marking task as SUCCESS. dag_id=prepare_data, task_id=create_table, execution_date=20221128T164800, start_date=20221212T183828, end_date=20221212T183829
[2022-12-12 18:38:30,133] {local_task_job.py:156} INFO - Task exited with return code 0
[2022-12-12 18:38:30,697] {local_task_job.py:273} INFO - 0 downstream tasks scheduled from follow-on schedule check
