[2022-12-16 10:29:10,281] {taskinstance.py:1159} INFO - Dependencies all met for <TaskInstance: prepare_data.get_last_id scheduled__2022-12-15T18:27:00+00:00 [queued]>
[2022-12-16 10:29:10,707] {taskinstance.py:1159} INFO - Dependencies all met for <TaskInstance: prepare_data.get_last_id scheduled__2022-12-15T18:27:00+00:00 [queued]>
[2022-12-16 10:29:10,708] {taskinstance.py:1356} INFO - 
--------------------------------------------------------------------------------
[2022-12-16 10:29:10,708] {taskinstance.py:1357} INFO - Starting attempt 1 of 1
[2022-12-16 10:29:10,708] {taskinstance.py:1358} INFO - 
--------------------------------------------------------------------------------
[2022-12-16 10:29:11,221] {taskinstance.py:1377} INFO - Executing <Task(PythonOperator): get_last_id> on 2022-12-15 18:27:00+00:00
[2022-12-16 10:29:11,278] {standard_task_runner.py:52} INFO - Started process 370 to run task
[2022-12-16 10:29:11,322] {standard_task_runner.py:79} INFO - Running: ['airflow', 'tasks', 'run', 'prepare_data', 'get_last_id', 'scheduled__2022-12-15T18:27:00+00:00', '--job-id', '337', '--raw', '--subdir', 'DAGS_FOLDER/prepare_data.py', '--cfg-path', '/tmp/tmpn6l1qah7', '--error-file', '/tmp/tmpwsfbvrkz']
[2022-12-16 10:29:11,390] {standard_task_runner.py:80} INFO - Job 337: Subtask get_last_id
[2022-12-16 10:29:11,927] {task_command.py:369} INFO - Running <TaskInstance: prepare_data.get_last_id scheduled__2022-12-15T18:27:00+00:00 [running]> on host 8e2f65ec4c74
[2022-12-16 10:29:12,788] {taskinstance.py:1571} INFO - Exporting the following env vars:
AIRFLOW_CTX_DAG_OWNER=airflow
AIRFLOW_CTX_DAG_ID=prepare_data
AIRFLOW_CTX_TASK_ID=get_last_id
AIRFLOW_CTX_EXECUTION_DATE=2022-12-15T18:27:00+00:00
AIRFLOW_CTX_TRY_NUMBER=1
AIRFLOW_CTX_DAG_RUN_ID=scheduled__2022-12-15T18:27:00+00:00
[2022-12-16 10:29:13,033] {base.py:68} INFO - Using connection ID 'gp_conn' for task execution.
[2022-12-16 10:29:13,620] {python.py:173} INFO - Done. Returned value was: None
[2022-12-16 10:29:13,972] {taskinstance.py:1400} INFO - Marking task as SUCCESS. dag_id=prepare_data, task_id=get_last_id, execution_date=20221215T182700, start_date=20221216T102910, end_date=20221216T102913
[2022-12-16 10:29:14,289] {local_task_job.py:156} INFO - Task exited with return code 0
[2022-12-16 10:29:16,461] {local_task_job.py:273} INFO - 0 downstream tasks scheduled from follow-on schedule check
