[2022-12-12 18:40:32,824] {taskinstance.py:1159} INFO - Dependencies all met for <TaskInstance: prepare_data.transfer_data scheduled__2022-11-28T18:06:00+00:00 [queued]>
[2022-12-12 18:40:32,920] {taskinstance.py:1159} INFO - Dependencies all met for <TaskInstance: prepare_data.transfer_data scheduled__2022-11-28T18:06:00+00:00 [queued]>
[2022-12-12 18:40:32,931] {taskinstance.py:1356} INFO - 
--------------------------------------------------------------------------------
[2022-12-12 18:40:32,935] {taskinstance.py:1357} INFO - Starting attempt 1 of 1
[2022-12-12 18:40:32,936] {taskinstance.py:1358} INFO - 
--------------------------------------------------------------------------------
[2022-12-12 18:40:33,155] {taskinstance.py:1377} INFO - Executing <Task(PythonOperator): transfer_data> on 2022-11-28 18:06:00+00:00
[2022-12-12 18:40:33,210] {standard_task_runner.py:52} INFO - Started process 768 to run task
[2022-12-12 18:40:33,259] {standard_task_runner.py:79} INFO - Running: ['airflow', 'tasks', 'run', 'prepare_data', 'transfer_data', 'scheduled__2022-11-28T18:06:00+00:00', '--job-id', '275', '--raw', '--subdir', 'DAGS_FOLDER/prepare_data.py', '--cfg-path', '/tmp/tmpgo_f_000', '--error-file', '/tmp/tmpnedcz_z9']
[2022-12-12 18:40:33,284] {standard_task_runner.py:80} INFO - Job 275: Subtask transfer_data
[2022-12-12 18:40:33,652] {task_command.py:369} INFO - Running <TaskInstance: prepare_data.transfer_data scheduled__2022-11-28T18:06:00+00:00 [running]> on host cfea470654c7
[2022-12-12 18:40:33,999] {taskinstance.py:1571} INFO - Exporting the following env vars:
AIRFLOW_CTX_DAG_OWNER=airflow
AIRFLOW_CTX_DAG_ID=prepare_data
AIRFLOW_CTX_TASK_ID=transfer_data
AIRFLOW_CTX_EXECUTION_DATE=2022-11-28T18:06:00+00:00
AIRFLOW_CTX_TRY_NUMBER=1
AIRFLOW_CTX_DAG_RUN_ID=scheduled__2022-11-28T18:06:00+00:00
[2022-12-12 18:40:34,048] {base.py:68} INFO - Using connection ID 'postgres_default' for task execution.
[2022-12-12 18:40:34,108] {python.py:173} INFO - Done. Returned value was: None
[2022-12-12 18:40:34,202] {taskinstance.py:1400} INFO - Marking task as SUCCESS. dag_id=prepare_data, task_id=transfer_data, execution_date=20221128T180600, start_date=20221212T184032, end_date=20221212T184034
[2022-12-12 18:40:34,422] {local_task_job.py:156} INFO - Task exited with return code 0
[2022-12-12 18:40:34,585] {local_task_job.py:273} INFO - 0 downstream tasks scheduled from follow-on schedule check
