[2022-12-12 18:25:09,767] {taskinstance.py:1159} INFO - Dependencies all met for <TaskInstance: prepare_data.get_last_id scheduled__2022-11-28T16:42:00+00:00 [queued]>
[2022-12-12 18:25:09,881] {taskinstance.py:1159} INFO - Dependencies all met for <TaskInstance: prepare_data.get_last_id scheduled__2022-11-28T16:42:00+00:00 [queued]>
[2022-12-12 18:25:09,886] {taskinstance.py:1356} INFO - 
--------------------------------------------------------------------------------
[2022-12-12 18:25:09,900] {taskinstance.py:1357} INFO - Starting attempt 1 of 1
[2022-12-12 18:25:09,902] {taskinstance.py:1358} INFO - 
--------------------------------------------------------------------------------
[2022-12-12 18:25:10,062] {taskinstance.py:1377} INFO - Executing <Task(PythonOperator): get_last_id> on 2022-11-28 16:42:00+00:00
[2022-12-12 18:25:10,083] {standard_task_runner.py:52} INFO - Started process 252 to run task
[2022-12-12 18:25:10,122] {standard_task_runner.py:79} INFO - Running: ['airflow', 'tasks', 'run', 'prepare_data', 'get_last_id', 'scheduled__2022-11-28T16:42:00+00:00', '--job-id', '21', '--raw', '--subdir', 'DAGS_FOLDER/prepare_data.py', '--cfg-path', '/tmp/tmpkyob5bwm', '--error-file', '/tmp/tmprq23jtrr']
[2022-12-12 18:25:10,136] {standard_task_runner.py:80} INFO - Job 21: Subtask get_last_id
[2022-12-12 18:25:10,654] {task_command.py:369} INFO - Running <TaskInstance: prepare_data.get_last_id scheduled__2022-11-28T16:42:00+00:00 [running]> on host a49e44ee4a94
[2022-12-12 18:25:11,392] {taskinstance.py:1571} INFO - Exporting the following env vars:
AIRFLOW_CTX_DAG_OWNER=airflow
AIRFLOW_CTX_DAG_ID=prepare_data
AIRFLOW_CTX_TASK_ID=get_last_id
AIRFLOW_CTX_EXECUTION_DATE=2022-11-28T16:42:00+00:00
AIRFLOW_CTX_TRY_NUMBER=1
AIRFLOW_CTX_DAG_RUN_ID=scheduled__2022-11-28T16:42:00+00:00
[2022-12-12 18:25:11,430] {base.py:68} INFO - Using connection ID 'postgres_default' for task execution.
[2022-12-12 18:25:11,551] {python.py:173} INFO - Done. Returned value was: None
[2022-12-12 18:25:11,630] {taskinstance.py:1400} INFO - Marking task as SUCCESS. dag_id=prepare_data, task_id=get_last_id, execution_date=20221128T164200, start_date=20221212T182509, end_date=20221212T182511
[2022-12-12 18:25:11,749] {local_task_job.py:156} INFO - Task exited with return code 0
[2022-12-12 18:25:12,098] {local_task_job.py:273} INFO - 0 downstream tasks scheduled from follow-on schedule check
