[2022-12-16 13:08:04,081] {taskinstance.py:1159} INFO - Dependencies all met for <TaskInstance: prepare_data.transfer_data scheduled__2022-12-16T13:07:00+00:00 [queued]>
[2022-12-16 13:08:04,093] {taskinstance.py:1159} INFO - Dependencies all met for <TaskInstance: prepare_data.transfer_data scheduled__2022-12-16T13:07:00+00:00 [queued]>
[2022-12-16 13:08:04,093] {taskinstance.py:1356} INFO - 
--------------------------------------------------------------------------------
[2022-12-16 13:08:04,093] {taskinstance.py:1357} INFO - Starting attempt 1 of 1
[2022-12-16 13:08:04,093] {taskinstance.py:1358} INFO - 
--------------------------------------------------------------------------------
[2022-12-16 13:08:04,110] {taskinstance.py:1377} INFO - Executing <Task(PythonOperator): transfer_data> on 2022-12-16 13:07:00+00:00
[2022-12-16 13:08:04,114] {standard_task_runner.py:52} INFO - Started process 4373 to run task
[2022-12-16 13:08:04,120] {standard_task_runner.py:79} INFO - Running: ['airflow', 'tasks', 'run', 'prepare_data', 'transfer_data', 'scheduled__2022-12-16T13:07:00+00:00', '--job-id', '2148', '--raw', '--subdir', 'DAGS_FOLDER/prepare_data.py', '--cfg-path', '/tmp/tmpbqf5q7g_', '--error-file', '/tmp/tmp119ccml1']
[2022-12-16 13:08:04,121] {standard_task_runner.py:80} INFO - Job 2148: Subtask transfer_data
[2022-12-16 13:08:04,196] {task_command.py:369} INFO - Running <TaskInstance: prepare_data.transfer_data scheduled__2022-12-16T13:07:00+00:00 [running]> on host 8e2f65ec4c74
[2022-12-16 13:08:04,307] {taskinstance.py:1571} INFO - Exporting the following env vars:
AIRFLOW_CTX_DAG_OWNER=airflow
AIRFLOW_CTX_DAG_ID=prepare_data
AIRFLOW_CTX_TASK_ID=transfer_data
AIRFLOW_CTX_EXECUTION_DATE=2022-12-16T13:07:00+00:00
AIRFLOW_CTX_TRY_NUMBER=1
AIRFLOW_CTX_DAG_RUN_ID=scheduled__2022-12-16T13:07:00+00:00
[2022-12-16 13:08:04,323] {base.py:68} INFO - Using connection ID 'gp_conn' for task execution.
[2022-12-16 13:08:04,385] {python.py:173} INFO - Done. Returned value was: None
[2022-12-16 13:08:04,407] {taskinstance.py:1400} INFO - Marking task as SUCCESS. dag_id=prepare_data, task_id=transfer_data, execution_date=20221216T130700, start_date=20221216T130804, end_date=20221216T130804
[2022-12-16 13:08:04,456] {local_task_job.py:156} INFO - Task exited with return code 0
[2022-12-16 13:08:04,513] {local_task_job.py:273} INFO - 0 downstream tasks scheduled from follow-on schedule check
