[2022-12-16 10:39:22,480] {taskinstance.py:1159} INFO - Dependencies all met for <TaskInstance: prepare_data.transfer_data scheduled__2022-12-15T20:48:00+00:00 [queued]>
[2022-12-16 10:39:23,026] {taskinstance.py:1159} INFO - Dependencies all met for <TaskInstance: prepare_data.transfer_data scheduled__2022-12-15T20:48:00+00:00 [queued]>
[2022-12-16 10:39:23,086] {taskinstance.py:1356} INFO - 
--------------------------------------------------------------------------------
[2022-12-16 10:39:23,086] {taskinstance.py:1357} INFO - Starting attempt 1 of 1
[2022-12-16 10:39:23,086] {taskinstance.py:1358} INFO - 
--------------------------------------------------------------------------------
[2022-12-16 10:39:23,746] {taskinstance.py:1377} INFO - Executing <Task(PythonOperator): transfer_data> on 2022-12-15 20:48:00+00:00
[2022-12-16 10:39:23,774] {standard_task_runner.py:52} INFO - Started process 1315 to run task
[2022-12-16 10:39:23,997] {standard_task_runner.py:79} INFO - Running: ['airflow', 'tasks', 'run', 'prepare_data', 'transfer_data', 'scheduled__2022-12-15T20:48:00+00:00', '--job-id', '764', '--raw', '--subdir', 'DAGS_FOLDER/prepare_data.py', '--cfg-path', '/tmp/tmp3t1qzyzf', '--error-file', '/tmp/tmp_4tb7chc']
[2022-12-16 10:39:24,040] {standard_task_runner.py:80} INFO - Job 764: Subtask transfer_data
[2022-12-16 10:39:26,550] {task_command.py:369} INFO - Running <TaskInstance: prepare_data.transfer_data scheduled__2022-12-15T20:48:00+00:00 [running]> on host 8e2f65ec4c74
[2022-12-16 10:39:28,142] {taskinstance.py:1571} INFO - Exporting the following env vars:
AIRFLOW_CTX_DAG_OWNER=airflow
AIRFLOW_CTX_DAG_ID=prepare_data
AIRFLOW_CTX_TASK_ID=transfer_data
AIRFLOW_CTX_EXECUTION_DATE=2022-12-15T20:48:00+00:00
AIRFLOW_CTX_TRY_NUMBER=1
AIRFLOW_CTX_DAG_RUN_ID=scheduled__2022-12-15T20:48:00+00:00
[2022-12-16 10:39:28,233] {base.py:68} INFO - Using connection ID 'gp_conn' for task execution.
[2022-12-16 10:39:28,842] {python.py:173} INFO - Done. Returned value was: None
[2022-12-16 10:39:29,227] {taskinstance.py:1400} INFO - Marking task as SUCCESS. dag_id=prepare_data, task_id=transfer_data, execution_date=20221215T204800, start_date=20221216T103922, end_date=20221216T103929
[2022-12-16 10:39:29,682] {local_task_job.py:221} WARNING - State of this instance has been externally set to success. Terminating instance.
[2022-12-16 10:39:29,699] {process_utils.py:129} INFO - Sending Signals.SIGTERM to group 1315. PIDs of all processes in the group: [1315]
[2022-12-16 10:39:29,763] {process_utils.py:80} INFO - Sending the signal Signals.SIGTERM to group 1315
[2022-12-16 10:39:29,763] {process_utils.py:75} INFO - Process psutil.Process(pid=1315, status='terminated', exitcode=0, started='10:39:23') (1315) terminated with exit code 0
