[2022-12-16 10:52:06,826] {taskinstance.py:1159} INFO - Dependencies all met for <TaskInstance: prepare_data.get_last_id scheduled__2022-12-16T00:05:00+00:00 [queued]>
[2022-12-16 10:52:07,035] {taskinstance.py:1159} INFO - Dependencies all met for <TaskInstance: prepare_data.get_last_id scheduled__2022-12-16T00:05:00+00:00 [queued]>
[2022-12-16 10:52:07,035] {taskinstance.py:1356} INFO - 
--------------------------------------------------------------------------------
[2022-12-16 10:52:07,035] {taskinstance.py:1357} INFO - Starting attempt 1 of 1
[2022-12-16 10:52:07,035] {taskinstance.py:1358} INFO - 
--------------------------------------------------------------------------------
[2022-12-16 10:52:07,314] {taskinstance.py:1377} INFO - Executing <Task(PythonOperator): get_last_id> on 2022-12-16 00:05:00+00:00
[2022-12-16 10:52:07,396] {standard_task_runner.py:52} INFO - Started process 2583 to run task
[2022-12-16 10:52:07,574] {standard_task_runner.py:79} INFO - Running: ['airflow', 'tasks', 'run', 'prepare_data', 'get_last_id', 'scheduled__2022-12-16T00:05:00+00:00', '--job-id', '1342', '--raw', '--subdir', 'DAGS_FOLDER/prepare_data.py', '--cfg-path', '/tmp/tmp9sjc076i', '--error-file', '/tmp/tmpzvw1_hwa']
[2022-12-16 10:52:07,618] {standard_task_runner.py:80} INFO - Job 1342: Subtask get_last_id
[2022-12-16 10:52:09,706] {task_command.py:369} INFO - Running <TaskInstance: prepare_data.get_last_id scheduled__2022-12-16T00:05:00+00:00 [running]> on host 8e2f65ec4c74
[2022-12-16 10:52:11,714] {taskinstance.py:1571} INFO - Exporting the following env vars:
AIRFLOW_CTX_DAG_OWNER=airflow
AIRFLOW_CTX_DAG_ID=prepare_data
AIRFLOW_CTX_TASK_ID=get_last_id
AIRFLOW_CTX_EXECUTION_DATE=2022-12-16T00:05:00+00:00
AIRFLOW_CTX_TRY_NUMBER=1
AIRFLOW_CTX_DAG_RUN_ID=scheduled__2022-12-16T00:05:00+00:00
[2022-12-16 10:52:11,870] {base.py:68} INFO - Using connection ID 'gp_conn' for task execution.
[2022-12-16 10:52:12,624] {python.py:173} INFO - Done. Returned value was: None
[2022-12-16 10:52:12,938] {taskinstance.py:1400} INFO - Marking task as SUCCESS. dag_id=prepare_data, task_id=get_last_id, execution_date=20221216T000500, start_date=20221216T105206, end_date=20221216T105212
[2022-12-16 10:52:13,476] {local_task_job.py:221} WARNING - State of this instance has been externally set to success. Terminating instance.
[2022-12-16 10:52:13,709] {process_utils.py:129} INFO - Sending Signals.SIGTERM to group 2583. PIDs of all processes in the group: [2583]
[2022-12-16 10:52:13,773] {process_utils.py:80} INFO - Sending the signal Signals.SIGTERM to group 2583
[2022-12-16 10:52:13,790] {process_utils.py:75} INFO - Process psutil.Process(pid=2583, status='terminated', exitcode=0, started='10:52:07') (2583) terminated with exit code 0
