[2022-12-16 08:10:14,228] {taskinstance.py:1159} INFO - Dependencies all met for <TaskInstance: prepare_data.get_last_id scheduled__2022-12-15T17:18:00+00:00 [queued]>
[2022-12-16 08:10:20,975] {taskinstance.py:1159} INFO - Dependencies all met for <TaskInstance: prepare_data.get_last_id scheduled__2022-12-15T17:18:00+00:00 [queued]>
[2022-12-16 08:10:21,686] {taskinstance.py:1356} INFO - 
--------------------------------------------------------------------------------
[2022-12-16 08:10:22,168] {taskinstance.py:1357} INFO - Starting attempt 1 of 1
[2022-12-16 08:10:22,378] {taskinstance.py:1358} INFO - 
--------------------------------------------------------------------------------
[2022-12-16 08:10:29,571] {taskinstance.py:1377} INFO - Executing <Task(PythonOperator): get_last_id> on 2022-12-15 17:18:00+00:00
[2022-12-16 08:10:30,760] {standard_task_runner.py:52} INFO - Started process 16804 to run task
[2022-12-16 08:10:31,909] {standard_task_runner.py:79} INFO - Running: ['airflow', 'tasks', 'run', 'prepare_data', 'get_last_id', 'scheduled__2022-12-15T17:18:00+00:00', '--job-id', '103', '--raw', '--subdir', 'DAGS_FOLDER/prepare_data.py', '--cfg-path', '/tmp/tmpn3m1dde2', '--error-file', '/tmp/tmp4twxbe2f']
[2022-12-16 08:10:32,158] {standard_task_runner.py:80} INFO - Job 103: Subtask get_last_id
[2022-12-16 08:11:00,222] {task_command.py:369} INFO - Running <TaskInstance: prepare_data.get_last_id scheduled__2022-12-15T17:18:00+00:00 [running]> on host 8e2f65ec4c74
[2022-12-16 08:11:14,408] {taskinstance.py:1571} INFO - Exporting the following env vars:
AIRFLOW_CTX_DAG_OWNER=airflow
AIRFLOW_CTX_DAG_ID=prepare_data
AIRFLOW_CTX_TASK_ID=get_last_id
AIRFLOW_CTX_EXECUTION_DATE=2022-12-15T17:18:00+00:00
AIRFLOW_CTX_TRY_NUMBER=1
AIRFLOW_CTX_DAG_RUN_ID=scheduled__2022-12-15T17:18:00+00:00
[2022-12-16 08:11:15,734] {base.py:68} INFO - Using connection ID 'gp_conn' for task execution.
[2022-12-16 08:11:16,951] {python.py:173} INFO - Done. Returned value was: None
[2022-12-16 08:11:18,279] {taskinstance.py:1400} INFO - Marking task as SUCCESS. dag_id=prepare_data, task_id=get_last_id, execution_date=20221215T171800, start_date=20221216T081014, end_date=20221216T081118
[2022-12-16 08:11:19,581] {local_task_job.py:221} WARNING - State of this instance has been externally set to success. Terminating instance.
[2022-12-16 08:11:19,820] {process_utils.py:129} INFO - Sending Signals.SIGTERM to group 16804. PIDs of all processes in the group: [16804]
[2022-12-16 08:11:19,831] {process_utils.py:80} INFO - Sending the signal Signals.SIGTERM to group 16804
[2022-12-16 08:11:19,858] {process_utils.py:75} INFO - Process psutil.Process(pid=16804, status='terminated', exitcode=0, started='08:10:29') (16804) terminated with exit code 0
