[2022-12-12 18:41:06,710] {taskinstance.py:1159} INFO - Dependencies all met for <TaskInstance: prepare_data.transfer_data scheduled__2022-11-28T18:31:00+00:00 [queued]>
[2022-12-12 18:41:06,842] {taskinstance.py:1159} INFO - Dependencies all met for <TaskInstance: prepare_data.transfer_data scheduled__2022-11-28T18:31:00+00:00 [queued]>
[2022-12-12 18:41:06,845] {taskinstance.py:1356} INFO - 
--------------------------------------------------------------------------------
[2022-12-12 18:41:06,846] {taskinstance.py:1357} INFO - Starting attempt 1 of 1
[2022-12-12 18:41:06,852] {taskinstance.py:1358} INFO - 
--------------------------------------------------------------------------------
[2022-12-12 18:41:07,001] {taskinstance.py:1377} INFO - Executing <Task(PythonOperator): transfer_data> on 2022-11-28 18:31:00+00:00
[2022-12-12 18:41:07,057] {standard_task_runner.py:52} INFO - Started process 917 to run task
[2022-12-12 18:41:07,108] {standard_task_runner.py:79} INFO - Running: ['airflow', 'tasks', 'run', 'prepare_data', 'transfer_data', 'scheduled__2022-11-28T18:31:00+00:00', '--job-id', '347', '--raw', '--subdir', 'DAGS_FOLDER/prepare_data.py', '--cfg-path', '/tmp/tmp_8aut1c_', '--error-file', '/tmp/tmpf0dmxbw4']
[2022-12-12 18:41:07,130] {standard_task_runner.py:80} INFO - Job 347: Subtask transfer_data
[2022-12-12 18:41:07,537] {task_command.py:369} INFO - Running <TaskInstance: prepare_data.transfer_data scheduled__2022-11-28T18:31:00+00:00 [running]> on host cfea470654c7
[2022-12-12 18:41:08,241] {taskinstance.py:1571} INFO - Exporting the following env vars:
AIRFLOW_CTX_DAG_OWNER=airflow
AIRFLOW_CTX_DAG_ID=prepare_data
AIRFLOW_CTX_TASK_ID=transfer_data
AIRFLOW_CTX_EXECUTION_DATE=2022-11-28T18:31:00+00:00
AIRFLOW_CTX_TRY_NUMBER=1
AIRFLOW_CTX_DAG_RUN_ID=scheduled__2022-11-28T18:31:00+00:00
[2022-12-12 18:41:08,320] {base.py:68} INFO - Using connection ID 'postgres_default' for task execution.
[2022-12-12 18:41:08,480] {python.py:173} INFO - Done. Returned value was: None
[2022-12-12 18:41:08,637] {taskinstance.py:1400} INFO - Marking task as SUCCESS. dag_id=prepare_data, task_id=transfer_data, execution_date=20221128T183100, start_date=20221212T184106, end_date=20221212T184108
[2022-12-12 18:41:08,815] {local_task_job.py:156} INFO - Task exited with return code 0
[2022-12-12 18:41:10,163] {local_task_job.py:273} INFO - 0 downstream tasks scheduled from follow-on schedule check
