[2022-12-16 11:01:05,892] {taskinstance.py:1159} INFO - Dependencies all met for <TaskInstance: prepare_data.get_last_id scheduled__2022-12-16T01:17:00+00:00 [queued]>
[2022-12-16 11:01:06,787] {taskinstance.py:1159} INFO - Dependencies all met for <TaskInstance: prepare_data.get_last_id scheduled__2022-12-16T01:17:00+00:00 [queued]>
[2022-12-16 11:01:06,832] {taskinstance.py:1356} INFO - 
--------------------------------------------------------------------------------
[2022-12-16 11:01:06,846] {taskinstance.py:1357} INFO - Starting attempt 1 of 1
[2022-12-16 11:01:06,855] {taskinstance.py:1358} INFO - 
--------------------------------------------------------------------------------
[2022-12-16 11:01:07,543] {taskinstance.py:1377} INFO - Executing <Task(PythonOperator): get_last_id> on 2022-12-16 01:17:00+00:00
[2022-12-16 11:01:07,626] {standard_task_runner.py:52} INFO - Started process 3123 to run task
[2022-12-16 11:01:07,707] {standard_task_runner.py:79} INFO - Running: ['airflow', 'tasks', 'run', 'prepare_data', 'get_last_id', 'scheduled__2022-12-16T01:17:00+00:00', '--job-id', '1573', '--raw', '--subdir', 'DAGS_FOLDER/prepare_data.py', '--cfg-path', '/tmp/tmp1c1ywyp6', '--error-file', '/tmp/tmp5lp2f28_']
[2022-12-16 11:01:07,709] {standard_task_runner.py:80} INFO - Job 1573: Subtask get_last_id
[2022-12-16 11:01:08,992] {task_command.py:369} INFO - Running <TaskInstance: prepare_data.get_last_id scheduled__2022-12-16T01:17:00+00:00 [running]> on host 8e2f65ec4c74
[2022-12-16 11:01:10,679] {taskinstance.py:1571} INFO - Exporting the following env vars:
AIRFLOW_CTX_DAG_OWNER=airflow
AIRFLOW_CTX_DAG_ID=prepare_data
AIRFLOW_CTX_TASK_ID=get_last_id
AIRFLOW_CTX_EXECUTION_DATE=2022-12-16T01:17:00+00:00
AIRFLOW_CTX_TRY_NUMBER=1
AIRFLOW_CTX_DAG_RUN_ID=scheduled__2022-12-16T01:17:00+00:00
[2022-12-16 11:01:10,956] {base.py:68} INFO - Using connection ID 'gp_conn' for task execution.
[2022-12-16 11:01:11,646] {python.py:173} INFO - Done. Returned value was: None
[2022-12-16 11:01:11,984] {taskinstance.py:1400} INFO - Marking task as SUCCESS. dag_id=prepare_data, task_id=get_last_id, execution_date=20221216T011700, start_date=20221216T110105, end_date=20221216T110111
[2022-12-16 11:01:12,340] {local_task_job.py:156} INFO - Task exited with return code 0
[2022-12-16 11:01:13,922] {local_task_job.py:273} INFO - 0 downstream tasks scheduled from follow-on schedule check
