[2022-12-12 18:25:29,091] {taskinstance.py:1159} INFO - Dependencies all met for <TaskInstance: prepare_data.transfer_data scheduled__2022-11-28T16:52:00+00:00 [queued]>
[2022-12-12 18:25:29,312] {taskinstance.py:1159} INFO - Dependencies all met for <TaskInstance: prepare_data.transfer_data scheduled__2022-11-28T16:52:00+00:00 [queued]>
[2022-12-12 18:25:29,314] {taskinstance.py:1356} INFO - 
--------------------------------------------------------------------------------
[2022-12-12 18:25:29,316] {taskinstance.py:1357} INFO - Starting attempt 1 of 1
[2022-12-12 18:25:29,317] {taskinstance.py:1358} INFO - 
--------------------------------------------------------------------------------
[2022-12-12 18:25:29,416] {taskinstance.py:1377} INFO - Executing <Task(PythonOperator): transfer_data> on 2022-11-28 16:52:00+00:00
[2022-12-12 18:25:29,453] {standard_task_runner.py:52} INFO - Started process 350 to run task
[2022-12-12 18:25:29,467] {standard_task_runner.py:79} INFO - Running: ['airflow', 'tasks', 'run', 'prepare_data', 'transfer_data', 'scheduled__2022-11-28T16:52:00+00:00', '--job-id', '71', '--raw', '--subdir', 'DAGS_FOLDER/prepare_data.py', '--cfg-path', '/tmp/tmpc8r62j1x', '--error-file', '/tmp/tmpjk0d2d0s']
[2022-12-12 18:25:29,472] {standard_task_runner.py:80} INFO - Job 71: Subtask transfer_data
[2022-12-12 18:25:29,718] {task_command.py:369} INFO - Running <TaskInstance: prepare_data.transfer_data scheduled__2022-11-28T16:52:00+00:00 [running]> on host a49e44ee4a94
[2022-12-12 18:25:30,641] {taskinstance.py:1571} INFO - Exporting the following env vars:
AIRFLOW_CTX_DAG_OWNER=airflow
AIRFLOW_CTX_DAG_ID=prepare_data
AIRFLOW_CTX_TASK_ID=transfer_data
AIRFLOW_CTX_EXECUTION_DATE=2022-11-28T16:52:00+00:00
AIRFLOW_CTX_TRY_NUMBER=1
AIRFLOW_CTX_DAG_RUN_ID=scheduled__2022-11-28T16:52:00+00:00
[2022-12-12 18:25:30,814] {base.py:68} INFO - Using connection ID 'postgres_default' for task execution.
[2022-12-12 18:25:31,024] {python.py:173} INFO - Done. Returned value was: None
[2022-12-12 18:25:31,162] {taskinstance.py:1400} INFO - Marking task as SUCCESS. dag_id=prepare_data, task_id=transfer_data, execution_date=20221128T165200, start_date=20221212T182529, end_date=20221212T182531
[2022-12-12 18:25:31,541] {local_task_job.py:156} INFO - Task exited with return code 0
[2022-12-12 18:25:32,617] {local_task_job.py:273} INFO - 0 downstream tasks scheduled from follow-on schedule check
[2022-12-12 18:38:44,556] {taskinstance.py:1159} INFO - Dependencies all met for <TaskInstance: prepare_data.transfer_data scheduled__2022-11-28T16:52:00+00:00 [queued]>
[2022-12-12 18:38:44,583] {taskinstance.py:1159} INFO - Dependencies all met for <TaskInstance: prepare_data.transfer_data scheduled__2022-11-28T16:52:00+00:00 [queued]>
[2022-12-12 18:38:44,585] {taskinstance.py:1356} INFO - 
--------------------------------------------------------------------------------
[2022-12-12 18:38:44,587] {taskinstance.py:1357} INFO - Starting attempt 1 of 1
[2022-12-12 18:38:44,588] {taskinstance.py:1358} INFO - 
--------------------------------------------------------------------------------
[2022-12-12 18:38:44,627] {taskinstance.py:1377} INFO - Executing <Task(PythonOperator): transfer_data> on 2022-11-28 16:52:00+00:00
[2022-12-12 18:38:44,635] {standard_task_runner.py:52} INFO - Started process 296 to run task
[2022-12-12 18:38:44,648] {standard_task_runner.py:79} INFO - Running: ['airflow', 'tasks', 'run', 'prepare_data', 'transfer_data', 'scheduled__2022-11-28T16:52:00+00:00', '--job-id', '49', '--raw', '--subdir', 'DAGS_FOLDER/prepare_data.py', '--cfg-path', '/tmp/tmpn8wppy5y', '--error-file', '/tmp/tmpsq3qmk77']
[2022-12-12 18:38:44,652] {standard_task_runner.py:80} INFO - Job 49: Subtask transfer_data
[2022-12-12 18:38:44,855] {task_command.py:369} INFO - Running <TaskInstance: prepare_data.transfer_data scheduled__2022-11-28T16:52:00+00:00 [running]> on host cfea470654c7
[2022-12-12 18:38:45,018] {taskinstance.py:1571} INFO - Exporting the following env vars:
AIRFLOW_CTX_DAG_OWNER=airflow
AIRFLOW_CTX_DAG_ID=prepare_data
AIRFLOW_CTX_TASK_ID=transfer_data
AIRFLOW_CTX_EXECUTION_DATE=2022-11-28T16:52:00+00:00
AIRFLOW_CTX_TRY_NUMBER=1
AIRFLOW_CTX_DAG_RUN_ID=scheduled__2022-11-28T16:52:00+00:00
[2022-12-12 18:38:45,043] {base.py:68} INFO - Using connection ID 'postgres_default' for task execution.
[2022-12-12 18:38:45,076] {python.py:173} INFO - Done. Returned value was: None
[2022-12-12 18:38:45,110] {taskinstance.py:1400} INFO - Marking task as SUCCESS. dag_id=prepare_data, task_id=transfer_data, execution_date=20221128T165200, start_date=20221212T183844, end_date=20221212T183845
[2022-12-12 18:38:45,184] {local_task_job.py:156} INFO - Task exited with return code 0
[2022-12-12 18:38:45,689] {local_task_job.py:273} INFO - 0 downstream tasks scheduled from follow-on schedule check
