[2022-12-12 18:42:17,710] {taskinstance.py:1159} INFO - Dependencies all met for <TaskInstance: prepare_data.transfer_data scheduled__2022-11-28T19:25:00+00:00 [queued]>
[2022-12-12 18:42:17,784] {taskinstance.py:1159} INFO - Dependencies all met for <TaskInstance: prepare_data.transfer_data scheduled__2022-11-28T19:25:00+00:00 [queued]>
[2022-12-12 18:42:17,787] {taskinstance.py:1356} INFO - 
--------------------------------------------------------------------------------
[2022-12-12 18:42:17,788] {taskinstance.py:1357} INFO - Starting attempt 1 of 1
[2022-12-12 18:42:17,790] {taskinstance.py:1358} INFO - 
--------------------------------------------------------------------------------
[2022-12-12 18:42:17,867] {taskinstance.py:1377} INFO - Executing <Task(PythonOperator): transfer_data> on 2022-11-28 19:25:00+00:00
[2022-12-12 18:42:17,898] {standard_task_runner.py:52} INFO - Started process 1258 to run task
[2022-12-12 18:42:17,942] {standard_task_runner.py:79} INFO - Running: ['airflow', 'tasks', 'run', 'prepare_data', 'transfer_data', 'scheduled__2022-11-28T19:25:00+00:00', '--job-id', '511', '--raw', '--subdir', 'DAGS_FOLDER/prepare_data.py', '--cfg-path', '/tmp/tmpr0rdoc4a', '--error-file', '/tmp/tmpz_7xyerz']
[2022-12-12 18:42:17,973] {standard_task_runner.py:80} INFO - Job 511: Subtask transfer_data
[2022-12-12 18:42:18,231] {task_command.py:369} INFO - Running <TaskInstance: prepare_data.transfer_data scheduled__2022-11-28T19:25:00+00:00 [running]> on host cfea470654c7
[2022-12-12 18:42:18,668] {taskinstance.py:1571} INFO - Exporting the following env vars:
AIRFLOW_CTX_DAG_OWNER=airflow
AIRFLOW_CTX_DAG_ID=prepare_data
AIRFLOW_CTX_TASK_ID=transfer_data
AIRFLOW_CTX_EXECUTION_DATE=2022-11-28T19:25:00+00:00
AIRFLOW_CTX_TRY_NUMBER=1
AIRFLOW_CTX_DAG_RUN_ID=scheduled__2022-11-28T19:25:00+00:00
[2022-12-12 18:42:18,739] {base.py:68} INFO - Using connection ID 'postgres_default' for task execution.
[2022-12-12 18:42:18,818] {python.py:173} INFO - Done. Returned value was: None
[2022-12-12 18:42:18,957] {taskinstance.py:1400} INFO - Marking task as SUCCESS. dag_id=prepare_data, task_id=transfer_data, execution_date=20221128T192500, start_date=20221212T184217, end_date=20221212T184218
[2022-12-12 18:42:19,054] {local_task_job.py:156} INFO - Task exited with return code 0
[2022-12-12 18:42:19,458] {local_task_job.py:273} INFO - 0 downstream tasks scheduled from follow-on schedule check
