[2022-12-12 18:39:15,581] {taskinstance.py:1159} INFO - Dependencies all met for <TaskInstance: prepare_data.transfer_data scheduled__2022-11-28T17:12:00+00:00 [queued]>
[2022-12-12 18:39:15,615] {taskinstance.py:1159} INFO - Dependencies all met for <TaskInstance: prepare_data.transfer_data scheduled__2022-11-28T17:12:00+00:00 [queued]>
[2022-12-12 18:39:15,618] {taskinstance.py:1356} INFO - 
--------------------------------------------------------------------------------
[2022-12-12 18:39:15,622] {taskinstance.py:1357} INFO - Starting attempt 1 of 1
[2022-12-12 18:39:15,625] {taskinstance.py:1358} INFO - 
--------------------------------------------------------------------------------
[2022-12-12 18:39:15,673] {taskinstance.py:1377} INFO - Executing <Task(PythonOperator): transfer_data> on 2022-11-28 17:12:00+00:00
[2022-12-12 18:39:15,685] {standard_task_runner.py:52} INFO - Started process 406 to run task
[2022-12-12 18:39:15,694] {standard_task_runner.py:79} INFO - Running: ['airflow', 'tasks', 'run', 'prepare_data', 'transfer_data', 'scheduled__2022-11-28T17:12:00+00:00', '--job-id', '102', '--raw', '--subdir', 'DAGS_FOLDER/prepare_data.py', '--cfg-path', '/tmp/tmptvidnjer', '--error-file', '/tmp/tmp1cklj8tq']
[2022-12-12 18:39:15,700] {standard_task_runner.py:80} INFO - Job 102: Subtask transfer_data
[2022-12-12 18:39:15,856] {task_command.py:369} INFO - Running <TaskInstance: prepare_data.transfer_data scheduled__2022-11-28T17:12:00+00:00 [running]> on host cfea470654c7
[2022-12-12 18:39:16,154] {taskinstance.py:1571} INFO - Exporting the following env vars:
AIRFLOW_CTX_DAG_OWNER=airflow
AIRFLOW_CTX_DAG_ID=prepare_data
AIRFLOW_CTX_TASK_ID=transfer_data
AIRFLOW_CTX_EXECUTION_DATE=2022-11-28T17:12:00+00:00
AIRFLOW_CTX_TRY_NUMBER=1
AIRFLOW_CTX_DAG_RUN_ID=scheduled__2022-11-28T17:12:00+00:00
[2022-12-12 18:39:16,195] {base.py:68} INFO - Using connection ID 'postgres_default' for task execution.
[2022-12-12 18:39:16,260] {python.py:173} INFO - Done. Returned value was: None
[2022-12-12 18:39:16,314] {taskinstance.py:1400} INFO - Marking task as SUCCESS. dag_id=prepare_data, task_id=transfer_data, execution_date=20221128T171200, start_date=20221212T183915, end_date=20221212T183916
[2022-12-12 18:39:16,392] {local_task_job.py:156} INFO - Task exited with return code 0
[2022-12-12 18:39:16,456] {local_task_job.py:273} INFO - 0 downstream tasks scheduled from follow-on schedule check
