[2022-12-12 18:25:34,488] {taskinstance.py:1159} INFO - Dependencies all met for <TaskInstance: prepare_data.transfer_data scheduled__2022-11-28T16:58:00+00:00 [queued]>
[2022-12-12 18:25:34,597] {taskinstance.py:1159} INFO - Dependencies all met for <TaskInstance: prepare_data.transfer_data scheduled__2022-11-28T16:58:00+00:00 [queued]>
[2022-12-12 18:25:34,602] {taskinstance.py:1356} INFO - 
--------------------------------------------------------------------------------
[2022-12-12 18:25:34,603] {taskinstance.py:1357} INFO - Starting attempt 1 of 1
[2022-12-12 18:25:34,605] {taskinstance.py:1358} INFO - 
--------------------------------------------------------------------------------
[2022-12-12 18:25:34,692] {taskinstance.py:1377} INFO - Executing <Task(PythonOperator): transfer_data> on 2022-11-28 16:58:00+00:00
[2022-12-12 18:25:34,704] {standard_task_runner.py:52} INFO - Started process 366 to run task
[2022-12-12 18:25:34,753] {standard_task_runner.py:79} INFO - Running: ['airflow', 'tasks', 'run', 'prepare_data', 'transfer_data', 'scheduled__2022-11-28T16:58:00+00:00', '--job-id', '79', '--raw', '--subdir', 'DAGS_FOLDER/prepare_data.py', '--cfg-path', '/tmp/tmpnev9q_re', '--error-file', '/tmp/tmp756kwvqq']
[2022-12-12 18:25:34,790] {standard_task_runner.py:80} INFO - Job 79: Subtask transfer_data
[2022-12-12 18:25:35,399] {task_command.py:369} INFO - Running <TaskInstance: prepare_data.transfer_data scheduled__2022-11-28T16:58:00+00:00 [running]> on host a49e44ee4a94
[2022-12-12 18:25:36,207] {taskinstance.py:1571} INFO - Exporting the following env vars:
AIRFLOW_CTX_DAG_OWNER=airflow
AIRFLOW_CTX_DAG_ID=prepare_data
AIRFLOW_CTX_TASK_ID=transfer_data
AIRFLOW_CTX_EXECUTION_DATE=2022-11-28T16:58:00+00:00
AIRFLOW_CTX_TRY_NUMBER=1
AIRFLOW_CTX_DAG_RUN_ID=scheduled__2022-11-28T16:58:00+00:00
[2022-12-12 18:25:36,292] {base.py:68} INFO - Using connection ID 'postgres_default' for task execution.
[2022-12-12 18:25:36,414] {python.py:173} INFO - Done. Returned value was: None
[2022-12-12 18:25:36,583] {taskinstance.py:1400} INFO - Marking task as SUCCESS. dag_id=prepare_data, task_id=transfer_data, execution_date=20221128T165800, start_date=20221212T182534, end_date=20221212T182536
[2022-12-12 18:25:36,751] {local_task_job.py:156} INFO - Task exited with return code 0
[2022-12-12 18:25:37,232] {local_task_job.py:273} INFO - 0 downstream tasks scheduled from follow-on schedule check
[2022-12-12 18:38:56,995] {taskinstance.py:1159} INFO - Dependencies all met for <TaskInstance: prepare_data.transfer_data scheduled__2022-11-28T16:58:00+00:00 [queued]>
[2022-12-12 18:38:57,380] {taskinstance.py:1159} INFO - Dependencies all met for <TaskInstance: prepare_data.transfer_data scheduled__2022-11-28T16:58:00+00:00 [queued]>
[2022-12-12 18:38:57,384] {taskinstance.py:1356} INFO - 
--------------------------------------------------------------------------------
[2022-12-12 18:38:57,396] {taskinstance.py:1357} INFO - Starting attempt 1 of 1
[2022-12-12 18:38:57,398] {taskinstance.py:1358} INFO - 
--------------------------------------------------------------------------------
[2022-12-12 18:38:57,570] {taskinstance.py:1377} INFO - Executing <Task(PythonOperator): transfer_data> on 2022-11-28 16:58:00+00:00
[2022-12-12 18:38:57,591] {standard_task_runner.py:52} INFO - Started process 344 to run task
[2022-12-12 18:38:57,634] {standard_task_runner.py:79} INFO - Running: ['airflow', 'tasks', 'run', 'prepare_data', 'transfer_data', 'scheduled__2022-11-28T16:58:00+00:00', '--job-id', '71', '--raw', '--subdir', 'DAGS_FOLDER/prepare_data.py', '--cfg-path', '/tmp/tmpqhx69wu6', '--error-file', '/tmp/tmpl1jrp84o']
[2022-12-12 18:38:57,644] {standard_task_runner.py:80} INFO - Job 71: Subtask transfer_data
[2022-12-12 18:38:58,517] {task_command.py:369} INFO - Running <TaskInstance: prepare_data.transfer_data scheduled__2022-11-28T16:58:00+00:00 [running]> on host cfea470654c7
[2022-12-12 18:38:59,153] {taskinstance.py:1571} INFO - Exporting the following env vars:
AIRFLOW_CTX_DAG_OWNER=airflow
AIRFLOW_CTX_DAG_ID=prepare_data
AIRFLOW_CTX_TASK_ID=transfer_data
AIRFLOW_CTX_EXECUTION_DATE=2022-11-28T16:58:00+00:00
AIRFLOW_CTX_TRY_NUMBER=1
AIRFLOW_CTX_DAG_RUN_ID=scheduled__2022-11-28T16:58:00+00:00
[2022-12-12 18:38:59,221] {base.py:68} INFO - Using connection ID 'postgres_default' for task execution.
[2022-12-12 18:38:59,687] {python.py:173} INFO - Done. Returned value was: None
[2022-12-12 18:38:59,861] {taskinstance.py:1400} INFO - Marking task as SUCCESS. dag_id=prepare_data, task_id=transfer_data, execution_date=20221128T165800, start_date=20221212T183857, end_date=20221212T183859
[2022-12-12 18:39:00,226] {local_task_job.py:156} INFO - Task exited with return code 0
[2022-12-12 18:39:01,151] {local_task_job.py:273} INFO - 0 downstream tasks scheduled from follow-on schedule check
