[2022-12-16 10:50:54,775] {taskinstance.py:1159} INFO - Dependencies all met for <TaskInstance: prepare_data.get_last_id scheduled__2022-12-15T23:45:00+00:00 [queued]>
[2022-12-16 10:50:55,145] {taskinstance.py:1159} INFO - Dependencies all met for <TaskInstance: prepare_data.get_last_id scheduled__2022-12-15T23:45:00+00:00 [queued]>
[2022-12-16 10:50:55,157] {taskinstance.py:1356} INFO - 
--------------------------------------------------------------------------------
[2022-12-16 10:50:55,170] {taskinstance.py:1357} INFO - Starting attempt 1 of 1
[2022-12-16 10:50:55,170] {taskinstance.py:1358} INFO - 
--------------------------------------------------------------------------------
[2022-12-16 10:50:55,390] {taskinstance.py:1377} INFO - Executing <Task(PythonOperator): get_last_id> on 2022-12-15 23:45:00+00:00
[2022-12-16 10:50:55,561] {standard_task_runner.py:52} INFO - Started process 2448 to run task
[2022-12-16 10:50:55,621] {standard_task_runner.py:79} INFO - Running: ['airflow', 'tasks', 'run', 'prepare_data', 'get_last_id', 'scheduled__2022-12-15T23:45:00+00:00', '--job-id', '1281', '--raw', '--subdir', 'DAGS_FOLDER/prepare_data.py', '--cfg-path', '/tmp/tmpa9luyc5z', '--error-file', '/tmp/tmp_4b3_3k6']
[2022-12-16 10:50:55,622] {standard_task_runner.py:80} INFO - Job 1281: Subtask get_last_id
[2022-12-16 10:50:57,033] {task_command.py:369} INFO - Running <TaskInstance: prepare_data.get_last_id scheduled__2022-12-15T23:45:00+00:00 [running]> on host 8e2f65ec4c74
[2022-12-16 10:50:58,400] {taskinstance.py:1571} INFO - Exporting the following env vars:
AIRFLOW_CTX_DAG_OWNER=airflow
AIRFLOW_CTX_DAG_ID=prepare_data
AIRFLOW_CTX_TASK_ID=get_last_id
AIRFLOW_CTX_EXECUTION_DATE=2022-12-15T23:45:00+00:00
AIRFLOW_CTX_TRY_NUMBER=1
AIRFLOW_CTX_DAG_RUN_ID=scheduled__2022-12-15T23:45:00+00:00
[2022-12-16 10:50:58,648] {base.py:68} INFO - Using connection ID 'gp_conn' for task execution.
[2022-12-16 10:50:59,107] {python.py:173} INFO - Done. Returned value was: None
[2022-12-16 10:50:59,358] {taskinstance.py:1400} INFO - Marking task as SUCCESS. dag_id=prepare_data, task_id=get_last_id, execution_date=20221215T234500, start_date=20221216T105054, end_date=20221216T105059
[2022-12-16 10:50:59,651] {local_task_job.py:156} INFO - Task exited with return code 0
[2022-12-16 10:51:00,532] {local_task_job.py:273} INFO - 0 downstream tasks scheduled from follow-on schedule check
