[2022-12-12 18:25:32,567] {taskinstance.py:1159} INFO - Dependencies all met for <TaskInstance: prepare_data.transfer_data scheduled__2022-11-28T16:56:00+00:00 [queued]>
[2022-12-12 18:25:32,690] {taskinstance.py:1159} INFO - Dependencies all met for <TaskInstance: prepare_data.transfer_data scheduled__2022-11-28T16:56:00+00:00 [queued]>
[2022-12-12 18:25:32,692] {taskinstance.py:1356} INFO - 
--------------------------------------------------------------------------------
[2022-12-12 18:25:32,694] {taskinstance.py:1357} INFO - Starting attempt 1 of 1
[2022-12-12 18:25:32,696] {taskinstance.py:1358} INFO - 
--------------------------------------------------------------------------------
[2022-12-12 18:25:32,932] {taskinstance.py:1377} INFO - Executing <Task(PythonOperator): transfer_data> on 2022-11-28 16:56:00+00:00
[2022-12-12 18:25:32,993] {standard_task_runner.py:52} INFO - Started process 363 to run task
[2022-12-12 18:25:33,214] {standard_task_runner.py:79} INFO - Running: ['airflow', 'tasks', 'run', 'prepare_data', 'transfer_data', 'scheduled__2022-11-28T16:56:00+00:00', '--job-id', '76', '--raw', '--subdir', 'DAGS_FOLDER/prepare_data.py', '--cfg-path', '/tmp/tmpjzbigu8o', '--error-file', '/tmp/tmpzdvntr9d']
[2022-12-12 18:25:33,227] {standard_task_runner.py:80} INFO - Job 76: Subtask transfer_data
[2022-12-12 18:25:33,982] {task_command.py:369} INFO - Running <TaskInstance: prepare_data.transfer_data scheduled__2022-11-28T16:56:00+00:00 [running]> on host a49e44ee4a94
[2022-12-12 18:25:35,096] {taskinstance.py:1571} INFO - Exporting the following env vars:
AIRFLOW_CTX_DAG_OWNER=airflow
AIRFLOW_CTX_DAG_ID=prepare_data
AIRFLOW_CTX_TASK_ID=transfer_data
AIRFLOW_CTX_EXECUTION_DATE=2022-11-28T16:56:00+00:00
AIRFLOW_CTX_TRY_NUMBER=1
AIRFLOW_CTX_DAG_RUN_ID=scheduled__2022-11-28T16:56:00+00:00
[2022-12-12 18:25:35,177] {base.py:68} INFO - Using connection ID 'postgres_default' for task execution.
[2022-12-12 18:25:35,231] {python.py:173} INFO - Done. Returned value was: None
[2022-12-12 18:25:35,529] {taskinstance.py:1400} INFO - Marking task as SUCCESS. dag_id=prepare_data, task_id=transfer_data, execution_date=20221128T165600, start_date=20221212T182532, end_date=20221212T182535
[2022-12-12 18:25:35,918] {local_task_job.py:156} INFO - Task exited with return code 0
[2022-12-12 18:25:36,769] {local_task_job.py:273} INFO - 0 downstream tasks scheduled from follow-on schedule check
[2022-12-12 18:38:56,243] {taskinstance.py:1159} INFO - Dependencies all met for <TaskInstance: prepare_data.transfer_data scheduled__2022-11-28T16:56:00+00:00 [queued]>
[2022-12-12 18:38:56,345] {taskinstance.py:1159} INFO - Dependencies all met for <TaskInstance: prepare_data.transfer_data scheduled__2022-11-28T16:56:00+00:00 [queued]>
[2022-12-12 18:38:56,347] {taskinstance.py:1356} INFO - 
--------------------------------------------------------------------------------
[2022-12-12 18:38:56,348] {taskinstance.py:1357} INFO - Starting attempt 1 of 1
[2022-12-12 18:38:56,350] {taskinstance.py:1358} INFO - 
--------------------------------------------------------------------------------
[2022-12-12 18:38:56,438] {taskinstance.py:1377} INFO - Executing <Task(PythonOperator): transfer_data> on 2022-11-28 16:56:00+00:00
[2022-12-12 18:38:56,446] {standard_task_runner.py:52} INFO - Started process 339 to run task
[2022-12-12 18:38:56,482] {standard_task_runner.py:79} INFO - Running: ['airflow', 'tasks', 'run', 'prepare_data', 'transfer_data', 'scheduled__2022-11-28T16:56:00+00:00', '--job-id', '68', '--raw', '--subdir', 'DAGS_FOLDER/prepare_data.py', '--cfg-path', '/tmp/tmptytzfyna', '--error-file', '/tmp/tmpqukpim67']
[2022-12-12 18:38:56,489] {standard_task_runner.py:80} INFO - Job 68: Subtask transfer_data
[2022-12-12 18:38:56,921] {task_command.py:369} INFO - Running <TaskInstance: prepare_data.transfer_data scheduled__2022-11-28T16:56:00+00:00 [running]> on host cfea470654c7
[2022-12-12 18:38:58,515] {taskinstance.py:1571} INFO - Exporting the following env vars:
AIRFLOW_CTX_DAG_OWNER=airflow
AIRFLOW_CTX_DAG_ID=prepare_data
AIRFLOW_CTX_TASK_ID=transfer_data
AIRFLOW_CTX_EXECUTION_DATE=2022-11-28T16:56:00+00:00
AIRFLOW_CTX_TRY_NUMBER=1
AIRFLOW_CTX_DAG_RUN_ID=scheduled__2022-11-28T16:56:00+00:00
[2022-12-12 18:38:58,624] {base.py:68} INFO - Using connection ID 'postgres_default' for task execution.
[2022-12-12 18:38:58,750] {python.py:173} INFO - Done. Returned value was: None
[2022-12-12 18:38:59,025] {taskinstance.py:1400} INFO - Marking task as SUCCESS. dag_id=prepare_data, task_id=transfer_data, execution_date=20221128T165600, start_date=20221212T183856, end_date=20221212T183859
[2022-12-12 18:38:59,212] {local_task_job.py:156} INFO - Task exited with return code 0
[2022-12-12 18:39:00,023] {local_task_job.py:273} INFO - 0 downstream tasks scheduled from follow-on schedule check
