[2022-12-16 10:52:45,711] {taskinstance.py:1159} INFO - Dependencies all met for <TaskInstance: prepare_data.create_table scheduled__2022-12-16T00:18:00+00:00 [queued]>
[2022-12-16 10:52:45,868] {taskinstance.py:1159} INFO - Dependencies all met for <TaskInstance: prepare_data.create_table scheduled__2022-12-16T00:18:00+00:00 [queued]>
[2022-12-16 10:52:45,868] {taskinstance.py:1356} INFO - 
--------------------------------------------------------------------------------
[2022-12-16 10:52:45,868] {taskinstance.py:1357} INFO - Starting attempt 1 of 1
[2022-12-16 10:52:45,868] {taskinstance.py:1358} INFO - 
--------------------------------------------------------------------------------
[2022-12-16 10:52:46,363] {taskinstance.py:1377} INFO - Executing <Task(PostgresOperator): create_table> on 2022-12-16 00:18:00+00:00
[2022-12-16 10:52:46,482] {standard_task_runner.py:52} INFO - Started process 2644 to run task
[2022-12-16 10:52:46,466] {standard_task_runner.py:79} INFO - Running: ['airflow', 'tasks', 'run', 'prepare_data', 'create_table', 'scheduled__2022-12-16T00:18:00+00:00', '--job-id', '1371', '--raw', '--subdir', 'DAGS_FOLDER/prepare_data.py', '--cfg-path', '/tmp/tmp5v617g20', '--error-file', '/tmp/tmpc3hp7qn9']
[2022-12-16 10:52:46,564] {standard_task_runner.py:80} INFO - Job 1371: Subtask create_table
[2022-12-16 10:52:48,150] {task_command.py:369} INFO - Running <TaskInstance: prepare_data.create_table scheduled__2022-12-16T00:18:00+00:00 [running]> on host 8e2f65ec4c74
[2022-12-16 10:52:50,098] {taskinstance.py:1571} INFO - Exporting the following env vars:
AIRFLOW_CTX_DAG_OWNER=airflow
AIRFLOW_CTX_DAG_ID=prepare_data
AIRFLOW_CTX_TASK_ID=create_table
AIRFLOW_CTX_EXECUTION_DATE=2022-12-16T00:18:00+00:00
AIRFLOW_CTX_TRY_NUMBER=1
AIRFLOW_CTX_DAG_RUN_ID=scheduled__2022-12-16T00:18:00+00:00
[2022-12-16 10:52:50,320] {base.py:68} INFO - Using connection ID 'gp_conn' for task execution.
[2022-12-16 10:52:50,397] {dbapi.py:208} INFO - Running statement: CREATE TABLE IF NOT EXISTS prepared_data (
	id SERIAL,
	sensor_id BIGINT,
	longitude FLOAT,
	latitude FLOAT,
	controller_id BIGINT,
	datetime TIMESTAMP WITH TIME ZONE,
	temperature INTEGER
);, parameters: None
[2022-12-16 10:52:50,405] {postgres.py:94} INFO - NOTICE:  relation "prepared_data" already exists, skipping

[2022-12-16 10:52:50,909] {taskinstance.py:1400} INFO - Marking task as SUCCESS. dag_id=prepare_data, task_id=create_table, execution_date=20221216T001800, start_date=20221216T105245, end_date=20221216T105250
[2022-12-16 10:52:51,208] {local_task_job.py:156} INFO - Task exited with return code 0
[2022-12-16 10:52:52,626] {local_task_job.py:273} INFO - 1 downstream tasks scheduled from follow-on schedule check
