[2022-12-12 18:25:40,502] {taskinstance.py:1159} INFO - Dependencies all met for <TaskInstance: prepare_data.transfer_data scheduled__2022-11-28T17:04:00+00:00 [queued]>
[2022-12-12 18:25:40,527] {taskinstance.py:1159} INFO - Dependencies all met for <TaskInstance: prepare_data.transfer_data scheduled__2022-11-28T17:04:00+00:00 [queued]>
[2022-12-12 18:25:40,528] {taskinstance.py:1356} INFO - 
--------------------------------------------------------------------------------
[2022-12-12 18:25:40,533] {taskinstance.py:1357} INFO - Starting attempt 1 of 1
[2022-12-12 18:25:40,535] {taskinstance.py:1358} INFO - 
--------------------------------------------------------------------------------
[2022-12-12 18:25:40,570] {taskinstance.py:1377} INFO - Executing <Task(PythonOperator): transfer_data> on 2022-11-28 17:04:00+00:00
[2022-12-12 18:25:40,577] {standard_task_runner.py:52} INFO - Started process 385 to run task
[2022-12-12 18:25:40,583] {standard_task_runner.py:79} INFO - Running: ['airflow', 'tasks', 'run', 'prepare_data', 'transfer_data', 'scheduled__2022-11-28T17:04:00+00:00', '--job-id', '89', '--raw', '--subdir', 'DAGS_FOLDER/prepare_data.py', '--cfg-path', '/tmp/tmpxi0gipgn', '--error-file', '/tmp/tmpomjqy7rk']
[2022-12-12 18:25:40,586] {standard_task_runner.py:80} INFO - Job 89: Subtask transfer_data
[2022-12-12 18:25:40,728] {task_command.py:369} INFO - Running <TaskInstance: prepare_data.transfer_data scheduled__2022-11-28T17:04:00+00:00 [running]> on host a49e44ee4a94
[2022-12-12 18:25:40,931] {taskinstance.py:1571} INFO - Exporting the following env vars:
AIRFLOW_CTX_DAG_OWNER=airflow
AIRFLOW_CTX_DAG_ID=prepare_data
AIRFLOW_CTX_TASK_ID=transfer_data
AIRFLOW_CTX_EXECUTION_DATE=2022-11-28T17:04:00+00:00
AIRFLOW_CTX_TRY_NUMBER=1
AIRFLOW_CTX_DAG_RUN_ID=scheduled__2022-11-28T17:04:00+00:00
[2022-12-12 18:25:40,955] {base.py:68} INFO - Using connection ID 'postgres_default' for task execution.
[2022-12-12 18:25:40,985] {python.py:173} INFO - Done. Returned value was: None
[2022-12-12 18:25:41,020] {taskinstance.py:1400} INFO - Marking task as SUCCESS. dag_id=prepare_data, task_id=transfer_data, execution_date=20221128T170400, start_date=20221212T182540, end_date=20221212T182541
[2022-12-12 18:25:41,077] {local_task_job.py:156} INFO - Task exited with return code 0
[2022-12-12 18:25:41,226] {local_task_job.py:273} INFO - 0 downstream tasks scheduled from follow-on schedule check
[2022-12-12 18:39:08,663] {taskinstance.py:1159} INFO - Dependencies all met for <TaskInstance: prepare_data.transfer_data scheduled__2022-11-28T17:04:00+00:00 [queued]>
[2022-12-12 18:39:08,803] {taskinstance.py:1159} INFO - Dependencies all met for <TaskInstance: prepare_data.transfer_data scheduled__2022-11-28T17:04:00+00:00 [queued]>
[2022-12-12 18:39:08,810] {taskinstance.py:1356} INFO - 
--------------------------------------------------------------------------------
[2022-12-12 18:39:08,812] {taskinstance.py:1357} INFO - Starting attempt 1 of 1
[2022-12-12 18:39:08,815] {taskinstance.py:1358} INFO - 
--------------------------------------------------------------------------------
[2022-12-12 18:39:09,044] {taskinstance.py:1377} INFO - Executing <Task(PythonOperator): transfer_data> on 2022-11-28 17:04:00+00:00
[2022-12-12 18:39:09,062] {standard_task_runner.py:52} INFO - Started process 388 to run task
[2022-12-12 18:39:09,103] {standard_task_runner.py:79} INFO - Running: ['airflow', 'tasks', 'run', 'prepare_data', 'transfer_data', 'scheduled__2022-11-28T17:04:00+00:00', '--job-id', '92', '--raw', '--subdir', 'DAGS_FOLDER/prepare_data.py', '--cfg-path', '/tmp/tmpetqlssap', '--error-file', '/tmp/tmpfwou_lsl']
[2022-12-12 18:39:09,108] {standard_task_runner.py:80} INFO - Job 92: Subtask transfer_data
[2022-12-12 18:39:09,595] {task_command.py:369} INFO - Running <TaskInstance: prepare_data.transfer_data scheduled__2022-11-28T17:04:00+00:00 [running]> on host cfea470654c7
[2022-12-12 18:39:10,485] {taskinstance.py:1571} INFO - Exporting the following env vars:
AIRFLOW_CTX_DAG_OWNER=airflow
AIRFLOW_CTX_DAG_ID=prepare_data
AIRFLOW_CTX_TASK_ID=transfer_data
AIRFLOW_CTX_EXECUTION_DATE=2022-11-28T17:04:00+00:00
AIRFLOW_CTX_TRY_NUMBER=1
AIRFLOW_CTX_DAG_RUN_ID=scheduled__2022-11-28T17:04:00+00:00
[2022-12-12 18:39:10,663] {base.py:68} INFO - Using connection ID 'postgres_default' for task execution.
[2022-12-12 18:39:10,932] {python.py:173} INFO - Done. Returned value was: None
[2022-12-12 18:39:11,282] {taskinstance.py:1400} INFO - Marking task as SUCCESS. dag_id=prepare_data, task_id=transfer_data, execution_date=20221128T170400, start_date=20221212T183908, end_date=20221212T183911
[2022-12-12 18:39:11,387] {local_task_job.py:156} INFO - Task exited with return code 0
[2022-12-12 18:39:11,577] {local_task_job.py:273} INFO - 0 downstream tasks scheduled from follow-on schedule check
