[2022-12-12 18:25:21,211] {taskinstance.py:1159} INFO - Dependencies all met for <TaskInstance: prepare_data.create_table scheduled__2022-11-28T16:52:00+00:00 [queued]>
[2022-12-12 18:25:21,273] {taskinstance.py:1159} INFO - Dependencies all met for <TaskInstance: prepare_data.create_table scheduled__2022-11-28T16:52:00+00:00 [queued]>
[2022-12-12 18:25:21,275] {taskinstance.py:1356} INFO - 
--------------------------------------------------------------------------------
[2022-12-12 18:25:21,277] {taskinstance.py:1357} INFO - Starting attempt 1 of 1
[2022-12-12 18:25:21,282] {taskinstance.py:1358} INFO - 
--------------------------------------------------------------------------------
[2022-12-12 18:25:21,392] {taskinstance.py:1377} INFO - Executing <Task(PostgresOperator): create_table> on 2022-11-28 16:52:00+00:00
[2022-12-12 18:25:21,412] {standard_task_runner.py:52} INFO - Started process 297 to run task
[2022-12-12 18:25:21,428] {standard_task_runner.py:79} INFO - Running: ['airflow', 'tasks', 'run', 'prepare_data', 'create_table', 'scheduled__2022-11-28T16:52:00+00:00', '--job-id', '45', '--raw', '--subdir', 'DAGS_FOLDER/prepare_data.py', '--cfg-path', '/tmp/tmpr3qbhqgf', '--error-file', '/tmp/tmpvzove6z1']
[2022-12-12 18:25:21,439] {standard_task_runner.py:80} INFO - Job 45: Subtask create_table
[2022-12-12 18:25:21,689] {task_command.py:369} INFO - Running <TaskInstance: prepare_data.create_table scheduled__2022-11-28T16:52:00+00:00 [running]> on host a49e44ee4a94
[2022-12-12 18:25:22,107] {taskinstance.py:1571} INFO - Exporting the following env vars:
AIRFLOW_CTX_DAG_OWNER=airflow
AIRFLOW_CTX_DAG_ID=prepare_data
AIRFLOW_CTX_TASK_ID=create_table
AIRFLOW_CTX_EXECUTION_DATE=2022-11-28T16:52:00+00:00
AIRFLOW_CTX_TRY_NUMBER=1
AIRFLOW_CTX_DAG_RUN_ID=scheduled__2022-11-28T16:52:00+00:00
[2022-12-12 18:25:22,171] {base.py:68} INFO - Using connection ID 'postgres_default' for task execution.
[2022-12-12 18:25:22,214] {dbapi.py:208} INFO - Running statement: CREATE TABLE IF NOT EXISTS prepared_data (
	id SERIAL,
	sensor_id BIGINT,
	longitude FLOAT,
	latitude FLOAT,
	controller_id BIGINT,
	datetime TIMESTAMP WITH TIME ZONE,
	temperature INTEGER
);, parameters: None
[2022-12-12 18:25:22,222] {postgres.py:94} INFO - NOTICE:  relation "prepared_data" already exists, skipping

[2022-12-12 18:25:22,306] {taskinstance.py:1400} INFO - Marking task as SUCCESS. dag_id=prepare_data, task_id=create_table, execution_date=20221128T165200, start_date=20221212T182521, end_date=20221212T182522
[2022-12-12 18:25:22,384] {local_task_job.py:156} INFO - Task exited with return code 0
[2022-12-12 18:25:22,748] {local_task_job.py:273} INFO - 0 downstream tasks scheduled from follow-on schedule check
[2022-12-12 18:38:33,784] {taskinstance.py:1159} INFO - Dependencies all met for <TaskInstance: prepare_data.create_table scheduled__2022-11-28T16:52:00+00:00 [queued]>
[2022-12-12 18:38:33,900] {taskinstance.py:1159} INFO - Dependencies all met for <TaskInstance: prepare_data.create_table scheduled__2022-11-28T16:52:00+00:00 [queued]>
[2022-12-12 18:38:33,903] {taskinstance.py:1356} INFO - 
--------------------------------------------------------------------------------
[2022-12-12 18:38:33,908] {taskinstance.py:1357} INFO - Starting attempt 1 of 1
[2022-12-12 18:38:33,910] {taskinstance.py:1358} INFO - 
--------------------------------------------------------------------------------
[2022-12-12 18:38:34,050] {taskinstance.py:1377} INFO - Executing <Task(PostgresOperator): create_table> on 2022-11-28 16:52:00+00:00
[2022-12-12 18:38:34,114] {standard_task_runner.py:52} INFO - Started process 262 to run task
[2022-12-12 18:38:34,128] {standard_task_runner.py:79} INFO - Running: ['airflow', 'tasks', 'run', 'prepare_data', 'create_table', 'scheduled__2022-11-28T16:52:00+00:00', '--job-id', '31', '--raw', '--subdir', 'DAGS_FOLDER/prepare_data.py', '--cfg-path', '/tmp/tmp891onfd3', '--error-file', '/tmp/tmpzx6i9smx']
[2022-12-12 18:38:34,159] {standard_task_runner.py:80} INFO - Job 31: Subtask create_table
[2022-12-12 18:38:35,264] {task_command.py:369} INFO - Running <TaskInstance: prepare_data.create_table scheduled__2022-11-28T16:52:00+00:00 [running]> on host cfea470654c7
[2022-12-12 18:38:36,625] {taskinstance.py:1571} INFO - Exporting the following env vars:
AIRFLOW_CTX_DAG_OWNER=airflow
AIRFLOW_CTX_DAG_ID=prepare_data
AIRFLOW_CTX_TASK_ID=create_table
AIRFLOW_CTX_EXECUTION_DATE=2022-11-28T16:52:00+00:00
AIRFLOW_CTX_TRY_NUMBER=1
AIRFLOW_CTX_DAG_RUN_ID=scheduled__2022-11-28T16:52:00+00:00
[2022-12-12 18:38:36,696] {base.py:68} INFO - Using connection ID 'postgres_default' for task execution.
[2022-12-12 18:38:36,741] {dbapi.py:208} INFO - Running statement: CREATE TABLE IF NOT EXISTS prepared_data (
	id SERIAL,
	sensor_id BIGINT,
	longitude FLOAT,
	latitude FLOAT,
	controller_id BIGINT,
	datetime TIMESTAMP WITH TIME ZONE,
	temperature INTEGER
);, parameters: None
[2022-12-12 18:38:36,749] {postgres.py:94} INFO - NOTICE:  relation "prepared_data" already exists, skipping

[2022-12-12 18:38:37,436] {taskinstance.py:1400} INFO - Marking task as SUCCESS. dag_id=prepare_data, task_id=create_table, execution_date=20221128T165200, start_date=20221212T183833, end_date=20221212T183837
[2022-12-12 18:38:37,664] {local_task_job.py:156} INFO - Task exited with return code 0
[2022-12-12 18:38:38,319] {local_task_job.py:273} INFO - 1 downstream tasks scheduled from follow-on schedule check
