[2022-12-16 10:29:17,230] {taskinstance.py:1159} INFO - Dependencies all met for <TaskInstance: prepare_data.get_last_id scheduled__2022-12-15T18:31:00+00:00 [queued]>
[2022-12-16 10:29:17,727] {taskinstance.py:1159} INFO - Dependencies all met for <TaskInstance: prepare_data.get_last_id scheduled__2022-12-15T18:31:00+00:00 [queued]>
[2022-12-16 10:29:17,727] {taskinstance.py:1356} INFO - 
--------------------------------------------------------------------------------
[2022-12-16 10:29:17,727] {taskinstance.py:1357} INFO - Starting attempt 1 of 1
[2022-12-16 10:29:17,727] {taskinstance.py:1358} INFO - 
--------------------------------------------------------------------------------
[2022-12-16 10:29:18,408] {taskinstance.py:1377} INFO - Executing <Task(PythonOperator): get_last_id> on 2022-12-15 18:31:00+00:00
[2022-12-16 10:29:18,702] {standard_task_runner.py:52} INFO - Started process 387 to run task
[2022-12-16 10:29:18,969] {standard_task_runner.py:79} INFO - Running: ['airflow', 'tasks', 'run', 'prepare_data', 'get_last_id', 'scheduled__2022-12-15T18:31:00+00:00', '--job-id', '347', '--raw', '--subdir', 'DAGS_FOLDER/prepare_data.py', '--cfg-path', '/tmp/tmpsq_nc3oz', '--error-file', '/tmp/tmpikwk9z9u']
[2022-12-16 10:29:18,983] {standard_task_runner.py:80} INFO - Job 347: Subtask get_last_id
[2022-12-16 10:29:21,039] {task_command.py:369} INFO - Running <TaskInstance: prepare_data.get_last_id scheduled__2022-12-15T18:31:00+00:00 [running]> on host 8e2f65ec4c74
[2022-12-16 10:29:28,707] {taskinstance.py:1571} INFO - Exporting the following env vars:
AIRFLOW_CTX_DAG_OWNER=airflow
AIRFLOW_CTX_DAG_ID=prepare_data
AIRFLOW_CTX_TASK_ID=get_last_id
AIRFLOW_CTX_EXECUTION_DATE=2022-12-15T18:31:00+00:00
AIRFLOW_CTX_TRY_NUMBER=1
AIRFLOW_CTX_DAG_RUN_ID=scheduled__2022-12-15T18:31:00+00:00
[2022-12-16 10:29:31,483] {base.py:68} INFO - Using connection ID 'gp_conn' for task execution.
[2022-12-16 10:29:47,818] {taskinstance.py:1889} ERROR - Task failed with exception
Traceback (most recent call last):
  File "/home/airflow/.local/lib/python3.7/site-packages/airflow/operators/python.py", line 171, in execute
    return_value = self.execute_callable()
  File "/home/airflow/.local/lib/python3.7/site-packages/airflow/operators/python.py", line 189, in execute_callable
    return self.python_callable(*self.op_args, **self.op_kwargs)
  File "/opt/airflow/dags/prepare_data.py", line 15, in get_last_id
    con = pg_hook.get_conn()
  File "/home/airflow/.local/lib/python3.7/site-packages/airflow/providers/postgres/hooks/postgres.py", line 113, in get_conn
    self.conn = psycopg2.connect(**conn_args)
  File "/home/airflow/.local/lib/python3.7/site-packages/psycopg2/__init__.py", line 122, in connect
    conn = _connect(dsn, connection_factory=connection_factory, **kwasync)
psycopg2.OperationalError: could not translate host name "gp" to address: Temporary failure in name resolution

[2022-12-16 10:29:51,071] {taskinstance.py:1400} INFO - Marking task as FAILED. dag_id=prepare_data, task_id=get_last_id, execution_date=20221215T183100, start_date=20221216T102917, end_date=20221216T102951
[2022-12-16 10:29:51,593] {standard_task_runner.py:97} ERROR - Failed to execute job 347 for task get_last_id (could not translate host name "gp" to address: Temporary failure in name resolution
; 387)
[2022-12-16 10:29:51,801] {local_task_job.py:156} INFO - Task exited with return code 1
[2022-12-16 10:29:52,550] {local_task_job.py:273} INFO - 0 downstream tasks scheduled from follow-on schedule check
