[2022-12-12 18:25:45,766] {taskinstance.py:1159} INFO - Dependencies all met for <TaskInstance: prepare_data.get_last_id scheduled__2022-11-28T17:05:00+00:00 [queued]>
[2022-12-12 18:25:46,059] {taskinstance.py:1159} INFO - Dependencies all met for <TaskInstance: prepare_data.get_last_id scheduled__2022-11-28T17:05:00+00:00 [queued]>
[2022-12-12 18:25:46,062] {taskinstance.py:1356} INFO - 
--------------------------------------------------------------------------------
[2022-12-12 18:25:46,067] {taskinstance.py:1357} INFO - Starting attempt 1 of 1
[2022-12-12 18:25:46,075] {taskinstance.py:1358} INFO - 
--------------------------------------------------------------------------------
[2022-12-12 18:25:46,185] {taskinstance.py:1377} INFO - Executing <Task(PythonOperator): get_last_id> on 2022-11-28 17:05:00+00:00
[2022-12-12 18:25:46,195] {standard_task_runner.py:52} INFO - Started process 405 to run task
[2022-12-12 18:25:46,209] {standard_task_runner.py:79} INFO - Running: ['airflow', 'tasks', 'run', 'prepare_data', 'get_last_id', 'scheduled__2022-11-28T17:05:00+00:00', '--job-id', '97', '--raw', '--subdir', 'DAGS_FOLDER/prepare_data.py', '--cfg-path', '/tmp/tmp8bbmfmz8', '--error-file', '/tmp/tmpzg31algr']
[2022-12-12 18:25:46,213] {standard_task_runner.py:80} INFO - Job 97: Subtask get_last_id
[2022-12-12 18:25:46,605] {task_command.py:369} INFO - Running <TaskInstance: prepare_data.get_last_id scheduled__2022-11-28T17:05:00+00:00 [running]> on host a49e44ee4a94
[2022-12-12 18:25:47,365] {taskinstance.py:1571} INFO - Exporting the following env vars:
AIRFLOW_CTX_DAG_OWNER=airflow
AIRFLOW_CTX_DAG_ID=prepare_data
AIRFLOW_CTX_TASK_ID=get_last_id
AIRFLOW_CTX_EXECUTION_DATE=2022-11-28T17:05:00+00:00
AIRFLOW_CTX_TRY_NUMBER=1
AIRFLOW_CTX_DAG_RUN_ID=scheduled__2022-11-28T17:05:00+00:00
[2022-12-12 18:25:47,462] {base.py:68} INFO - Using connection ID 'postgres_default' for task execution.
[2022-12-12 18:25:47,595] {python.py:173} INFO - Done. Returned value was: None
[2022-12-12 18:25:47,985] {taskinstance.py:1400} INFO - Marking task as SUCCESS. dag_id=prepare_data, task_id=get_last_id, execution_date=20221128T170500, start_date=20221212T182545, end_date=20221212T182547
[2022-12-12 18:25:48,341] {local_task_job.py:156} INFO - Task exited with return code 0
[2022-12-12 18:25:49,421] {local_task_job.py:273} INFO - 0 downstream tasks scheduled from follow-on schedule check
[2022-12-12 18:39:01,598] {taskinstance.py:1159} INFO - Dependencies all met for <TaskInstance: prepare_data.get_last_id scheduled__2022-11-28T17:05:00+00:00 [queued]>
[2022-12-12 18:39:01,664] {taskinstance.py:1159} INFO - Dependencies all met for <TaskInstance: prepare_data.get_last_id scheduled__2022-11-28T17:05:00+00:00 [queued]>
[2022-12-12 18:39:01,666] {taskinstance.py:1356} INFO - 
--------------------------------------------------------------------------------
[2022-12-12 18:39:01,667] {taskinstance.py:1357} INFO - Starting attempt 1 of 1
[2022-12-12 18:39:01,668] {taskinstance.py:1358} INFO - 
--------------------------------------------------------------------------------
[2022-12-12 18:39:01,748] {taskinstance.py:1377} INFO - Executing <Task(PythonOperator): get_last_id> on 2022-11-28 17:05:00+00:00
[2022-12-12 18:39:01,782] {standard_task_runner.py:52} INFO - Started process 362 to run task
[2022-12-12 18:39:01,796] {standard_task_runner.py:79} INFO - Running: ['airflow', 'tasks', 'run', 'prepare_data', 'get_last_id', 'scheduled__2022-11-28T17:05:00+00:00', '--job-id', '79', '--raw', '--subdir', 'DAGS_FOLDER/prepare_data.py', '--cfg-path', '/tmp/tmpnkf0q77z', '--error-file', '/tmp/tmp7ykltb9t']
[2022-12-12 18:39:01,800] {standard_task_runner.py:80} INFO - Job 79: Subtask get_last_id
[2022-12-12 18:39:02,333] {task_command.py:369} INFO - Running <TaskInstance: prepare_data.get_last_id scheduled__2022-11-28T17:05:00+00:00 [running]> on host cfea470654c7
[2022-12-12 18:39:03,369] {taskinstance.py:1571} INFO - Exporting the following env vars:
AIRFLOW_CTX_DAG_OWNER=airflow
AIRFLOW_CTX_DAG_ID=prepare_data
AIRFLOW_CTX_TASK_ID=get_last_id
AIRFLOW_CTX_EXECUTION_DATE=2022-11-28T17:05:00+00:00
AIRFLOW_CTX_TRY_NUMBER=1
AIRFLOW_CTX_DAG_RUN_ID=scheduled__2022-11-28T17:05:00+00:00
[2022-12-12 18:39:03,451] {base.py:68} INFO - Using connection ID 'postgres_default' for task execution.
[2022-12-12 18:39:03,670] {python.py:173} INFO - Done. Returned value was: None
[2022-12-12 18:39:03,924] {taskinstance.py:1400} INFO - Marking task as SUCCESS. dag_id=prepare_data, task_id=get_last_id, execution_date=20221128T170500, start_date=20221212T183901, end_date=20221212T183903
[2022-12-12 18:39:04,215] {local_task_job.py:156} INFO - Task exited with return code 0
[2022-12-12 18:39:05,776] {local_task_job.py:273} INFO - 0 downstream tasks scheduled from follow-on schedule check
