[2022-12-15 17:01:02,385] {taskinstance.py:1159} INFO - Dependencies all met for <TaskInstance: prepare_data.get_last_id scheduled__2022-12-15T17:00:00+00:00 [queued]>
[2022-12-15 17:01:02,398] {taskinstance.py:1159} INFO - Dependencies all met for <TaskInstance: prepare_data.get_last_id scheduled__2022-12-15T17:00:00+00:00 [queued]>
[2022-12-15 17:01:02,400] {taskinstance.py:1356} INFO - 
--------------------------------------------------------------------------------
[2022-12-15 17:01:02,401] {taskinstance.py:1357} INFO - Starting attempt 1 of 1
[2022-12-15 17:01:02,402] {taskinstance.py:1358} INFO - 
--------------------------------------------------------------------------------
[2022-12-15 17:01:02,428] {taskinstance.py:1377} INFO - Executing <Task(PythonOperator): get_last_id> on 2022-12-15 17:00:00+00:00
[2022-12-15 17:01:02,435] {standard_task_runner.py:52} INFO - Started process 316 to run task
[2022-12-15 17:01:02,440] {standard_task_runner.py:79} INFO - Running: ['airflow', 'tasks', 'run', 'prepare_data', 'get_last_id', 'scheduled__2022-12-15T17:00:00+00:00', '--job-id', '31', '--raw', '--subdir', 'DAGS_FOLDER/prepare_data.py', '--cfg-path', '/tmp/tmppg2aip_t', '--error-file', '/tmp/tmp_sti2a02']
[2022-12-15 17:01:02,442] {standard_task_runner.py:80} INFO - Job 31: Subtask get_last_id
[2022-12-15 17:01:02,536] {task_command.py:369} INFO - Running <TaskInstance: prepare_data.get_last_id scheduled__2022-12-15T17:00:00+00:00 [running]> on host 39e562fe01ff
[2022-12-15 17:01:02,647] {taskinstance.py:1571} INFO - Exporting the following env vars:
AIRFLOW_CTX_DAG_OWNER=airflow
AIRFLOW_CTX_DAG_ID=prepare_data
AIRFLOW_CTX_TASK_ID=get_last_id
AIRFLOW_CTX_EXECUTION_DATE=2022-12-15T17:00:00+00:00
AIRFLOW_CTX_TRY_NUMBER=1
AIRFLOW_CTX_DAG_RUN_ID=scheduled__2022-12-15T17:00:00+00:00
[2022-12-15 17:01:02,665] {base.py:68} INFO - Using connection ID 'gp_conn' for task execution.
[2022-12-15 17:01:02,733] {python.py:173} INFO - Done. Returned value was: None
[2022-12-15 17:01:02,761] {taskinstance.py:1400} INFO - Marking task as SUCCESS. dag_id=prepare_data, task_id=get_last_id, execution_date=20221215T170000, start_date=20221215T170102, end_date=20221215T170102
[2022-12-15 17:01:02,813] {local_task_job.py:156} INFO - Task exited with return code 0
[2022-12-15 17:01:02,875] {local_task_job.py:273} INFO - 1 downstream tasks scheduled from follow-on schedule check
[2022-12-16 08:04:37,533] {taskinstance.py:1159} INFO - Dependencies all met for <TaskInstance: prepare_data.get_last_id scheduled__2022-12-15T17:00:00+00:00 [queued]>
[2022-12-16 08:04:49,749] {taskinstance.py:1159} INFO - Dependencies all met for <TaskInstance: prepare_data.get_last_id scheduled__2022-12-15T17:00:00+00:00 [queued]>
[2022-12-16 08:04:49,825] {taskinstance.py:1356} INFO - 
--------------------------------------------------------------------------------
[2022-12-16 08:04:49,862] {taskinstance.py:1357} INFO - Starting attempt 1 of 1
[2022-12-16 08:04:49,862] {taskinstance.py:1358} INFO - 
--------------------------------------------------------------------------------
[2022-12-16 08:04:54,858] {taskinstance.py:1377} INFO - Executing <Task(PythonOperator): get_last_id> on 2022-12-15 17:00:00+00:00
[2022-12-16 08:04:55,213] {standard_task_runner.py:52} INFO - Started process 16667 to run task
[2022-12-16 08:04:55,786] {standard_task_runner.py:79} INFO - Running: ['airflow', 'tasks', 'run', 'prepare_data', 'get_last_id', 'scheduled__2022-12-15T17:00:00+00:00', '--job-id', '54', '--raw', '--subdir', 'DAGS_FOLDER/prepare_data.py', '--cfg-path', '/tmp/tmpuktkt4_g', '--error-file', '/tmp/tmp44khyal_']
[2022-12-16 08:04:56,029] {standard_task_runner.py:80} INFO - Job 54: Subtask get_last_id
[2022-12-16 08:04:59,531] {task_command.py:369} INFO - Running <TaskInstance: prepare_data.get_last_id scheduled__2022-12-15T17:00:00+00:00 [running]> on host 8e2f65ec4c74
[2022-12-16 08:05:13,388] {taskinstance.py:1571} INFO - Exporting the following env vars:
AIRFLOW_CTX_DAG_OWNER=airflow
AIRFLOW_CTX_DAG_ID=prepare_data
AIRFLOW_CTX_TASK_ID=get_last_id
AIRFLOW_CTX_EXECUTION_DATE=2022-12-15T17:00:00+00:00
AIRFLOW_CTX_TRY_NUMBER=1
AIRFLOW_CTX_DAG_RUN_ID=scheduled__2022-12-15T17:00:00+00:00
[2022-12-16 08:05:21,632] {base.py:68} INFO - Using connection ID 'gp_conn' for task execution.
[2022-12-16 08:05:32,081] {python.py:173} INFO - Done. Returned value was: None
[2022-12-16 08:05:35,093] {taskinstance.py:1400} INFO - Marking task as SUCCESS. dag_id=prepare_data, task_id=get_last_id, execution_date=20221215T170000, start_date=20221216T080437, end_date=20221216T080535
[2022-12-16 08:05:38,763] {local_task_job.py:156} INFO - Task exited with return code 0
[2022-12-16 08:05:42,088] {local_task_job.py:273} INFO - 1 downstream tasks scheduled from follow-on schedule check
