[2022-12-12 18:39:54,816] {taskinstance.py:1159} INFO - Dependencies all met for <TaskInstance: prepare_data.get_last_id scheduled__2022-11-28T17:39:00+00:00 [queued]>
[2022-12-12 18:39:54,871] {taskinstance.py:1159} INFO - Dependencies all met for <TaskInstance: prepare_data.get_last_id scheduled__2022-11-28T17:39:00+00:00 [queued]>
[2022-12-12 18:39:54,873] {taskinstance.py:1356} INFO - 
--------------------------------------------------------------------------------
[2022-12-12 18:39:54,874] {taskinstance.py:1357} INFO - Starting attempt 1 of 1
[2022-12-12 18:39:54,876] {taskinstance.py:1358} INFO - 
--------------------------------------------------------------------------------
[2022-12-12 18:39:55,065] {taskinstance.py:1377} INFO - Executing <Task(PythonOperator): get_last_id> on 2022-11-28 17:39:00+00:00
[2022-12-12 18:39:55,100] {standard_task_runner.py:52} INFO - Started process 573 to run task
[2022-12-12 18:39:55,128] {standard_task_runner.py:79} INFO - Running: ['airflow', 'tasks', 'run', 'prepare_data', 'get_last_id', 'scheduled__2022-11-28T17:39:00+00:00', '--job-id', '182', '--raw', '--subdir', 'DAGS_FOLDER/prepare_data.py', '--cfg-path', '/tmp/tmp7ff8002b', '--error-file', '/tmp/tmpldqurlti']
[2022-12-12 18:39:55,148] {standard_task_runner.py:80} INFO - Job 182: Subtask get_last_id
[2022-12-12 18:39:55,586] {task_command.py:369} INFO - Running <TaskInstance: prepare_data.get_last_id scheduled__2022-11-28T17:39:00+00:00 [running]> on host cfea470654c7
[2022-12-12 18:39:56,333] {taskinstance.py:1571} INFO - Exporting the following env vars:
AIRFLOW_CTX_DAG_OWNER=airflow
AIRFLOW_CTX_DAG_ID=prepare_data
AIRFLOW_CTX_TASK_ID=get_last_id
AIRFLOW_CTX_EXECUTION_DATE=2022-11-28T17:39:00+00:00
AIRFLOW_CTX_TRY_NUMBER=1
AIRFLOW_CTX_DAG_RUN_ID=scheduled__2022-11-28T17:39:00+00:00
[2022-12-12 18:39:56,461] {base.py:68} INFO - Using connection ID 'postgres_default' for task execution.
[2022-12-12 18:39:56,574] {python.py:173} INFO - Done. Returned value was: None
[2022-12-12 18:39:56,685] {taskinstance.py:1400} INFO - Marking task as SUCCESS. dag_id=prepare_data, task_id=get_last_id, execution_date=20221128T173900, start_date=20221212T183954, end_date=20221212T183956
[2022-12-12 18:39:56,917] {local_task_job.py:156} INFO - Task exited with return code 0
[2022-12-12 18:39:57,659] {local_task_job.py:273} INFO - 0 downstream tasks scheduled from follow-on schedule check
