[2022-12-12 18:25:13,801] {taskinstance.py:1159} INFO - Dependencies all met for <TaskInstance: prepare_data.get_last_id scheduled__2022-11-28T16:46:00+00:00 [queued]>
[2022-12-12 18:25:13,903] {taskinstance.py:1159} INFO - Dependencies all met for <TaskInstance: prepare_data.get_last_id scheduled__2022-11-28T16:46:00+00:00 [queued]>
[2022-12-12 18:25:13,904] {taskinstance.py:1356} INFO - 
--------------------------------------------------------------------------------
[2022-12-12 18:25:13,906] {taskinstance.py:1357} INFO - Starting attempt 1 of 1
[2022-12-12 18:25:13,906] {taskinstance.py:1358} INFO - 
--------------------------------------------------------------------------------
[2022-12-12 18:25:14,116] {taskinstance.py:1377} INFO - Executing <Task(PythonOperator): get_last_id> on 2022-11-28 16:46:00+00:00
[2022-12-12 18:25:14,143] {standard_task_runner.py:52} INFO - Started process 276 to run task
[2022-12-12 18:25:14,154] {standard_task_runner.py:79} INFO - Running: ['airflow', 'tasks', 'run', 'prepare_data', 'get_last_id', 'scheduled__2022-11-28T16:46:00+00:00', '--job-id', '35', '--raw', '--subdir', 'DAGS_FOLDER/prepare_data.py', '--cfg-path', '/tmp/tmpp0g862qb', '--error-file', '/tmp/tmp4qpmwked']
[2022-12-12 18:25:14,163] {standard_task_runner.py:80} INFO - Job 35: Subtask get_last_id
[2022-12-12 18:25:14,535] {task_command.py:369} INFO - Running <TaskInstance: prepare_data.get_last_id scheduled__2022-11-28T16:46:00+00:00 [running]> on host a49e44ee4a94
[2022-12-12 18:25:15,101] {taskinstance.py:1571} INFO - Exporting the following env vars:
AIRFLOW_CTX_DAG_OWNER=airflow
AIRFLOW_CTX_DAG_ID=prepare_data
AIRFLOW_CTX_TASK_ID=get_last_id
AIRFLOW_CTX_EXECUTION_DATE=2022-11-28T16:46:00+00:00
AIRFLOW_CTX_TRY_NUMBER=1
AIRFLOW_CTX_DAG_RUN_ID=scheduled__2022-11-28T16:46:00+00:00
[2022-12-12 18:25:15,221] {base.py:68} INFO - Using connection ID 'postgres_default' for task execution.
[2022-12-12 18:25:15,398] {python.py:173} INFO - Done. Returned value was: None
[2022-12-12 18:25:15,935] {taskinstance.py:1400} INFO - Marking task as SUCCESS. dag_id=prepare_data, task_id=get_last_id, execution_date=20221128T164600, start_date=20221212T182513, end_date=20221212T182515
[2022-12-12 18:25:16,058] {local_task_job.py:156} INFO - Task exited with return code 0
[2022-12-12 18:25:16,318] {local_task_job.py:273} INFO - 1 downstream tasks scheduled from follow-on schedule check
[2022-12-12 18:38:30,709] {taskinstance.py:1159} INFO - Dependencies all met for <TaskInstance: prepare_data.get_last_id scheduled__2022-11-28T16:46:00+00:00 [queued]>
[2022-12-12 18:38:30,749] {taskinstance.py:1159} INFO - Dependencies all met for <TaskInstance: prepare_data.get_last_id scheduled__2022-11-28T16:46:00+00:00 [queued]>
[2022-12-12 18:38:30,758] {taskinstance.py:1356} INFO - 
--------------------------------------------------------------------------------
[2022-12-12 18:38:30,765] {taskinstance.py:1357} INFO - Starting attempt 1 of 1
[2022-12-12 18:38:30,766] {taskinstance.py:1358} INFO - 
--------------------------------------------------------------------------------
[2022-12-12 18:38:30,900] {taskinstance.py:1377} INFO - Executing <Task(PythonOperator): get_last_id> on 2022-11-28 16:46:00+00:00
[2022-12-12 18:38:30,913] {standard_task_runner.py:52} INFO - Started process 245 to run task
[2022-12-12 18:38:30,933] {standard_task_runner.py:79} INFO - Running: ['airflow', 'tasks', 'run', 'prepare_data', 'get_last_id', 'scheduled__2022-11-28T16:46:00+00:00', '--job-id', '22', '--raw', '--subdir', 'DAGS_FOLDER/prepare_data.py', '--cfg-path', '/tmp/tmp8h2417q2', '--error-file', '/tmp/tmpoom6rfv4']
[2022-12-12 18:38:30,936] {standard_task_runner.py:80} INFO - Job 22: Subtask get_last_id
[2022-12-12 18:38:31,379] {task_command.py:369} INFO - Running <TaskInstance: prepare_data.get_last_id scheduled__2022-11-28T16:46:00+00:00 [running]> on host cfea470654c7
[2022-12-12 18:38:32,136] {taskinstance.py:1571} INFO - Exporting the following env vars:
AIRFLOW_CTX_DAG_OWNER=airflow
AIRFLOW_CTX_DAG_ID=prepare_data
AIRFLOW_CTX_TASK_ID=get_last_id
AIRFLOW_CTX_EXECUTION_DATE=2022-11-28T16:46:00+00:00
AIRFLOW_CTX_TRY_NUMBER=1
AIRFLOW_CTX_DAG_RUN_ID=scheduled__2022-11-28T16:46:00+00:00
[2022-12-12 18:38:32,233] {base.py:68} INFO - Using connection ID 'postgres_default' for task execution.
[2022-12-12 18:38:32,344] {python.py:173} INFO - Done. Returned value was: None
[2022-12-12 18:38:32,425] {taskinstance.py:1400} INFO - Marking task as SUCCESS. dag_id=prepare_data, task_id=get_last_id, execution_date=20221128T164600, start_date=20221212T183830, end_date=20221212T183832
[2022-12-12 18:38:32,514] {local_task_job.py:156} INFO - Task exited with return code 0
[2022-12-12 18:38:32,927] {local_task_job.py:273} INFO - 1 downstream tasks scheduled from follow-on schedule check
