[2022-12-12 18:25:23,337] {taskinstance.py:1159} INFO - Dependencies all met for <TaskInstance: prepare_data.create_table scheduled__2022-11-28T16:57:00+00:00 [queued]>
[2022-12-12 18:25:23,393] {taskinstance.py:1159} INFO - Dependencies all met for <TaskInstance: prepare_data.create_table scheduled__2022-11-28T16:57:00+00:00 [queued]>
[2022-12-12 18:25:23,394] {taskinstance.py:1356} INFO - 
--------------------------------------------------------------------------------
[2022-12-12 18:25:23,396] {taskinstance.py:1357} INFO - Starting attempt 1 of 1
[2022-12-12 18:25:23,398] {taskinstance.py:1358} INFO - 
--------------------------------------------------------------------------------
[2022-12-12 18:25:23,528] {taskinstance.py:1377} INFO - Executing <Task(PostgresOperator): create_table> on 2022-11-28 16:57:00+00:00
[2022-12-12 18:25:23,560] {standard_task_runner.py:52} INFO - Started process 314 to run task
[2022-12-12 18:25:23,607] {standard_task_runner.py:79} INFO - Running: ['airflow', 'tasks', 'run', 'prepare_data', 'create_table', 'scheduled__2022-11-28T16:57:00+00:00', '--job-id', '52', '--raw', '--subdir', 'DAGS_FOLDER/prepare_data.py', '--cfg-path', '/tmp/tmprsx7q7hd', '--error-file', '/tmp/tmp53vxwqgy']
[2022-12-12 18:25:23,618] {standard_task_runner.py:80} INFO - Job 52: Subtask create_table
[2022-12-12 18:25:24,080] {task_command.py:369} INFO - Running <TaskInstance: prepare_data.create_table scheduled__2022-11-28T16:57:00+00:00 [running]> on host a49e44ee4a94
[2022-12-12 18:25:24,866] {taskinstance.py:1571} INFO - Exporting the following env vars:
AIRFLOW_CTX_DAG_OWNER=airflow
AIRFLOW_CTX_DAG_ID=prepare_data
AIRFLOW_CTX_TASK_ID=create_table
AIRFLOW_CTX_EXECUTION_DATE=2022-11-28T16:57:00+00:00
AIRFLOW_CTX_TRY_NUMBER=1
AIRFLOW_CTX_DAG_RUN_ID=scheduled__2022-11-28T16:57:00+00:00
[2022-12-12 18:25:24,924] {base.py:68} INFO - Using connection ID 'postgres_default' for task execution.
[2022-12-12 18:25:24,938] {dbapi.py:208} INFO - Running statement: CREATE TABLE IF NOT EXISTS prepared_data (
	id SERIAL,
	sensor_id BIGINT,
	longitude FLOAT,
	latitude FLOAT,
	controller_id BIGINT,
	datetime TIMESTAMP WITH TIME ZONE,
	temperature INTEGER
);, parameters: None
[2022-12-12 18:25:24,949] {postgres.py:94} INFO - NOTICE:  relation "prepared_data" already exists, skipping

[2022-12-12 18:25:24,998] {taskinstance.py:1400} INFO - Marking task as SUCCESS. dag_id=prepare_data, task_id=create_table, execution_date=20221128T165700, start_date=20221212T182523, end_date=20221212T182524
[2022-12-12 18:25:25,089] {local_task_job.py:156} INFO - Task exited with return code 0
[2022-12-12 18:25:25,564] {local_task_job.py:273} INFO - 1 downstream tasks scheduled from follow-on schedule check
[2022-12-12 18:38:48,864] {taskinstance.py:1159} INFO - Dependencies all met for <TaskInstance: prepare_data.create_table scheduled__2022-11-28T16:57:00+00:00 [queued]>
[2022-12-12 18:38:48,900] {taskinstance.py:1159} INFO - Dependencies all met for <TaskInstance: prepare_data.create_table scheduled__2022-11-28T16:57:00+00:00 [queued]>
[2022-12-12 18:38:48,903] {taskinstance.py:1356} INFO - 
--------------------------------------------------------------------------------
[2022-12-12 18:38:48,909] {taskinstance.py:1357} INFO - Starting attempt 1 of 1
[2022-12-12 18:38:48,912] {taskinstance.py:1358} INFO - 
--------------------------------------------------------------------------------
[2022-12-12 18:38:49,003] {taskinstance.py:1377} INFO - Executing <Task(PostgresOperator): create_table> on 2022-11-28 16:57:00+00:00
[2022-12-12 18:38:49,032] {standard_task_runner.py:52} INFO - Started process 305 to run task
[2022-12-12 18:38:49,045] {standard_task_runner.py:79} INFO - Running: ['airflow', 'tasks', 'run', 'prepare_data', 'create_table', 'scheduled__2022-11-28T16:57:00+00:00', '--job-id', '53', '--raw', '--subdir', 'DAGS_FOLDER/prepare_data.py', '--cfg-path', '/tmp/tmp26hd1grt', '--error-file', '/tmp/tmpx3bhwk7t']
[2022-12-12 18:38:49,050] {standard_task_runner.py:80} INFO - Job 53: Subtask create_table
[2022-12-12 18:38:49,309] {task_command.py:369} INFO - Running <TaskInstance: prepare_data.create_table scheduled__2022-11-28T16:57:00+00:00 [running]> on host cfea470654c7
[2022-12-12 18:38:49,635] {taskinstance.py:1571} INFO - Exporting the following env vars:
AIRFLOW_CTX_DAG_OWNER=airflow
AIRFLOW_CTX_DAG_ID=prepare_data
AIRFLOW_CTX_TASK_ID=create_table
AIRFLOW_CTX_EXECUTION_DATE=2022-11-28T16:57:00+00:00
AIRFLOW_CTX_TRY_NUMBER=1
AIRFLOW_CTX_DAG_RUN_ID=scheduled__2022-11-28T16:57:00+00:00
[2022-12-12 18:38:49,669] {base.py:68} INFO - Using connection ID 'postgres_default' for task execution.
[2022-12-12 18:38:49,685] {dbapi.py:208} INFO - Running statement: CREATE TABLE IF NOT EXISTS prepared_data (
	id SERIAL,
	sensor_id BIGINT,
	longitude FLOAT,
	latitude FLOAT,
	controller_id BIGINT,
	datetime TIMESTAMP WITH TIME ZONE,
	temperature INTEGER
);, parameters: None
[2022-12-12 18:38:49,695] {postgres.py:94} INFO - NOTICE:  relation "prepared_data" already exists, skipping

[2022-12-12 18:38:49,869] {taskinstance.py:1400} INFO - Marking task as SUCCESS. dag_id=prepare_data, task_id=create_table, execution_date=20221128T165700, start_date=20221212T183848, end_date=20221212T183849
[2022-12-12 18:38:50,029] {local_task_job.py:156} INFO - Task exited with return code 0
[2022-12-12 18:38:50,187] {local_task_job.py:273} INFO - 1 downstream tasks scheduled from follow-on schedule check
