[2022-12-12 18:25:17,119] {taskinstance.py:1159} INFO - Dependencies all met for <TaskInstance: prepare_data.transfer_data scheduled__2022-11-28T16:44:00+00:00 [queued]>
[2022-12-12 18:25:17,153] {taskinstance.py:1159} INFO - Dependencies all met for <TaskInstance: prepare_data.transfer_data scheduled__2022-11-28T16:44:00+00:00 [queued]>
[2022-12-12 18:25:17,155] {taskinstance.py:1356} INFO - 
--------------------------------------------------------------------------------
[2022-12-12 18:25:17,157] {taskinstance.py:1357} INFO - Starting attempt 1 of 1
[2022-12-12 18:25:17,158] {taskinstance.py:1358} INFO - 
--------------------------------------------------------------------------------
[2022-12-12 18:25:17,184] {taskinstance.py:1377} INFO - Executing <Task(PythonOperator): transfer_data> on 2022-11-28 16:44:00+00:00
[2022-12-12 18:25:17,200] {standard_task_runner.py:52} INFO - Started process 284 to run task
[2022-12-12 18:25:17,205] {standard_task_runner.py:79} INFO - Running: ['airflow', 'tasks', 'run', 'prepare_data', 'transfer_data', 'scheduled__2022-11-28T16:44:00+00:00', '--job-id', '39', '--raw', '--subdir', 'DAGS_FOLDER/prepare_data.py', '--cfg-path', '/tmp/tmpq3ttlr1n', '--error-file', '/tmp/tmpf0w42dfb']
[2022-12-12 18:25:17,208] {standard_task_runner.py:80} INFO - Job 39: Subtask transfer_data
[2022-12-12 18:25:17,364] {task_command.py:369} INFO - Running <TaskInstance: prepare_data.transfer_data scheduled__2022-11-28T16:44:00+00:00 [running]> on host a49e44ee4a94
[2022-12-12 18:25:17,525] {taskinstance.py:1571} INFO - Exporting the following env vars:
AIRFLOW_CTX_DAG_OWNER=airflow
AIRFLOW_CTX_DAG_ID=prepare_data
AIRFLOW_CTX_TASK_ID=transfer_data
AIRFLOW_CTX_EXECUTION_DATE=2022-11-28T16:44:00+00:00
AIRFLOW_CTX_TRY_NUMBER=1
AIRFLOW_CTX_DAG_RUN_ID=scheduled__2022-11-28T16:44:00+00:00
[2022-12-12 18:25:17,550] {base.py:68} INFO - Using connection ID 'postgres_default' for task execution.
[2022-12-12 18:25:17,582] {python.py:173} INFO - Done. Returned value was: None
[2022-12-12 18:25:17,613] {taskinstance.py:1400} INFO - Marking task as SUCCESS. dag_id=prepare_data, task_id=transfer_data, execution_date=20221128T164400, start_date=20221212T182517, end_date=20221212T182517
[2022-12-12 18:25:17,661] {local_task_job.py:156} INFO - Task exited with return code 0
[2022-12-12 18:25:17,738] {local_task_job.py:273} INFO - 0 downstream tasks scheduled from follow-on schedule check
[2022-12-12 18:38:33,346] {taskinstance.py:1159} INFO - Dependencies all met for <TaskInstance: prepare_data.transfer_data scheduled__2022-11-28T16:44:00+00:00 [queued]>
[2022-12-12 18:38:33,377] {taskinstance.py:1159} INFO - Dependencies all met for <TaskInstance: prepare_data.transfer_data scheduled__2022-11-28T16:44:00+00:00 [queued]>
[2022-12-12 18:38:33,379] {taskinstance.py:1356} INFO - 
--------------------------------------------------------------------------------
[2022-12-12 18:38:33,382] {taskinstance.py:1357} INFO - Starting attempt 1 of 1
[2022-12-12 18:38:33,383] {taskinstance.py:1358} INFO - 
--------------------------------------------------------------------------------
[2022-12-12 18:38:33,570] {taskinstance.py:1377} INFO - Executing <Task(PythonOperator): transfer_data> on 2022-11-28 16:44:00+00:00
[2022-12-12 18:38:33,594] {standard_task_runner.py:52} INFO - Started process 259 to run task
[2022-12-12 18:38:33,683] {standard_task_runner.py:79} INFO - Running: ['airflow', 'tasks', 'run', 'prepare_data', 'transfer_data', 'scheduled__2022-11-28T16:44:00+00:00', '--job-id', '29', '--raw', '--subdir', 'DAGS_FOLDER/prepare_data.py', '--cfg-path', '/tmp/tmpeln00v5p', '--error-file', '/tmp/tmp1acbgmnw']
[2022-12-12 18:38:33,695] {standard_task_runner.py:80} INFO - Job 29: Subtask transfer_data
[2022-12-12 18:38:34,043] {task_command.py:369} INFO - Running <TaskInstance: prepare_data.transfer_data scheduled__2022-11-28T16:44:00+00:00 [running]> on host cfea470654c7
[2022-12-12 18:38:34,842] {taskinstance.py:1571} INFO - Exporting the following env vars:
AIRFLOW_CTX_DAG_OWNER=airflow
AIRFLOW_CTX_DAG_ID=prepare_data
AIRFLOW_CTX_TASK_ID=transfer_data
AIRFLOW_CTX_EXECUTION_DATE=2022-11-28T16:44:00+00:00
AIRFLOW_CTX_TRY_NUMBER=1
AIRFLOW_CTX_DAG_RUN_ID=scheduled__2022-11-28T16:44:00+00:00
[2022-12-12 18:38:35,019] {base.py:68} INFO - Using connection ID 'postgres_default' for task execution.
[2022-12-12 18:38:35,186] {python.py:173} INFO - Done. Returned value was: None
[2022-12-12 18:38:35,332] {taskinstance.py:1400} INFO - Marking task as SUCCESS. dag_id=prepare_data, task_id=transfer_data, execution_date=20221128T164400, start_date=20221212T183833, end_date=20221212T183835
[2022-12-12 18:38:35,539] {local_task_job.py:156} INFO - Task exited with return code 0
[2022-12-12 18:38:36,384] {local_task_job.py:273} INFO - 0 downstream tasks scheduled from follow-on schedule check
