[2022-12-16 10:50:54,594] {taskinstance.py:1159} INFO - Dependencies all met for <TaskInstance: prepare_data.transfer_data scheduled__2022-12-15T23:41:00+00:00 [queued]>
[2022-12-16 10:50:54,768] {taskinstance.py:1159} INFO - Dependencies all met for <TaskInstance: prepare_data.transfer_data scheduled__2022-12-15T23:41:00+00:00 [queued]>
[2022-12-16 10:50:54,780] {taskinstance.py:1356} INFO - 
--------------------------------------------------------------------------------
[2022-12-16 10:50:54,780] {taskinstance.py:1357} INFO - Starting attempt 1 of 1
[2022-12-16 10:50:54,780] {taskinstance.py:1358} INFO - 
--------------------------------------------------------------------------------
[2022-12-16 10:50:55,226] {taskinstance.py:1377} INFO - Executing <Task(PythonOperator): transfer_data> on 2022-12-15 23:41:00+00:00
[2022-12-16 10:50:55,272] {standard_task_runner.py:52} INFO - Started process 2446 to run task
[2022-12-16 10:50:55,324] {standard_task_runner.py:79} INFO - Running: ['airflow', 'tasks', 'run', 'prepare_data', 'transfer_data', 'scheduled__2022-12-15T23:41:00+00:00', '--job-id', '1277', '--raw', '--subdir', 'DAGS_FOLDER/prepare_data.py', '--cfg-path', '/tmp/tmp7tknkyw1', '--error-file', '/tmp/tmpbas5stzg']
[2022-12-16 10:50:55,326] {standard_task_runner.py:80} INFO - Job 1277: Subtask transfer_data
[2022-12-16 10:50:56,569] {task_command.py:369} INFO - Running <TaskInstance: prepare_data.transfer_data scheduled__2022-12-15T23:41:00+00:00 [running]> on host 8e2f65ec4c74
[2022-12-16 10:50:57,942] {taskinstance.py:1571} INFO - Exporting the following env vars:
AIRFLOW_CTX_DAG_OWNER=airflow
AIRFLOW_CTX_DAG_ID=prepare_data
AIRFLOW_CTX_TASK_ID=transfer_data
AIRFLOW_CTX_EXECUTION_DATE=2022-12-15T23:41:00+00:00
AIRFLOW_CTX_TRY_NUMBER=1
AIRFLOW_CTX_DAG_RUN_ID=scheduled__2022-12-15T23:41:00+00:00
[2022-12-16 10:50:58,158] {base.py:68} INFO - Using connection ID 'gp_conn' for task execution.
[2022-12-16 10:50:58,558] {python.py:173} INFO - Done. Returned value was: None
[2022-12-16 10:50:58,741] {taskinstance.py:1400} INFO - Marking task as SUCCESS. dag_id=prepare_data, task_id=transfer_data, execution_date=20221215T234100, start_date=20221216T105054, end_date=20221216T105058
[2022-12-16 10:50:59,157] {local_task_job.py:156} INFO - Task exited with return code 0
[2022-12-16 10:50:59,605] {local_task_job.py:273} INFO - 0 downstream tasks scheduled from follow-on schedule check
