[2022-12-12 18:40:34,448] {taskinstance.py:1159} INFO - Dependencies all met for <TaskInstance: prepare_data.transfer_data scheduled__2022-11-28T18:09:00+00:00 [queued]>
[2022-12-12 18:40:34,534] {taskinstance.py:1159} INFO - Dependencies all met for <TaskInstance: prepare_data.transfer_data scheduled__2022-11-28T18:09:00+00:00 [queued]>
[2022-12-12 18:40:34,537] {taskinstance.py:1356} INFO - 
--------------------------------------------------------------------------------
[2022-12-12 18:40:34,538] {taskinstance.py:1357} INFO - Starting attempt 1 of 1
[2022-12-12 18:40:34,540] {taskinstance.py:1358} INFO - 
--------------------------------------------------------------------------------
[2022-12-12 18:40:34,642] {taskinstance.py:1377} INFO - Executing <Task(PythonOperator): transfer_data> on 2022-11-28 18:09:00+00:00
[2022-12-12 18:40:34,652] {standard_task_runner.py:52} INFO - Started process 776 to run task
[2022-12-12 18:40:34,677] {standard_task_runner.py:79} INFO - Running: ['airflow', 'tasks', 'run', 'prepare_data', 'transfer_data', 'scheduled__2022-11-28T18:09:00+00:00', '--job-id', '282', '--raw', '--subdir', 'DAGS_FOLDER/prepare_data.py', '--cfg-path', '/tmp/tmpkpxqsdn2', '--error-file', '/tmp/tmpdq_j1gxi']
[2022-12-12 18:40:34,684] {standard_task_runner.py:80} INFO - Job 282: Subtask transfer_data
[2022-12-12 18:40:34,949] {task_command.py:369} INFO - Running <TaskInstance: prepare_data.transfer_data scheduled__2022-11-28T18:09:00+00:00 [running]> on host cfea470654c7
[2022-12-12 18:40:35,316] {taskinstance.py:1571} INFO - Exporting the following env vars:
AIRFLOW_CTX_DAG_OWNER=airflow
AIRFLOW_CTX_DAG_ID=prepare_data
AIRFLOW_CTX_TASK_ID=transfer_data
AIRFLOW_CTX_EXECUTION_DATE=2022-11-28T18:09:00+00:00
AIRFLOW_CTX_TRY_NUMBER=1
AIRFLOW_CTX_DAG_RUN_ID=scheduled__2022-11-28T18:09:00+00:00
[2022-12-12 18:40:35,433] {base.py:68} INFO - Using connection ID 'postgres_default' for task execution.
[2022-12-12 18:40:35,510] {python.py:173} INFO - Done. Returned value was: None
[2022-12-12 18:40:35,552] {taskinstance.py:1400} INFO - Marking task as SUCCESS. dag_id=prepare_data, task_id=transfer_data, execution_date=20221128T180900, start_date=20221212T184034, end_date=20221212T184035
[2022-12-12 18:40:35,638] {local_task_job.py:156} INFO - Task exited with return code 0
[2022-12-12 18:40:35,777] {local_task_job.py:273} INFO - 0 downstream tasks scheduled from follow-on schedule check
