[2022-12-12 18:41:14,328] {taskinstance.py:1159} INFO - Dependencies all met for <TaskInstance: prepare_data.get_last_id scheduled__2022-11-28T18:40:00+00:00 [queued]>
[2022-12-12 18:41:14,402] {taskinstance.py:1159} INFO - Dependencies all met for <TaskInstance: prepare_data.get_last_id scheduled__2022-11-28T18:40:00+00:00 [queued]>
[2022-12-12 18:41:14,407] {taskinstance.py:1356} INFO - 
--------------------------------------------------------------------------------
[2022-12-12 18:41:14,410] {taskinstance.py:1357} INFO - Starting attempt 1 of 1
[2022-12-12 18:41:14,412] {taskinstance.py:1358} INFO - 
--------------------------------------------------------------------------------
[2022-12-12 18:41:14,508] {taskinstance.py:1377} INFO - Executing <Task(PythonOperator): get_last_id> on 2022-11-28 18:40:00+00:00
[2022-12-12 18:41:14,539] {standard_task_runner.py:52} INFO - Started process 950 to run task
[2022-12-12 18:41:14,571] {standard_task_runner.py:79} INFO - Running: ['airflow', 'tasks', 'run', 'prepare_data', 'get_last_id', 'scheduled__2022-11-28T18:40:00+00:00', '--job-id', '362', '--raw', '--subdir', 'DAGS_FOLDER/prepare_data.py', '--cfg-path', '/tmp/tmp_p68e5rq', '--error-file', '/tmp/tmpyry0lw7v']
[2022-12-12 18:41:14,598] {standard_task_runner.py:80} INFO - Job 362: Subtask get_last_id
[2022-12-12 18:41:14,908] {task_command.py:369} INFO - Running <TaskInstance: prepare_data.get_last_id scheduled__2022-11-28T18:40:00+00:00 [running]> on host cfea470654c7
[2022-12-12 18:41:15,686] {taskinstance.py:1571} INFO - Exporting the following env vars:
AIRFLOW_CTX_DAG_OWNER=airflow
AIRFLOW_CTX_DAG_ID=prepare_data
AIRFLOW_CTX_TASK_ID=get_last_id
AIRFLOW_CTX_EXECUTION_DATE=2022-11-28T18:40:00+00:00
AIRFLOW_CTX_TRY_NUMBER=1
AIRFLOW_CTX_DAG_RUN_ID=scheduled__2022-11-28T18:40:00+00:00
[2022-12-12 18:41:15,791] {base.py:68} INFO - Using connection ID 'postgres_default' for task execution.
[2022-12-12 18:41:15,901] {python.py:173} INFO - Done. Returned value was: None
[2022-12-12 18:41:15,974] {taskinstance.py:1400} INFO - Marking task as SUCCESS. dag_id=prepare_data, task_id=get_last_id, execution_date=20221128T184000, start_date=20221212T184114, end_date=20221212T184115
[2022-12-12 18:41:16,058] {local_task_job.py:156} INFO - Task exited with return code 0
[2022-12-12 18:41:16,242] {local_task_job.py:273} INFO - 1 downstream tasks scheduled from follow-on schedule check
