[2022-12-16 13:02:36,139] {taskinstance.py:1159} INFO - Dependencies all met for <TaskInstance: prepare_data.transfer_data scheduled__2022-12-16T11:30:00+00:00 [queued]>
[2022-12-16 13:02:36,309] {taskinstance.py:1159} INFO - Dependencies all met for <TaskInstance: prepare_data.transfer_data scheduled__2022-12-16T11:30:00+00:00 [queued]>
[2022-12-16 13:02:36,309] {taskinstance.py:1356} INFO - 
--------------------------------------------------------------------------------
[2022-12-16 13:02:36,309] {taskinstance.py:1357} INFO - Starting attempt 1 of 1
[2022-12-16 13:02:36,309] {taskinstance.py:1358} INFO - 
--------------------------------------------------------------------------------
[2022-12-16 13:02:36,477] {taskinstance.py:1377} INFO - Executing <Task(PythonOperator): transfer_data> on 2022-12-16 11:30:00+00:00
[2022-12-16 13:02:36,498] {standard_task_runner.py:52} INFO - Started process 3755 to run task
[2022-12-16 13:02:36,545] {standard_task_runner.py:79} INFO - Running: ['airflow', 'tasks', 'run', 'prepare_data', 'transfer_data', 'scheduled__2022-12-16T11:30:00+00:00', '--job-id', '1862', '--raw', '--subdir', 'DAGS_FOLDER/prepare_data.py', '--cfg-path', '/tmp/tmpqpfftbkq', '--error-file', '/tmp/tmpxe17gflx']
[2022-12-16 13:02:36,561] {standard_task_runner.py:80} INFO - Job 1862: Subtask transfer_data
[2022-12-16 13:02:37,017] {task_command.py:369} INFO - Running <TaskInstance: prepare_data.transfer_data scheduled__2022-12-16T11:30:00+00:00 [running]> on host 8e2f65ec4c74
[2022-12-16 13:02:37,373] {taskinstance.py:1571} INFO - Exporting the following env vars:
AIRFLOW_CTX_DAG_OWNER=airflow
AIRFLOW_CTX_DAG_ID=prepare_data
AIRFLOW_CTX_TASK_ID=transfer_data
AIRFLOW_CTX_EXECUTION_DATE=2022-12-16T11:30:00+00:00
AIRFLOW_CTX_TRY_NUMBER=1
AIRFLOW_CTX_DAG_RUN_ID=scheduled__2022-12-16T11:30:00+00:00
[2022-12-16 13:02:37,442] {base.py:68} INFO - Using connection ID 'gp_conn' for task execution.
[2022-12-16 13:02:37,657] {python.py:173} INFO - Done. Returned value was: None
[2022-12-16 13:02:37,722] {taskinstance.py:1400} INFO - Marking task as SUCCESS. dag_id=prepare_data, task_id=transfer_data, execution_date=20221216T113000, start_date=20221216T130236, end_date=20221216T130237
[2022-12-16 13:02:37,853] {local_task_job.py:156} INFO - Task exited with return code 0
[2022-12-16 13:02:38,200] {local_task_job.py:273} INFO - 0 downstream tasks scheduled from follow-on schedule check
