[2022-12-15 16:58:03,179] {taskinstance.py:1159} INFO - Dependencies all met for <TaskInstance: prepare_data.get_last_id scheduled__2022-12-15T16:57:00+00:00 [queued]>
[2022-12-15 16:58:03,198] {taskinstance.py:1159} INFO - Dependencies all met for <TaskInstance: prepare_data.get_last_id scheduled__2022-12-15T16:57:00+00:00 [queued]>
[2022-12-15 16:58:03,200] {taskinstance.py:1356} INFO - 
--------------------------------------------------------------------------------
[2022-12-15 16:58:03,201] {taskinstance.py:1357} INFO - Starting attempt 1 of 1
[2022-12-15 16:58:03,203] {taskinstance.py:1358} INFO - 
--------------------------------------------------------------------------------
[2022-12-15 16:58:03,232] {taskinstance.py:1377} INFO - Executing <Task(PythonOperator): get_last_id> on 2022-12-15 16:57:00+00:00
[2022-12-15 16:58:03,242] {standard_task_runner.py:52} INFO - Started process 268 to run task
[2022-12-15 16:58:03,250] {standard_task_runner.py:79} INFO - Running: ['airflow', 'tasks', 'run', 'prepare_data', 'get_last_id', 'scheduled__2022-12-15T16:57:00+00:00', '--job-id', '22', '--raw', '--subdir', 'DAGS_FOLDER/prepare_data.py', '--cfg-path', '/tmp/tmpslkbrh5j', '--error-file', '/tmp/tmp18t9sisr']
[2022-12-15 16:58:03,255] {standard_task_runner.py:80} INFO - Job 22: Subtask get_last_id
[2022-12-15 16:58:03,384] {task_command.py:369} INFO - Running <TaskInstance: prepare_data.get_last_id scheduled__2022-12-15T16:57:00+00:00 [running]> on host 39e562fe01ff
[2022-12-15 16:58:03,496] {taskinstance.py:1571} INFO - Exporting the following env vars:
AIRFLOW_CTX_DAG_OWNER=airflow
AIRFLOW_CTX_DAG_ID=prepare_data
AIRFLOW_CTX_TASK_ID=get_last_id
AIRFLOW_CTX_EXECUTION_DATE=2022-12-15T16:57:00+00:00
AIRFLOW_CTX_TRY_NUMBER=1
AIRFLOW_CTX_DAG_RUN_ID=scheduled__2022-12-15T16:57:00+00:00
[2022-12-15 16:58:03,513] {base.py:68} INFO - Using connection ID 'gp_conn' for task execution.
[2022-12-15 16:58:03,579] {python.py:173} INFO - Done. Returned value was: None
[2022-12-15 16:58:03,610] {taskinstance.py:1400} INFO - Marking task as SUCCESS. dag_id=prepare_data, task_id=get_last_id, execution_date=20221215T165700, start_date=20221215T165803, end_date=20221215T165803
[2022-12-15 16:58:03,664] {local_task_job.py:156} INFO - Task exited with return code 0
[2022-12-15 16:58:03,727] {local_task_job.py:273} INFO - 1 downstream tasks scheduled from follow-on schedule check
[2022-12-16 08:01:36,853] {taskinstance.py:1159} INFO - Dependencies all met for <TaskInstance: prepare_data.get_last_id scheduled__2022-12-15T16:57:00+00:00 [queued]>
[2022-12-16 08:01:39,125] {taskinstance.py:1159} INFO - Dependencies all met for <TaskInstance: prepare_data.get_last_id scheduled__2022-12-15T16:57:00+00:00 [queued]>
[2022-12-16 08:01:39,125] {taskinstance.py:1356} INFO - 
--------------------------------------------------------------------------------
[2022-12-16 08:01:39,125] {taskinstance.py:1357} INFO - Starting attempt 1 of 1
[2022-12-16 08:01:39,125] {taskinstance.py:1358} INFO - 
--------------------------------------------------------------------------------
[2022-12-16 08:01:42,361] {taskinstance.py:1377} INFO - Executing <Task(PythonOperator): get_last_id> on 2022-12-15 16:57:00+00:00
[2022-12-16 08:01:43,591] {standard_task_runner.py:52} INFO - Started process 16633 to run task
[2022-12-16 08:01:44,179] {standard_task_runner.py:79} INFO - Running: ['airflow', 'tasks', 'run', 'prepare_data', 'get_last_id', 'scheduled__2022-12-15T16:57:00+00:00', '--job-id', '39', '--raw', '--subdir', 'DAGS_FOLDER/prepare_data.py', '--cfg-path', '/tmp/tmp0_ev_59m', '--error-file', '/tmp/tmpdv0wcf_l']
[2022-12-16 08:01:44,180] {standard_task_runner.py:80} INFO - Job 39: Subtask get_last_id
[2022-12-16 08:02:29,049] {task_command.py:369} INFO - Running <TaskInstance: prepare_data.get_last_id scheduled__2022-12-15T16:57:00+00:00 [running]> on host 8e2f65ec4c74
[2022-12-16 08:03:05,663] {taskinstance.py:1571} INFO - Exporting the following env vars:
AIRFLOW_CTX_DAG_OWNER=airflow
AIRFLOW_CTX_DAG_ID=prepare_data
AIRFLOW_CTX_TASK_ID=get_last_id
AIRFLOW_CTX_EXECUTION_DATE=2022-12-15T16:57:00+00:00
AIRFLOW_CTX_TRY_NUMBER=1
AIRFLOW_CTX_DAG_RUN_ID=scheduled__2022-12-15T16:57:00+00:00
[2022-12-16 08:03:08,547] {base.py:68} INFO - Using connection ID 'gp_conn' for task execution.
[2022-12-16 08:03:13,312] {python.py:173} INFO - Done. Returned value was: None
[2022-12-16 08:03:16,536] {taskinstance.py:1400} INFO - Marking task as SUCCESS. dag_id=prepare_data, task_id=get_last_id, execution_date=20221215T165700, start_date=20221216T080137, end_date=20221216T080316
[2022-12-16 08:03:23,235] {local_task_job.py:156} INFO - Task exited with return code 0
[2022-12-16 08:03:28,010] {local_task_job.py:273} INFO - 0 downstream tasks scheduled from follow-on schedule check
