[2022-12-16 11:03:51,986] {taskinstance.py:1159} INFO - Dependencies all met for <TaskInstance: prepare_data.get_last_id scheduled__2022-12-16T02:02:00+00:00 [queued]>
[2022-12-16 11:03:52,197] {taskinstance.py:1159} INFO - Dependencies all met for <TaskInstance: prepare_data.get_last_id scheduled__2022-12-16T02:02:00+00:00 [queued]>
[2022-12-16 11:03:52,236] {taskinstance.py:1356} INFO - 
--------------------------------------------------------------------------------
[2022-12-16 11:03:52,236] {taskinstance.py:1357} INFO - Starting attempt 1 of 1
[2022-12-16 11:03:52,236] {taskinstance.py:1358} INFO - 
--------------------------------------------------------------------------------
[2022-12-16 11:03:52,571] {taskinstance.py:1377} INFO - Executing <Task(PythonOperator): get_last_id> on 2022-12-16 02:02:00+00:00
[2022-12-16 11:03:52,633] {standard_task_runner.py:52} INFO - Started process 3445 to run task
[2022-12-16 11:03:52,723] {standard_task_runner.py:79} INFO - Running: ['airflow', 'tasks', 'run', 'prepare_data', 'get_last_id', 'scheduled__2022-12-16T02:02:00+00:00', '--job-id', '1720', '--raw', '--subdir', 'DAGS_FOLDER/prepare_data.py', '--cfg-path', '/tmp/tmpwuc3jucx', '--error-file', '/tmp/tmp12zdrxdt']
[2022-12-16 11:03:52,746] {standard_task_runner.py:80} INFO - Job 1720: Subtask get_last_id
[2022-12-16 11:03:53,529] {task_command.py:369} INFO - Running <TaskInstance: prepare_data.get_last_id scheduled__2022-12-16T02:02:00+00:00 [running]> on host 8e2f65ec4c74
[2022-12-16 11:03:54,686] {taskinstance.py:1571} INFO - Exporting the following env vars:
AIRFLOW_CTX_DAG_OWNER=airflow
AIRFLOW_CTX_DAG_ID=prepare_data
AIRFLOW_CTX_TASK_ID=get_last_id
AIRFLOW_CTX_EXECUTION_DATE=2022-12-16T02:02:00+00:00
AIRFLOW_CTX_TRY_NUMBER=1
AIRFLOW_CTX_DAG_RUN_ID=scheduled__2022-12-16T02:02:00+00:00
[2022-12-16 11:03:54,811] {base.py:68} INFO - Using connection ID 'gp_conn' for task execution.
[2022-12-16 11:03:55,065] {python.py:173} INFO - Done. Returned value was: None
[2022-12-16 11:03:55,359] {taskinstance.py:1400} INFO - Marking task as SUCCESS. dag_id=prepare_data, task_id=get_last_id, execution_date=20221216T020200, start_date=20221216T110352, end_date=20221216T110355
[2022-12-16 11:03:55,617] {local_task_job.py:156} INFO - Task exited with return code 0
[2022-12-16 11:03:56,154] {local_task_job.py:273} INFO - 1 downstream tasks scheduled from follow-on schedule check
