[2022-12-15 16:56:01,603] {taskinstance.py:1159} INFO - Dependencies all met for <TaskInstance: prepare_data.create_table scheduled__2022-12-15T16:55:00+00:00 [queued]>
[2022-12-15 16:56:01,621] {taskinstance.py:1159} INFO - Dependencies all met for <TaskInstance: prepare_data.create_table scheduled__2022-12-15T16:55:00+00:00 [queued]>
[2022-12-15 16:56:01,623] {taskinstance.py:1356} INFO - 
--------------------------------------------------------------------------------
[2022-12-15 16:56:01,625] {taskinstance.py:1357} INFO - Starting attempt 1 of 1
[2022-12-15 16:56:01,627] {taskinstance.py:1358} INFO - 
--------------------------------------------------------------------------------
[2022-12-15 16:56:01,659] {taskinstance.py:1377} INFO - Executing <Task(PostgresOperator): create_table> on 2022-12-15 16:55:00+00:00
[2022-12-15 16:56:01,667] {standard_task_runner.py:52} INFO - Started process 234 to run task
[2022-12-15 16:56:01,675] {standard_task_runner.py:79} INFO - Running: ['airflow', 'tasks', 'run', 'prepare_data', 'create_table', 'scheduled__2022-12-15T16:55:00+00:00', '--job-id', '15', '--raw', '--subdir', 'DAGS_FOLDER/prepare_data.py', '--cfg-path', '/tmp/tmpj2a0sc58', '--error-file', '/tmp/tmp3jrz391l']
[2022-12-15 16:56:01,680] {standard_task_runner.py:80} INFO - Job 15: Subtask create_table
[2022-12-15 16:56:01,793] {task_command.py:369} INFO - Running <TaskInstance: prepare_data.create_table scheduled__2022-12-15T16:55:00+00:00 [running]> on host 39e562fe01ff
[2022-12-15 16:56:01,924] {taskinstance.py:1571} INFO - Exporting the following env vars:
AIRFLOW_CTX_DAG_OWNER=airflow
AIRFLOW_CTX_DAG_ID=prepare_data
AIRFLOW_CTX_TASK_ID=create_table
AIRFLOW_CTX_EXECUTION_DATE=2022-12-15T16:55:00+00:00
AIRFLOW_CTX_TRY_NUMBER=1
AIRFLOW_CTX_DAG_RUN_ID=scheduled__2022-12-15T16:55:00+00:00
[2022-12-15 16:56:01,951] {base.py:68} INFO - Using connection ID 'gp_conn' for task execution.
[2022-12-15 16:56:01,960] {dbapi.py:208} INFO - Running statement: CREATE TABLE IF NOT EXISTS prepared_data (
	id SERIAL,
	sensor_id BIGINT,
	longitude FLOAT,
	latitude FLOAT,
	controller_id BIGINT,
	datetime TIMESTAMP WITH TIME ZONE,
	temperature INTEGER
);, parameters: None
[2022-12-15 16:56:01,962] {postgres.py:94} INFO - NOTICE:  relation "prepared_data" already exists, skipping

[2022-12-15 16:56:01,984] {taskinstance.py:1400} INFO - Marking task as SUCCESS. dag_id=prepare_data, task_id=create_table, execution_date=20221215T165500, start_date=20221215T165601, end_date=20221215T165601
[2022-12-15 16:56:02,013] {local_task_job.py:156} INFO - Task exited with return code 0
[2022-12-15 16:56:02,088] {local_task_job.py:273} INFO - 1 downstream tasks scheduled from follow-on schedule check
[2022-12-16 07:52:26,216] {taskinstance.py:1159} INFO - Dependencies all met for <TaskInstance: prepare_data.create_table scheduled__2022-12-15T16:55:00+00:00 [queued]>
[2022-12-16 07:52:28,095] {taskinstance.py:1159} INFO - Dependencies all met for <TaskInstance: prepare_data.create_table scheduled__2022-12-15T16:55:00+00:00 [queued]>
[2022-12-16 07:52:28,095] {taskinstance.py:1356} INFO - 
--------------------------------------------------------------------------------
[2022-12-16 07:52:28,095] {taskinstance.py:1357} INFO - Starting attempt 1 of 1
[2022-12-16 07:52:28,095] {taskinstance.py:1358} INFO - 
--------------------------------------------------------------------------------
[2022-12-16 07:52:30,393] {taskinstance.py:1377} INFO - Executing <Task(PostgresOperator): create_table> on 2022-12-15 16:55:00+00:00
[2022-12-16 07:52:30,733] {standard_task_runner.py:52} INFO - Started process 16564 to run task
[2022-12-16 07:52:31,478] {standard_task_runner.py:79} INFO - Running: ['airflow', 'tasks', 'run', 'prepare_data', 'create_table', 'scheduled__2022-12-15T16:55:00+00:00', '--job-id', '21', '--raw', '--subdir', 'DAGS_FOLDER/prepare_data.py', '--cfg-path', '/tmp/tmp8v3ub_oh', '--error-file', '/tmp/tmp9og7w3jd']
[2022-12-16 07:52:31,480] {standard_task_runner.py:80} INFO - Job 21: Subtask create_table
[2022-12-16 07:52:41,458] {task_command.py:369} INFO - Running <TaskInstance: prepare_data.create_table scheduled__2022-12-15T16:55:00+00:00 [running]> on host 8e2f65ec4c74
[2022-12-16 07:53:08,885] {taskinstance.py:1571} INFO - Exporting the following env vars:
AIRFLOW_CTX_DAG_OWNER=airflow
AIRFLOW_CTX_DAG_ID=prepare_data
AIRFLOW_CTX_TASK_ID=create_table
AIRFLOW_CTX_EXECUTION_DATE=2022-12-15T16:55:00+00:00
AIRFLOW_CTX_TRY_NUMBER=1
AIRFLOW_CTX_DAG_RUN_ID=scheduled__2022-12-15T16:55:00+00:00
[2022-12-16 07:53:17,675] {base.py:68} INFO - Using connection ID 'gp_conn' for task execution.
[2022-12-16 07:53:19,794] {dbapi.py:208} INFO - Running statement: CREATE TABLE IF NOT EXISTS prepared_data (
	id SERIAL,
	sensor_id BIGINT,
	longitude FLOAT,
	latitude FLOAT,
	controller_id BIGINT,
	datetime TIMESTAMP WITH TIME ZONE,
	temperature INTEGER
);, parameters: None
[2022-12-16 07:53:19,985] {postgres.py:94} INFO - NOTICE:  relation "prepared_data" already exists, skipping

[2022-12-16 07:53:25,420] {taskinstance.py:1400} INFO - Marking task as SUCCESS. dag_id=prepare_data, task_id=create_table, execution_date=20221215T165500, start_date=20221216T075226, end_date=20221216T075325
[2022-12-16 07:53:27,477] {local_task_job.py:156} INFO - Task exited with return code 0
[2022-12-16 07:53:35,307] {local_task_job.py:273} INFO - 1 downstream tasks scheduled from follow-on schedule check
