[2022-12-12 18:24:23,930] {taskinstance.py:1159} INFO - Dependencies all met for <TaskInstance: prepare_data.create_table scheduled__2022-11-28T16:41:00+00:00 [queued]>
[2022-12-12 18:24:24,010] {taskinstance.py:1159} INFO - Dependencies all met for <TaskInstance: prepare_data.create_table scheduled__2022-11-28T16:41:00+00:00 [queued]>
[2022-12-12 18:24:24,012] {taskinstance.py:1356} INFO - 
--------------------------------------------------------------------------------
[2022-12-12 18:24:24,013] {taskinstance.py:1357} INFO - Starting attempt 1 of 1
[2022-12-12 18:24:24,015] {taskinstance.py:1358} INFO - 
--------------------------------------------------------------------------------
[2022-12-12 18:24:24,134] {taskinstance.py:1377} INFO - Executing <Task(PostgresOperator): create_table> on 2022-11-28 16:41:00+00:00
[2022-12-12 18:24:24,156] {standard_task_runner.py:52} INFO - Started process 225 to run task
[2022-12-12 18:24:24,170] {standard_task_runner.py:79} INFO - Running: ['airflow', 'tasks', 'run', 'prepare_data', 'create_table', 'scheduled__2022-11-28T16:41:00+00:00', '--job-id', '10', '--raw', '--subdir', 'DAGS_FOLDER/prepare_data.py', '--cfg-path', '/tmp/tmpsn0sk5zm', '--error-file', '/tmp/tmpglez9gdi']
[2022-12-12 18:24:24,175] {standard_task_runner.py:80} INFO - Job 10: Subtask create_table
[2022-12-12 18:24:24,559] {task_command.py:369} INFO - Running <TaskInstance: prepare_data.create_table scheduled__2022-11-28T16:41:00+00:00 [running]> on host a49e44ee4a94
[2022-12-12 18:24:26,759] {taskinstance.py:1571} INFO - Exporting the following env vars:
AIRFLOW_CTX_DAG_OWNER=airflow
AIRFLOW_CTX_DAG_ID=prepare_data
AIRFLOW_CTX_TASK_ID=create_table
AIRFLOW_CTX_EXECUTION_DATE=2022-11-28T16:41:00+00:00
AIRFLOW_CTX_TRY_NUMBER=1
AIRFLOW_CTX_DAG_RUN_ID=scheduled__2022-11-28T16:41:00+00:00
[2022-12-12 18:24:31,885] {base.py:68} INFO - Using connection ID 'postgres_default' for task execution.
[2022-12-12 18:24:41,621] {dbapi.py:208} INFO - Running statement: CREATE TABLE IF NOT EXISTS prepared_data (
	id SERIAL,
	sensor_id BIGINT,
	longitude FLOAT,
	latitude FLOAT,
	controller_id BIGINT,
	datetime TIMESTAMP WITH TIME ZONE,
	temperature INTEGER
);, parameters: None
[2022-12-12 18:24:41,882] {postgres.py:94} INFO - NOTICE:  relation "prepared_data" already exists, skipping

[2022-12-12 18:25:07,007] {taskinstance.py:1400} INFO - Marking task as SUCCESS. dag_id=prepare_data, task_id=create_table, execution_date=20221128T164100, start_date=20221212T182423, end_date=20221212T182507
[2022-12-12 18:25:07,414] {local_task_job.py:156} INFO - Task exited with return code 0
[2022-12-12 18:25:07,706] {local_task_job.py:273} INFO - 1 downstream tasks scheduled from follow-on schedule check
[2022-12-12 18:38:22,184] {taskinstance.py:1159} INFO - Dependencies all met for <TaskInstance: prepare_data.create_table scheduled__2022-11-28T16:41:00+00:00 [queued]>
[2022-12-12 18:38:22,207] {taskinstance.py:1159} INFO - Dependencies all met for <TaskInstance: prepare_data.create_table scheduled__2022-11-28T16:41:00+00:00 [queued]>
[2022-12-12 18:38:22,209] {taskinstance.py:1356} INFO - 
--------------------------------------------------------------------------------
[2022-12-12 18:38:22,211] {taskinstance.py:1357} INFO - Starting attempt 1 of 1
[2022-12-12 18:38:22,213] {taskinstance.py:1358} INFO - 
--------------------------------------------------------------------------------
[2022-12-12 18:38:22,242] {taskinstance.py:1377} INFO - Executing <Task(PostgresOperator): create_table> on 2022-11-28 16:41:00+00:00
[2022-12-12 18:38:22,249] {standard_task_runner.py:52} INFO - Started process 211 to run task
[2022-12-12 18:38:22,259] {standard_task_runner.py:79} INFO - Running: ['airflow', 'tasks', 'run', 'prepare_data', 'create_table', 'scheduled__2022-11-28T16:41:00+00:00', '--job-id', '9', '--raw', '--subdir', 'DAGS_FOLDER/prepare_data.py', '--cfg-path', '/tmp/tmpkpftz7a6', '--error-file', '/tmp/tmpw3z_rmz9']
[2022-12-12 18:38:22,264] {standard_task_runner.py:80} INFO - Job 9: Subtask create_table
[2022-12-12 18:38:22,456] {task_command.py:369} INFO - Running <TaskInstance: prepare_data.create_table scheduled__2022-11-28T16:41:00+00:00 [running]> on host cfea470654c7
[2022-12-12 18:38:22,653] {taskinstance.py:1571} INFO - Exporting the following env vars:
AIRFLOW_CTX_DAG_OWNER=airflow
AIRFLOW_CTX_DAG_ID=prepare_data
AIRFLOW_CTX_TASK_ID=create_table
AIRFLOW_CTX_EXECUTION_DATE=2022-11-28T16:41:00+00:00
AIRFLOW_CTX_TRY_NUMBER=1
AIRFLOW_CTX_DAG_RUN_ID=scheduled__2022-11-28T16:41:00+00:00
[2022-12-12 18:38:22,673] {base.py:68} INFO - Using connection ID 'postgres_default' for task execution.
[2022-12-12 18:38:22,681] {dbapi.py:208} INFO - Running statement: CREATE TABLE IF NOT EXISTS prepared_data (
	id SERIAL,
	sensor_id BIGINT,
	longitude FLOAT,
	latitude FLOAT,
	controller_id BIGINT,
	datetime TIMESTAMP WITH TIME ZONE,
	temperature INTEGER
);, parameters: None
[2022-12-12 18:38:22,712] {taskinstance.py:1400} INFO - Marking task as SUCCESS. dag_id=prepare_data, task_id=create_table, execution_date=20221128T164100, start_date=20221212T183822, end_date=20221212T183822
[2022-12-12 18:38:22,758] {local_task_job.py:156} INFO - Task exited with return code 0
[2022-12-12 18:38:22,932] {local_task_job.py:273} INFO - 1 downstream tasks scheduled from follow-on schedule check
