[2022-12-12 18:40:27,961] {taskinstance.py:1159} INFO - Dependencies all met for <TaskInstance: prepare_data.transfer_data scheduled__2022-11-28T17:59:00+00:00 [queued]>
[2022-12-12 18:40:28,065] {taskinstance.py:1159} INFO - Dependencies all met for <TaskInstance: prepare_data.transfer_data scheduled__2022-11-28T17:59:00+00:00 [queued]>
[2022-12-12 18:40:28,068] {taskinstance.py:1356} INFO - 
--------------------------------------------------------------------------------
[2022-12-12 18:40:28,077] {taskinstance.py:1357} INFO - Starting attempt 1 of 1
[2022-12-12 18:40:28,079] {taskinstance.py:1358} INFO - 
--------------------------------------------------------------------------------
[2022-12-12 18:40:28,220] {taskinstance.py:1377} INFO - Executing <Task(PythonOperator): transfer_data> on 2022-11-28 17:59:00+00:00
[2022-12-12 18:40:28,237] {standard_task_runner.py:52} INFO - Started process 737 to run task
[2022-12-12 18:40:28,261] {standard_task_runner.py:79} INFO - Running: ['airflow', 'tasks', 'run', 'prepare_data', 'transfer_data', 'scheduled__2022-11-28T17:59:00+00:00', '--job-id', '260', '--raw', '--subdir', 'DAGS_FOLDER/prepare_data.py', '--cfg-path', '/tmp/tmpl0j6bzpk', '--error-file', '/tmp/tmpq14d__gn']
[2022-12-12 18:40:28,268] {standard_task_runner.py:80} INFO - Job 260: Subtask transfer_data
[2022-12-12 18:40:28,607] {task_command.py:369} INFO - Running <TaskInstance: prepare_data.transfer_data scheduled__2022-11-28T17:59:00+00:00 [running]> on host cfea470654c7
[2022-12-12 18:40:29,341] {taskinstance.py:1571} INFO - Exporting the following env vars:
AIRFLOW_CTX_DAG_OWNER=airflow
AIRFLOW_CTX_DAG_ID=prepare_data
AIRFLOW_CTX_TASK_ID=transfer_data
AIRFLOW_CTX_EXECUTION_DATE=2022-11-28T17:59:00+00:00
AIRFLOW_CTX_TRY_NUMBER=1
AIRFLOW_CTX_DAG_RUN_ID=scheduled__2022-11-28T17:59:00+00:00
[2022-12-12 18:40:29,420] {base.py:68} INFO - Using connection ID 'postgres_default' for task execution.
[2022-12-12 18:40:29,558] {python.py:173} INFO - Done. Returned value was: None
[2022-12-12 18:40:29,736] {taskinstance.py:1400} INFO - Marking task as SUCCESS. dag_id=prepare_data, task_id=transfer_data, execution_date=20221128T175900, start_date=20221212T184027, end_date=20221212T184029
[2022-12-12 18:40:29,879] {local_task_job.py:156} INFO - Task exited with return code 0
[2022-12-12 18:40:30,234] {local_task_job.py:273} INFO - 0 downstream tasks scheduled from follow-on schedule check
