[2022-12-12 21:09:36,861] {taskinstance.py:1159} INFO - Dependencies all met for <TaskInstance: prepare_data.transfer_data scheduled__2022-11-28T20:44:00+00:00 [queued]>
[2022-12-12 21:09:36,982] {taskinstance.py:1159} INFO - Dependencies all met for <TaskInstance: prepare_data.transfer_data scheduled__2022-11-28T20:44:00+00:00 [queued]>
[2022-12-12 21:09:36,990] {taskinstance.py:1356} INFO - 
--------------------------------------------------------------------------------
[2022-12-12 21:09:36,991] {taskinstance.py:1357} INFO - Starting attempt 1 of 1
[2022-12-12 21:09:37,009] {taskinstance.py:1358} INFO - 
--------------------------------------------------------------------------------
[2022-12-12 21:09:37,302] {taskinstance.py:1377} INFO - Executing <Task(PythonOperator): transfer_data> on 2022-11-28 20:44:00+00:00
[2022-12-12 21:09:37,404] {standard_task_runner.py:52} INFO - Started process 257 to run task
[2022-12-12 21:09:37,467] {standard_task_runner.py:79} INFO - Running: ['airflow', 'tasks', 'run', 'prepare_data', 'transfer_data', 'scheduled__2022-11-28T20:44:00+00:00', '--job-id', '762', '--raw', '--subdir', 'DAGS_FOLDER/prepare_data.py', '--cfg-path', '/tmp/tmp5waaou2o', '--error-file', '/tmp/tmpvvo7a64y']
[2022-12-12 21:09:37,490] {standard_task_runner.py:80} INFO - Job 762: Subtask transfer_data
[2022-12-12 21:09:38,505] {task_command.py:369} INFO - Running <TaskInstance: prepare_data.transfer_data scheduled__2022-11-28T20:44:00+00:00 [running]> on host cfea470654c7
[2022-12-12 21:09:40,154] {taskinstance.py:1571} INFO - Exporting the following env vars:
AIRFLOW_CTX_DAG_OWNER=airflow
AIRFLOW_CTX_DAG_ID=prepare_data
AIRFLOW_CTX_TASK_ID=transfer_data
AIRFLOW_CTX_EXECUTION_DATE=2022-11-28T20:44:00+00:00
AIRFLOW_CTX_TRY_NUMBER=1
AIRFLOW_CTX_DAG_RUN_ID=scheduled__2022-11-28T20:44:00+00:00
[2022-12-12 21:09:40,327] {base.py:68} INFO - Using connection ID 'postgres_default' for task execution.
[2022-12-12 21:09:41,045] {python.py:173} INFO - Done. Returned value was: None
[2022-12-12 21:09:41,696] {taskinstance.py:1400} INFO - Marking task as SUCCESS. dag_id=prepare_data, task_id=transfer_data, execution_date=20221128T204400, start_date=20221212T210936, end_date=20221212T210941
[2022-12-12 21:09:42,106] {local_task_job.py:156} INFO - Task exited with return code 0
[2022-12-12 21:09:43,261] {local_task_job.py:273} INFO - 0 downstream tasks scheduled from follow-on schedule check
