[2022-12-16 08:20:20,570] {taskinstance.py:1159} INFO - Dependencies all met for <TaskInstance: prepare_data.transfer_data scheduled__2022-12-15T17:56:00+00:00 [queued]>
[2022-12-16 08:20:23,126] {taskinstance.py:1159} INFO - Dependencies all met for <TaskInstance: prepare_data.transfer_data scheduled__2022-12-15T17:56:00+00:00 [queued]>
[2022-12-16 08:20:23,127] {taskinstance.py:1356} INFO - 
--------------------------------------------------------------------------------
[2022-12-16 08:20:23,163] {taskinstance.py:1357} INFO - Starting attempt 1 of 1
[2022-12-16 08:20:23,215] {taskinstance.py:1358} INFO - 
--------------------------------------------------------------------------------
[2022-12-16 08:20:25,789] {taskinstance.py:1377} INFO - Executing <Task(PythonOperator): transfer_data> on 2022-12-15 17:56:00+00:00
[2022-12-16 08:20:25,970] {standard_task_runner.py:52} INFO - Started process 17114 to run task
[2022-12-16 08:20:26,147] {standard_task_runner.py:79} INFO - Running: ['airflow', 'tasks', 'run', 'prepare_data', 'transfer_data', 'scheduled__2022-12-15T17:56:00+00:00', '--job-id', '226', '--raw', '--subdir', 'DAGS_FOLDER/prepare_data.py', '--cfg-path', '/tmp/tmpo3uf2456', '--error-file', '/tmp/tmp73pl165k']
[2022-12-16 08:20:26,212] {standard_task_runner.py:80} INFO - Job 226: Subtask transfer_data
[2022-12-16 08:20:28,936] {task_command.py:369} INFO - Running <TaskInstance: prepare_data.transfer_data scheduled__2022-12-15T17:56:00+00:00 [running]> on host 8e2f65ec4c74
[2022-12-16 08:21:30,934] {taskinstance.py:1571} INFO - Exporting the following env vars:
AIRFLOW_CTX_DAG_OWNER=airflow
AIRFLOW_CTX_DAG_ID=prepare_data
AIRFLOW_CTX_TASK_ID=transfer_data
AIRFLOW_CTX_EXECUTION_DATE=2022-12-15T17:56:00+00:00
AIRFLOW_CTX_TRY_NUMBER=1
AIRFLOW_CTX_DAG_RUN_ID=scheduled__2022-12-15T17:56:00+00:00
[2022-12-16 08:21:42,563] {base.py:68} INFO - Using connection ID 'gp_conn' for task execution.
