[2022-12-12 18:25:14,877] {taskinstance.py:1159} INFO - Dependencies all met for <TaskInstance: prepare_data.transfer_data scheduled__2022-11-28T16:43:00+00:00 [queued]>
[2022-12-12 18:25:14,899] {taskinstance.py:1159} INFO - Dependencies all met for <TaskInstance: prepare_data.transfer_data scheduled__2022-11-28T16:43:00+00:00 [queued]>
[2022-12-12 18:25:14,901] {taskinstance.py:1356} INFO - 
--------------------------------------------------------------------------------
[2022-12-12 18:25:14,903] {taskinstance.py:1357} INFO - Starting attempt 1 of 1
[2022-12-12 18:25:14,904] {taskinstance.py:1358} INFO - 
--------------------------------------------------------------------------------
[2022-12-12 18:25:14,996] {taskinstance.py:1377} INFO - Executing <Task(PythonOperator): transfer_data> on 2022-11-28 16:43:00+00:00
[2022-12-12 18:25:15,023] {standard_task_runner.py:52} INFO - Started process 277 to run task
[2022-12-12 18:25:15,070] {standard_task_runner.py:79} INFO - Running: ['airflow', 'tasks', 'run', 'prepare_data', 'transfer_data', 'scheduled__2022-11-28T16:43:00+00:00', '--job-id', '37', '--raw', '--subdir', 'DAGS_FOLDER/prepare_data.py', '--cfg-path', '/tmp/tmpipx47r64', '--error-file', '/tmp/tmp3evolioz']
[2022-12-12 18:25:15,074] {standard_task_runner.py:80} INFO - Job 37: Subtask transfer_data
[2022-12-12 18:25:15,441] {task_command.py:369} INFO - Running <TaskInstance: prepare_data.transfer_data scheduled__2022-11-28T16:43:00+00:00 [running]> on host a49e44ee4a94
[2022-12-12 18:25:15,968] {taskinstance.py:1571} INFO - Exporting the following env vars:
AIRFLOW_CTX_DAG_OWNER=airflow
AIRFLOW_CTX_DAG_ID=prepare_data
AIRFLOW_CTX_TASK_ID=transfer_data
AIRFLOW_CTX_EXECUTION_DATE=2022-11-28T16:43:00+00:00
AIRFLOW_CTX_TRY_NUMBER=1
AIRFLOW_CTX_DAG_RUN_ID=scheduled__2022-11-28T16:43:00+00:00
[2022-12-12 18:25:16,043] {base.py:68} INFO - Using connection ID 'postgres_default' for task execution.
[2022-12-12 18:25:16,193] {python.py:173} INFO - Done. Returned value was: None
[2022-12-12 18:25:16,447] {taskinstance.py:1400} INFO - Marking task as SUCCESS. dag_id=prepare_data, task_id=transfer_data, execution_date=20221128T164300, start_date=20221212T182514, end_date=20221212T182516
[2022-12-12 18:25:16,506] {local_task_job.py:156} INFO - Task exited with return code 0
[2022-12-12 18:25:16,617] {local_task_job.py:273} INFO - 0 downstream tasks scheduled from follow-on schedule check
[2022-12-12 18:38:33,313] {taskinstance.py:1159} INFO - Dependencies all met for <TaskInstance: prepare_data.transfer_data scheduled__2022-11-28T16:43:00+00:00 [queued]>
[2022-12-12 18:38:33,387] {taskinstance.py:1159} INFO - Dependencies all met for <TaskInstance: prepare_data.transfer_data scheduled__2022-11-28T16:43:00+00:00 [queued]>
[2022-12-12 18:38:33,388] {taskinstance.py:1356} INFO - 
--------------------------------------------------------------------------------
[2022-12-12 18:38:33,395] {taskinstance.py:1357} INFO - Starting attempt 1 of 1
[2022-12-12 18:38:33,397] {taskinstance.py:1358} INFO - 
--------------------------------------------------------------------------------
[2022-12-12 18:38:33,518] {taskinstance.py:1377} INFO - Executing <Task(PythonOperator): transfer_data> on 2022-11-28 16:43:00+00:00
[2022-12-12 18:38:33,536] {standard_task_runner.py:52} INFO - Started process 258 to run task
[2022-12-12 18:38:33,582] {standard_task_runner.py:79} INFO - Running: ['airflow', 'tasks', 'run', 'prepare_data', 'transfer_data', 'scheduled__2022-11-28T16:43:00+00:00', '--job-id', '28', '--raw', '--subdir', 'DAGS_FOLDER/prepare_data.py', '--cfg-path', '/tmp/tmpeqd7fmt2', '--error-file', '/tmp/tmpflvfy41x']
[2022-12-12 18:38:33,626] {standard_task_runner.py:80} INFO - Job 28: Subtask transfer_data
[2022-12-12 18:38:34,254] {task_command.py:369} INFO - Running <TaskInstance: prepare_data.transfer_data scheduled__2022-11-28T16:43:00+00:00 [running]> on host cfea470654c7
[2022-12-12 18:38:35,258] {taskinstance.py:1571} INFO - Exporting the following env vars:
AIRFLOW_CTX_DAG_OWNER=airflow
AIRFLOW_CTX_DAG_ID=prepare_data
AIRFLOW_CTX_TASK_ID=transfer_data
AIRFLOW_CTX_EXECUTION_DATE=2022-11-28T16:43:00+00:00
AIRFLOW_CTX_TRY_NUMBER=1
AIRFLOW_CTX_DAG_RUN_ID=scheduled__2022-11-28T16:43:00+00:00
[2022-12-12 18:38:35,488] {base.py:68} INFO - Using connection ID 'postgres_default' for task execution.
[2022-12-12 18:38:35,661] {python.py:173} INFO - Done. Returned value was: None
[2022-12-12 18:38:36,241] {taskinstance.py:1400} INFO - Marking task as SUCCESS. dag_id=prepare_data, task_id=transfer_data, execution_date=20221128T164300, start_date=20221212T183833, end_date=20221212T183836
[2022-12-12 18:38:36,383] {local_task_job.py:156} INFO - Task exited with return code 0
[2022-12-12 18:38:36,564] {local_task_job.py:273} INFO - 0 downstream tasks scheduled from follow-on schedule check
