[2022-12-16 13:37:02,524] {taskinstance.py:1159} INFO - Dependencies all met for <TaskInstance: prepare_data.get_last_id scheduled__2022-12-16T13:36:00+00:00 [queued]>
[2022-12-16 13:37:02,536] {taskinstance.py:1159} INFO - Dependencies all met for <TaskInstance: prepare_data.get_last_id scheduled__2022-12-16T13:36:00+00:00 [queued]>
[2022-12-16 13:37:02,537] {taskinstance.py:1356} INFO - 
--------------------------------------------------------------------------------
[2022-12-16 13:37:02,537] {taskinstance.py:1357} INFO - Starting attempt 1 of 1
[2022-12-16 13:37:02,537] {taskinstance.py:1358} INFO - 
--------------------------------------------------------------------------------
[2022-12-16 13:37:02,557] {taskinstance.py:1377} INFO - Executing <Task(PythonOperator): get_last_id> on 2022-12-16 13:36:00+00:00
[2022-12-16 13:37:02,561] {standard_task_runner.py:52} INFO - Started process 4840 to run task
[2022-12-16 13:37:02,567] {standard_task_runner.py:79} INFO - Running: ['airflow', 'tasks', 'run', 'prepare_data', 'get_last_id', 'scheduled__2022-12-16T13:36:00+00:00', '--job-id', '2234', '--raw', '--subdir', 'DAGS_FOLDER/prepare_data.py', '--cfg-path', '/tmp/tmpxomqqh75', '--error-file', '/tmp/tmphxq7uuiw']
[2022-12-16 13:37:02,568] {standard_task_runner.py:80} INFO - Job 2234: Subtask get_last_id
[2022-12-16 13:37:02,642] {task_command.py:369} INFO - Running <TaskInstance: prepare_data.get_last_id scheduled__2022-12-16T13:36:00+00:00 [running]> on host 8e2f65ec4c74
[2022-12-16 13:37:02,782] {taskinstance.py:1571} INFO - Exporting the following env vars:
AIRFLOW_CTX_DAG_OWNER=airflow
AIRFLOW_CTX_DAG_ID=prepare_data
AIRFLOW_CTX_TASK_ID=get_last_id
AIRFLOW_CTX_EXECUTION_DATE=2022-12-16T13:36:00+00:00
AIRFLOW_CTX_TRY_NUMBER=1
AIRFLOW_CTX_DAG_RUN_ID=scheduled__2022-12-16T13:36:00+00:00
[2022-12-16 13:37:02,810] {base.py:68} INFO - Using connection ID 'gp_conn' for task execution.
[2022-12-16 13:37:02,903] {python.py:173} INFO - Done. Returned value was: None
[2022-12-16 13:37:02,926] {taskinstance.py:1400} INFO - Marking task as SUCCESS. dag_id=prepare_data, task_id=get_last_id, execution_date=20221216T133600, start_date=20221216T133702, end_date=20221216T133702
[2022-12-16 13:37:02,949] {local_task_job.py:156} INFO - Task exited with return code 0
[2022-12-16 13:37:03,008] {local_task_job.py:273} INFO - 1 downstream tasks scheduled from follow-on schedule check
