[2022-12-12 18:39:49,900] {taskinstance.py:1159} INFO - Dependencies all met for <TaskInstance: prepare_data.create_table scheduled__2022-11-28T17:40:00+00:00 [queued]>
[2022-12-12 18:39:50,080] {taskinstance.py:1159} INFO - Dependencies all met for <TaskInstance: prepare_data.create_table scheduled__2022-11-28T17:40:00+00:00 [queued]>
[2022-12-12 18:39:50,100] {taskinstance.py:1356} INFO - 
--------------------------------------------------------------------------------
[2022-12-12 18:39:50,101] {taskinstance.py:1357} INFO - Starting attempt 1 of 1
[2022-12-12 18:39:50,103] {taskinstance.py:1358} INFO - 
--------------------------------------------------------------------------------
[2022-12-12 18:39:50,492] {taskinstance.py:1377} INFO - Executing <Task(PostgresOperator): create_table> on 2022-11-28 17:40:00+00:00
[2022-12-12 18:39:50,534] {standard_task_runner.py:52} INFO - Started process 554 to run task
[2022-12-12 18:39:50,548] {standard_task_runner.py:79} INFO - Running: ['airflow', 'tasks', 'run', 'prepare_data', 'create_table', 'scheduled__2022-11-28T17:40:00+00:00', '--job-id', '172', '--raw', '--subdir', 'DAGS_FOLDER/prepare_data.py', '--cfg-path', '/tmp/tmpl0_manc3', '--error-file', '/tmp/tmpov7l0sw3']
[2022-12-12 18:39:50,587] {standard_task_runner.py:80} INFO - Job 172: Subtask create_table
[2022-12-12 18:39:51,024] {task_command.py:369} INFO - Running <TaskInstance: prepare_data.create_table scheduled__2022-11-28T17:40:00+00:00 [running]> on host cfea470654c7
[2022-12-12 18:39:52,115] {taskinstance.py:1571} INFO - Exporting the following env vars:
AIRFLOW_CTX_DAG_OWNER=airflow
AIRFLOW_CTX_DAG_ID=prepare_data
AIRFLOW_CTX_TASK_ID=create_table
AIRFLOW_CTX_EXECUTION_DATE=2022-11-28T17:40:00+00:00
AIRFLOW_CTX_TRY_NUMBER=1
AIRFLOW_CTX_DAG_RUN_ID=scheduled__2022-11-28T17:40:00+00:00
[2022-12-12 18:39:52,203] {base.py:68} INFO - Using connection ID 'postgres_default' for task execution.
[2022-12-12 18:39:52,249] {dbapi.py:208} INFO - Running statement: CREATE TABLE IF NOT EXISTS prepared_data (
	id SERIAL,
	sensor_id BIGINT,
	longitude FLOAT,
	latitude FLOAT,
	controller_id BIGINT,
	datetime TIMESTAMP WITH TIME ZONE,
	temperature INTEGER
);, parameters: None
[2022-12-12 18:39:52,280] {postgres.py:94} INFO - NOTICE:  relation "prepared_data" already exists, skipping

[2022-12-12 18:39:52,375] {taskinstance.py:1400} INFO - Marking task as SUCCESS. dag_id=prepare_data, task_id=create_table, execution_date=20221128T174000, start_date=20221212T183949, end_date=20221212T183952
[2022-12-12 18:39:52,513] {local_task_job.py:156} INFO - Task exited with return code 0
[2022-12-12 18:39:52,667] {local_task_job.py:273} INFO - 1 downstream tasks scheduled from follow-on schedule check
