[2022-12-16 10:37:43,360] {taskinstance.py:1159} INFO - Dependencies all met for <TaskInstance: prepare_data.create_table scheduled__2022-12-15T20:27:00+00:00 [queued]>
[2022-12-16 10:37:43,703] {taskinstance.py:1159} INFO - Dependencies all met for <TaskInstance: prepare_data.create_table scheduled__2022-12-15T20:27:00+00:00 [queued]>
[2022-12-16 10:37:43,704] {taskinstance.py:1356} INFO - 
--------------------------------------------------------------------------------
[2022-12-16 10:37:43,704] {taskinstance.py:1357} INFO - Starting attempt 1 of 1
[2022-12-16 10:37:43,704] {taskinstance.py:1358} INFO - 
--------------------------------------------------------------------------------
[2022-12-16 10:37:44,347] {taskinstance.py:1377} INFO - Executing <Task(PostgresOperator): create_table> on 2022-12-15 20:27:00+00:00
[2022-12-16 10:37:44,393] {standard_task_runner.py:52} INFO - Started process 1119 to run task
[2022-12-16 10:37:44,516] {standard_task_runner.py:79} INFO - Running: ['airflow', 'tasks', 'run', 'prepare_data', 'create_table', 'scheduled__2022-12-15T20:27:00+00:00', '--job-id', '672', '--raw', '--subdir', 'DAGS_FOLDER/prepare_data.py', '--cfg-path', '/tmp/tmpgw69s73l', '--error-file', '/tmp/tmpxvlr8zkd']
[2022-12-16 10:37:44,518] {standard_task_runner.py:80} INFO - Job 672: Subtask create_table
[2022-12-16 10:37:45,972] {task_command.py:369} INFO - Running <TaskInstance: prepare_data.create_table scheduled__2022-12-15T20:27:00+00:00 [running]> on host 8e2f65ec4c74
[2022-12-16 10:37:48,698] {taskinstance.py:1571} INFO - Exporting the following env vars:
AIRFLOW_CTX_DAG_OWNER=airflow
AIRFLOW_CTX_DAG_ID=prepare_data
AIRFLOW_CTX_TASK_ID=create_table
AIRFLOW_CTX_EXECUTION_DATE=2022-12-15T20:27:00+00:00
AIRFLOW_CTX_TRY_NUMBER=1
AIRFLOW_CTX_DAG_RUN_ID=scheduled__2022-12-15T20:27:00+00:00
[2022-12-16 10:37:48,915] {base.py:68} INFO - Using connection ID 'gp_conn' for task execution.
[2022-12-16 10:37:49,004] {dbapi.py:208} INFO - Running statement: CREATE TABLE IF NOT EXISTS prepared_data (
	id SERIAL,
	sensor_id BIGINT,
	longitude FLOAT,
	latitude FLOAT,
	controller_id BIGINT,
	datetime TIMESTAMP WITH TIME ZONE,
	temperature INTEGER
);, parameters: None
[2022-12-16 10:37:49,031] {postgres.py:94} INFO - NOTICE:  relation "prepared_data" already exists, skipping

[2022-12-16 10:37:49,349] {taskinstance.py:1400} INFO - Marking task as SUCCESS. dag_id=prepare_data, task_id=create_table, execution_date=20221215T202700, start_date=20221216T103743, end_date=20221216T103749
[2022-12-16 10:37:51,299] {local_task_job.py:156} INFO - Task exited with return code 0
[2022-12-16 10:37:52,613] {local_task_job.py:273} INFO - 1 downstream tasks scheduled from follow-on schedule check
