[2022-12-16 07:54:00,866] {taskinstance.py:1159} INFO - Dependencies all met for <TaskInstance: prepare_data.get_last_id scheduled__2022-12-15T16:53:00+00:00 [queued]>
[2022-12-16 07:54:04,117] {taskinstance.py:1159} INFO - Dependencies all met for <TaskInstance: prepare_data.get_last_id scheduled__2022-12-15T16:53:00+00:00 [queued]>
[2022-12-16 07:54:04,336] {taskinstance.py:1356} INFO - 
--------------------------------------------------------------------------------
[2022-12-16 07:54:04,376] {taskinstance.py:1357} INFO - Starting attempt 1 of 1
[2022-12-16 07:54:04,376] {taskinstance.py:1358} INFO - 
--------------------------------------------------------------------------------
[2022-12-16 07:54:10,165] {taskinstance.py:1377} INFO - Executing <Task(PythonOperator): get_last_id> on 2022-12-15 16:53:00+00:00
[2022-12-16 07:54:11,078] {standard_task_runner.py:52} INFO - Started process 16589 to run task
[2022-12-16 07:54:12,242] {standard_task_runner.py:79} INFO - Running: ['airflow', 'tasks', 'run', 'prepare_data', 'get_last_id', 'scheduled__2022-12-15T16:53:00+00:00', '--job-id', '25', '--raw', '--subdir', 'DAGS_FOLDER/prepare_data.py', '--cfg-path', '/tmp/tmpdkmwca8r', '--error-file', '/tmp/tmp7ys8r_7o']
[2022-12-16 07:54:12,877] {standard_task_runner.py:80} INFO - Job 25: Subtask get_last_id
[2022-12-16 07:55:49,694] {task_command.py:369} INFO - Running <TaskInstance: prepare_data.get_last_id scheduled__2022-12-15T16:53:00+00:00 [running]> on host 8e2f65ec4c74
[2022-12-16 07:58:26,293] {taskinstance.py:1571} INFO - Exporting the following env vars:
AIRFLOW_CTX_DAG_OWNER=airflow
AIRFLOW_CTX_DAG_ID=prepare_data
AIRFLOW_CTX_TASK_ID=get_last_id
AIRFLOW_CTX_EXECUTION_DATE=2022-12-15T16:53:00+00:00
AIRFLOW_CTX_TRY_NUMBER=1
AIRFLOW_CTX_DAG_RUN_ID=scheduled__2022-12-15T16:53:00+00:00
[2022-12-16 07:58:51,446] {base.py:68} INFO - Using connection ID 'gp_conn' for task execution.
[2022-12-16 07:59:21,273] {python.py:173} INFO - Done. Returned value was: None
[2022-12-16 07:59:28,833] {local_task_job.py:221} WARNING - State of this instance has been externally set to None. Terminating instance.
[2022-12-16 07:59:31,059] {taskinstance.py:1400} INFO - Marking task as SUCCESS. dag_id=prepare_data, task_id=get_last_id, execution_date=20221215T165300, start_date=20221216T075400, end_date=20221216T075931
[2022-12-16 07:59:32,930] {process_utils.py:129} INFO - Sending Signals.SIGTERM to group 16589. PIDs of all processes in the group: [16589]
[2022-12-16 07:59:33,077] {process_utils.py:80} INFO - Sending the signal Signals.SIGTERM to group 16589
[2022-12-16 07:59:33,260] {taskinstance.py:1541} ERROR - Received SIGTERM. Terminating subprocesses.
[2022-12-16 07:59:34,136] {standard_task_runner.py:97} ERROR - Failed to execute job 25 for task get_last_id (Task received SIGTERM signal; 16589)
[2022-12-16 07:59:35,594] {process_utils.py:75} INFO - Process psutil.Process(pid=16589, status='terminated', exitcode=1, started='07:54:10') (16589) terminated with exit code 1
