[2022-12-16 08:01:36,861] {taskinstance.py:1159} INFO - Dependencies all met for <TaskInstance: prepare_data.get_last_id scheduled__2022-12-15T16:53:00+00:00 [queued]>
[2022-12-16 08:01:38,953] {taskinstance.py:1159} INFO - Dependencies all met for <TaskInstance: prepare_data.get_last_id scheduled__2022-12-15T16:53:00+00:00 [queued]>
[2022-12-16 08:01:38,953] {taskinstance.py:1356} INFO - 
--------------------------------------------------------------------------------
[2022-12-16 08:01:38,953] {taskinstance.py:1357} INFO - Starting attempt 2 of 1
[2022-12-16 08:01:38,953] {taskinstance.py:1358} INFO - 
--------------------------------------------------------------------------------
[2022-12-16 08:01:42,173] {taskinstance.py:1377} INFO - Executing <Task(PythonOperator): get_last_id> on 2022-12-15 16:53:00+00:00
[2022-12-16 08:01:42,962] {standard_task_runner.py:52} INFO - Started process 16632 to run task
[2022-12-16 08:01:44,155] {standard_task_runner.py:79} INFO - Running: ['airflow', 'tasks', 'run', 'prepare_data', 'get_last_id', 'scheduled__2022-12-15T16:53:00+00:00', '--job-id', '36', '--raw', '--subdir', 'DAGS_FOLDER/prepare_data.py', '--cfg-path', '/tmp/tmptabe8frk', '--error-file', '/tmp/tmpg26al4mx']
[2022-12-16 08:01:44,270] {standard_task_runner.py:80} INFO - Job 36: Subtask get_last_id
[2022-12-16 08:01:51,896] {taskinstance.py:1153} INFO - Dependencies not met for <TaskInstance: prepare_data.get_last_id scheduled__2022-12-15T16:53:00+00:00 [running]>, dependency 'Task Instance Not Running' FAILED: Task is in the running state
[2022-12-16 08:01:52,511] {taskinstance.py:1153} INFO - Dependencies not met for <TaskInstance: prepare_data.get_last_id scheduled__2022-12-15T16:53:00+00:00 [running]>, dependency 'Task Instance State' FAILED: Task is in the 'running' state.
[2022-12-16 08:02:01,573] {local_task_job.py:101} INFO - Task is not able to be run
[2022-12-16 08:02:25,035] {task_command.py:369} INFO - Running <TaskInstance: prepare_data.get_last_id scheduled__2022-12-15T16:53:00+00:00 [running]> on host 8e2f65ec4c74
[2022-12-16 08:03:05,470] {taskinstance.py:1571} INFO - Exporting the following env vars:
AIRFLOW_CTX_DAG_OWNER=airflow
AIRFLOW_CTX_DAG_ID=prepare_data
AIRFLOW_CTX_TASK_ID=get_last_id
AIRFLOW_CTX_EXECUTION_DATE=2022-12-15T16:53:00+00:00
AIRFLOW_CTX_TRY_NUMBER=2
AIRFLOW_CTX_DAG_RUN_ID=scheduled__2022-12-15T16:53:00+00:00
[2022-12-16 08:03:08,565] {base.py:68} INFO - Using connection ID 'gp_conn' for task execution.
[2022-12-16 08:03:13,331] {python.py:173} INFO - Done. Returned value was: None
[2022-12-16 08:03:15,356] {taskinstance.py:1400} INFO - Marking task as SUCCESS. dag_id=prepare_data, task_id=get_last_id, execution_date=20221215T165300, start_date=20221216T080137, end_date=20221216T080315
[2022-12-16 08:03:24,097] {local_task_job.py:156} INFO - Task exited with return code 0
[2022-12-16 08:03:27,804] {local_task_job.py:273} INFO - 0 downstream tasks scheduled from follow-on schedule check
