[2022-12-15 16:47:00,440] {taskinstance.py:1159} INFO - Dependencies all met for <TaskInstance: prepare_data.create_table scheduled__2022-12-15T16:46:00+00:00 [queued]>
[2022-12-15 16:47:00,453] {taskinstance.py:1159} INFO - Dependencies all met for <TaskInstance: prepare_data.create_table scheduled__2022-12-15T16:46:00+00:00 [queued]>
[2022-12-15 16:47:00,455] {taskinstance.py:1356} INFO - 
--------------------------------------------------------------------------------
[2022-12-15 16:47:00,456] {taskinstance.py:1357} INFO - Starting attempt 1 of 1
[2022-12-15 16:47:00,457] {taskinstance.py:1358} INFO - 
--------------------------------------------------------------------------------
[2022-12-15 16:47:00,480] {taskinstance.py:1377} INFO - Executing <Task(PostgresOperator): create_table> on 2022-12-15 16:46:00+00:00
[2022-12-15 16:47:00,486] {standard_task_runner.py:52} INFO - Started process 243 to run task
[2022-12-15 16:47:00,491] {standard_task_runner.py:79} INFO - Running: ['airflow', 'tasks', 'run', 'prepare_data', 'create_table', 'scheduled__2022-12-15T16:46:00+00:00', '--job-id', '3', '--raw', '--subdir', 'DAGS_FOLDER/prepare_data.py', '--cfg-path', '/tmp/tmpavl9eqwo', '--error-file', '/tmp/tmp846x_mrn']
[2022-12-15 16:47:00,494] {standard_task_runner.py:80} INFO - Job 3: Subtask create_table
[2022-12-15 16:47:00,588] {task_command.py:369} INFO - Running <TaskInstance: prepare_data.create_table scheduled__2022-12-15T16:46:00+00:00 [running]> on host cfb13ab3b5ca
[2022-12-15 16:47:00,714] {taskinstance.py:1571} INFO - Exporting the following env vars:
AIRFLOW_CTX_DAG_OWNER=airflow
AIRFLOW_CTX_DAG_ID=prepare_data
AIRFLOW_CTX_TASK_ID=create_table
AIRFLOW_CTX_EXECUTION_DATE=2022-12-15T16:46:00+00:00
AIRFLOW_CTX_TRY_NUMBER=1
AIRFLOW_CTX_DAG_RUN_ID=scheduled__2022-12-15T16:46:00+00:00
[2022-12-15 16:47:00,751] {taskinstance.py:1889} ERROR - Task failed with exception
Traceback (most recent call last):
  File "/home/airflow/.local/lib/python3.7/site-packages/airflow/providers/postgres/operators/postgres.py", line 92, in execute
    self.hook.run(self.sql, self.autocommit, parameters=self.parameters)
  File "/home/airflow/.local/lib/python3.7/site-packages/airflow/hooks/dbapi.py", line 181, in run
    with closing(self.get_conn()) as conn:
  File "/home/airflow/.local/lib/python3.7/site-packages/airflow/providers/postgres/hooks/postgres.py", line 86, in get_conn
    conn = deepcopy(self.connection or self.get_connection(conn_id))
  File "/home/airflow/.local/lib/python3.7/site-packages/airflow/hooks/base.py", line 67, in get_connection
    conn = Connection.get_connection_from_secrets(conn_id)
  File "/home/airflow/.local/lib/python3.7/site-packages/airflow/models/connection.py", line 430, in get_connection_from_secrets
    raise AirflowNotFoundException(f"The conn_id `{conn_id}` isn't defined")
airflow.exceptions.AirflowNotFoundException: The conn_id `postgres_default` isn't defined
[2022-12-15 16:47:00,757] {taskinstance.py:1400} INFO - Marking task as FAILED. dag_id=prepare_data, task_id=create_table, execution_date=20221215T164600, start_date=20221215T164700, end_date=20221215T164700
[2022-12-15 16:47:00,773] {standard_task_runner.py:97} ERROR - Failed to execute job 3 for task create_table (The conn_id `postgres_default` isn't defined; 243)
[2022-12-15 16:47:00,825] {local_task_job.py:156} INFO - Task exited with return code 1
[2022-12-15 16:47:00,904] {local_task_job.py:273} INFO - 0 downstream tasks scheduled from follow-on schedule check
[2022-12-16 07:49:59,963] {taskinstance.py:1159} INFO - Dependencies all met for <TaskInstance: prepare_data.create_table scheduled__2022-12-15T16:46:00+00:00 [queued]>
[2022-12-16 07:50:00,591] {taskinstance.py:1159} INFO - Dependencies all met for <TaskInstance: prepare_data.create_table scheduled__2022-12-15T16:46:00+00:00 [queued]>
[2022-12-16 07:50:00,603] {taskinstance.py:1356} INFO - 
--------------------------------------------------------------------------------
[2022-12-16 07:50:00,615] {taskinstance.py:1357} INFO - Starting attempt 1 of 1
[2022-12-16 07:50:00,621] {taskinstance.py:1358} INFO - 
--------------------------------------------------------------------------------
[2022-12-16 07:50:01,424] {taskinstance.py:1377} INFO - Executing <Task(PostgresOperator): create_table> on 2022-12-15 16:46:00+00:00
[2022-12-16 07:50:01,509] {standard_task_runner.py:52} INFO - Started process 16516 to run task
[2022-12-16 07:50:01,622] {standard_task_runner.py:79} INFO - Running: ['airflow', 'tasks', 'run', 'prepare_data', 'create_table', 'scheduled__2022-12-15T16:46:00+00:00', '--job-id', '3', '--raw', '--subdir', 'DAGS_FOLDER/prepare_data.py', '--cfg-path', '/tmp/tmpsj1nvyv8', '--error-file', '/tmp/tmpjaxdbkrd']
[2022-12-16 07:50:01,623] {standard_task_runner.py:80} INFO - Job 3: Subtask create_table
[2022-12-16 07:50:04,683] {task_command.py:369} INFO - Running <TaskInstance: prepare_data.create_table scheduled__2022-12-15T16:46:00+00:00 [running]> on host 8e2f65ec4c74
[2022-12-16 07:50:09,248] {taskinstance.py:1571} INFO - Exporting the following env vars:
AIRFLOW_CTX_DAG_OWNER=airflow
AIRFLOW_CTX_DAG_ID=prepare_data
AIRFLOW_CTX_TASK_ID=create_table
AIRFLOW_CTX_EXECUTION_DATE=2022-12-15T16:46:00+00:00
AIRFLOW_CTX_TRY_NUMBER=1
AIRFLOW_CTX_DAG_RUN_ID=scheduled__2022-12-15T16:46:00+00:00
[2022-12-16 07:50:09,677] {base.py:68} INFO - Using connection ID 'gp_conn' for task execution.
[2022-12-16 07:50:09,883] {dbapi.py:208} INFO - Running statement: CREATE TABLE IF NOT EXISTS prepared_data (
	id SERIAL,
	sensor_id BIGINT,
	longitude FLOAT,
	latitude FLOAT,
	controller_id BIGINT,
	datetime TIMESTAMP WITH TIME ZONE,
	temperature INTEGER
);, parameters: None
[2022-12-16 07:50:09,888] {postgres.py:94} INFO - NOTICE:  relation "prepared_data" already exists, skipping

[2022-12-16 07:50:10,405] {taskinstance.py:1400} INFO - Marking task as SUCCESS. dag_id=prepare_data, task_id=create_table, execution_date=20221215T164600, start_date=20221216T074959, end_date=20221216T075010
[2022-12-16 07:50:11,045] {local_task_job.py:156} INFO - Task exited with return code 0
[2022-12-16 07:50:12,810] {local_task_job.py:273} INFO - 1 downstream tasks scheduled from follow-on schedule check
