[2022-12-16 13:15:02,630] {taskinstance.py:1159} INFO - Dependencies all met for <TaskInstance: prepare_data.get_last_id scheduled__2022-12-16T13:14:00+00:00 [queued]>
[2022-12-16 13:15:02,648] {taskinstance.py:1159} INFO - Dependencies all met for <TaskInstance: prepare_data.get_last_id scheduled__2022-12-16T13:14:00+00:00 [queued]>
[2022-12-16 13:15:02,648] {taskinstance.py:1356} INFO - 
--------------------------------------------------------------------------------
[2022-12-16 13:15:02,648] {taskinstance.py:1357} INFO - Starting attempt 1 of 1
[2022-12-16 13:15:02,649] {taskinstance.py:1358} INFO - 
--------------------------------------------------------------------------------
[2022-12-16 13:15:02,678] {taskinstance.py:1377} INFO - Executing <Task(PythonOperator): get_last_id> on 2022-12-16 13:14:00+00:00
[2022-12-16 13:15:02,681] {standard_task_runner.py:52} INFO - Started process 4488 to run task
[2022-12-16 13:15:02,688] {standard_task_runner.py:79} INFO - Running: ['airflow', 'tasks', 'run', 'prepare_data', 'get_last_id', 'scheduled__2022-12-16T13:14:00+00:00', '--job-id', '2168', '--raw', '--subdir', 'DAGS_FOLDER/prepare_data.py', '--cfg-path', '/tmp/tmp0s7hlgsf', '--error-file', '/tmp/tmpa76xe1fs']
[2022-12-16 13:15:02,690] {standard_task_runner.py:80} INFO - Job 2168: Subtask get_last_id
[2022-12-16 13:15:02,774] {task_command.py:369} INFO - Running <TaskInstance: prepare_data.get_last_id scheduled__2022-12-16T13:14:00+00:00 [running]> on host 8e2f65ec4c74
[2022-12-16 13:15:02,898] {taskinstance.py:1571} INFO - Exporting the following env vars:
AIRFLOW_CTX_DAG_OWNER=airflow
AIRFLOW_CTX_DAG_ID=prepare_data
AIRFLOW_CTX_TASK_ID=get_last_id
AIRFLOW_CTX_EXECUTION_DATE=2022-12-16T13:14:00+00:00
AIRFLOW_CTX_TRY_NUMBER=1
AIRFLOW_CTX_DAG_RUN_ID=scheduled__2022-12-16T13:14:00+00:00
[2022-12-16 13:15:02,915] {base.py:68} INFO - Using connection ID 'gp_conn' for task execution.
[2022-12-16 13:15:03,037] {prepare_data.py:35} INFO - ...
[2022-12-16 13:15:03,043] {python.py:173} INFO - Done. Returned value was: None
[2022-12-16 13:15:03,065] {taskinstance.py:1400} INFO - Marking task as SUCCESS. dag_id=prepare_data, task_id=get_last_id, execution_date=20221216T131400, start_date=20221216T131502, end_date=20221216T131503
[2022-12-16 13:15:03,115] {local_task_job.py:156} INFO - Task exited with return code 0
[2022-12-16 13:15:03,170] {local_task_job.py:273} INFO - 1 downstream tasks scheduled from follow-on schedule check
