[2022-12-16 07:53:59,922] {taskinstance.py:1159} INFO - Dependencies all met for <TaskInstance: prepare_data.transfer_data scheduled__2022-12-15T16:49:00+00:00 [queued]>
[2022-12-16 07:54:02,721] {taskinstance.py:1159} INFO - Dependencies all met for <TaskInstance: prepare_data.transfer_data scheduled__2022-12-15T16:49:00+00:00 [queued]>
[2022-12-16 07:54:02,791] {taskinstance.py:1356} INFO - 
--------------------------------------------------------------------------------
[2022-12-16 07:54:02,984] {taskinstance.py:1357} INFO - Starting attempt 1 of 1
[2022-12-16 07:54:03,067] {taskinstance.py:1358} INFO - 
--------------------------------------------------------------------------------
[2022-12-16 07:54:07,631] {taskinstance.py:1377} INFO - Executing <Task(PythonOperator): transfer_data> on 2022-12-15 16:49:00+00:00
[2022-12-16 07:54:09,418] {standard_task_runner.py:52} INFO - Started process 16587 to run task
[2022-12-16 07:54:10,609] {standard_task_runner.py:79} INFO - Running: ['airflow', 'tasks', 'run', 'prepare_data', 'transfer_data', 'scheduled__2022-12-15T16:49:00+00:00', '--job-id', '26', '--raw', '--subdir', 'DAGS_FOLDER/prepare_data.py', '--cfg-path', '/tmp/tmpx2_qwal7', '--error-file', '/tmp/tmpnc33zuzi']
[2022-12-16 07:54:10,610] {standard_task_runner.py:80} INFO - Job 26: Subtask transfer_data
[2022-12-16 07:54:48,303] {task_command.py:369} INFO - Running <TaskInstance: prepare_data.transfer_data scheduled__2022-12-15T16:49:00+00:00 [running]> on host 8e2f65ec4c74
[2022-12-16 07:57:47,190] {taskinstance.py:1571} INFO - Exporting the following env vars:
AIRFLOW_CTX_DAG_OWNER=airflow
AIRFLOW_CTX_DAG_ID=prepare_data
AIRFLOW_CTX_TASK_ID=transfer_data
AIRFLOW_CTX_EXECUTION_DATE=2022-12-15T16:49:00+00:00
AIRFLOW_CTX_TRY_NUMBER=1
AIRFLOW_CTX_DAG_RUN_ID=scheduled__2022-12-15T16:49:00+00:00
[2022-12-16 07:58:38,532] {base.py:68} INFO - Using connection ID 'gp_conn' for task execution.
[2022-12-16 07:59:31,577] {python.py:173} INFO - Done. Returned value was: None
[2022-12-16 07:59:31,932] {local_task_job.py:221} WARNING - State of this instance has been externally set to None. Terminating instance.
[2022-12-16 07:59:33,394] {process_utils.py:129} INFO - Sending Signals.SIGTERM to group 16587. PIDs of all processes in the group: [16587]
[2022-12-16 07:59:33,605] {process_utils.py:80} INFO - Sending the signal Signals.SIGTERM to group 16587
[2022-12-16 07:59:33,886] {taskinstance.py:1541} ERROR - Received SIGTERM. Terminating subprocesses.
[2022-12-16 07:59:36,675] {taskinstance.py:1889} ERROR - Task failed with exception
Traceback (most recent call last):
  File "/home/airflow/.local/lib/python3.7/site-packages/airflow/models/taskinstance.py", line 1453, in _run_raw_task
    self.refresh_from_db(lock_for_update=True, session=session)
  File "/home/airflow/.local/lib/python3.7/site-packages/airflow/utils/session.py", line 68, in wrapper
    return func(*args, **kwargs)
  File "/home/airflow/.local/lib/python3.7/site-packages/airflow/models/taskinstance.py", line 869, in refresh_from_db
    for attempt in run_with_db_retries(logger=self.log):
  File "/home/airflow/.local/lib/python3.7/site-packages/tenacity/__init__.py", line 382, in __iter__
    do = self.iter(retry_state=retry_state)
  File "/home/airflow/.local/lib/python3.7/site-packages/tenacity/__init__.py", line 349, in iter
    return fut.result()
  File "/usr/local/lib/python3.7/concurrent/futures/_base.py", line 428, in result
    return self.__get_result()
  File "/usr/local/lib/python3.7/concurrent/futures/_base.py", line 384, in __get_result
    raise self._exception
  File "/home/airflow/.local/lib/python3.7/site-packages/airflow/models/taskinstance.py", line 871, in refresh_from_db
    ti: Optional[TaskInstance] = qry.with_for_update().first()
  File "/home/airflow/.local/lib/python3.7/site-packages/sqlalchemy/orm/query.py", line 2734, in first
    return self.limit(1)._iter().first()
  File "/home/airflow/.local/lib/python3.7/site-packages/sqlalchemy/orm/query.py", line 2821, in _iter
    execution_options={"_sa_orm_load_options": self.load_options},
  File "/home/airflow/.local/lib/python3.7/site-packages/sqlalchemy/orm/session.py", line 1670, in execute
    result = conn._execute_20(statement, params or {}, execution_options)
  File "/home/airflow/.local/lib/python3.7/site-packages/sqlalchemy/engine/base.py", line 1520, in _execute_20
    return meth(self, args_10style, kwargs_10style, execution_options)
  File "/home/airflow/.local/lib/python3.7/site-packages/sqlalchemy/sql/elements.py", line 314, in _execute_on_connection
    self, multiparams, params, execution_options
  File "/home/airflow/.local/lib/python3.7/site-packages/sqlalchemy/engine/base.py", line 1387, in _execute_clauseelement
    linting=self.dialect.compiler_linting | compiler.WARN_LINTING,
  File "/home/airflow/.local/lib/python3.7/site-packages/sqlalchemy/sql/elements.py", line 541, in _compile_w_cache
    **kw
  File "/home/airflow/.local/lib/python3.7/site-packages/sqlalchemy/sql/elements.py", line 570, in _compiler
    return dialect.statement_compiler(dialect, self, **kw)
  File "/home/airflow/.local/lib/python3.7/site-packages/sqlalchemy/sql/compiler.py", line 766, in __init__
    Compiled.__init__(self, dialect, statement, **kwargs)
  File "/home/airflow/.local/lib/python3.7/site-packages/sqlalchemy/sql/compiler.py", line 455, in __init__
    self.string = self.process(self.statement, **compile_kwargs)
  File "/home/airflow/.local/lib/python3.7/site-packages/sqlalchemy/sql/compiler.py", line 490, in process
    return obj._compiler_dispatch(self, **kwargs)
  File "/home/airflow/.local/lib/python3.7/site-packages/sqlalchemy/sql/visitors.py", line 81, in _compiler_dispatch
    return meth(self, **kw)
  File "/home/airflow/.local/lib/python3.7/site-packages/sqlalchemy/sql/compiler.py", line 3067, in visit_select
    for name, column, repeated in compile_state.columns_plus_names
  File "/home/airflow/.local/lib/python3.7/site-packages/sqlalchemy/sql/compiler.py", line 3067, in <listcomp>
    for name, column, repeated in compile_state.columns_plus_names
  File "/home/airflow/.local/lib/python3.7/site-packages/sqlalchemy/sql/compiler.py", line 2898, in _label_select_column
    return result_expr._compiler_dispatch(self, **column_clause_args)
  File "/home/airflow/.local/lib/python3.7/site-packages/sqlalchemy/sql/visitors.py", line 81, in _compiler_dispatch
    return meth(self, **kw)
  File "/home/airflow/.local/lib/python3.7/site-packages/sqlalchemy/sql/compiler.py", line 1423, in visit_label
    + self.preparer.format_label(label, labelname)
  File "/home/airflow/.local/lib/python3.7/site-packages/sqlalchemy/sql/visitors.py", line 81, in _compiler_dispatch
    return meth(self, **kw)
  File "/home/airflow/.local/lib/python3.7/site-packages/sqlalchemy/sql/compiler.py", line 1441, in visit_column
    def visit_column(
  File "/home/airflow/.local/lib/python3.7/site-packages/airflow/models/taskinstance.py", line 1543, in signal_handler
    raise AirflowException("Task received SIGTERM signal")
airflow.exceptions.AirflowException: Task received SIGTERM signal
[2022-12-16 07:59:40,145] {taskinstance.py:1400} INFO - Marking task as FAILED. dag_id=prepare_data, task_id=transfer_data, execution_date=20221215T164900, start_date=20221216T075359, end_date=20221216T075940
[2022-12-16 07:59:43,548] {standard_task_runner.py:97} ERROR - Failed to execute job 26 for task transfer_data (Task received SIGTERM signal; 16587)
[2022-12-16 07:59:44,978] {process_utils.py:75} INFO - Process psutil.Process(pid=16587, status='terminated', exitcode=1, started='07:54:07') (16587) terminated with exit code 1
