[2022-12-16 13:03:27,848] {taskinstance.py:1159} INFO - Dependencies all met for <TaskInstance: prepare_data.get_last_id scheduled__2022-12-16T11:54:00+00:00 [queued]>
[2022-12-16 13:03:27,973] {taskinstance.py:1159} INFO - Dependencies all met for <TaskInstance: prepare_data.get_last_id scheduled__2022-12-16T11:54:00+00:00 [queued]>
[2022-12-16 13:03:27,982] {taskinstance.py:1356} INFO - 
--------------------------------------------------------------------------------
[2022-12-16 13:03:27,982] {taskinstance.py:1357} INFO - Starting attempt 1 of 1
[2022-12-16 13:03:27,982] {taskinstance.py:1358} INFO - 
--------------------------------------------------------------------------------
[2022-12-16 13:03:28,218] {taskinstance.py:1377} INFO - Executing <Task(PythonOperator): get_last_id> on 2022-12-16 11:54:00+00:00
[2022-12-16 13:03:28,285] {standard_task_runner.py:52} INFO - Started process 3886 to run task
[2022-12-16 13:03:28,383] {standard_task_runner.py:79} INFO - Running: ['airflow', 'tasks', 'run', 'prepare_data', 'get_last_id', 'scheduled__2022-12-16T11:54:00+00:00', '--job-id', '1926', '--raw', '--subdir', 'DAGS_FOLDER/prepare_data.py', '--cfg-path', '/tmp/tmp6d3al6o7', '--error-file', '/tmp/tmpfy1boqwj']
[2022-12-16 13:03:28,411] {standard_task_runner.py:80} INFO - Job 1926: Subtask get_last_id
[2022-12-16 13:03:29,141] {task_command.py:369} INFO - Running <TaskInstance: prepare_data.get_last_id scheduled__2022-12-16T11:54:00+00:00 [running]> on host 8e2f65ec4c74
[2022-12-16 13:03:30,278] {taskinstance.py:1571} INFO - Exporting the following env vars:
AIRFLOW_CTX_DAG_OWNER=airflow
AIRFLOW_CTX_DAG_ID=prepare_data
AIRFLOW_CTX_TASK_ID=get_last_id
AIRFLOW_CTX_EXECUTION_DATE=2022-12-16T11:54:00+00:00
AIRFLOW_CTX_TRY_NUMBER=1
AIRFLOW_CTX_DAG_RUN_ID=scheduled__2022-12-16T11:54:00+00:00
[2022-12-16 13:03:30,385] {base.py:68} INFO - Using connection ID 'gp_conn' for task execution.
[2022-12-16 13:03:30,612] {python.py:173} INFO - Done. Returned value was: None
[2022-12-16 13:03:30,745] {taskinstance.py:1400} INFO - Marking task as SUCCESS. dag_id=prepare_data, task_id=get_last_id, execution_date=20221216T115400, start_date=20221216T130327, end_date=20221216T130330
[2022-12-16 13:03:30,837] {local_task_job.py:156} INFO - Task exited with return code 0
[2022-12-16 13:03:31,328] {local_task_job.py:273} INFO - 1 downstream tasks scheduled from follow-on schedule check
