[2022-12-12 18:25:31,447] {taskinstance.py:1159} INFO - Dependencies all met for <TaskInstance: prepare_data.get_last_id scheduled__2022-11-28T17:00:00+00:00 [queued]>
[2022-12-12 18:25:31,604] {taskinstance.py:1159} INFO - Dependencies all met for <TaskInstance: prepare_data.get_last_id scheduled__2022-11-28T17:00:00+00:00 [queued]>
[2022-12-12 18:25:31,609] {taskinstance.py:1356} INFO - 
--------------------------------------------------------------------------------
[2022-12-12 18:25:31,612] {taskinstance.py:1357} INFO - Starting attempt 1 of 1
[2022-12-12 18:25:31,614] {taskinstance.py:1358} INFO - 
--------------------------------------------------------------------------------
[2022-12-12 18:25:31,760] {taskinstance.py:1377} INFO - Executing <Task(PythonOperator): get_last_id> on 2022-11-28 17:00:00+00:00
[2022-12-12 18:25:31,834] {standard_task_runner.py:52} INFO - Started process 356 to run task
[2022-12-12 18:25:31,830] {standard_task_runner.py:79} INFO - Running: ['airflow', 'tasks', 'run', 'prepare_data', 'get_last_id', 'scheduled__2022-11-28T17:00:00+00:00', '--job-id', '73', '--raw', '--subdir', 'DAGS_FOLDER/prepare_data.py', '--cfg-path', '/tmp/tmpkmet_c9n', '--error-file', '/tmp/tmpvwuxt51u']
[2022-12-12 18:25:31,851] {standard_task_runner.py:80} INFO - Job 73: Subtask get_last_id
[2022-12-12 18:25:32,415] {task_command.py:369} INFO - Running <TaskInstance: prepare_data.get_last_id scheduled__2022-11-28T17:00:00+00:00 [running]> on host a49e44ee4a94
[2022-12-12 18:25:32,756] {taskinstance.py:1571} INFO - Exporting the following env vars:
AIRFLOW_CTX_DAG_OWNER=airflow
AIRFLOW_CTX_DAG_ID=prepare_data
AIRFLOW_CTX_TASK_ID=get_last_id
AIRFLOW_CTX_EXECUTION_DATE=2022-11-28T17:00:00+00:00
AIRFLOW_CTX_TRY_NUMBER=1
AIRFLOW_CTX_DAG_RUN_ID=scheduled__2022-11-28T17:00:00+00:00
[2022-12-12 18:25:32,854] {base.py:68} INFO - Using connection ID 'postgres_default' for task execution.
[2022-12-12 18:25:33,008] {python.py:173} INFO - Done. Returned value was: None
[2022-12-12 18:25:34,133] {taskinstance.py:1400} INFO - Marking task as SUCCESS. dag_id=prepare_data, task_id=get_last_id, execution_date=20221128T170000, start_date=20221212T182531, end_date=20221212T182534
[2022-12-12 18:25:34,572] {local_task_job.py:156} INFO - Task exited with return code 0
[2022-12-12 18:25:34,888] {local_task_job.py:273} INFO - 1 downstream tasks scheduled from follow-on schedule check
[2022-12-12 18:38:55,327] {taskinstance.py:1159} INFO - Dependencies all met for <TaskInstance: prepare_data.get_last_id scheduled__2022-11-28T17:00:00+00:00 [queued]>
[2022-12-12 18:38:55,652] {taskinstance.py:1159} INFO - Dependencies all met for <TaskInstance: prepare_data.get_last_id scheduled__2022-11-28T17:00:00+00:00 [queued]>
[2022-12-12 18:38:55,663] {taskinstance.py:1356} INFO - 
--------------------------------------------------------------------------------
[2022-12-12 18:38:55,668] {taskinstance.py:1357} INFO - Starting attempt 1 of 1
[2022-12-12 18:38:55,671] {taskinstance.py:1358} INFO - 
--------------------------------------------------------------------------------
[2022-12-12 18:38:56,055] {taskinstance.py:1377} INFO - Executing <Task(PythonOperator): get_last_id> on 2022-11-28 17:00:00+00:00
[2022-12-12 18:38:56,087] {standard_task_runner.py:52} INFO - Started process 338 to run task
[2022-12-12 18:38:56,184] {standard_task_runner.py:79} INFO - Running: ['airflow', 'tasks', 'run', 'prepare_data', 'get_last_id', 'scheduled__2022-11-28T17:00:00+00:00', '--job-id', '65', '--raw', '--subdir', 'DAGS_FOLDER/prepare_data.py', '--cfg-path', '/tmp/tmpj0qftehw', '--error-file', '/tmp/tmpdjh_108y']
[2022-12-12 18:38:56,205] {standard_task_runner.py:80} INFO - Job 65: Subtask get_last_id
[2022-12-12 18:38:56,601] {task_command.py:369} INFO - Running <TaskInstance: prepare_data.get_last_id scheduled__2022-11-28T17:00:00+00:00 [running]> on host cfea470654c7
[2022-12-12 18:38:57,421] {taskinstance.py:1571} INFO - Exporting the following env vars:
AIRFLOW_CTX_DAG_OWNER=airflow
AIRFLOW_CTX_DAG_ID=prepare_data
AIRFLOW_CTX_TASK_ID=get_last_id
AIRFLOW_CTX_EXECUTION_DATE=2022-11-28T17:00:00+00:00
AIRFLOW_CTX_TRY_NUMBER=1
AIRFLOW_CTX_DAG_RUN_ID=scheduled__2022-11-28T17:00:00+00:00
[2022-12-12 18:38:57,535] {base.py:68} INFO - Using connection ID 'postgres_default' for task execution.
[2022-12-12 18:38:57,651] {python.py:173} INFO - Done. Returned value was: None
[2022-12-12 18:38:57,748] {taskinstance.py:1400} INFO - Marking task as SUCCESS. dag_id=prepare_data, task_id=get_last_id, execution_date=20221128T170000, start_date=20221212T183855, end_date=20221212T183857
[2022-12-12 18:38:58,167] {local_task_job.py:156} INFO - Task exited with return code 0
[2022-12-12 18:38:59,067] {local_task_job.py:273} INFO - 0 downstream tasks scheduled from follow-on schedule check
