[2022-12-12 18:25:52,412] {taskinstance.py:1159} INFO - Dependencies all met for <TaskInstance: prepare_data.create_table scheduled__2022-11-28T17:16:00+00:00 [queued]>
[2022-12-12 18:25:52,551] {taskinstance.py:1159} INFO - Dependencies all met for <TaskInstance: prepare_data.create_table scheduled__2022-11-28T17:16:00+00:00 [queued]>
[2022-12-12 18:25:52,556] {taskinstance.py:1356} INFO - 
--------------------------------------------------------------------------------
[2022-12-12 18:25:52,560] {taskinstance.py:1357} INFO - Starting attempt 1 of 1
[2022-12-12 18:25:52,569] {taskinstance.py:1358} INFO - 
--------------------------------------------------------------------------------
[2022-12-12 18:25:52,878] {taskinstance.py:1377} INFO - Executing <Task(PostgresOperator): create_table> on 2022-11-28 17:16:00+00:00
[2022-12-12 18:25:52,905] {standard_task_runner.py:52} INFO - Started process 432 to run task
[2022-12-12 18:25:52,942] {standard_task_runner.py:79} INFO - Running: ['airflow', 'tasks', 'run', 'prepare_data', 'create_table', 'scheduled__2022-11-28T17:16:00+00:00', '--job-id', '109', '--raw', '--subdir', 'DAGS_FOLDER/prepare_data.py', '--cfg-path', '/tmp/tmp9vn6l7ts', '--error-file', '/tmp/tmp34zw7qxx']
[2022-12-12 18:25:52,954] {standard_task_runner.py:80} INFO - Job 109: Subtask create_table
[2022-12-12 18:25:53,469] {task_command.py:369} INFO - Running <TaskInstance: prepare_data.create_table scheduled__2022-11-28T17:16:00+00:00 [running]> on host a49e44ee4a94
[2022-12-12 18:25:54,776] {taskinstance.py:1571} INFO - Exporting the following env vars:
AIRFLOW_CTX_DAG_OWNER=airflow
AIRFLOW_CTX_DAG_ID=prepare_data
AIRFLOW_CTX_TASK_ID=create_table
AIRFLOW_CTX_EXECUTION_DATE=2022-11-28T17:16:00+00:00
AIRFLOW_CTX_TRY_NUMBER=1
AIRFLOW_CTX_DAG_RUN_ID=scheduled__2022-11-28T17:16:00+00:00
[2022-12-12 18:25:54,948] {base.py:68} INFO - Using connection ID 'postgres_default' for task execution.
[2022-12-12 18:25:55,042] {dbapi.py:208} INFO - Running statement: CREATE TABLE IF NOT EXISTS prepared_data (
	id SERIAL,
	sensor_id BIGINT,
	longitude FLOAT,
	latitude FLOAT,
	controller_id BIGINT,
	datetime TIMESTAMP WITH TIME ZONE,
	temperature INTEGER
);, parameters: None
[2022-12-12 18:25:55,053] {postgres.py:94} INFO - NOTICE:  relation "prepared_data" already exists, skipping

[2022-12-12 18:25:55,331] {taskinstance.py:1400} INFO - Marking task as SUCCESS. dag_id=prepare_data, task_id=create_table, execution_date=20221128T171600, start_date=20221212T182552, end_date=20221212T182555
[2022-12-12 18:25:56,105] {local_task_job.py:156} INFO - Task exited with return code 0
[2022-12-12 18:25:56,577] {local_task_job.py:273} INFO - 1 downstream tasks scheduled from follow-on schedule check
[2022-12-12 18:39:20,229] {taskinstance.py:1159} INFO - Dependencies all met for <TaskInstance: prepare_data.create_table scheduled__2022-11-28T17:16:00+00:00 [queued]>
[2022-12-12 18:39:20,343] {taskinstance.py:1159} INFO - Dependencies all met for <TaskInstance: prepare_data.create_table scheduled__2022-11-28T17:16:00+00:00 [queued]>
[2022-12-12 18:39:20,432] {taskinstance.py:1356} INFO - 
--------------------------------------------------------------------------------
[2022-12-12 18:39:20,443] {taskinstance.py:1357} INFO - Starting attempt 1 of 1
[2022-12-12 18:39:20,444] {taskinstance.py:1358} INFO - 
--------------------------------------------------------------------------------
[2022-12-12 18:39:20,611] {taskinstance.py:1377} INFO - Executing <Task(PostgresOperator): create_table> on 2022-11-28 17:16:00+00:00
[2022-12-12 18:39:20,661] {standard_task_runner.py:52} INFO - Started process 418 to run task
[2022-12-12 18:39:20,690] {standard_task_runner.py:79} INFO - Running: ['airflow', 'tasks', 'run', 'prepare_data', 'create_table', 'scheduled__2022-11-28T17:16:00+00:00', '--job-id', '107', '--raw', '--subdir', 'DAGS_FOLDER/prepare_data.py', '--cfg-path', '/tmp/tmpy7c779dg', '--error-file', '/tmp/tmp0e9sci5s']
[2022-12-12 18:39:20,719] {standard_task_runner.py:80} INFO - Job 107: Subtask create_table
[2022-12-12 18:39:21,319] {task_command.py:369} INFO - Running <TaskInstance: prepare_data.create_table scheduled__2022-11-28T17:16:00+00:00 [running]> on host cfea470654c7
[2022-12-12 18:39:21,849] {taskinstance.py:1571} INFO - Exporting the following env vars:
AIRFLOW_CTX_DAG_OWNER=airflow
AIRFLOW_CTX_DAG_ID=prepare_data
AIRFLOW_CTX_TASK_ID=create_table
AIRFLOW_CTX_EXECUTION_DATE=2022-11-28T17:16:00+00:00
AIRFLOW_CTX_TRY_NUMBER=1
AIRFLOW_CTX_DAG_RUN_ID=scheduled__2022-11-28T17:16:00+00:00
[2022-12-12 18:39:21,941] {base.py:68} INFO - Using connection ID 'postgres_default' for task execution.
[2022-12-12 18:39:22,025] {dbapi.py:208} INFO - Running statement: CREATE TABLE IF NOT EXISTS prepared_data (
	id SERIAL,
	sensor_id BIGINT,
	longitude FLOAT,
	latitude FLOAT,
	controller_id BIGINT,
	datetime TIMESTAMP WITH TIME ZONE,
	temperature INTEGER
);, parameters: None
[2022-12-12 18:39:22,036] {postgres.py:94} INFO - NOTICE:  relation "prepared_data" already exists, skipping

[2022-12-12 18:39:22,149] {taskinstance.py:1400} INFO - Marking task as SUCCESS. dag_id=prepare_data, task_id=create_table, execution_date=20221128T171600, start_date=20221212T183920, end_date=20221212T183922
[2022-12-12 18:39:22,228] {local_task_job.py:156} INFO - Task exited with return code 0
[2022-12-12 18:39:22,657] {local_task_job.py:273} INFO - 1 downstream tasks scheduled from follow-on schedule check
