[2022-12-16 10:45:52,350] {taskinstance.py:1159} INFO - Dependencies all met for <TaskInstance: prepare_data.create_table scheduled__2022-12-15T22:50:00+00:00 [queued]>
[2022-12-16 10:45:52,768] {taskinstance.py:1159} INFO - Dependencies all met for <TaskInstance: prepare_data.create_table scheduled__2022-12-15T22:50:00+00:00 [queued]>
[2022-12-16 10:45:52,768] {taskinstance.py:1356} INFO - 
--------------------------------------------------------------------------------
[2022-12-16 10:45:52,768] {taskinstance.py:1357} INFO - Starting attempt 1 of 1
[2022-12-16 10:45:52,768] {taskinstance.py:1358} INFO - 
--------------------------------------------------------------------------------
[2022-12-16 10:45:53,022] {taskinstance.py:1377} INFO - Executing <Task(PostgresOperator): create_table> on 2022-12-15 22:50:00+00:00
[2022-12-16 10:45:53,041] {standard_task_runner.py:52} INFO - Started process 2054 to run task
[2022-12-16 10:45:53,136] {standard_task_runner.py:79} INFO - Running: ['airflow', 'tasks', 'run', 'prepare_data', 'create_table', 'scheduled__2022-12-15T22:50:00+00:00', '--job-id', '1104', '--raw', '--subdir', 'DAGS_FOLDER/prepare_data.py', '--cfg-path', '/tmp/tmpob2gthek', '--error-file', '/tmp/tmpqepig0zz']
[2022-12-16 10:45:53,137] {standard_task_runner.py:80} INFO - Job 1104: Subtask create_table
[2022-12-16 10:45:53,924] {task_command.py:369} INFO - Running <TaskInstance: prepare_data.create_table scheduled__2022-12-15T22:50:00+00:00 [running]> on host 8e2f65ec4c74
[2022-12-16 10:45:55,228] {taskinstance.py:1571} INFO - Exporting the following env vars:
AIRFLOW_CTX_DAG_OWNER=airflow
AIRFLOW_CTX_DAG_ID=prepare_data
AIRFLOW_CTX_TASK_ID=create_table
AIRFLOW_CTX_EXECUTION_DATE=2022-12-15T22:50:00+00:00
AIRFLOW_CTX_TRY_NUMBER=1
AIRFLOW_CTX_DAG_RUN_ID=scheduled__2022-12-15T22:50:00+00:00
[2022-12-16 10:45:55,466] {base.py:68} INFO - Using connection ID 'gp_conn' for task execution.
[2022-12-16 10:45:55,609] {dbapi.py:208} INFO - Running statement: CREATE TABLE IF NOT EXISTS prepared_data (
	id SERIAL,
	sensor_id BIGINT,
	longitude FLOAT,
	latitude FLOAT,
	controller_id BIGINT,
	datetime TIMESTAMP WITH TIME ZONE,
	temperature INTEGER
);, parameters: None
[2022-12-16 10:45:55,737] {postgres.py:94} INFO - NOTICE:  relation "prepared_data" already exists, skipping

[2022-12-16 10:45:55,930] {taskinstance.py:1400} INFO - Marking task as SUCCESS. dag_id=prepare_data, task_id=create_table, execution_date=20221215T225000, start_date=20221216T104552, end_date=20221216T104555
[2022-12-16 10:45:56,343] {local_task_job.py:156} INFO - Task exited with return code 0
[2022-12-16 10:45:59,027] {local_task_job.py:273} INFO - 0 downstream tasks scheduled from follow-on schedule check
