[2022-12-16 10:36:25,581] {taskinstance.py:1159} INFO - Dependencies all met for <TaskInstance: prepare_data.get_last_id scheduled__2022-12-15T19:57:00+00:00 [queued]>
[2022-12-16 10:36:25,899] {taskinstance.py:1159} INFO - Dependencies all met for <TaskInstance: prepare_data.get_last_id scheduled__2022-12-15T19:57:00+00:00 [queued]>
[2022-12-16 10:36:25,899] {taskinstance.py:1356} INFO - 
--------------------------------------------------------------------------------
[2022-12-16 10:36:25,899] {taskinstance.py:1357} INFO - Starting attempt 1 of 1
[2022-12-16 10:36:25,900] {taskinstance.py:1358} INFO - 
--------------------------------------------------------------------------------
[2022-12-16 10:36:26,244] {taskinstance.py:1377} INFO - Executing <Task(PythonOperator): get_last_id> on 2022-12-15 19:57:00+00:00
[2022-12-16 10:36:26,321] {standard_task_runner.py:52} INFO - Started process 954 to run task
[2022-12-16 10:36:26,475] {standard_task_runner.py:79} INFO - Running: ['airflow', 'tasks', 'run', 'prepare_data', 'get_last_id', 'scheduled__2022-12-15T19:57:00+00:00', '--job-id', '599', '--raw', '--subdir', 'DAGS_FOLDER/prepare_data.py', '--cfg-path', '/tmp/tmpazvnq3lu', '--error-file', '/tmp/tmp0b0mqezb']
[2022-12-16 10:36:26,493] {standard_task_runner.py:80} INFO - Job 599: Subtask get_last_id
[2022-12-16 10:36:27,507] {task_command.py:369} INFO - Running <TaskInstance: prepare_data.get_last_id scheduled__2022-12-15T19:57:00+00:00 [running]> on host 8e2f65ec4c74
[2022-12-16 10:36:28,802] {taskinstance.py:1571} INFO - Exporting the following env vars:
AIRFLOW_CTX_DAG_OWNER=airflow
AIRFLOW_CTX_DAG_ID=prepare_data
AIRFLOW_CTX_TASK_ID=get_last_id
AIRFLOW_CTX_EXECUTION_DATE=2022-12-15T19:57:00+00:00
AIRFLOW_CTX_TRY_NUMBER=1
AIRFLOW_CTX_DAG_RUN_ID=scheduled__2022-12-15T19:57:00+00:00
[2022-12-16 10:36:28,990] {base.py:68} INFO - Using connection ID 'gp_conn' for task execution.
[2022-12-16 10:36:29,310] {python.py:173} INFO - Done. Returned value was: None
[2022-12-16 10:36:29,488] {taskinstance.py:1400} INFO - Marking task as SUCCESS. dag_id=prepare_data, task_id=get_last_id, execution_date=20221215T195700, start_date=20221216T103625, end_date=20221216T103629
[2022-12-16 10:36:29,811] {local_task_job.py:156} INFO - Task exited with return code 0
[2022-12-16 10:36:30,373] {local_task_job.py:273} INFO - 1 downstream tasks scheduled from follow-on schedule check
