[2022-12-16 08:20:20,542] {taskinstance.py:1159} INFO - Dependencies all met for <TaskInstance: prepare_data.transfer_data scheduled__2022-12-15T17:55:00+00:00 [queued]>
[2022-12-16 08:20:22,715] {taskinstance.py:1159} INFO - Dependencies all met for <TaskInstance: prepare_data.transfer_data scheduled__2022-12-15T17:55:00+00:00 [queued]>
[2022-12-16 08:20:22,775] {taskinstance.py:1356} INFO - 
--------------------------------------------------------------------------------
[2022-12-16 08:20:22,775] {taskinstance.py:1357} INFO - Starting attempt 1 of 1
[2022-12-16 08:20:22,900] {taskinstance.py:1358} INFO - 
--------------------------------------------------------------------------------
[2022-12-16 08:20:25,711] {taskinstance.py:1377} INFO - Executing <Task(PythonOperator): transfer_data> on 2022-12-15 17:55:00+00:00
[2022-12-16 08:20:25,900] {standard_task_runner.py:52} INFO - Started process 17112 to run task
[2022-12-16 08:20:26,174] {standard_task_runner.py:79} INFO - Running: ['airflow', 'tasks', 'run', 'prepare_data', 'transfer_data', 'scheduled__2022-12-15T17:55:00+00:00', '--job-id', '229', '--raw', '--subdir', 'DAGS_FOLDER/prepare_data.py', '--cfg-path', '/tmp/tmpajq125g3', '--error-file', '/tmp/tmp5tb50mkl']
[2022-12-16 08:20:26,214] {standard_task_runner.py:80} INFO - Job 229: Subtask transfer_data
[2022-12-16 08:20:28,944] {task_command.py:369} INFO - Running <TaskInstance: prepare_data.transfer_data scheduled__2022-12-15T17:55:00+00:00 [running]> on host 8e2f65ec4c74
[2022-12-16 08:21:29,639] {taskinstance.py:1571} INFO - Exporting the following env vars:
AIRFLOW_CTX_DAG_OWNER=airflow
AIRFLOW_CTX_DAG_ID=prepare_data
AIRFLOW_CTX_TASK_ID=transfer_data
AIRFLOW_CTX_EXECUTION_DATE=2022-12-15T17:55:00+00:00
AIRFLOW_CTX_TRY_NUMBER=1
AIRFLOW_CTX_DAG_RUN_ID=scheduled__2022-12-15T17:55:00+00:00
[2022-12-16 08:21:42,309] {base.py:68} INFO - Using connection ID 'gp_conn' for task execution.
