[2022-12-15 16:58:04,360] {taskinstance.py:1159} INFO - Dependencies all met for <TaskInstance: prepare_data.transfer_data scheduled__2022-12-15T16:57:00+00:00 [queued]>
[2022-12-15 16:58:04,373] {taskinstance.py:1159} INFO - Dependencies all met for <TaskInstance: prepare_data.transfer_data scheduled__2022-12-15T16:57:00+00:00 [queued]>
[2022-12-15 16:58:04,375] {taskinstance.py:1356} INFO - 
--------------------------------------------------------------------------------
[2022-12-15 16:58:04,376] {taskinstance.py:1357} INFO - Starting attempt 1 of 1
[2022-12-15 16:58:04,377] {taskinstance.py:1358} INFO - 
--------------------------------------------------------------------------------
[2022-12-15 16:58:04,394] {taskinstance.py:1377} INFO - Executing <Task(PythonOperator): transfer_data> on 2022-12-15 16:57:00+00:00
[2022-12-15 16:58:04,399] {standard_task_runner.py:52} INFO - Started process 270 to run task
[2022-12-15 16:58:04,404] {standard_task_runner.py:79} INFO - Running: ['airflow', 'tasks', 'run', 'prepare_data', 'transfer_data', 'scheduled__2022-12-15T16:57:00+00:00', '--job-id', '23', '--raw', '--subdir', 'DAGS_FOLDER/prepare_data.py', '--cfg-path', '/tmp/tmprrol1pz_', '--error-file', '/tmp/tmp84fz96k9']
[2022-12-15 16:58:04,406] {standard_task_runner.py:80} INFO - Job 23: Subtask transfer_data
[2022-12-15 16:58:04,496] {task_command.py:369} INFO - Running <TaskInstance: prepare_data.transfer_data scheduled__2022-12-15T16:57:00+00:00 [running]> on host 39e562fe01ff
[2022-12-15 16:58:04,609] {taskinstance.py:1571} INFO - Exporting the following env vars:
AIRFLOW_CTX_DAG_OWNER=airflow
AIRFLOW_CTX_DAG_ID=prepare_data
AIRFLOW_CTX_TASK_ID=transfer_data
AIRFLOW_CTX_EXECUTION_DATE=2022-12-15T16:57:00+00:00
AIRFLOW_CTX_TRY_NUMBER=1
AIRFLOW_CTX_DAG_RUN_ID=scheduled__2022-12-15T16:57:00+00:00
[2022-12-15 16:58:04,629] {base.py:68} INFO - Using connection ID 'gp_conn' for task execution.
[2022-12-15 16:58:04,695] {python.py:173} INFO - Done. Returned value was: None
[2022-12-15 16:58:04,718] {taskinstance.py:1400} INFO - Marking task as SUCCESS. dag_id=prepare_data, task_id=transfer_data, execution_date=20221215T165700, start_date=20221215T165804, end_date=20221215T165804
[2022-12-15 16:58:04,779] {local_task_job.py:156} INFO - Task exited with return code 0
[2022-12-15 16:58:04,838] {local_task_job.py:273} INFO - 0 downstream tasks scheduled from follow-on schedule check
[2022-12-16 08:04:26,078] {taskinstance.py:1159} INFO - Dependencies all met for <TaskInstance: prepare_data.transfer_data scheduled__2022-12-15T16:57:00+00:00 [queued]>
[2022-12-16 08:04:27,854] {taskinstance.py:1159} INFO - Dependencies all met for <TaskInstance: prepare_data.transfer_data scheduled__2022-12-15T16:57:00+00:00 [queued]>
[2022-12-16 08:04:27,913] {taskinstance.py:1356} INFO - 
--------------------------------------------------------------------------------
[2022-12-16 08:04:27,913] {taskinstance.py:1357} INFO - Starting attempt 1 of 1
[2022-12-16 08:04:27,913] {taskinstance.py:1358} INFO - 
--------------------------------------------------------------------------------
[2022-12-16 08:04:29,784] {taskinstance.py:1377} INFO - Executing <Task(PythonOperator): transfer_data> on 2022-12-15 16:57:00+00:00
[2022-12-16 08:04:30,255] {standard_task_runner.py:52} INFO - Started process 16658 to run task
[2022-12-16 08:04:30,567] {standard_task_runner.py:79} INFO - Running: ['airflow', 'tasks', 'run', 'prepare_data', 'transfer_data', 'scheduled__2022-12-15T16:57:00+00:00', '--job-id', '49', '--raw', '--subdir', 'DAGS_FOLDER/prepare_data.py', '--cfg-path', '/tmp/tmpgi4rp3q8', '--error-file', '/tmp/tmp4fh5iwzx']
[2022-12-16 08:04:30,635] {standard_task_runner.py:80} INFO - Job 49: Subtask transfer_data
[2022-12-16 08:04:51,097] {task_command.py:369} INFO - Running <TaskInstance: prepare_data.transfer_data scheduled__2022-12-15T16:57:00+00:00 [running]> on host 8e2f65ec4c74
[2022-12-16 08:05:03,672] {taskinstance.py:1571} INFO - Exporting the following env vars:
AIRFLOW_CTX_DAG_OWNER=airflow
AIRFLOW_CTX_DAG_ID=prepare_data
AIRFLOW_CTX_TASK_ID=transfer_data
AIRFLOW_CTX_EXECUTION_DATE=2022-12-15T16:57:00+00:00
AIRFLOW_CTX_TRY_NUMBER=1
AIRFLOW_CTX_DAG_RUN_ID=scheduled__2022-12-15T16:57:00+00:00
[2022-12-16 08:05:08,196] {base.py:68} INFO - Using connection ID 'gp_conn' for task execution.
[2022-12-16 08:05:28,493] {python.py:173} INFO - Done. Returned value was: None
[2022-12-16 08:05:35,107] {taskinstance.py:1400} INFO - Marking task as SUCCESS. dag_id=prepare_data, task_id=transfer_data, execution_date=20221215T165700, start_date=20221216T080426, end_date=20221216T080535
[2022-12-16 08:05:37,949] {local_task_job.py:156} INFO - Task exited with return code 0
[2022-12-16 08:05:40,792] {local_task_job.py:273} INFO - 0 downstream tasks scheduled from follow-on schedule check
