[2022-12-12 18:24:21,293] {taskinstance.py:1159} INFO - Dependencies all met for <TaskInstance: prepare_data.create_table scheduled__2022-11-28T16:37:00+00:00 [queued]>
[2022-12-12 18:24:21,338] {taskinstance.py:1159} INFO - Dependencies all met for <TaskInstance: prepare_data.create_table scheduled__2022-11-28T16:37:00+00:00 [queued]>
[2022-12-12 18:24:21,340] {taskinstance.py:1356} INFO - 
--------------------------------------------------------------------------------
[2022-12-12 18:24:21,344] {taskinstance.py:1357} INFO - Starting attempt 1 of 1
[2022-12-12 18:24:21,346] {taskinstance.py:1358} INFO - 
--------------------------------------------------------------------------------
[2022-12-12 18:24:21,406] {taskinstance.py:1377} INFO - Executing <Task(PostgresOperator): create_table> on 2022-11-28 16:37:00+00:00
[2022-12-12 18:24:21,421] {standard_task_runner.py:52} INFO - Started process 211 to run task
[2022-12-12 18:24:21,429] {standard_task_runner.py:79} INFO - Running: ['airflow', 'tasks', 'run', 'prepare_data', 'create_table', 'scheduled__2022-11-28T16:37:00+00:00', '--job-id', '6', '--raw', '--subdir', 'DAGS_FOLDER/prepare_data.py', '--cfg-path', '/tmp/tmp1incwzm1', '--error-file', '/tmp/tmpzdr753_m']
[2022-12-12 18:24:21,457] {standard_task_runner.py:80} INFO - Job 6: Subtask create_table
[2022-12-12 18:24:21,750] {task_command.py:369} INFO - Running <TaskInstance: prepare_data.create_table scheduled__2022-11-28T16:37:00+00:00 [running]> on host a49e44ee4a94
[2022-12-12 18:24:22,200] {taskinstance.py:1571} INFO - Exporting the following env vars:
AIRFLOW_CTX_DAG_OWNER=airflow
AIRFLOW_CTX_DAG_ID=prepare_data
AIRFLOW_CTX_TASK_ID=create_table
AIRFLOW_CTX_EXECUTION_DATE=2022-11-28T16:37:00+00:00
AIRFLOW_CTX_TRY_NUMBER=1
AIRFLOW_CTX_DAG_RUN_ID=scheduled__2022-11-28T16:37:00+00:00
[2022-12-12 18:24:22,284] {base.py:68} INFO - Using connection ID 'postgres_default' for task execution.
[2022-12-12 18:24:22,321] {dbapi.py:208} INFO - Running statement: CREATE TABLE IF NOT EXISTS prepared_data (
	id SERIAL,
	sensor_id BIGINT,
	longitude FLOAT,
	latitude FLOAT,
	controller_id BIGINT,
	datetime TIMESTAMP WITH TIME ZONE,
	temperature INTEGER
);, parameters: None
[2022-12-12 18:24:22,333] {postgres.py:94} INFO - NOTICE:  relation "prepared_data" already exists, skipping

[2022-12-12 18:24:22,885] {taskinstance.py:1400} INFO - Marking task as SUCCESS. dag_id=prepare_data, task_id=create_table, execution_date=20221128T163700, start_date=20221212T182421, end_date=20221212T182422
[2022-12-12 18:24:23,060] {local_task_job.py:156} INFO - Task exited with return code 0
[2022-12-12 18:24:23,936] {local_task_job.py:273} INFO - 0 downstream tasks scheduled from follow-on schedule check
[2022-12-12 18:37:37,427] {taskinstance.py:1159} INFO - Dependencies all met for <TaskInstance: prepare_data.create_table scheduled__2022-11-28T16:37:00+00:00 [queued]>
[2022-12-12 18:37:37,531] {taskinstance.py:1159} INFO - Dependencies all met for <TaskInstance: prepare_data.create_table scheduled__2022-11-28T16:37:00+00:00 [queued]>
[2022-12-12 18:37:37,533] {taskinstance.py:1356} INFO - 
--------------------------------------------------------------------------------
[2022-12-12 18:37:37,534] {taskinstance.py:1357} INFO - Starting attempt 1 of 1
[2022-12-12 18:37:37,535] {taskinstance.py:1358} INFO - 
--------------------------------------------------------------------------------
[2022-12-12 18:37:37,625] {taskinstance.py:1377} INFO - Executing <Task(PostgresOperator): create_table> on 2022-11-28 16:37:00+00:00
[2022-12-12 18:37:37,640] {standard_task_runner.py:52} INFO - Started process 200 to run task
[2022-12-12 18:37:37,671] {standard_task_runner.py:79} INFO - Running: ['airflow', 'tasks', 'run', 'prepare_data', 'create_table', 'scheduled__2022-11-28T16:37:00+00:00', '--job-id', '5', '--raw', '--subdir', 'DAGS_FOLDER/prepare_data.py', '--cfg-path', '/tmp/tmphc0ejwr4', '--error-file', '/tmp/tmp00go3zs0']
[2022-12-12 18:37:37,689] {standard_task_runner.py:80} INFO - Job 5: Subtask create_table
[2022-12-12 18:37:38,102] {task_command.py:369} INFO - Running <TaskInstance: prepare_data.create_table scheduled__2022-11-28T16:37:00+00:00 [running]> on host cfea470654c7
[2022-12-12 18:37:38,627] {taskinstance.py:1571} INFO - Exporting the following env vars:
AIRFLOW_CTX_DAG_OWNER=airflow
AIRFLOW_CTX_DAG_ID=prepare_data
AIRFLOW_CTX_TASK_ID=create_table
AIRFLOW_CTX_EXECUTION_DATE=2022-11-28T16:37:00+00:00
AIRFLOW_CTX_TRY_NUMBER=1
AIRFLOW_CTX_DAG_RUN_ID=scheduled__2022-11-28T16:37:00+00:00
[2022-12-12 18:37:38,794] {taskinstance.py:1889} ERROR - Task failed with exception
Traceback (most recent call last):
  File "/home/airflow/.local/lib/python3.7/site-packages/airflow/providers/postgres/operators/postgres.py", line 92, in execute
    self.hook.run(self.sql, self.autocommit, parameters=self.parameters)
  File "/home/airflow/.local/lib/python3.7/site-packages/airflow/hooks/dbapi.py", line 181, in run
    with closing(self.get_conn()) as conn:
  File "/home/airflow/.local/lib/python3.7/site-packages/airflow/providers/postgres/hooks/postgres.py", line 86, in get_conn
    conn = deepcopy(self.connection or self.get_connection(conn_id))
  File "/home/airflow/.local/lib/python3.7/site-packages/airflow/hooks/base.py", line 67, in get_connection
    conn = Connection.get_connection_from_secrets(conn_id)
  File "/home/airflow/.local/lib/python3.7/site-packages/airflow/models/connection.py", line 430, in get_connection_from_secrets
    raise AirflowNotFoundException(f"The conn_id `{conn_id}` isn't defined")
airflow.exceptions.AirflowNotFoundException: The conn_id `postgres_default` isn't defined
[2022-12-12 18:37:38,814] {taskinstance.py:1400} INFO - Marking task as FAILED. dag_id=prepare_data, task_id=create_table, execution_date=20221128T163700, start_date=20221212T183737, end_date=20221212T183738
[2022-12-12 18:37:38,870] {standard_task_runner.py:97} ERROR - Failed to execute job 5 for task create_table (The conn_id `postgres_default` isn't defined; 200)
[2022-12-12 18:37:38,907] {local_task_job.py:156} INFO - Task exited with return code 1
[2022-12-12 18:37:39,064] {local_task_job.py:273} INFO - 0 downstream tasks scheduled from follow-on schedule check
