[2022-12-16 13:02:33,779] {taskinstance.py:1159} INFO - Dependencies all met for <TaskInstance: prepare_data.transfer_data scheduled__2022-12-16T11:28:00+00:00 [queued]>
[2022-12-16 13:02:33,879] {taskinstance.py:1159} INFO - Dependencies all met for <TaskInstance: prepare_data.transfer_data scheduled__2022-12-16T11:28:00+00:00 [queued]>
[2022-12-16 13:02:33,884] {taskinstance.py:1356} INFO - 
--------------------------------------------------------------------------------
[2022-12-16 13:02:33,885] {taskinstance.py:1357} INFO - Starting attempt 1 of 1
[2022-12-16 13:02:33,885] {taskinstance.py:1358} INFO - 
--------------------------------------------------------------------------------
[2022-12-16 13:02:34,154] {taskinstance.py:1377} INFO - Executing <Task(PythonOperator): transfer_data> on 2022-12-16 11:28:00+00:00
[2022-12-16 13:02:34,194] {standard_task_runner.py:52} INFO - Started process 3745 to run task
[2022-12-16 13:02:34,229] {standard_task_runner.py:79} INFO - Running: ['airflow', 'tasks', 'run', 'prepare_data', 'transfer_data', 'scheduled__2022-12-16T11:28:00+00:00', '--job-id', '1860', '--raw', '--subdir', 'DAGS_FOLDER/prepare_data.py', '--cfg-path', '/tmp/tmpfmdv7fay', '--error-file', '/tmp/tmpwxkp8n1s']
[2022-12-16 13:02:34,230] {standard_task_runner.py:80} INFO - Job 1860: Subtask transfer_data
[2022-12-16 13:02:34,842] {task_command.py:369} INFO - Running <TaskInstance: prepare_data.transfer_data scheduled__2022-12-16T11:28:00+00:00 [running]> on host 8e2f65ec4c74
[2022-12-16 13:02:35,745] {taskinstance.py:1571} INFO - Exporting the following env vars:
AIRFLOW_CTX_DAG_OWNER=airflow
AIRFLOW_CTX_DAG_ID=prepare_data
AIRFLOW_CTX_TASK_ID=transfer_data
AIRFLOW_CTX_EXECUTION_DATE=2022-12-16T11:28:00+00:00
AIRFLOW_CTX_TRY_NUMBER=1
AIRFLOW_CTX_DAG_RUN_ID=scheduled__2022-12-16T11:28:00+00:00
[2022-12-16 13:02:35,815] {base.py:68} INFO - Using connection ID 'gp_conn' for task execution.
[2022-12-16 13:02:36,058] {python.py:173} INFO - Done. Returned value was: None
[2022-12-16 13:02:36,213] {taskinstance.py:1400} INFO - Marking task as SUCCESS. dag_id=prepare_data, task_id=transfer_data, execution_date=20221216T112800, start_date=20221216T130233, end_date=20221216T130236
[2022-12-16 13:02:36,375] {local_task_job.py:156} INFO - Task exited with return code 0
[2022-12-16 13:02:36,576] {local_task_job.py:273} INFO - 0 downstream tasks scheduled from follow-on schedule check
