[2022-12-15 16:56:04,416] {taskinstance.py:1159} INFO - Dependencies all met for <TaskInstance: prepare_data.transfer_data scheduled__2022-12-15T16:55:00+00:00 [queued]>
[2022-12-15 16:56:04,430] {taskinstance.py:1159} INFO - Dependencies all met for <TaskInstance: prepare_data.transfer_data scheduled__2022-12-15T16:55:00+00:00 [queued]>
[2022-12-15 16:56:04,432] {taskinstance.py:1356} INFO - 
--------------------------------------------------------------------------------
[2022-12-15 16:56:04,433] {taskinstance.py:1357} INFO - Starting attempt 1 of 1
[2022-12-15 16:56:04,434] {taskinstance.py:1358} INFO - 
--------------------------------------------------------------------------------
[2022-12-15 16:56:04,452] {taskinstance.py:1377} INFO - Executing <Task(PythonOperator): transfer_data> on 2022-12-15 16:55:00+00:00
[2022-12-15 16:56:04,457] {standard_task_runner.py:52} INFO - Started process 238 to run task
[2022-12-15 16:56:04,462] {standard_task_runner.py:79} INFO - Running: ['airflow', 'tasks', 'run', 'prepare_data', 'transfer_data', 'scheduled__2022-12-15T16:55:00+00:00', '--job-id', '17', '--raw', '--subdir', 'DAGS_FOLDER/prepare_data.py', '--cfg-path', '/tmp/tmpeyen8oy6', '--error-file', '/tmp/tmpxyhnn9co']
[2022-12-15 16:56:04,464] {standard_task_runner.py:80} INFO - Job 17: Subtask transfer_data
[2022-12-15 16:56:04,578] {task_command.py:369} INFO - Running <TaskInstance: prepare_data.transfer_data scheduled__2022-12-15T16:55:00+00:00 [running]> on host 39e562fe01ff
[2022-12-15 16:56:04,807] {taskinstance.py:1571} INFO - Exporting the following env vars:
AIRFLOW_CTX_DAG_OWNER=airflow
AIRFLOW_CTX_DAG_ID=prepare_data
AIRFLOW_CTX_TASK_ID=transfer_data
AIRFLOW_CTX_EXECUTION_DATE=2022-12-15T16:55:00+00:00
AIRFLOW_CTX_TRY_NUMBER=1
AIRFLOW_CTX_DAG_RUN_ID=scheduled__2022-12-15T16:55:00+00:00
[2022-12-15 16:56:04,830] {base.py:68} INFO - Using connection ID 'gp_conn' for task execution.
[2022-12-15 16:56:04,990] {python.py:173} INFO - Done. Returned value was: None
[2022-12-15 16:56:05,073] {taskinstance.py:1400} INFO - Marking task as SUCCESS. dag_id=prepare_data, task_id=transfer_data, execution_date=20221215T165500, start_date=20221215T165604, end_date=20221215T165605
[2022-12-15 16:56:05,121] {local_task_job.py:156} INFO - Task exited with return code 0
[2022-12-15 16:56:05,174] {local_task_job.py:273} INFO - 0 downstream tasks scheduled from follow-on schedule check
[2022-12-16 08:02:00,958] {taskinstance.py:1159} INFO - Dependencies all met for <TaskInstance: prepare_data.transfer_data scheduled__2022-12-15T16:55:00+00:00 [queued]>
[2022-12-16 08:02:13,900] {taskinstance.py:1159} INFO - Dependencies all met for <TaskInstance: prepare_data.transfer_data scheduled__2022-12-15T16:55:00+00:00 [queued]>
[2022-12-16 08:02:14,287] {taskinstance.py:1356} INFO - 
--------------------------------------------------------------------------------
[2022-12-16 08:02:14,288] {taskinstance.py:1357} INFO - Starting attempt 1 of 1
[2022-12-16 08:02:14,288] {taskinstance.py:1358} INFO - 
--------------------------------------------------------------------------------
[2022-12-16 08:02:25,146] {taskinstance.py:1377} INFO - Executing <Task(PythonOperator): transfer_data> on 2022-12-15 16:55:00+00:00
[2022-12-16 08:02:26,589] {standard_task_runner.py:52} INFO - Started process 16640 to run task
[2022-12-16 08:02:27,974] {standard_task_runner.py:79} INFO - Running: ['airflow', 'tasks', 'run', 'prepare_data', 'transfer_data', 'scheduled__2022-12-15T16:55:00+00:00', '--job-id', '41', '--raw', '--subdir', 'DAGS_FOLDER/prepare_data.py', '--cfg-path', '/tmp/tmpqq3ww54l', '--error-file', '/tmp/tmp0l7l6xzj']
[2022-12-16 08:02:28,930] {standard_task_runner.py:80} INFO - Job 41: Subtask transfer_data
[2022-12-16 08:03:02,159] {task_command.py:369} INFO - Running <TaskInstance: prepare_data.transfer_data scheduled__2022-12-15T16:55:00+00:00 [running]> on host 8e2f65ec4c74
[2022-12-16 08:03:18,332] {taskinstance.py:1571} INFO - Exporting the following env vars:
AIRFLOW_CTX_DAG_OWNER=airflow
AIRFLOW_CTX_DAG_ID=prepare_data
AIRFLOW_CTX_TASK_ID=transfer_data
AIRFLOW_CTX_EXECUTION_DATE=2022-12-15T16:55:00+00:00
AIRFLOW_CTX_TRY_NUMBER=1
AIRFLOW_CTX_DAG_RUN_ID=scheduled__2022-12-15T16:55:00+00:00
[2022-12-16 08:03:21,539] {base.py:68} INFO - Using connection ID 'gp_conn' for task execution.
[2022-12-16 08:03:25,813] {python.py:173} INFO - Done. Returned value was: None
[2022-12-16 08:03:27,159] {taskinstance.py:1400} INFO - Marking task as SUCCESS. dag_id=prepare_data, task_id=transfer_data, execution_date=20221215T165500, start_date=20221216T080202, end_date=20221216T080327
[2022-12-16 08:03:28,174] {local_task_job.py:156} INFO - Task exited with return code 0
[2022-12-16 08:03:33,919] {local_task_job.py:273} INFO - 0 downstream tasks scheduled from follow-on schedule check
