[2022-12-12 18:42:11,867] {taskinstance.py:1159} INFO - Dependencies all met for <TaskInstance: prepare_data.create_table scheduled__2022-11-28T19:24:00+00:00 [queued]>
[2022-12-12 18:42:11,942] {taskinstance.py:1159} INFO - Dependencies all met for <TaskInstance: prepare_data.create_table scheduled__2022-11-28T19:24:00+00:00 [queued]>
[2022-12-12 18:42:11,944] {taskinstance.py:1356} INFO - 
--------------------------------------------------------------------------------
[2022-12-12 18:42:11,946] {taskinstance.py:1357} INFO - Starting attempt 1 of 1
[2022-12-12 18:42:11,951] {taskinstance.py:1358} INFO - 
--------------------------------------------------------------------------------
[2022-12-12 18:42:12,037] {taskinstance.py:1377} INFO - Executing <Task(PostgresOperator): create_table> on 2022-11-28 19:24:00+00:00
[2022-12-12 18:42:12,061] {standard_task_runner.py:52} INFO - Started process 1226 to run task
[2022-12-12 18:42:12,078] {standard_task_runner.py:79} INFO - Running: ['airflow', 'tasks', 'run', 'prepare_data', 'create_table', 'scheduled__2022-11-28T19:24:00+00:00', '--job-id', '495', '--raw', '--subdir', 'DAGS_FOLDER/prepare_data.py', '--cfg-path', '/tmp/tmpux9bxi31', '--error-file', '/tmp/tmp29ef6wsb']
[2022-12-12 18:42:12,092] {standard_task_runner.py:80} INFO - Job 495: Subtask create_table
[2022-12-12 18:42:12,400] {task_command.py:369} INFO - Running <TaskInstance: prepare_data.create_table scheduled__2022-11-28T19:24:00+00:00 [running]> on host cfea470654c7
[2022-12-12 18:42:12,764] {taskinstance.py:1571} INFO - Exporting the following env vars:
AIRFLOW_CTX_DAG_OWNER=airflow
AIRFLOW_CTX_DAG_ID=prepare_data
AIRFLOW_CTX_TASK_ID=create_table
AIRFLOW_CTX_EXECUTION_DATE=2022-11-28T19:24:00+00:00
AIRFLOW_CTX_TRY_NUMBER=1
AIRFLOW_CTX_DAG_RUN_ID=scheduled__2022-11-28T19:24:00+00:00
[2022-12-12 18:42:12,802] {base.py:68} INFO - Using connection ID 'postgres_default' for task execution.
[2022-12-12 18:42:12,818] {dbapi.py:208} INFO - Running statement: CREATE TABLE IF NOT EXISTS prepared_data (
	id SERIAL,
	sensor_id BIGINT,
	longitude FLOAT,
	latitude FLOAT,
	controller_id BIGINT,
	datetime TIMESTAMP WITH TIME ZONE,
	temperature INTEGER
);, parameters: None
[2022-12-12 18:42:12,824] {postgres.py:94} INFO - NOTICE:  relation "prepared_data" already exists, skipping

[2022-12-12 18:42:12,931] {taskinstance.py:1400} INFO - Marking task as SUCCESS. dag_id=prepare_data, task_id=create_table, execution_date=20221128T192400, start_date=20221212T184211, end_date=20221212T184212
[2022-12-12 18:42:13,005] {local_task_job.py:156} INFO - Task exited with return code 0
[2022-12-12 18:42:13,169] {local_task_job.py:273} INFO - 1 downstream tasks scheduled from follow-on schedule check
