[2022-12-12 18:41:11,988] {taskinstance.py:1159} INFO - Dependencies all met for <TaskInstance: prepare_data.transfer_data scheduled__2022-11-28T18:32:00+00:00 [queued]>
[2022-12-12 18:41:12,187] {taskinstance.py:1159} INFO - Dependencies all met for <TaskInstance: prepare_data.transfer_data scheduled__2022-11-28T18:32:00+00:00 [queued]>
[2022-12-12 18:41:12,191] {taskinstance.py:1356} INFO - 
--------------------------------------------------------------------------------
[2022-12-12 18:41:12,195] {taskinstance.py:1357} INFO - Starting attempt 1 of 1
[2022-12-12 18:41:12,197] {taskinstance.py:1358} INFO - 
--------------------------------------------------------------------------------
[2022-12-12 18:41:12,289] {taskinstance.py:1377} INFO - Executing <Task(PythonOperator): transfer_data> on 2022-11-28 18:32:00+00:00
[2022-12-12 18:41:12,329] {standard_task_runner.py:52} INFO - Started process 938 to run task
[2022-12-12 18:41:12,364] {standard_task_runner.py:79} INFO - Running: ['airflow', 'tasks', 'run', 'prepare_data', 'transfer_data', 'scheduled__2022-11-28T18:32:00+00:00', '--job-id', '359', '--raw', '--subdir', 'DAGS_FOLDER/prepare_data.py', '--cfg-path', '/tmp/tmpfw7j4l5i', '--error-file', '/tmp/tmpbpn546db']
[2022-12-12 18:41:12,427] {standard_task_runner.py:80} INFO - Job 359: Subtask transfer_data
[2022-12-12 18:41:12,782] {task_command.py:369} INFO - Running <TaskInstance: prepare_data.transfer_data scheduled__2022-11-28T18:32:00+00:00 [running]> on host cfea470654c7
[2022-12-12 18:41:13,236] {taskinstance.py:1571} INFO - Exporting the following env vars:
AIRFLOW_CTX_DAG_OWNER=airflow
AIRFLOW_CTX_DAG_ID=prepare_data
AIRFLOW_CTX_TASK_ID=transfer_data
AIRFLOW_CTX_EXECUTION_DATE=2022-11-28T18:32:00+00:00
AIRFLOW_CTX_TRY_NUMBER=1
AIRFLOW_CTX_DAG_RUN_ID=scheduled__2022-11-28T18:32:00+00:00
[2022-12-12 18:41:13,333] {base.py:68} INFO - Using connection ID 'postgres_default' for task execution.
[2022-12-12 18:41:13,427] {python.py:173} INFO - Done. Returned value was: None
[2022-12-12 18:41:13,797] {taskinstance.py:1400} INFO - Marking task as SUCCESS. dag_id=prepare_data, task_id=transfer_data, execution_date=20221128T183200, start_date=20221212T184112, end_date=20221212T184113
[2022-12-12 18:41:13,914] {local_task_job.py:156} INFO - Task exited with return code 0
[2022-12-12 18:41:14,133] {local_task_job.py:273} INFO - 0 downstream tasks scheduled from follow-on schedule check
