[2022-12-16 10:52:48,860] {taskinstance.py:1159} INFO - Dependencies all met for <TaskInstance: prepare_data.create_table scheduled__2022-12-16T00:19:00+00:00 [queued]>
[2022-12-16 10:52:49,104] {taskinstance.py:1159} INFO - Dependencies all met for <TaskInstance: prepare_data.create_table scheduled__2022-12-16T00:19:00+00:00 [queued]>
[2022-12-16 10:52:49,104] {taskinstance.py:1356} INFO - 
--------------------------------------------------------------------------------
[2022-12-16 10:52:49,104] {taskinstance.py:1357} INFO - Starting attempt 1 of 1
[2022-12-16 10:52:49,104] {taskinstance.py:1358} INFO - 
--------------------------------------------------------------------------------
[2022-12-16 10:52:50,059] {taskinstance.py:1377} INFO - Executing <Task(PostgresOperator): create_table> on 2022-12-16 00:19:00+00:00
[2022-12-16 10:52:50,100] {standard_task_runner.py:52} INFO - Started process 2649 to run task
[2022-12-16 10:52:50,163] {standard_task_runner.py:79} INFO - Running: ['airflow', 'tasks', 'run', 'prepare_data', 'create_table', 'scheduled__2022-12-16T00:19:00+00:00', '--job-id', '1373', '--raw', '--subdir', 'DAGS_FOLDER/prepare_data.py', '--cfg-path', '/tmp/tmpvfny15ew', '--error-file', '/tmp/tmpr2_2mwrb']
[2022-12-16 10:52:50,199] {standard_task_runner.py:80} INFO - Job 1373: Subtask create_table
[2022-12-16 10:52:51,110] {task_command.py:369} INFO - Running <TaskInstance: prepare_data.create_table scheduled__2022-12-16T00:19:00+00:00 [running]> on host 8e2f65ec4c74
[2022-12-16 10:52:53,340] {taskinstance.py:1571} INFO - Exporting the following env vars:
AIRFLOW_CTX_DAG_OWNER=airflow
AIRFLOW_CTX_DAG_ID=prepare_data
AIRFLOW_CTX_TASK_ID=create_table
AIRFLOW_CTX_EXECUTION_DATE=2022-12-16T00:19:00+00:00
AIRFLOW_CTX_TRY_NUMBER=1
AIRFLOW_CTX_DAG_RUN_ID=scheduled__2022-12-16T00:19:00+00:00
[2022-12-16 10:52:53,663] {base.py:68} INFO - Using connection ID 'gp_conn' for task execution.
[2022-12-16 10:52:53,744] {dbapi.py:208} INFO - Running statement: CREATE TABLE IF NOT EXISTS prepared_data (
	id SERIAL,
	sensor_id BIGINT,
	longitude FLOAT,
	latitude FLOAT,
	controller_id BIGINT,
	datetime TIMESTAMP WITH TIME ZONE,
	temperature INTEGER
);, parameters: None
[2022-12-16 10:52:53,765] {postgres.py:94} INFO - NOTICE:  relation "prepared_data" already exists, skipping

[2022-12-16 10:52:54,906] {taskinstance.py:1400} INFO - Marking task as SUCCESS. dag_id=prepare_data, task_id=create_table, execution_date=20221216T001900, start_date=20221216T105248, end_date=20221216T105254
[2022-12-16 10:52:55,945] {local_task_job.py:156} INFO - Task exited with return code 0
[2022-12-16 10:52:57,797] {local_task_job.py:273} INFO - 1 downstream tasks scheduled from follow-on schedule check
