[2022-12-12 18:24:21,052] {taskinstance.py:1159} INFO - Dependencies all met for <TaskInstance: prepare_data.create_table scheduled__2022-11-28T16:36:00+00:00 [queued]>
[2022-12-12 18:24:21,088] {taskinstance.py:1159} INFO - Dependencies all met for <TaskInstance: prepare_data.create_table scheduled__2022-11-28T16:36:00+00:00 [queued]>
[2022-12-12 18:24:21,090] {taskinstance.py:1356} INFO - 
--------------------------------------------------------------------------------
[2022-12-12 18:24:21,093] {taskinstance.py:1357} INFO - Starting attempt 1 of 1
[2022-12-12 18:24:21,096] {taskinstance.py:1358} INFO - 
--------------------------------------------------------------------------------
[2022-12-12 18:24:21,279] {taskinstance.py:1377} INFO - Executing <Task(PostgresOperator): create_table> on 2022-11-28 16:36:00+00:00
[2022-12-12 18:24:21,294] {standard_task_runner.py:52} INFO - Started process 210 to run task
[2022-12-12 18:24:21,309] {standard_task_runner.py:79} INFO - Running: ['airflow', 'tasks', 'run', 'prepare_data', 'create_table', 'scheduled__2022-11-28T16:36:00+00:00', '--job-id', '5', '--raw', '--subdir', 'DAGS_FOLDER/prepare_data.py', '--cfg-path', '/tmp/tmpqzehn132', '--error-file', '/tmp/tmprzr8pe_p']
[2022-12-12 18:24:21,322] {standard_task_runner.py:80} INFO - Job 5: Subtask create_table
[2022-12-12 18:24:21,598] {task_command.py:369} INFO - Running <TaskInstance: prepare_data.create_table scheduled__2022-11-28T16:36:00+00:00 [running]> on host a49e44ee4a94
[2022-12-12 18:24:21,943] {taskinstance.py:1571} INFO - Exporting the following env vars:
AIRFLOW_CTX_DAG_OWNER=airflow
AIRFLOW_CTX_DAG_ID=prepare_data
AIRFLOW_CTX_TASK_ID=create_table
AIRFLOW_CTX_EXECUTION_DATE=2022-11-28T16:36:00+00:00
AIRFLOW_CTX_TRY_NUMBER=1
AIRFLOW_CTX_DAG_RUN_ID=scheduled__2022-11-28T16:36:00+00:00
[2022-12-12 18:24:21,973] {base.py:68} INFO - Using connection ID 'postgres_default' for task execution.
[2022-12-12 18:24:21,998] {dbapi.py:208} INFO - Running statement: CREATE TABLE IF NOT EXISTS prepared_data (
	id SERIAL,
	sensor_id BIGINT,
	longitude FLOAT,
	latitude FLOAT,
	controller_id BIGINT,
	datetime TIMESTAMP WITH TIME ZONE,
	temperature INTEGER
);, parameters: None
[2022-12-12 18:24:22,002] {postgres.py:94} INFO - NOTICE:  relation "prepared_data" already exists, skipping

[2022-12-12 18:24:22,061] {taskinstance.py:1400} INFO - Marking task as SUCCESS. dag_id=prepare_data, task_id=create_table, execution_date=20221128T163600, start_date=20221212T182421, end_date=20221212T182422
[2022-12-12 18:24:22,258] {local_task_job.py:156} INFO - Task exited with return code 0
[2022-12-12 18:24:23,002] {local_task_job.py:273} INFO - 0 downstream tasks scheduled from follow-on schedule check
[2022-12-12 18:37:35,890] {taskinstance.py:1159} INFO - Dependencies all met for <TaskInstance: prepare_data.create_table scheduled__2022-11-28T16:36:00+00:00 [queued]>
[2022-12-12 18:37:36,389] {taskinstance.py:1159} INFO - Dependencies all met for <TaskInstance: prepare_data.create_table scheduled__2022-11-28T16:36:00+00:00 [queued]>
[2022-12-12 18:37:36,431] {taskinstance.py:1356} INFO - 
--------------------------------------------------------------------------------
[2022-12-12 18:37:36,480] {taskinstance.py:1357} INFO - Starting attempt 1 of 1
[2022-12-12 18:37:36,549] {taskinstance.py:1358} INFO - 
--------------------------------------------------------------------------------
[2022-12-12 18:37:36,879] {taskinstance.py:1377} INFO - Executing <Task(PostgresOperator): create_table> on 2022-11-28 16:36:00+00:00
[2022-12-12 18:37:36,973] {standard_task_runner.py:52} INFO - Started process 198 to run task
[2022-12-12 18:37:37,002] {standard_task_runner.py:79} INFO - Running: ['airflow', 'tasks', 'run', 'prepare_data', 'create_table', 'scheduled__2022-11-28T16:36:00+00:00', '--job-id', '4', '--raw', '--subdir', 'DAGS_FOLDER/prepare_data.py', '--cfg-path', '/tmp/tmpzudn1j_s', '--error-file', '/tmp/tmp_s6_jrfn']
[2022-12-12 18:37:37,009] {standard_task_runner.py:80} INFO - Job 4: Subtask create_table
[2022-12-12 18:37:37,468] {task_command.py:369} INFO - Running <TaskInstance: prepare_data.create_table scheduled__2022-11-28T16:36:00+00:00 [running]> on host cfea470654c7
[2022-12-12 18:37:38,529] {taskinstance.py:1571} INFO - Exporting the following env vars:
AIRFLOW_CTX_DAG_OWNER=airflow
AIRFLOW_CTX_DAG_ID=prepare_data
AIRFLOW_CTX_TASK_ID=create_table
AIRFLOW_CTX_EXECUTION_DATE=2022-11-28T16:36:00+00:00
AIRFLOW_CTX_TRY_NUMBER=1
AIRFLOW_CTX_DAG_RUN_ID=scheduled__2022-11-28T16:36:00+00:00
[2022-12-12 18:37:38,638] {taskinstance.py:1889} ERROR - Task failed with exception
Traceback (most recent call last):
  File "/home/airflow/.local/lib/python3.7/site-packages/airflow/providers/postgres/operators/postgres.py", line 92, in execute
    self.hook.run(self.sql, self.autocommit, parameters=self.parameters)
  File "/home/airflow/.local/lib/python3.7/site-packages/airflow/hooks/dbapi.py", line 181, in run
    with closing(self.get_conn()) as conn:
  File "/home/airflow/.local/lib/python3.7/site-packages/airflow/providers/postgres/hooks/postgres.py", line 86, in get_conn
    conn = deepcopy(self.connection or self.get_connection(conn_id))
  File "/home/airflow/.local/lib/python3.7/site-packages/airflow/hooks/base.py", line 67, in get_connection
    conn = Connection.get_connection_from_secrets(conn_id)
  File "/home/airflow/.local/lib/python3.7/site-packages/airflow/models/connection.py", line 430, in get_connection_from_secrets
    raise AirflowNotFoundException(f"The conn_id `{conn_id}` isn't defined")
airflow.exceptions.AirflowNotFoundException: The conn_id `postgres_default` isn't defined
[2022-12-12 18:37:38,655] {taskinstance.py:1400} INFO - Marking task as FAILED. dag_id=prepare_data, task_id=create_table, execution_date=20221128T163600, start_date=20221212T183735, end_date=20221212T183738
[2022-12-12 18:37:38,716] {standard_task_runner.py:97} ERROR - Failed to execute job 4 for task create_table (The conn_id `postgres_default` isn't defined; 198)
[2022-12-12 18:37:38,758] {local_task_job.py:156} INFO - Task exited with return code 1
[2022-12-12 18:37:38,949] {local_task_job.py:273} INFO - 0 downstream tasks scheduled from follow-on schedule check
