[2022-12-16 08:14:08,399] {taskinstance.py:1159} INFO - Dependencies all met for <TaskInstance: prepare_data.transfer_data scheduled__2022-12-15T17:31:00+00:00 [queued]>
[2022-12-16 08:14:08,575] {taskinstance.py:1159} INFO - Dependencies all met for <TaskInstance: prepare_data.transfer_data scheduled__2022-12-15T17:31:00+00:00 [queued]>
[2022-12-16 08:14:08,575] {taskinstance.py:1356} INFO - 
--------------------------------------------------------------------------------
[2022-12-16 08:14:08,575] {taskinstance.py:1357} INFO - Starting attempt 1 of 1
[2022-12-16 08:14:08,575] {taskinstance.py:1358} INFO - 
--------------------------------------------------------------------------------
[2022-12-16 08:14:08,947] {taskinstance.py:1377} INFO - Executing <Task(PythonOperator): transfer_data> on 2022-12-15 17:31:00+00:00
[2022-12-16 08:14:09,139] {standard_task_runner.py:52} INFO - Started process 16927 to run task
[2022-12-16 08:14:09,283] {standard_task_runner.py:79} INFO - Running: ['airflow', 'tasks', 'run', 'prepare_data', 'transfer_data', 'scheduled__2022-12-15T17:31:00+00:00', '--job-id', '152', '--raw', '--subdir', 'DAGS_FOLDER/prepare_data.py', '--cfg-path', '/tmp/tmplh6hm0a_', '--error-file', '/tmp/tmpw30pz40e']
[2022-12-16 08:14:09,355] {standard_task_runner.py:80} INFO - Job 152: Subtask transfer_data
[2022-12-16 08:14:10,832] {task_command.py:369} INFO - Running <TaskInstance: prepare_data.transfer_data scheduled__2022-12-15T17:31:00+00:00 [running]> on host 8e2f65ec4c74
[2022-12-16 08:14:12,466] {taskinstance.py:1571} INFO - Exporting the following env vars:
AIRFLOW_CTX_DAG_OWNER=airflow
AIRFLOW_CTX_DAG_ID=prepare_data
AIRFLOW_CTX_TASK_ID=transfer_data
AIRFLOW_CTX_EXECUTION_DATE=2022-12-15T17:31:00+00:00
AIRFLOW_CTX_TRY_NUMBER=1
AIRFLOW_CTX_DAG_RUN_ID=scheduled__2022-12-15T17:31:00+00:00
[2022-12-16 08:14:13,589] {base.py:68} INFO - Using connection ID 'gp_conn' for task execution.
[2022-12-16 08:14:20,721] {python.py:173} INFO - Done. Returned value was: None
[2022-12-16 08:14:22,913] {taskinstance.py:1400} INFO - Marking task as SUCCESS. dag_id=prepare_data, task_id=transfer_data, execution_date=20221215T173100, start_date=20221216T081408, end_date=20221216T081422
[2022-12-16 08:14:24,792] {local_task_job.py:156} INFO - Task exited with return code 0
[2022-12-16 08:14:26,125] {local_task_job.py:273} INFO - 0 downstream tasks scheduled from follow-on schedule check
