[2022-12-12 18:25:51,652] {taskinstance.py:1159} INFO - Dependencies all met for <TaskInstance: prepare_data.get_last_id scheduled__2022-11-28T17:11:00+00:00 [queued]>
[2022-12-12 18:25:51,792] {taskinstance.py:1159} INFO - Dependencies all met for <TaskInstance: prepare_data.get_last_id scheduled__2022-11-28T17:11:00+00:00 [queued]>
[2022-12-12 18:25:51,799] {taskinstance.py:1356} INFO - 
--------------------------------------------------------------------------------
[2022-12-12 18:25:51,823] {taskinstance.py:1357} INFO - Starting attempt 1 of 1
[2022-12-12 18:25:51,826] {taskinstance.py:1358} INFO - 
--------------------------------------------------------------------------------
[2022-12-12 18:25:51,972] {taskinstance.py:1377} INFO - Executing <Task(PythonOperator): get_last_id> on 2022-11-28 17:11:00+00:00
[2022-12-12 18:25:51,982] {standard_task_runner.py:52} INFO - Started process 426 to run task
[2022-12-12 18:25:52,011] {standard_task_runner.py:79} INFO - Running: ['airflow', 'tasks', 'run', 'prepare_data', 'get_last_id', 'scheduled__2022-11-28T17:11:00+00:00', '--job-id', '107', '--raw', '--subdir', 'DAGS_FOLDER/prepare_data.py', '--cfg-path', '/tmp/tmp5b80lfqx', '--error-file', '/tmp/tmpawv7adfd']
[2022-12-12 18:25:52,037] {standard_task_runner.py:80} INFO - Job 107: Subtask get_last_id
[2022-12-12 18:25:52,333] {task_command.py:369} INFO - Running <TaskInstance: prepare_data.get_last_id scheduled__2022-11-28T17:11:00+00:00 [running]> on host a49e44ee4a94
[2022-12-12 18:25:53,461] {taskinstance.py:1571} INFO - Exporting the following env vars:
AIRFLOW_CTX_DAG_OWNER=airflow
AIRFLOW_CTX_DAG_ID=prepare_data
AIRFLOW_CTX_TASK_ID=get_last_id
AIRFLOW_CTX_EXECUTION_DATE=2022-11-28T17:11:00+00:00
AIRFLOW_CTX_TRY_NUMBER=1
AIRFLOW_CTX_DAG_RUN_ID=scheduled__2022-11-28T17:11:00+00:00
[2022-12-12 18:25:53,619] {base.py:68} INFO - Using connection ID 'postgres_default' for task execution.
[2022-12-12 18:25:54,033] {python.py:173} INFO - Done. Returned value was: None
[2022-12-12 18:25:54,390] {taskinstance.py:1400} INFO - Marking task as SUCCESS. dag_id=prepare_data, task_id=get_last_id, execution_date=20221128T171100, start_date=20221212T182551, end_date=20221212T182554
[2022-12-12 18:25:54,701] {local_task_job.py:156} INFO - Task exited with return code 0
[2022-12-12 18:25:55,625] {local_task_job.py:273} INFO - 1 downstream tasks scheduled from follow-on schedule check
[2022-12-12 18:39:11,625] {taskinstance.py:1159} INFO - Dependencies all met for <TaskInstance: prepare_data.get_last_id scheduled__2022-11-28T17:11:00+00:00 [queued]>
[2022-12-12 18:39:11,660] {taskinstance.py:1159} INFO - Dependencies all met for <TaskInstance: prepare_data.get_last_id scheduled__2022-11-28T17:11:00+00:00 [queued]>
[2022-12-12 18:39:11,664] {taskinstance.py:1356} INFO - 
--------------------------------------------------------------------------------
[2022-12-12 18:39:11,672] {taskinstance.py:1357} INFO - Starting attempt 1 of 1
[2022-12-12 18:39:11,678] {taskinstance.py:1358} INFO - 
--------------------------------------------------------------------------------
[2022-12-12 18:39:11,797] {taskinstance.py:1377} INFO - Executing <Task(PythonOperator): get_last_id> on 2022-11-28 17:11:00+00:00
[2022-12-12 18:39:11,826] {standard_task_runner.py:52} INFO - Started process 395 to run task
[2022-12-12 18:39:11,847] {standard_task_runner.py:79} INFO - Running: ['airflow', 'tasks', 'run', 'prepare_data', 'get_last_id', 'scheduled__2022-11-28T17:11:00+00:00', '--job-id', '96', '--raw', '--subdir', 'DAGS_FOLDER/prepare_data.py', '--cfg-path', '/tmp/tmp9spww4up', '--error-file', '/tmp/tmpppsp322q']
[2022-12-12 18:39:11,862] {standard_task_runner.py:80} INFO - Job 96: Subtask get_last_id
[2022-12-12 18:39:12,278] {task_command.py:369} INFO - Running <TaskInstance: prepare_data.get_last_id scheduled__2022-11-28T17:11:00+00:00 [running]> on host cfea470654c7
[2022-12-12 18:39:12,578] {taskinstance.py:1571} INFO - Exporting the following env vars:
AIRFLOW_CTX_DAG_OWNER=airflow
AIRFLOW_CTX_DAG_ID=prepare_data
AIRFLOW_CTX_TASK_ID=get_last_id
AIRFLOW_CTX_EXECUTION_DATE=2022-11-28T17:11:00+00:00
AIRFLOW_CTX_TRY_NUMBER=1
AIRFLOW_CTX_DAG_RUN_ID=scheduled__2022-11-28T17:11:00+00:00
[2022-12-12 18:39:12,610] {base.py:68} INFO - Using connection ID 'postgres_default' for task execution.
[2022-12-12 18:39:12,660] {python.py:173} INFO - Done. Returned value was: None
[2022-12-12 18:39:12,717] {taskinstance.py:1400} INFO - Marking task as SUCCESS. dag_id=prepare_data, task_id=get_last_id, execution_date=20221128T171100, start_date=20221212T183911, end_date=20221212T183912
[2022-12-12 18:39:12,828] {local_task_job.py:156} INFO - Task exited with return code 0
[2022-12-12 18:39:13,178] {local_task_job.py:273} INFO - 0 downstream tasks scheduled from follow-on schedule check
