[2022-12-16 08:13:39,963] {taskinstance.py:1159} INFO - Dependencies all met for <TaskInstance: prepare_data.transfer_data scheduled__2022-12-15T17:28:00+00:00 [queued]>
[2022-12-16 08:13:40,454] {taskinstance.py:1159} INFO - Dependencies all met for <TaskInstance: prepare_data.transfer_data scheduled__2022-12-15T17:28:00+00:00 [queued]>
[2022-12-16 08:13:40,454] {taskinstance.py:1356} INFO - 
--------------------------------------------------------------------------------
[2022-12-16 08:13:40,454] {taskinstance.py:1357} INFO - Starting attempt 1 of 1
[2022-12-16 08:13:40,454] {taskinstance.py:1358} INFO - 
--------------------------------------------------------------------------------
[2022-12-16 08:13:41,245] {taskinstance.py:1377} INFO - Executing <Task(PythonOperator): transfer_data> on 2022-12-15 17:28:00+00:00
[2022-12-16 08:13:41,641] {standard_task_runner.py:52} INFO - Started process 16904 to run task
[2022-12-16 08:13:42,054] {standard_task_runner.py:79} INFO - Running: ['airflow', 'tasks', 'run', 'prepare_data', 'transfer_data', 'scheduled__2022-12-15T17:28:00+00:00', '--job-id', '143', '--raw', '--subdir', 'DAGS_FOLDER/prepare_data.py', '--cfg-path', '/tmp/tmphsem5zn2', '--error-file', '/tmp/tmpxcplwwpi']
[2022-12-16 08:13:42,123] {standard_task_runner.py:80} INFO - Job 143: Subtask transfer_data
[2022-12-16 08:13:44,281] {task_command.py:369} INFO - Running <TaskInstance: prepare_data.transfer_data scheduled__2022-12-15T17:28:00+00:00 [running]> on host 8e2f65ec4c74
[2022-12-16 08:13:45,912] {taskinstance.py:1571} INFO - Exporting the following env vars:
AIRFLOW_CTX_DAG_OWNER=airflow
AIRFLOW_CTX_DAG_ID=prepare_data
AIRFLOW_CTX_TASK_ID=transfer_data
AIRFLOW_CTX_EXECUTION_DATE=2022-12-15T17:28:00+00:00
AIRFLOW_CTX_TRY_NUMBER=1
AIRFLOW_CTX_DAG_RUN_ID=scheduled__2022-12-15T17:28:00+00:00
[2022-12-16 08:13:46,149] {base.py:68} INFO - Using connection ID 'gp_conn' for task execution.
[2022-12-16 08:13:47,227] {python.py:173} INFO - Done. Returned value was: None
[2022-12-16 08:13:47,456] {taskinstance.py:1400} INFO - Marking task as SUCCESS. dag_id=prepare_data, task_id=transfer_data, execution_date=20221215T172800, start_date=20221216T081339, end_date=20221216T081347
[2022-12-16 08:13:47,744] {local_task_job.py:221} WARNING - State of this instance has been externally set to success. Terminating instance.
[2022-12-16 08:13:47,879] {process_utils.py:129} INFO - Sending Signals.SIGTERM to group 16904. PIDs of all processes in the group: [16904]
[2022-12-16 08:13:47,902] {process_utils.py:80} INFO - Sending the signal Signals.SIGTERM to group 16904
[2022-12-16 08:13:47,930] {process_utils.py:75} INFO - Process psutil.Process(pid=16904, status='terminated', exitcode=0, started='08:13:41') (16904) terminated with exit code 0
