[2022-12-16 13:06:08,692] {taskinstance.py:1159} INFO - Dependencies all met for <TaskInstance: prepare_data.create_table scheduled__2022-12-16T13:04:00+00:00 [queued]>
[2022-12-16 13:06:08,845] {taskinstance.py:1159} INFO - Dependencies all met for <TaskInstance: prepare_data.create_table scheduled__2022-12-16T13:04:00+00:00 [queued]>
[2022-12-16 13:06:08,845] {taskinstance.py:1356} INFO - 
--------------------------------------------------------------------------------
[2022-12-16 13:06:08,845] {taskinstance.py:1357} INFO - Starting attempt 1 of 1
[2022-12-16 13:06:08,845] {taskinstance.py:1358} INFO - 
--------------------------------------------------------------------------------
[2022-12-16 13:06:09,077] {taskinstance.py:1377} INFO - Executing <Task(PostgresOperator): create_table> on 2022-12-16 13:04:00+00:00
[2022-12-16 13:06:09,126] {standard_task_runner.py:52} INFO - Started process 4312 to run task
[2022-12-16 13:06:09,164] {standard_task_runner.py:79} INFO - Running: ['airflow', 'tasks', 'run', 'prepare_data', 'create_table', 'scheduled__2022-12-16T13:04:00+00:00', '--job-id', '2126', '--raw', '--subdir', 'DAGS_FOLDER/prepare_data.py', '--cfg-path', '/tmp/tmpuz9f1zue', '--error-file', '/tmp/tmprsp_7fcg']
[2022-12-16 13:06:09,210] {standard_task_runner.py:80} INFO - Job 2126: Subtask create_table
[2022-12-16 13:06:10,097] {task_command.py:369} INFO - Running <TaskInstance: prepare_data.create_table scheduled__2022-12-16T13:04:00+00:00 [running]> on host 8e2f65ec4c74
[2022-12-16 13:06:11,183] {taskinstance.py:1571} INFO - Exporting the following env vars:
AIRFLOW_CTX_DAG_OWNER=airflow
AIRFLOW_CTX_DAG_ID=prepare_data
AIRFLOW_CTX_TASK_ID=create_table
AIRFLOW_CTX_EXECUTION_DATE=2022-12-16T13:04:00+00:00
AIRFLOW_CTX_TRY_NUMBER=1
AIRFLOW_CTX_DAG_RUN_ID=scheduled__2022-12-16T13:04:00+00:00
[2022-12-16 13:06:11,351] {base.py:68} INFO - Using connection ID 'gp_conn' for task execution.
[2022-12-16 13:06:11,415] {dbapi.py:208} INFO - Running statement: CREATE TABLE IF NOT EXISTS prepared_data (
	id SERIAL,
	sensor_id BIGINT,
	longitude FLOAT,
	latitude FLOAT,
	controller_id BIGINT,
	datetime TIMESTAMP WITH TIME ZONE,
	temperature INTEGER
);, parameters: None
[2022-12-16 13:06:11,423] {postgres.py:94} INFO - NOTICE:  relation "prepared_data" already exists, skipping

[2022-12-16 13:06:12,397] {taskinstance.py:1400} INFO - Marking task as SUCCESS. dag_id=prepare_data, task_id=create_table, execution_date=20221216T130400, start_date=20221216T130608, end_date=20221216T130612
[2022-12-16 13:06:12,588] {local_task_job.py:156} INFO - Task exited with return code 0
[2022-12-16 13:06:13,275] {local_task_job.py:273} INFO - 1 downstream tasks scheduled from follow-on schedule check
