[2022-12-16 10:39:07,268] {taskinstance.py:1159} INFO - Dependencies all met for <TaskInstance: prepare_data.get_last_id scheduled__2022-12-15T20:47:00+00:00 [queued]>
[2022-12-16 10:39:07,484] {taskinstance.py:1159} INFO - Dependencies all met for <TaskInstance: prepare_data.get_last_id scheduled__2022-12-15T20:47:00+00:00 [queued]>
[2022-12-16 10:39:07,484] {taskinstance.py:1356} INFO - 
--------------------------------------------------------------------------------
[2022-12-16 10:39:07,484] {taskinstance.py:1357} INFO - Starting attempt 1 of 1
[2022-12-16 10:39:07,484] {taskinstance.py:1358} INFO - 
--------------------------------------------------------------------------------
[2022-12-16 10:39:07,799] {taskinstance.py:1377} INFO - Executing <Task(PythonOperator): get_last_id> on 2022-12-15 20:47:00+00:00
[2022-12-16 10:39:07,872] {standard_task_runner.py:52} INFO - Started process 1280 to run task
[2022-12-16 10:39:07,932] {standard_task_runner.py:79} INFO - Running: ['airflow', 'tasks', 'run', 'prepare_data', 'get_last_id', 'scheduled__2022-12-15T20:47:00+00:00', '--job-id', '751', '--raw', '--subdir', 'DAGS_FOLDER/prepare_data.py', '--cfg-path', '/tmp/tmp3abb_xm2', '--error-file', '/tmp/tmp2_03s190']
[2022-12-16 10:39:07,933] {standard_task_runner.py:80} INFO - Job 751: Subtask get_last_id
[2022-12-16 10:39:09,015] {task_command.py:369} INFO - Running <TaskInstance: prepare_data.get_last_id scheduled__2022-12-15T20:47:00+00:00 [running]> on host 8e2f65ec4c74
[2022-12-16 10:39:11,451] {taskinstance.py:1571} INFO - Exporting the following env vars:
AIRFLOW_CTX_DAG_OWNER=airflow
AIRFLOW_CTX_DAG_ID=prepare_data
AIRFLOW_CTX_TASK_ID=get_last_id
AIRFLOW_CTX_EXECUTION_DATE=2022-12-15T20:47:00+00:00
AIRFLOW_CTX_TRY_NUMBER=1
AIRFLOW_CTX_DAG_RUN_ID=scheduled__2022-12-15T20:47:00+00:00
[2022-12-16 10:39:11,627] {base.py:68} INFO - Using connection ID 'gp_conn' for task execution.
[2022-12-16 10:39:12,277] {python.py:173} INFO - Done. Returned value was: None
[2022-12-16 10:39:13,197] {taskinstance.py:1400} INFO - Marking task as SUCCESS. dag_id=prepare_data, task_id=get_last_id, execution_date=20221215T204700, start_date=20221216T103907, end_date=20221216T103913
[2022-12-16 10:39:13,546] {local_task_job.py:221} WARNING - State of this instance has been externally set to success. Terminating instance.
[2022-12-16 10:39:13,578] {process_utils.py:129} INFO - Sending Signals.SIGTERM to group 1280. PIDs of all processes in the group: [1280]
[2022-12-16 10:39:13,599] {process_utils.py:80} INFO - Sending the signal Signals.SIGTERM to group 1280
[2022-12-16 10:39:13,599] {process_utils.py:75} INFO - Process psutil.Process(pid=1280, status='terminated', exitcode=0, started='10:39:07') (1280) terminated with exit code 0
