[2022-12-12 18:41:32,694] {taskinstance.py:1159} INFO - Dependencies all met for <TaskInstance: prepare_data.create_table scheduled__2022-11-28T18:57:00+00:00 [queued]>
[2022-12-12 18:41:32,800] {taskinstance.py:1159} INFO - Dependencies all met for <TaskInstance: prepare_data.create_table scheduled__2022-11-28T18:57:00+00:00 [queued]>
[2022-12-12 18:41:32,803] {taskinstance.py:1356} INFO - 
--------------------------------------------------------------------------------
[2022-12-12 18:41:32,805] {taskinstance.py:1357} INFO - Starting attempt 1 of 1
[2022-12-12 18:41:32,809] {taskinstance.py:1358} INFO - 
--------------------------------------------------------------------------------
[2022-12-12 18:41:32,916] {taskinstance.py:1377} INFO - Executing <Task(PostgresOperator): create_table> on 2022-11-28 18:57:00+00:00
[2022-12-12 18:41:32,932] {standard_task_runner.py:52} INFO - Started process 1032 to run task
[2022-12-12 18:41:32,986] {standard_task_runner.py:79} INFO - Running: ['airflow', 'tasks', 'run', 'prepare_data', 'create_table', 'scheduled__2022-11-28T18:57:00+00:00', '--job-id', '405', '--raw', '--subdir', 'DAGS_FOLDER/prepare_data.py', '--cfg-path', '/tmp/tmp1sm6o47f', '--error-file', '/tmp/tmp5tuzlp9q']
[2022-12-12 18:41:32,997] {standard_task_runner.py:80} INFO - Job 405: Subtask create_table
[2022-12-12 18:41:33,410] {task_command.py:369} INFO - Running <TaskInstance: prepare_data.create_table scheduled__2022-11-28T18:57:00+00:00 [running]> on host cfea470654c7
[2022-12-12 18:41:33,939] {taskinstance.py:1571} INFO - Exporting the following env vars:
AIRFLOW_CTX_DAG_OWNER=airflow
AIRFLOW_CTX_DAG_ID=prepare_data
AIRFLOW_CTX_TASK_ID=create_table
AIRFLOW_CTX_EXECUTION_DATE=2022-11-28T18:57:00+00:00
AIRFLOW_CTX_TRY_NUMBER=1
AIRFLOW_CTX_DAG_RUN_ID=scheduled__2022-11-28T18:57:00+00:00
[2022-12-12 18:41:33,971] {base.py:68} INFO - Using connection ID 'postgres_default' for task execution.
[2022-12-12 18:41:34,001] {dbapi.py:208} INFO - Running statement: CREATE TABLE IF NOT EXISTS prepared_data (
	id SERIAL,
	sensor_id BIGINT,
	longitude FLOAT,
	latitude FLOAT,
	controller_id BIGINT,
	datetime TIMESTAMP WITH TIME ZONE,
	temperature INTEGER
);, parameters: None
[2022-12-12 18:41:34,009] {postgres.py:94} INFO - NOTICE:  relation "prepared_data" already exists, skipping

[2022-12-12 18:41:34,086] {taskinstance.py:1400} INFO - Marking task as SUCCESS. dag_id=prepare_data, task_id=create_table, execution_date=20221128T185700, start_date=20221212T184132, end_date=20221212T184134
[2022-12-12 18:41:34,337] {local_task_job.py:156} INFO - Task exited with return code 0
[2022-12-12 18:41:34,751] {local_task_job.py:273} INFO - 1 downstream tasks scheduled from follow-on schedule check
