[2022-12-15 16:54:00,463] {taskinstance.py:1159} INFO - Dependencies all met for <TaskInstance: prepare_data.create_table scheduled__2022-12-15T16:53:00+00:00 [queued]>
[2022-12-15 16:54:00,478] {taskinstance.py:1159} INFO - Dependencies all met for <TaskInstance: prepare_data.create_table scheduled__2022-12-15T16:53:00+00:00 [queued]>
[2022-12-15 16:54:00,480] {taskinstance.py:1356} INFO - 
--------------------------------------------------------------------------------
[2022-12-15 16:54:00,481] {taskinstance.py:1357} INFO - Starting attempt 1 of 1
[2022-12-15 16:54:00,483] {taskinstance.py:1358} INFO - 
--------------------------------------------------------------------------------
[2022-12-15 16:54:00,515] {taskinstance.py:1377} INFO - Executing <Task(PostgresOperator): create_table> on 2022-12-15 16:53:00+00:00
[2022-12-15 16:54:00,524] {standard_task_runner.py:52} INFO - Started process 206 to run task
[2022-12-15 16:54:00,532] {standard_task_runner.py:79} INFO - Running: ['airflow', 'tasks', 'run', 'prepare_data', 'create_table', 'scheduled__2022-12-15T16:53:00+00:00', '--job-id', '11', '--raw', '--subdir', 'DAGS_FOLDER/prepare_data.py', '--cfg-path', '/tmp/tmpjhbeitgi', '--error-file', '/tmp/tmp9_6tzxpe']
[2022-12-15 16:54:00,538] {standard_task_runner.py:80} INFO - Job 11: Subtask create_table
[2022-12-15 16:54:00,670] {task_command.py:369} INFO - Running <TaskInstance: prepare_data.create_table scheduled__2022-12-15T16:53:00+00:00 [running]> on host 39e562fe01ff
[2022-12-15 16:54:00,823] {taskinstance.py:1571} INFO - Exporting the following env vars:
AIRFLOW_CTX_DAG_OWNER=airflow
AIRFLOW_CTX_DAG_ID=prepare_data
AIRFLOW_CTX_TASK_ID=create_table
AIRFLOW_CTX_EXECUTION_DATE=2022-12-15T16:53:00+00:00
AIRFLOW_CTX_TRY_NUMBER=1
AIRFLOW_CTX_DAG_RUN_ID=scheduled__2022-12-15T16:53:00+00:00
[2022-12-15 16:54:00,876] {taskinstance.py:1889} ERROR - Task failed with exception
Traceback (most recent call last):
  File "/home/airflow/.local/lib/python3.7/site-packages/airflow/providers/postgres/operators/postgres.py", line 92, in execute
    self.hook.run(self.sql, self.autocommit, parameters=self.parameters)
  File "/home/airflow/.local/lib/python3.7/site-packages/airflow/hooks/dbapi.py", line 181, in run
    with closing(self.get_conn()) as conn:
  File "/home/airflow/.local/lib/python3.7/site-packages/airflow/providers/postgres/hooks/postgres.py", line 86, in get_conn
    conn = deepcopy(self.connection or self.get_connection(conn_id))
  File "/home/airflow/.local/lib/python3.7/site-packages/airflow/hooks/base.py", line 67, in get_connection
    conn = Connection.get_connection_from_secrets(conn_id)
  File "/home/airflow/.local/lib/python3.7/site-packages/airflow/models/connection.py", line 430, in get_connection_from_secrets
    raise AirflowNotFoundException(f"The conn_id `{conn_id}` isn't defined")
airflow.exceptions.AirflowNotFoundException: The conn_id `postgres_default` isn't defined
[2022-12-15 16:54:00,885] {taskinstance.py:1400} INFO - Marking task as FAILED. dag_id=prepare_data, task_id=create_table, execution_date=20221215T165300, start_date=20221215T165400, end_date=20221215T165400
[2022-12-15 16:54:00,911] {standard_task_runner.py:97} ERROR - Failed to execute job 11 for task create_table (The conn_id `postgres_default` isn't defined; 206)
[2022-12-15 16:54:00,947] {local_task_job.py:156} INFO - Task exited with return code 1
[2022-12-15 16:54:01,029] {local_task_job.py:273} INFO - 0 downstream tasks scheduled from follow-on schedule check
[2022-12-16 07:51:03,276] {taskinstance.py:1159} INFO - Dependencies all met for <TaskInstance: prepare_data.create_table scheduled__2022-12-15T16:53:00+00:00 [queued]>
[2022-12-16 07:51:06,591] {taskinstance.py:1159} INFO - Dependencies all met for <TaskInstance: prepare_data.create_table scheduled__2022-12-15T16:53:00+00:00 [queued]>
[2022-12-16 07:51:06,591] {taskinstance.py:1356} INFO - 
--------------------------------------------------------------------------------
[2022-12-16 07:51:06,591] {taskinstance.py:1357} INFO - Starting attempt 1 of 1
[2022-12-16 07:51:06,591] {taskinstance.py:1358} INFO - 
--------------------------------------------------------------------------------
[2022-12-16 07:51:14,727] {taskinstance.py:1377} INFO - Executing <Task(PostgresOperator): create_table> on 2022-12-15 16:53:00+00:00
[2022-12-16 07:51:16,808] {standard_task_runner.py:52} INFO - Started process 16546 to run task
[2022-12-16 07:51:19,986] {standard_task_runner.py:79} INFO - Running: ['airflow', 'tasks', 'run', 'prepare_data', 'create_table', 'scheduled__2022-12-15T16:53:00+00:00', '--job-id', '14', '--raw', '--subdir', 'DAGS_FOLDER/prepare_data.py', '--cfg-path', '/tmp/tmpo4hmwwcu', '--error-file', '/tmp/tmpp3n2gkot']
[2022-12-16 07:51:20,475] {standard_task_runner.py:80} INFO - Job 14: Subtask create_table
[2022-12-16 07:52:00,834] {task_command.py:369} INFO - Running <TaskInstance: prepare_data.create_table scheduled__2022-12-15T16:53:00+00:00 [running]> on host 8e2f65ec4c74
[2022-12-16 07:52:15,402] {taskinstance.py:1571} INFO - Exporting the following env vars:
AIRFLOW_CTX_DAG_OWNER=airflow
AIRFLOW_CTX_DAG_ID=prepare_data
AIRFLOW_CTX_TASK_ID=create_table
AIRFLOW_CTX_EXECUTION_DATE=2022-12-15T16:53:00+00:00
AIRFLOW_CTX_TRY_NUMBER=1
AIRFLOW_CTX_DAG_RUN_ID=scheduled__2022-12-15T16:53:00+00:00
[2022-12-16 07:52:16,734] {base.py:68} INFO - Using connection ID 'gp_conn' for task execution.
[2022-12-16 07:52:17,376] {dbapi.py:208} INFO - Running statement: CREATE TABLE IF NOT EXISTS prepared_data (
	id SERIAL,
	sensor_id BIGINT,
	longitude FLOAT,
	latitude FLOAT,
	controller_id BIGINT,
	datetime TIMESTAMP WITH TIME ZONE,
	temperature INTEGER
);, parameters: None
[2022-12-16 07:52:17,470] {postgres.py:94} INFO - NOTICE:  relation "prepared_data" already exists, skipping

[2022-12-16 07:52:19,671] {taskinstance.py:1400} INFO - Marking task as SUCCESS. dag_id=prepare_data, task_id=create_table, execution_date=20221215T165300, start_date=20221216T075103, end_date=20221216T075219
[2022-12-16 07:52:21,709] {local_task_job.py:156} INFO - Task exited with return code 0
[2022-12-16 07:52:25,933] {local_task_job.py:273} INFO - 1 downstream tasks scheduled from follow-on schedule check
