[2022-12-16 07:50:45,072] {taskinstance.py:1159} INFO - Dependencies all met for <TaskInstance: prepare_data.get_last_id scheduled__2022-12-15T16:47:00+00:00 [queued]>
[2022-12-16 07:50:45,961] {taskinstance.py:1159} INFO - Dependencies all met for <TaskInstance: prepare_data.get_last_id scheduled__2022-12-15T16:47:00+00:00 [queued]>
[2022-12-16 07:50:45,978] {taskinstance.py:1356} INFO - 
--------------------------------------------------------------------------------
[2022-12-16 07:50:46,000] {taskinstance.py:1357} INFO - Starting attempt 1 of 1
[2022-12-16 07:50:46,001] {taskinstance.py:1358} INFO - 
--------------------------------------------------------------------------------
[2022-12-16 07:50:47,579] {taskinstance.py:1377} INFO - Executing <Task(PythonOperator): get_last_id> on 2022-12-15 16:47:00+00:00
[2022-12-16 07:50:47,791] {standard_task_runner.py:52} INFO - Started process 16542 to run task
[2022-12-16 07:50:48,052] {standard_task_runner.py:79} INFO - Running: ['airflow', 'tasks', 'run', 'prepare_data', 'get_last_id', 'scheduled__2022-12-15T16:47:00+00:00', '--job-id', '11', '--raw', '--subdir', 'DAGS_FOLDER/prepare_data.py', '--cfg-path', '/tmp/tmpuatv4_sl', '--error-file', '/tmp/tmp39_qyxaa']
[2022-12-16 07:50:48,110] {standard_task_runner.py:80} INFO - Job 11: Subtask get_last_id
[2022-12-16 07:50:50,986] {task_command.py:369} INFO - Running <TaskInstance: prepare_data.get_last_id scheduled__2022-12-15T16:47:00+00:00 [running]> on host 8e2f65ec4c74
[2022-12-16 07:51:04,169] {taskinstance.py:1571} INFO - Exporting the following env vars:
AIRFLOW_CTX_DAG_OWNER=airflow
AIRFLOW_CTX_DAG_ID=prepare_data
AIRFLOW_CTX_TASK_ID=get_last_id
AIRFLOW_CTX_EXECUTION_DATE=2022-12-15T16:47:00+00:00
AIRFLOW_CTX_TRY_NUMBER=1
AIRFLOW_CTX_DAG_RUN_ID=scheduled__2022-12-15T16:47:00+00:00
[2022-12-16 07:51:09,340] {base.py:68} INFO - Using connection ID 'gp_conn' for task execution.
[2022-12-16 07:51:24,972] {python.py:173} INFO - Done. Returned value was: None
[2022-12-16 07:51:42,834] {taskinstance.py:1400} INFO - Marking task as SUCCESS. dag_id=prepare_data, task_id=get_last_id, execution_date=20221215T164700, start_date=20221216T075045, end_date=20221216T075141
[2022-12-16 07:51:54,552] {local_task_job.py:221} WARNING - State of this instance has been externally set to success. Terminating instance.
[2022-12-16 07:51:55,374] {process_utils.py:129} INFO - Sending Signals.SIGTERM to group 16542. PIDs of all processes in the group: [16542]
[2022-12-16 07:51:55,374] {process_utils.py:80} INFO - Sending the signal Signals.SIGTERM to group 16542
[2022-12-16 07:51:56,178] {process_utils.py:75} INFO - Process psutil.Process(pid=16542, status='terminated', exitcode=0, started='07:50:47') (16542) terminated with exit code 0
