[2022-12-12 18:40:43,393] {taskinstance.py:1159} INFO - Dependencies all met for <TaskInstance: prepare_data.get_last_id scheduled__2022-11-28T18:17:00+00:00 [queued]>
[2022-12-12 18:40:43,483] {taskinstance.py:1159} INFO - Dependencies all met for <TaskInstance: prepare_data.get_last_id scheduled__2022-11-28T18:17:00+00:00 [queued]>
[2022-12-12 18:40:43,485] {taskinstance.py:1356} INFO - 
--------------------------------------------------------------------------------
[2022-12-12 18:40:43,489] {taskinstance.py:1357} INFO - Starting attempt 1 of 1
[2022-12-12 18:40:43,491] {taskinstance.py:1358} INFO - 
--------------------------------------------------------------------------------
[2022-12-12 18:40:43,662] {taskinstance.py:1377} INFO - Executing <Task(PythonOperator): get_last_id> on 2022-11-28 18:17:00+00:00
[2022-12-12 18:40:43,672] {standard_task_runner.py:52} INFO - Started process 818 to run task
[2022-12-12 18:40:43,686] {standard_task_runner.py:79} INFO - Running: ['airflow', 'tasks', 'run', 'prepare_data', 'get_last_id', 'scheduled__2022-11-28T18:17:00+00:00', '--job-id', '300', '--raw', '--subdir', 'DAGS_FOLDER/prepare_data.py', '--cfg-path', '/tmp/tmptm9jvtwn', '--error-file', '/tmp/tmpikzgbpg5']
[2022-12-12 18:40:43,690] {standard_task_runner.py:80} INFO - Job 300: Subtask get_last_id
[2022-12-12 18:40:43,936] {task_command.py:369} INFO - Running <TaskInstance: prepare_data.get_last_id scheduled__2022-11-28T18:17:00+00:00 [running]> on host cfea470654c7
[2022-12-12 18:40:44,615] {taskinstance.py:1571} INFO - Exporting the following env vars:
AIRFLOW_CTX_DAG_OWNER=airflow
AIRFLOW_CTX_DAG_ID=prepare_data
AIRFLOW_CTX_TASK_ID=get_last_id
AIRFLOW_CTX_EXECUTION_DATE=2022-11-28T18:17:00+00:00
AIRFLOW_CTX_TRY_NUMBER=1
AIRFLOW_CTX_DAG_RUN_ID=scheduled__2022-11-28T18:17:00+00:00
[2022-12-12 18:40:44,655] {base.py:68} INFO - Using connection ID 'postgres_default' for task execution.
[2022-12-12 18:40:44,749] {python.py:173} INFO - Done. Returned value was: None
[2022-12-12 18:40:44,848] {taskinstance.py:1400} INFO - Marking task as SUCCESS. dag_id=prepare_data, task_id=get_last_id, execution_date=20221128T181700, start_date=20221212T184043, end_date=20221212T184044
[2022-12-12 18:40:45,012] {local_task_job.py:156} INFO - Task exited with return code 0
[2022-12-12 18:40:45,406] {local_task_job.py:273} INFO - 1 downstream tasks scheduled from follow-on schedule check
