[2022-12-12 18:41:38,831] {taskinstance.py:1159} INFO - Dependencies all met for <TaskInstance: prepare_data.transfer_data scheduled__2022-11-28T18:57:00+00:00 [queued]>
[2022-12-12 18:41:38,858] {taskinstance.py:1159} INFO - Dependencies all met for <TaskInstance: prepare_data.transfer_data scheduled__2022-11-28T18:57:00+00:00 [queued]>
[2022-12-12 18:41:38,859] {taskinstance.py:1356} INFO - 
--------------------------------------------------------------------------------
[2022-12-12 18:41:38,860] {taskinstance.py:1357} INFO - Starting attempt 1 of 1
[2022-12-12 18:41:38,861] {taskinstance.py:1358} INFO - 
--------------------------------------------------------------------------------
[2022-12-12 18:41:38,880] {taskinstance.py:1377} INFO - Executing <Task(PythonOperator): transfer_data> on 2022-11-28 18:57:00+00:00
[2022-12-12 18:41:38,885] {standard_task_runner.py:52} INFO - Started process 1062 to run task
[2022-12-12 18:41:38,891] {standard_task_runner.py:79} INFO - Running: ['airflow', 'tasks', 'run', 'prepare_data', 'transfer_data', 'scheduled__2022-11-28T18:57:00+00:00', '--job-id', '418', '--raw', '--subdir', 'DAGS_FOLDER/prepare_data.py', '--cfg-path', '/tmp/tmp_p64qnve', '--error-file', '/tmp/tmpweatxdf8']
[2022-12-12 18:41:38,893] {standard_task_runner.py:80} INFO - Job 418: Subtask transfer_data
[2022-12-12 18:41:39,000] {task_command.py:369} INFO - Running <TaskInstance: prepare_data.transfer_data scheduled__2022-11-28T18:57:00+00:00 [running]> on host cfea470654c7
[2022-12-12 18:41:39,131] {taskinstance.py:1571} INFO - Exporting the following env vars:
AIRFLOW_CTX_DAG_OWNER=airflow
AIRFLOW_CTX_DAG_ID=prepare_data
AIRFLOW_CTX_TASK_ID=transfer_data
AIRFLOW_CTX_EXECUTION_DATE=2022-11-28T18:57:00+00:00
AIRFLOW_CTX_TRY_NUMBER=1
AIRFLOW_CTX_DAG_RUN_ID=scheduled__2022-11-28T18:57:00+00:00
[2022-12-12 18:41:39,156] {base.py:68} INFO - Using connection ID 'postgres_default' for task execution.
[2022-12-12 18:41:39,202] {python.py:173} INFO - Done. Returned value was: None
[2022-12-12 18:41:39,344] {taskinstance.py:1400} INFO - Marking task as SUCCESS. dag_id=prepare_data, task_id=transfer_data, execution_date=20221128T185700, start_date=20221212T184138, end_date=20221212T184139
[2022-12-12 18:41:39,384] {local_task_job.py:156} INFO - Task exited with return code 0
[2022-12-12 18:41:39,446] {local_task_job.py:273} INFO - 0 downstream tasks scheduled from follow-on schedule check
