[2022-12-16 10:55:08,807] {taskinstance.py:1159} INFO - Dependencies all met for <TaskInstance: prepare_data.get_last_id scheduled__2022-12-16T00:37:00+00:00 [queued]>
[2022-12-16 10:55:09,012] {taskinstance.py:1159} INFO - Dependencies all met for <TaskInstance: prepare_data.get_last_id scheduled__2022-12-16T00:37:00+00:00 [queued]>
[2022-12-16 10:55:09,013] {taskinstance.py:1356} INFO - 
--------------------------------------------------------------------------------
[2022-12-16 10:55:09,013] {taskinstance.py:1357} INFO - Starting attempt 1 of 1
[2022-12-16 10:55:09,013] {taskinstance.py:1358} INFO - 
--------------------------------------------------------------------------------
[2022-12-16 10:55:09,853] {taskinstance.py:1377} INFO - Executing <Task(PythonOperator): get_last_id> on 2022-12-16 00:37:00+00:00
[2022-12-16 10:55:09,961] {standard_task_runner.py:52} INFO - Started process 2804 to run task
[2022-12-16 10:55:10,177] {standard_task_runner.py:79} INFO - Running: ['airflow', 'tasks', 'run', 'prepare_data', 'get_last_id', 'scheduled__2022-12-16T00:37:00+00:00', '--job-id', '1442', '--raw', '--subdir', 'DAGS_FOLDER/prepare_data.py', '--cfg-path', '/tmp/tmp1dk7uryo', '--error-file', '/tmp/tmpgosq0y5h']
[2022-12-16 10:55:10,192] {standard_task_runner.py:80} INFO - Job 1442: Subtask get_last_id
[2022-12-16 10:55:12,102] {task_command.py:369} INFO - Running <TaskInstance: prepare_data.get_last_id scheduled__2022-12-16T00:37:00+00:00 [running]> on host 8e2f65ec4c74
[2022-12-16 10:55:14,776] {taskinstance.py:1571} INFO - Exporting the following env vars:
AIRFLOW_CTX_DAG_OWNER=airflow
AIRFLOW_CTX_DAG_ID=prepare_data
AIRFLOW_CTX_TASK_ID=get_last_id
AIRFLOW_CTX_EXECUTION_DATE=2022-12-16T00:37:00+00:00
AIRFLOW_CTX_TRY_NUMBER=1
AIRFLOW_CTX_DAG_RUN_ID=scheduled__2022-12-16T00:37:00+00:00
[2022-12-16 10:55:15,085] {base.py:68} INFO - Using connection ID 'gp_conn' for task execution.
[2022-12-16 10:55:15,990] {python.py:173} INFO - Done. Returned value was: None
[2022-12-16 10:55:17,287] {taskinstance.py:1400} INFO - Marking task as SUCCESS. dag_id=prepare_data, task_id=get_last_id, execution_date=20221216T003700, start_date=20221216T105508, end_date=20221216T105517
[2022-12-16 10:55:17,690] {local_task_job.py:156} INFO - Task exited with return code 0
[2022-12-16 10:55:18,577] {local_task_job.py:273} INFO - 1 downstream tasks scheduled from follow-on schedule check
