[2022-12-16 13:01:40,336] {taskinstance.py:1159} INFO - Dependencies all met for <TaskInstance: prepare_data.transfer_data scheduled__2022-12-16T11:08:00+00:00 [queued]>
[2022-12-16 13:01:40,876] {taskinstance.py:1159} INFO - Dependencies all met for <TaskInstance: prepare_data.transfer_data scheduled__2022-12-16T11:08:00+00:00 [queued]>
[2022-12-16 13:01:40,876] {taskinstance.py:1356} INFO - 
--------------------------------------------------------------------------------
[2022-12-16 13:01:40,877] {taskinstance.py:1357} INFO - Starting attempt 1 of 1
[2022-12-16 13:01:40,877] {taskinstance.py:1358} INFO - 
--------------------------------------------------------------------------------
[2022-12-16 13:01:41,498] {taskinstance.py:1377} INFO - Executing <Task(PythonOperator): transfer_data> on 2022-12-16 11:08:00+00:00
[2022-12-16 13:01:41,587] {standard_task_runner.py:52} INFO - Started process 3625 to run task
[2022-12-16 13:01:41,785] {standard_task_runner.py:79} INFO - Running: ['airflow', 'tasks', 'run', 'prepare_data', 'transfer_data', 'scheduled__2022-12-16T11:08:00+00:00', '--job-id', '1803', '--raw', '--subdir', 'DAGS_FOLDER/prepare_data.py', '--cfg-path', '/tmp/tmpd5xt1b0a', '--error-file', '/tmp/tmpiw3058pa']
[2022-12-16 13:01:41,898] {standard_task_runner.py:80} INFO - Job 1803: Subtask transfer_data
[2022-12-16 13:01:43,467] {task_command.py:369} INFO - Running <TaskInstance: prepare_data.transfer_data scheduled__2022-12-16T11:08:00+00:00 [running]> on host 8e2f65ec4c74
[2022-12-16 13:01:44,890] {taskinstance.py:1571} INFO - Exporting the following env vars:
AIRFLOW_CTX_DAG_OWNER=airflow
AIRFLOW_CTX_DAG_ID=prepare_data
AIRFLOW_CTX_TASK_ID=transfer_data
AIRFLOW_CTX_EXECUTION_DATE=2022-12-16T11:08:00+00:00
AIRFLOW_CTX_TRY_NUMBER=1
AIRFLOW_CTX_DAG_RUN_ID=scheduled__2022-12-16T11:08:00+00:00
[2022-12-16 13:01:45,108] {base.py:68} INFO - Using connection ID 'gp_conn' for task execution.
[2022-12-16 13:01:45,567] {python.py:173} INFO - Done. Returned value was: None
[2022-12-16 13:01:46,351] {taskinstance.py:1400} INFO - Marking task as SUCCESS. dag_id=prepare_data, task_id=transfer_data, execution_date=20221216T110800, start_date=20221216T130140, end_date=20221216T130146
[2022-12-16 13:01:46,517] {local_task_job.py:156} INFO - Task exited with return code 0
[2022-12-16 13:01:47,033] {local_task_job.py:273} INFO - 0 downstream tasks scheduled from follow-on schedule check
