[2022-12-16 10:51:46,486] {taskinstance.py:1159} INFO - Dependencies all met for <TaskInstance: prepare_data.transfer_data scheduled__2022-12-15T23:54:00+00:00 [queued]>
[2022-12-16 10:51:46,560] {taskinstance.py:1159} INFO - Dependencies all met for <TaskInstance: prepare_data.transfer_data scheduled__2022-12-15T23:54:00+00:00 [queued]>
[2022-12-16 10:51:46,560] {taskinstance.py:1356} INFO - 
--------------------------------------------------------------------------------
[2022-12-16 10:51:46,560] {taskinstance.py:1357} INFO - Starting attempt 1 of 1
[2022-12-16 10:51:46,560] {taskinstance.py:1358} INFO - 
--------------------------------------------------------------------------------
[2022-12-16 10:51:46,711] {taskinstance.py:1377} INFO - Executing <Task(PythonOperator): transfer_data> on 2022-12-15 23:54:00+00:00
[2022-12-16 10:51:46,734] {standard_task_runner.py:52} INFO - Started process 2528 to run task
[2022-12-16 10:51:46,759] {standard_task_runner.py:79} INFO - Running: ['airflow', 'tasks', 'run', 'prepare_data', 'transfer_data', 'scheduled__2022-12-15T23:54:00+00:00', '--job-id', '1318', '--raw', '--subdir', 'DAGS_FOLDER/prepare_data.py', '--cfg-path', '/tmp/tmplhlrdd8x', '--error-file', '/tmp/tmppk17npgq']
[2022-12-16 10:51:46,763] {standard_task_runner.py:80} INFO - Job 1318: Subtask transfer_data
[2022-12-16 10:51:47,100] {task_command.py:369} INFO - Running <TaskInstance: prepare_data.transfer_data scheduled__2022-12-15T23:54:00+00:00 [running]> on host 8e2f65ec4c74
[2022-12-16 10:51:47,814] {taskinstance.py:1571} INFO - Exporting the following env vars:
AIRFLOW_CTX_DAG_OWNER=airflow
AIRFLOW_CTX_DAG_ID=prepare_data
AIRFLOW_CTX_TASK_ID=transfer_data
AIRFLOW_CTX_EXECUTION_DATE=2022-12-15T23:54:00+00:00
AIRFLOW_CTX_TRY_NUMBER=1
AIRFLOW_CTX_DAG_RUN_ID=scheduled__2022-12-15T23:54:00+00:00
[2022-12-16 10:51:48,004] {base.py:68} INFO - Using connection ID 'gp_conn' for task execution.
[2022-12-16 10:51:48,359] {python.py:173} INFO - Done. Returned value was: None
[2022-12-16 10:51:48,475] {taskinstance.py:1400} INFO - Marking task as SUCCESS. dag_id=prepare_data, task_id=transfer_data, execution_date=20221215T235400, start_date=20221216T105146, end_date=20221216T105148
[2022-12-16 10:51:48,624] {local_task_job.py:156} INFO - Task exited with return code 0
[2022-12-16 10:51:48,970] {local_task_job.py:273} INFO - 0 downstream tasks scheduled from follow-on schedule check
