[2022-12-12 18:42:23,673] {taskinstance.py:1159} INFO - Dependencies all met for <TaskInstance: prepare_data.transfer_data scheduled__2022-11-28T19:32:00+00:00 [queued]>
[2022-12-12 18:42:23,704] {taskinstance.py:1159} INFO - Dependencies all met for <TaskInstance: prepare_data.transfer_data scheduled__2022-11-28T19:32:00+00:00 [queued]>
[2022-12-12 18:42:23,706] {taskinstance.py:1356} INFO - 
--------------------------------------------------------------------------------
[2022-12-12 18:42:23,710] {taskinstance.py:1357} INFO - Starting attempt 1 of 1
[2022-12-12 18:42:23,712] {taskinstance.py:1358} INFO - 
--------------------------------------------------------------------------------
[2022-12-12 18:42:23,741] {taskinstance.py:1377} INFO - Executing <Task(PythonOperator): transfer_data> on 2022-11-28 19:32:00+00:00
[2022-12-12 18:42:23,750] {standard_task_runner.py:52} INFO - Started process 1288 to run task
[2022-12-12 18:42:23,761] {standard_task_runner.py:79} INFO - Running: ['airflow', 'tasks', 'run', 'prepare_data', 'transfer_data', 'scheduled__2022-11-28T19:32:00+00:00', '--job-id', '527', '--raw', '--subdir', 'DAGS_FOLDER/prepare_data.py', '--cfg-path', '/tmp/tmp8c_lj7h6', '--error-file', '/tmp/tmpoz59s15g']
[2022-12-12 18:42:23,766] {standard_task_runner.py:80} INFO - Job 527: Subtask transfer_data
[2022-12-12 18:42:23,938] {task_command.py:369} INFO - Running <TaskInstance: prepare_data.transfer_data scheduled__2022-11-28T19:32:00+00:00 [running]> on host cfea470654c7
[2022-12-12 18:42:24,167] {taskinstance.py:1571} INFO - Exporting the following env vars:
AIRFLOW_CTX_DAG_OWNER=airflow
AIRFLOW_CTX_DAG_ID=prepare_data
AIRFLOW_CTX_TASK_ID=transfer_data
AIRFLOW_CTX_EXECUTION_DATE=2022-11-28T19:32:00+00:00
AIRFLOW_CTX_TRY_NUMBER=1
AIRFLOW_CTX_DAG_RUN_ID=scheduled__2022-11-28T19:32:00+00:00
[2022-12-12 18:42:24,192] {base.py:68} INFO - Using connection ID 'postgres_default' for task execution.
[2022-12-12 18:42:24,269] {python.py:173} INFO - Done. Returned value was: None
[2022-12-12 18:42:24,345] {taskinstance.py:1400} INFO - Marking task as SUCCESS. dag_id=prepare_data, task_id=transfer_data, execution_date=20221128T193200, start_date=20221212T184223, end_date=20221212T184224
[2022-12-12 18:42:24,424] {local_task_job.py:156} INFO - Task exited with return code 0
[2022-12-12 18:42:24,598] {local_task_job.py:273} INFO - 0 downstream tasks scheduled from follow-on schedule check
