[2022-12-12 18:25:51,192] {taskinstance.py:1159} INFO - Dependencies all met for <TaskInstance: prepare_data.create_table scheduled__2022-11-28T17:14:00+00:00 [queued]>
[2022-12-12 18:25:51,344] {taskinstance.py:1159} INFO - Dependencies all met for <TaskInstance: prepare_data.create_table scheduled__2022-11-28T17:14:00+00:00 [queued]>
[2022-12-12 18:25:51,346] {taskinstance.py:1356} INFO - 
--------------------------------------------------------------------------------
[2022-12-12 18:25:51,349] {taskinstance.py:1357} INFO - Starting attempt 1 of 1
[2022-12-12 18:25:51,350] {taskinstance.py:1358} INFO - 
--------------------------------------------------------------------------------
[2022-12-12 18:25:51,552] {taskinstance.py:1377} INFO - Executing <Task(PostgresOperator): create_table> on 2022-11-28 17:14:00+00:00
[2022-12-12 18:25:51,590] {standard_task_runner.py:52} INFO - Started process 425 to run task
[2022-12-12 18:25:51,626] {standard_task_runner.py:79} INFO - Running: ['airflow', 'tasks', 'run', 'prepare_data', 'create_table', 'scheduled__2022-11-28T17:14:00+00:00', '--job-id', '104', '--raw', '--subdir', 'DAGS_FOLDER/prepare_data.py', '--cfg-path', '/tmp/tmpn9_pb1m8', '--error-file', '/tmp/tmpxbjjz8by']
[2022-12-12 18:25:51,636] {standard_task_runner.py:80} INFO - Job 104: Subtask create_table
[2022-12-12 18:25:52,054] {task_command.py:369} INFO - Running <TaskInstance: prepare_data.create_table scheduled__2022-11-28T17:14:00+00:00 [running]> on host a49e44ee4a94
[2022-12-12 18:25:52,379] {taskinstance.py:1571} INFO - Exporting the following env vars:
AIRFLOW_CTX_DAG_OWNER=airflow
AIRFLOW_CTX_DAG_ID=prepare_data
AIRFLOW_CTX_TASK_ID=create_table
AIRFLOW_CTX_EXECUTION_DATE=2022-11-28T17:14:00+00:00
AIRFLOW_CTX_TRY_NUMBER=1
AIRFLOW_CTX_DAG_RUN_ID=scheduled__2022-11-28T17:14:00+00:00
[2022-12-12 18:25:52,438] {base.py:68} INFO - Using connection ID 'postgres_default' for task execution.
[2022-12-12 18:25:52,449] {dbapi.py:208} INFO - Running statement: CREATE TABLE IF NOT EXISTS prepared_data (
	id SERIAL,
	sensor_id BIGINT,
	longitude FLOAT,
	latitude FLOAT,
	controller_id BIGINT,
	datetime TIMESTAMP WITH TIME ZONE,
	temperature INTEGER
);, parameters: None
[2022-12-12 18:25:52,456] {postgres.py:94} INFO - NOTICE:  relation "prepared_data" already exists, skipping

[2022-12-12 18:25:52,593] {taskinstance.py:1400} INFO - Marking task as SUCCESS. dag_id=prepare_data, task_id=create_table, execution_date=20221128T171400, start_date=20221212T182551, end_date=20221212T182552
[2022-12-12 18:25:52,715] {local_task_job.py:156} INFO - Task exited with return code 0
[2022-12-12 18:25:53,368] {local_task_job.py:273} INFO - 1 downstream tasks scheduled from follow-on schedule check
[2022-12-12 18:39:19,172] {taskinstance.py:1159} INFO - Dependencies all met for <TaskInstance: prepare_data.create_table scheduled__2022-11-28T17:14:00+00:00 [queued]>
[2022-12-12 18:39:19,195] {taskinstance.py:1159} INFO - Dependencies all met for <TaskInstance: prepare_data.create_table scheduled__2022-11-28T17:14:00+00:00 [queued]>
[2022-12-12 18:39:19,198] {taskinstance.py:1356} INFO - 
--------------------------------------------------------------------------------
[2022-12-12 18:39:19,199] {taskinstance.py:1357} INFO - Starting attempt 1 of 1
[2022-12-12 18:39:19,201] {taskinstance.py:1358} INFO - 
--------------------------------------------------------------------------------
[2022-12-12 18:39:19,368] {taskinstance.py:1377} INFO - Executing <Task(PostgresOperator): create_table> on 2022-11-28 17:14:00+00:00
[2022-12-12 18:39:19,383] {standard_task_runner.py:52} INFO - Started process 413 to run task
[2022-12-12 18:39:19,421] {standard_task_runner.py:79} INFO - Running: ['airflow', 'tasks', 'run', 'prepare_data', 'create_table', 'scheduled__2022-11-28T17:14:00+00:00', '--job-id', '105', '--raw', '--subdir', 'DAGS_FOLDER/prepare_data.py', '--cfg-path', '/tmp/tmpp28s9ga7', '--error-file', '/tmp/tmpxonuuumu']
[2022-12-12 18:39:19,432] {standard_task_runner.py:80} INFO - Job 105: Subtask create_table
[2022-12-12 18:39:19,747] {task_command.py:369} INFO - Running <TaskInstance: prepare_data.create_table scheduled__2022-11-28T17:14:00+00:00 [running]> on host cfea470654c7
[2022-12-12 18:39:20,558] {taskinstance.py:1571} INFO - Exporting the following env vars:
AIRFLOW_CTX_DAG_OWNER=airflow
AIRFLOW_CTX_DAG_ID=prepare_data
AIRFLOW_CTX_TASK_ID=create_table
AIRFLOW_CTX_EXECUTION_DATE=2022-11-28T17:14:00+00:00
AIRFLOW_CTX_TRY_NUMBER=1
AIRFLOW_CTX_DAG_RUN_ID=scheduled__2022-11-28T17:14:00+00:00
[2022-12-12 18:39:20,661] {base.py:68} INFO - Using connection ID 'postgres_default' for task execution.
[2022-12-12 18:39:20,688] {dbapi.py:208} INFO - Running statement: CREATE TABLE IF NOT EXISTS prepared_data (
	id SERIAL,
	sensor_id BIGINT,
	longitude FLOAT,
	latitude FLOAT,
	controller_id BIGINT,
	datetime TIMESTAMP WITH TIME ZONE,
	temperature INTEGER
);, parameters: None
[2022-12-12 18:39:20,703] {postgres.py:94} INFO - NOTICE:  relation "prepared_data" already exists, skipping

[2022-12-12 18:39:20,841] {taskinstance.py:1400} INFO - Marking task as SUCCESS. dag_id=prepare_data, task_id=create_table, execution_date=20221128T171400, start_date=20221212T183919, end_date=20221212T183920
[2022-12-12 18:39:21,070] {local_task_job.py:156} INFO - Task exited with return code 0
[2022-12-12 18:39:21,588] {local_task_job.py:273} INFO - 0 downstream tasks scheduled from follow-on schedule check
