[2022-12-12 18:25:45,657] {taskinstance.py:1159} INFO - Dependencies all met for <TaskInstance: prepare_data.create_table scheduled__2022-11-28T17:11:00+00:00 [queued]>
[2022-12-12 18:25:45,774] {taskinstance.py:1159} INFO - Dependencies all met for <TaskInstance: prepare_data.create_table scheduled__2022-11-28T17:11:00+00:00 [queued]>
[2022-12-12 18:25:45,779] {taskinstance.py:1356} INFO - 
--------------------------------------------------------------------------------
[2022-12-12 18:25:45,789] {taskinstance.py:1357} INFO - Starting attempt 1 of 1
[2022-12-12 18:25:45,802] {taskinstance.py:1358} INFO - 
--------------------------------------------------------------------------------
[2022-12-12 18:25:46,144] {taskinstance.py:1377} INFO - Executing <Task(PostgresOperator): create_table> on 2022-11-28 17:11:00+00:00
[2022-12-12 18:25:46,157] {standard_task_runner.py:52} INFO - Started process 404 to run task
[2022-12-12 18:25:46,210] {standard_task_runner.py:79} INFO - Running: ['airflow', 'tasks', 'run', 'prepare_data', 'create_table', 'scheduled__2022-11-28T17:11:00+00:00', '--job-id', '96', '--raw', '--subdir', 'DAGS_FOLDER/prepare_data.py', '--cfg-path', '/tmp/tmp7axg_l4b', '--error-file', '/tmp/tmpq2rmliub']
[2022-12-12 18:25:46,213] {standard_task_runner.py:80} INFO - Job 96: Subtask create_table
[2022-12-12 18:25:46,557] {task_command.py:369} INFO - Running <TaskInstance: prepare_data.create_table scheduled__2022-11-28T17:11:00+00:00 [running]> on host a49e44ee4a94
[2022-12-12 18:25:47,496] {taskinstance.py:1571} INFO - Exporting the following env vars:
AIRFLOW_CTX_DAG_OWNER=airflow
AIRFLOW_CTX_DAG_ID=prepare_data
AIRFLOW_CTX_TASK_ID=create_table
AIRFLOW_CTX_EXECUTION_DATE=2022-11-28T17:11:00+00:00
AIRFLOW_CTX_TRY_NUMBER=1
AIRFLOW_CTX_DAG_RUN_ID=scheduled__2022-11-28T17:11:00+00:00
[2022-12-12 18:25:47,569] {base.py:68} INFO - Using connection ID 'postgres_default' for task execution.
[2022-12-12 18:25:47,628] {dbapi.py:208} INFO - Running statement: CREATE TABLE IF NOT EXISTS prepared_data (
	id SERIAL,
	sensor_id BIGINT,
	longitude FLOAT,
	latitude FLOAT,
	controller_id BIGINT,
	datetime TIMESTAMP WITH TIME ZONE,
	temperature INTEGER
);, parameters: None
[2022-12-12 18:25:47,653] {postgres.py:94} INFO - NOTICE:  relation "prepared_data" already exists, skipping

[2022-12-12 18:25:47,907] {taskinstance.py:1400} INFO - Marking task as SUCCESS. dag_id=prepare_data, task_id=create_table, execution_date=20221128T171100, start_date=20221212T182545, end_date=20221212T182547
[2022-12-12 18:25:48,237] {local_task_job.py:156} INFO - Task exited with return code 0
[2022-12-12 18:25:49,538] {local_task_job.py:273} INFO - 0 downstream tasks scheduled from follow-on schedule check
[2022-12-12 18:39:05,936] {taskinstance.py:1159} INFO - Dependencies all met for <TaskInstance: prepare_data.create_table scheduled__2022-11-28T17:11:00+00:00 [queued]>
[2022-12-12 18:39:06,073] {taskinstance.py:1159} INFO - Dependencies all met for <TaskInstance: prepare_data.create_table scheduled__2022-11-28T17:11:00+00:00 [queued]>
[2022-12-12 18:39:06,074] {taskinstance.py:1356} INFO - 
--------------------------------------------------------------------------------
[2022-12-12 18:39:06,076] {taskinstance.py:1357} INFO - Starting attempt 1 of 1
[2022-12-12 18:39:06,077] {taskinstance.py:1358} INFO - 
--------------------------------------------------------------------------------
[2022-12-12 18:39:06,164] {taskinstance.py:1377} INFO - Executing <Task(PostgresOperator): create_table> on 2022-11-28 17:11:00+00:00
[2022-12-12 18:39:06,178] {standard_task_runner.py:52} INFO - Started process 380 to run task
[2022-12-12 18:39:06,196] {standard_task_runner.py:79} INFO - Running: ['airflow', 'tasks', 'run', 'prepare_data', 'create_table', 'scheduled__2022-11-28T17:11:00+00:00', '--job-id', '88', '--raw', '--subdir', 'DAGS_FOLDER/prepare_data.py', '--cfg-path', '/tmp/tmptby355n4', '--error-file', '/tmp/tmpacmsf7_0']
[2022-12-12 18:39:06,215] {standard_task_runner.py:80} INFO - Job 88: Subtask create_table
[2022-12-12 18:39:07,491] {task_command.py:369} INFO - Running <TaskInstance: prepare_data.create_table scheduled__2022-11-28T17:11:00+00:00 [running]> on host cfea470654c7
[2022-12-12 18:39:08,522] {taskinstance.py:1571} INFO - Exporting the following env vars:
AIRFLOW_CTX_DAG_OWNER=airflow
AIRFLOW_CTX_DAG_ID=prepare_data
AIRFLOW_CTX_TASK_ID=create_table
AIRFLOW_CTX_EXECUTION_DATE=2022-11-28T17:11:00+00:00
AIRFLOW_CTX_TRY_NUMBER=1
AIRFLOW_CTX_DAG_RUN_ID=scheduled__2022-11-28T17:11:00+00:00
[2022-12-12 18:39:08,744] {base.py:68} INFO - Using connection ID 'postgres_default' for task execution.
[2022-12-12 18:39:08,803] {dbapi.py:208} INFO - Running statement: CREATE TABLE IF NOT EXISTS prepared_data (
	id SERIAL,
	sensor_id BIGINT,
	longitude FLOAT,
	latitude FLOAT,
	controller_id BIGINT,
	datetime TIMESTAMP WITH TIME ZONE,
	temperature INTEGER
);, parameters: None
[2022-12-12 18:39:08,814] {postgres.py:94} INFO - NOTICE:  relation "prepared_data" already exists, skipping

[2022-12-12 18:39:09,503] {taskinstance.py:1400} INFO - Marking task as SUCCESS. dag_id=prepare_data, task_id=create_table, execution_date=20221128T171100, start_date=20221212T183905, end_date=20221212T183909
[2022-12-12 18:39:09,624] {local_task_job.py:156} INFO - Task exited with return code 0
[2022-12-12 18:39:10,093] {local_task_job.py:273} INFO - 1 downstream tasks scheduled from follow-on schedule check
