[2022-12-16 13:05:58,836] {taskinstance.py:1159} INFO - Dependencies all met for <TaskInstance: prepare_data.create_table scheduled__2022-12-16T12:56:00+00:00 [queued]>
[2022-12-16 13:05:58,904] {taskinstance.py:1159} INFO - Dependencies all met for <TaskInstance: prepare_data.create_table scheduled__2022-12-16T12:56:00+00:00 [queued]>
[2022-12-16 13:05:58,904] {taskinstance.py:1356} INFO - 
--------------------------------------------------------------------------------
[2022-12-16 13:05:58,904] {taskinstance.py:1357} INFO - Starting attempt 1 of 1
[2022-12-16 13:05:58,904] {taskinstance.py:1358} INFO - 
--------------------------------------------------------------------------------
[2022-12-16 13:05:59,003] {taskinstance.py:1377} INFO - Executing <Task(PostgresOperator): create_table> on 2022-12-16 12:56:00+00:00
[2022-12-16 13:05:59,033] {standard_task_runner.py:52} INFO - Started process 4282 to run task
[2022-12-16 13:05:59,048] {standard_task_runner.py:79} INFO - Running: ['airflow', 'tasks', 'run', 'prepare_data', 'create_table', 'scheduled__2022-12-16T12:56:00+00:00', '--job-id', '2112', '--raw', '--subdir', 'DAGS_FOLDER/prepare_data.py', '--cfg-path', '/tmp/tmpvp7ftsoi', '--error-file', '/tmp/tmpr0ywva4n']
[2022-12-16 13:05:59,066] {standard_task_runner.py:80} INFO - Job 2112: Subtask create_table
[2022-12-16 13:05:59,410] {task_command.py:369} INFO - Running <TaskInstance: prepare_data.create_table scheduled__2022-12-16T12:56:00+00:00 [running]> on host 8e2f65ec4c74
[2022-12-16 13:06:00,040] {taskinstance.py:1571} INFO - Exporting the following env vars:
AIRFLOW_CTX_DAG_OWNER=airflow
AIRFLOW_CTX_DAG_ID=prepare_data
AIRFLOW_CTX_TASK_ID=create_table
AIRFLOW_CTX_EXECUTION_DATE=2022-12-16T12:56:00+00:00
AIRFLOW_CTX_TRY_NUMBER=1
AIRFLOW_CTX_DAG_RUN_ID=scheduled__2022-12-16T12:56:00+00:00
[2022-12-16 13:06:00,104] {base.py:68} INFO - Using connection ID 'gp_conn' for task execution.
[2022-12-16 13:06:00,127] {dbapi.py:208} INFO - Running statement: CREATE TABLE IF NOT EXISTS prepared_data (
	id SERIAL,
	sensor_id BIGINT,
	longitude FLOAT,
	latitude FLOAT,
	controller_id BIGINT,
	datetime TIMESTAMP WITH TIME ZONE,
	temperature INTEGER
);, parameters: None
[2022-12-16 13:06:00,133] {postgres.py:94} INFO - NOTICE:  relation "prepared_data" already exists, skipping

[2022-12-16 13:06:00,243] {taskinstance.py:1400} INFO - Marking task as SUCCESS. dag_id=prepare_data, task_id=create_table, execution_date=20221216T125600, start_date=20221216T130558, end_date=20221216T130600
[2022-12-16 13:06:00,379] {local_task_job.py:156} INFO - Task exited with return code 0
[2022-12-16 13:06:00,739] {local_task_job.py:273} INFO - 1 downstream tasks scheduled from follow-on schedule check
