[2022-12-12 18:40:33,285] {taskinstance.py:1159} INFO - Dependencies all met for <TaskInstance: prepare_data.get_last_id scheduled__2022-11-28T18:11:00+00:00 [queued]>
[2022-12-12 18:40:33,396] {taskinstance.py:1159} INFO - Dependencies all met for <TaskInstance: prepare_data.get_last_id scheduled__2022-11-28T18:11:00+00:00 [queued]>
[2022-12-12 18:40:33,398] {taskinstance.py:1356} INFO - 
--------------------------------------------------------------------------------
[2022-12-12 18:40:33,400] {taskinstance.py:1357} INFO - Starting attempt 1 of 1
[2022-12-12 18:40:33,402] {taskinstance.py:1358} INFO - 
--------------------------------------------------------------------------------
[2022-12-12 18:40:33,534] {taskinstance.py:1377} INFO - Executing <Task(PythonOperator): get_last_id> on 2022-11-28 18:11:00+00:00
[2022-12-12 18:40:33,543] {standard_task_runner.py:52} INFO - Started process 769 to run task
[2022-12-12 18:40:33,584] {standard_task_runner.py:79} INFO - Running: ['airflow', 'tasks', 'run', 'prepare_data', 'get_last_id', 'scheduled__2022-11-28T18:11:00+00:00', '--job-id', '277', '--raw', '--subdir', 'DAGS_FOLDER/prepare_data.py', '--cfg-path', '/tmp/tmp8cdg9qs5', '--error-file', '/tmp/tmp332yop7y']
[2022-12-12 18:40:33,600] {standard_task_runner.py:80} INFO - Job 277: Subtask get_last_id
[2022-12-12 18:40:33,995] {task_command.py:369} INFO - Running <TaskInstance: prepare_data.get_last_id scheduled__2022-11-28T18:11:00+00:00 [running]> on host cfea470654c7
[2022-12-12 18:40:34,507] {taskinstance.py:1571} INFO - Exporting the following env vars:
AIRFLOW_CTX_DAG_OWNER=airflow
AIRFLOW_CTX_DAG_ID=prepare_data
AIRFLOW_CTX_TASK_ID=get_last_id
AIRFLOW_CTX_EXECUTION_DATE=2022-11-28T18:11:00+00:00
AIRFLOW_CTX_TRY_NUMBER=1
AIRFLOW_CTX_DAG_RUN_ID=scheduled__2022-11-28T18:11:00+00:00
[2022-12-12 18:40:34,571] {base.py:68} INFO - Using connection ID 'postgres_default' for task execution.
[2022-12-12 18:40:34,661] {python.py:173} INFO - Done. Returned value was: None
[2022-12-12 18:40:34,729] {taskinstance.py:1400} INFO - Marking task as SUCCESS. dag_id=prepare_data, task_id=get_last_id, execution_date=20221128T181100, start_date=20221212T184033, end_date=20221212T184034
[2022-12-12 18:40:34,825] {local_task_job.py:156} INFO - Task exited with return code 0
[2022-12-12 18:40:34,939] {local_task_job.py:273} INFO - 1 downstream tasks scheduled from follow-on schedule check
