[2022-12-12 18:41:59,575] {taskinstance.py:1159} INFO - Dependencies all met for <TaskInstance: prepare_data.get_last_id scheduled__2022-11-28T19:13:00+00:00 [queued]>
[2022-12-12 18:41:59,653] {taskinstance.py:1159} INFO - Dependencies all met for <TaskInstance: prepare_data.get_last_id scheduled__2022-11-28T19:13:00+00:00 [queued]>
[2022-12-12 18:41:59,655] {taskinstance.py:1356} INFO - 
--------------------------------------------------------------------------------
[2022-12-12 18:41:59,656] {taskinstance.py:1357} INFO - Starting attempt 1 of 1
[2022-12-12 18:41:59,658] {taskinstance.py:1358} INFO - 
--------------------------------------------------------------------------------
[2022-12-12 18:41:59,793] {taskinstance.py:1377} INFO - Executing <Task(PythonOperator): get_last_id> on 2022-11-28 19:13:00+00:00
[2022-12-12 18:41:59,803] {standard_task_runner.py:52} INFO - Started process 1162 to run task
[2022-12-12 18:41:59,822] {standard_task_runner.py:79} INFO - Running: ['airflow', 'tasks', 'run', 'prepare_data', 'get_last_id', 'scheduled__2022-11-28T19:13:00+00:00', '--job-id', '466', '--raw', '--subdir', 'DAGS_FOLDER/prepare_data.py', '--cfg-path', '/tmp/tmp5f73snt3', '--error-file', '/tmp/tmpid39hfr0']
[2022-12-12 18:41:59,837] {standard_task_runner.py:80} INFO - Job 466: Subtask get_last_id
[2022-12-12 18:42:00,338] {task_command.py:369} INFO - Running <TaskInstance: prepare_data.get_last_id scheduled__2022-11-28T19:13:00+00:00 [running]> on host cfea470654c7
[2022-12-12 18:42:01,091] {taskinstance.py:1571} INFO - Exporting the following env vars:
AIRFLOW_CTX_DAG_OWNER=airflow
AIRFLOW_CTX_DAG_ID=prepare_data
AIRFLOW_CTX_TASK_ID=get_last_id
AIRFLOW_CTX_EXECUTION_DATE=2022-11-28T19:13:00+00:00
AIRFLOW_CTX_TRY_NUMBER=1
AIRFLOW_CTX_DAG_RUN_ID=scheduled__2022-11-28T19:13:00+00:00
[2022-12-12 18:42:01,168] {base.py:68} INFO - Using connection ID 'postgres_default' for task execution.
[2022-12-12 18:42:01,286] {python.py:173} INFO - Done. Returned value was: None
[2022-12-12 18:42:01,561] {taskinstance.py:1400} INFO - Marking task as SUCCESS. dag_id=prepare_data, task_id=get_last_id, execution_date=20221128T191300, start_date=20221212T184159, end_date=20221212T184201
[2022-12-12 18:42:01,655] {local_task_job.py:156} INFO - Task exited with return code 0
[2022-12-12 18:42:01,968] {local_task_job.py:273} INFO - 1 downstream tasks scheduled from follow-on schedule check
