[2022-12-16 10:43:22,372] {taskinstance.py:1159} INFO - Dependencies all met for <TaskInstance: prepare_data.transfer_data scheduled__2022-12-15T21:57:00+00:00 [queued]>
[2022-12-16 10:43:23,006] {taskinstance.py:1159} INFO - Dependencies all met for <TaskInstance: prepare_data.transfer_data scheduled__2022-12-15T21:57:00+00:00 [queued]>
[2022-12-16 10:43:23,006] {taskinstance.py:1356} INFO - 
--------------------------------------------------------------------------------
[2022-12-16 10:43:23,006] {taskinstance.py:1357} INFO - Starting attempt 1 of 1
[2022-12-16 10:43:23,006] {taskinstance.py:1358} INFO - 
--------------------------------------------------------------------------------
[2022-12-16 10:43:23,840] {taskinstance.py:1377} INFO - Executing <Task(PythonOperator): transfer_data> on 2022-12-15 21:57:00+00:00
[2022-12-16 10:43:24,086] {standard_task_runner.py:52} INFO - Started process 1754 to run task
[2022-12-16 10:43:24,365] {standard_task_runner.py:79} INFO - Running: ['airflow', 'tasks', 'run', 'prepare_data', 'transfer_data', 'scheduled__2022-12-15T21:57:00+00:00', '--job-id', '970', '--raw', '--subdir', 'DAGS_FOLDER/prepare_data.py', '--cfg-path', '/tmp/tmp_k2q_p8d', '--error-file', '/tmp/tmpyrreefl2']
[2022-12-16 10:43:24,543] {standard_task_runner.py:80} INFO - Job 970: Subtask transfer_data
[2022-12-16 10:43:25,676] {task_command.py:369} INFO - Running <TaskInstance: prepare_data.transfer_data scheduled__2022-12-15T21:57:00+00:00 [running]> on host 8e2f65ec4c74
[2022-12-16 10:43:26,838] {taskinstance.py:1571} INFO - Exporting the following env vars:
AIRFLOW_CTX_DAG_OWNER=airflow
AIRFLOW_CTX_DAG_ID=prepare_data
AIRFLOW_CTX_TASK_ID=transfer_data
AIRFLOW_CTX_EXECUTION_DATE=2022-12-15T21:57:00+00:00
AIRFLOW_CTX_TRY_NUMBER=1
AIRFLOW_CTX_DAG_RUN_ID=scheduled__2022-12-15T21:57:00+00:00
[2022-12-16 10:43:26,968] {base.py:68} INFO - Using connection ID 'gp_conn' for task execution.
[2022-12-16 10:43:27,531] {python.py:173} INFO - Done. Returned value was: None
[2022-12-16 10:43:27,965] {taskinstance.py:1400} INFO - Marking task as SUCCESS. dag_id=prepare_data, task_id=transfer_data, execution_date=20221215T215700, start_date=20221216T104322, end_date=20221216T104327
[2022-12-16 10:43:28,232] {local_task_job.py:156} INFO - Task exited with return code 0
[2022-12-16 10:43:28,844] {local_task_job.py:273} INFO - 0 downstream tasks scheduled from follow-on schedule check
