[2022-12-16 08:07:29,290] {taskinstance.py:1159} INFO - Dependencies all met for <TaskInstance: prepare_data.transfer_data scheduled__2022-12-15T17:06:00+00:00 [queued]>
[2022-12-16 08:07:29,651] {taskinstance.py:1159} INFO - Dependencies all met for <TaskInstance: prepare_data.transfer_data scheduled__2022-12-15T17:06:00+00:00 [queued]>
[2022-12-16 08:07:29,651] {taskinstance.py:1356} INFO - 
--------------------------------------------------------------------------------
[2022-12-16 08:07:29,651] {taskinstance.py:1357} INFO - Starting attempt 1 of 1
[2022-12-16 08:07:29,651] {taskinstance.py:1358} INFO - 
--------------------------------------------------------------------------------
[2022-12-16 08:07:30,271] {taskinstance.py:1377} INFO - Executing <Task(PythonOperator): transfer_data> on 2022-12-15 17:06:00+00:00
[2022-12-16 08:07:30,384] {standard_task_runner.py:52} INFO - Started process 16731 to run task
[2022-12-16 08:07:30,519] {standard_task_runner.py:79} INFO - Running: ['airflow', 'tasks', 'run', 'prepare_data', 'transfer_data', 'scheduled__2022-12-15T17:06:00+00:00', '--job-id', '76', '--raw', '--subdir', 'DAGS_FOLDER/prepare_data.py', '--cfg-path', '/tmp/tmp62a37r13', '--error-file', '/tmp/tmpkocmg28j']
[2022-12-16 08:07:30,520] {standard_task_runner.py:80} INFO - Job 76: Subtask transfer_data
[2022-12-16 08:07:32,310] {task_command.py:369} INFO - Running <TaskInstance: prepare_data.transfer_data scheduled__2022-12-15T17:06:00+00:00 [running]> on host 8e2f65ec4c74
[2022-12-16 08:07:34,367] {taskinstance.py:1571} INFO - Exporting the following env vars:
AIRFLOW_CTX_DAG_OWNER=airflow
AIRFLOW_CTX_DAG_ID=prepare_data
AIRFLOW_CTX_TASK_ID=transfer_data
AIRFLOW_CTX_EXECUTION_DATE=2022-12-15T17:06:00+00:00
AIRFLOW_CTX_TRY_NUMBER=1
AIRFLOW_CTX_DAG_RUN_ID=scheduled__2022-12-15T17:06:00+00:00
[2022-12-16 08:07:34,779] {base.py:68} INFO - Using connection ID 'gp_conn' for task execution.
[2022-12-16 08:07:36,132] {python.py:173} INFO - Done. Returned value was: None
[2022-12-16 08:07:37,381] {taskinstance.py:1400} INFO - Marking task as SUCCESS. dag_id=prepare_data, task_id=transfer_data, execution_date=20221215T170600, start_date=20221216T080729, end_date=20221216T080737
[2022-12-16 08:07:38,583] {local_task_job.py:156} INFO - Task exited with return code 0
[2022-12-16 08:07:40,080] {local_task_job.py:273} INFO - 0 downstream tasks scheduled from follow-on schedule check
