[2022-12-12 18:41:52,168] {taskinstance.py:1159} INFO - Dependencies all met for <TaskInstance: prepare_data.transfer_data scheduled__2022-11-28T19:06:00+00:00 [queued]>
[2022-12-12 18:41:52,211] {taskinstance.py:1159} INFO - Dependencies all met for <TaskInstance: prepare_data.transfer_data scheduled__2022-11-28T19:06:00+00:00 [queued]>
[2022-12-12 18:41:52,226] {taskinstance.py:1356} INFO - 
--------------------------------------------------------------------------------
[2022-12-12 18:41:52,230] {taskinstance.py:1357} INFO - Starting attempt 1 of 1
[2022-12-12 18:41:52,231] {taskinstance.py:1358} INFO - 
--------------------------------------------------------------------------------
[2022-12-12 18:41:52,302] {taskinstance.py:1377} INFO - Executing <Task(PythonOperator): transfer_data> on 2022-11-28 19:06:00+00:00
[2022-12-12 18:41:52,318] {standard_task_runner.py:52} INFO - Started process 1120 to run task
[2022-12-12 18:41:52,344] {standard_task_runner.py:79} INFO - Running: ['airflow', 'tasks', 'run', 'prepare_data', 'transfer_data', 'scheduled__2022-11-28T19:06:00+00:00', '--job-id', '446', '--raw', '--subdir', 'DAGS_FOLDER/prepare_data.py', '--cfg-path', '/tmp/tmpaisvb845', '--error-file', '/tmp/tmpdryrhqcl']
[2022-12-12 18:41:52,359] {standard_task_runner.py:80} INFO - Job 446: Subtask transfer_data
[2022-12-12 18:41:52,603] {task_command.py:369} INFO - Running <TaskInstance: prepare_data.transfer_data scheduled__2022-11-28T19:06:00+00:00 [running]> on host cfea470654c7
[2022-12-12 18:41:52,906] {taskinstance.py:1571} INFO - Exporting the following env vars:
AIRFLOW_CTX_DAG_OWNER=airflow
AIRFLOW_CTX_DAG_ID=prepare_data
AIRFLOW_CTX_TASK_ID=transfer_data
AIRFLOW_CTX_EXECUTION_DATE=2022-11-28T19:06:00+00:00
AIRFLOW_CTX_TRY_NUMBER=1
AIRFLOW_CTX_DAG_RUN_ID=scheduled__2022-11-28T19:06:00+00:00
[2022-12-12 18:41:52,940] {base.py:68} INFO - Using connection ID 'postgres_default' for task execution.
[2022-12-12 18:41:52,977] {python.py:173} INFO - Done. Returned value was: None
[2022-12-12 18:41:53,006] {taskinstance.py:1400} INFO - Marking task as SUCCESS. dag_id=prepare_data, task_id=transfer_data, execution_date=20221128T190600, start_date=20221212T184152, end_date=20221212T184153
[2022-12-12 18:41:53,044] {local_task_job.py:156} INFO - Task exited with return code 0
[2022-12-12 18:41:53,186] {local_task_job.py:273} INFO - 0 downstream tasks scheduled from follow-on schedule check
