[2022-12-16 10:33:05,418] {taskinstance.py:1159} INFO - Dependencies all met for <TaskInstance: prepare_data.create_table scheduled__2022-12-15T19:20:00+00:00 [queued]>
[2022-12-16 10:33:05,482] {taskinstance.py:1159} INFO - Dependencies all met for <TaskInstance: prepare_data.create_table scheduled__2022-12-15T19:20:00+00:00 [queued]>
[2022-12-16 10:33:05,483] {taskinstance.py:1356} INFO - 
--------------------------------------------------------------------------------
[2022-12-16 10:33:05,483] {taskinstance.py:1357} INFO - Starting attempt 1 of 1
[2022-12-16 10:33:05,483] {taskinstance.py:1358} INFO - 
--------------------------------------------------------------------------------
[2022-12-16 10:33:05,566] {taskinstance.py:1377} INFO - Executing <Task(PostgresOperator): create_table> on 2022-12-15 19:20:00+00:00
[2022-12-16 10:33:05,570] {standard_task_runner.py:52} INFO - Started process 701 to run task
[2022-12-16 10:33:05,590] {standard_task_runner.py:79} INFO - Running: ['airflow', 'tasks', 'run', 'prepare_data', 'create_table', 'scheduled__2022-12-15T19:20:00+00:00', '--job-id', '487', '--raw', '--subdir', 'DAGS_FOLDER/prepare_data.py', '--cfg-path', '/tmp/tmpf9nr_le0', '--error-file', '/tmp/tmphcfu1e7s']
[2022-12-16 10:33:05,600] {standard_task_runner.py:80} INFO - Job 487: Subtask create_table
[2022-12-16 10:33:06,025] {task_command.py:369} INFO - Running <TaskInstance: prepare_data.create_table scheduled__2022-12-15T19:20:00+00:00 [running]> on host 8e2f65ec4c74
[2022-12-16 10:33:06,578] {taskinstance.py:1571} INFO - Exporting the following env vars:
AIRFLOW_CTX_DAG_OWNER=airflow
AIRFLOW_CTX_DAG_ID=prepare_data
AIRFLOW_CTX_TASK_ID=create_table
AIRFLOW_CTX_EXECUTION_DATE=2022-12-15T19:20:00+00:00
AIRFLOW_CTX_TRY_NUMBER=1
AIRFLOW_CTX_DAG_RUN_ID=scheduled__2022-12-15T19:20:00+00:00
[2022-12-16 10:33:06,660] {base.py:68} INFO - Using connection ID 'gp_conn' for task execution.
[2022-12-16 10:33:06,687] {dbapi.py:208} INFO - Running statement: CREATE TABLE IF NOT EXISTS prepared_data (
	id SERIAL,
	sensor_id BIGINT,
	longitude FLOAT,
	latitude FLOAT,
	controller_id BIGINT,
	datetime TIMESTAMP WITH TIME ZONE,
	temperature INTEGER
);, parameters: None
[2022-12-16 10:33:06,691] {postgres.py:94} INFO - NOTICE:  relation "prepared_data" already exists, skipping

[2022-12-16 10:33:06,889] {taskinstance.py:1400} INFO - Marking task as SUCCESS. dag_id=prepare_data, task_id=create_table, execution_date=20221215T192000, start_date=20221216T103305, end_date=20221216T103306
[2022-12-16 10:33:07,000] {local_task_job.py:156} INFO - Task exited with return code 0
[2022-12-16 10:33:07,368] {local_task_job.py:273} INFO - 1 downstream tasks scheduled from follow-on schedule check
