[2022-12-16 08:20:20,772] {taskinstance.py:1159} INFO - Dependencies all met for <TaskInstance: prepare_data.create_table scheduled__2022-12-15T18:02:00+00:00 [queued]>
[2022-12-16 08:20:22,673] {taskinstance.py:1159} INFO - Dependencies all met for <TaskInstance: prepare_data.create_table scheduled__2022-12-15T18:02:00+00:00 [queued]>
[2022-12-16 08:20:22,692] {taskinstance.py:1356} INFO - 
--------------------------------------------------------------------------------
[2022-12-16 08:20:22,723] {taskinstance.py:1357} INFO - Starting attempt 1 of 1
[2022-12-16 08:20:22,723] {taskinstance.py:1358} INFO - 
--------------------------------------------------------------------------------
[2022-12-16 08:20:25,711] {taskinstance.py:1377} INFO - Executing <Task(PostgresOperator): create_table> on 2022-12-15 18:02:00+00:00
[2022-12-16 08:20:25,927] {standard_task_runner.py:52} INFO - Started process 17113 to run task
[2022-12-16 08:20:26,131] {standard_task_runner.py:79} INFO - Running: ['airflow', 'tasks', 'run', 'prepare_data', 'create_table', 'scheduled__2022-12-15T18:02:00+00:00', '--job-id', '228', '--raw', '--subdir', 'DAGS_FOLDER/prepare_data.py', '--cfg-path', '/tmp/tmpscuiiu1p', '--error-file', '/tmp/tmp_1e4enxn']
[2022-12-16 08:20:26,226] {standard_task_runner.py:80} INFO - Job 228: Subtask create_table
[2022-12-16 08:20:28,929] {task_command.py:369} INFO - Running <TaskInstance: prepare_data.create_table scheduled__2022-12-15T18:02:00+00:00 [running]> on host 8e2f65ec4c74
[2022-12-16 08:21:35,381] {taskinstance.py:1571} INFO - Exporting the following env vars:
AIRFLOW_CTX_DAG_OWNER=airflow
AIRFLOW_CTX_DAG_ID=prepare_data
AIRFLOW_CTX_TASK_ID=create_table
AIRFLOW_CTX_EXECUTION_DATE=2022-12-15T18:02:00+00:00
AIRFLOW_CTX_TRY_NUMBER=1
AIRFLOW_CTX_DAG_RUN_ID=scheduled__2022-12-15T18:02:00+00:00
[2022-12-16 08:21:45,647] {base.py:68} INFO - Using connection ID 'gp_conn' for task execution.
[2022-12-16 08:22:15,786] {dbapi.py:208} INFO - Running statement: CREATE TABLE IF NOT EXISTS prepared_data (
	id SERIAL,
	sensor_id BIGINT,
	longitude FLOAT,
	latitude FLOAT,
	controller_id BIGINT,
	datetime TIMESTAMP WITH TIME ZONE,
	temperature INTEGER
);, parameters: None
