[2022-12-16 13:27:03,876] {taskinstance.py:1159} INFO - Dependencies all met for <TaskInstance: prepare_data.transfer_data scheduled__2022-12-16T13:26:00+00:00 [queued]>
[2022-12-16 13:27:03,888] {taskinstance.py:1159} INFO - Dependencies all met for <TaskInstance: prepare_data.transfer_data scheduled__2022-12-16T13:26:00+00:00 [queued]>
[2022-12-16 13:27:03,888] {taskinstance.py:1356} INFO - 
--------------------------------------------------------------------------------
[2022-12-16 13:27:03,888] {taskinstance.py:1357} INFO - Starting attempt 1 of 1
[2022-12-16 13:27:03,888] {taskinstance.py:1358} INFO - 
--------------------------------------------------------------------------------
[2022-12-16 13:27:03,908] {taskinstance.py:1377} INFO - Executing <Task(PythonOperator): transfer_data> on 2022-12-16 13:26:00+00:00
[2022-12-16 13:27:03,911] {standard_task_runner.py:52} INFO - Started process 4682 to run task
[2022-12-16 13:27:03,917] {standard_task_runner.py:79} INFO - Running: ['airflow', 'tasks', 'run', 'prepare_data', 'transfer_data', 'scheduled__2022-12-16T13:26:00+00:00', '--job-id', '2205', '--raw', '--subdir', 'DAGS_FOLDER/prepare_data.py', '--cfg-path', '/tmp/tmpt9xarmxo', '--error-file', '/tmp/tmpt96q851a']
[2022-12-16 13:27:03,919] {standard_task_runner.py:80} INFO - Job 2205: Subtask transfer_data
[2022-12-16 13:27:03,998] {task_command.py:369} INFO - Running <TaskInstance: prepare_data.transfer_data scheduled__2022-12-16T13:26:00+00:00 [running]> on host 8e2f65ec4c74
[2022-12-16 13:27:04,103] {taskinstance.py:1571} INFO - Exporting the following env vars:
AIRFLOW_CTX_DAG_OWNER=airflow
AIRFLOW_CTX_DAG_ID=prepare_data
AIRFLOW_CTX_TASK_ID=transfer_data
AIRFLOW_CTX_EXECUTION_DATE=2022-12-16T13:26:00+00:00
AIRFLOW_CTX_TRY_NUMBER=1
AIRFLOW_CTX_DAG_RUN_ID=scheduled__2022-12-16T13:26:00+00:00
[2022-12-16 13:27:04,125] {base.py:68} INFO - Using connection ID 'gp_conn' for task execution.
[2022-12-16 13:27:04,193] {python.py:173} INFO - Done. Returned value was: None
[2022-12-16 13:27:04,237] {taskinstance.py:1400} INFO - Marking task as SUCCESS. dag_id=prepare_data, task_id=transfer_data, execution_date=20221216T132600, start_date=20221216T132703, end_date=20221216T132704
[2022-12-16 13:27:04,264] {local_task_job.py:156} INFO - Task exited with return code 0
[2022-12-16 13:27:04,310] {local_task_job.py:273} INFO - 0 downstream tasks scheduled from follow-on schedule check
