[2022-12-12 18:25:55,154] {taskinstance.py:1159} INFO - Dependencies all met for <TaskInstance: prepare_data.create_table scheduled__2022-11-28T17:17:00+00:00 [queued]>
[2022-12-12 18:25:55,345] {taskinstance.py:1159} INFO - Dependencies all met for <TaskInstance: prepare_data.create_table scheduled__2022-11-28T17:17:00+00:00 [queued]>
[2022-12-12 18:25:55,380] {taskinstance.py:1356} INFO - 
--------------------------------------------------------------------------------
[2022-12-12 18:25:56,001] {taskinstance.py:1357} INFO - Starting attempt 1 of 1
[2022-12-12 18:25:56,002] {taskinstance.py:1358} INFO - 
--------------------------------------------------------------------------------
[2022-12-12 18:25:56,138] {taskinstance.py:1377} INFO - Executing <Task(PostgresOperator): create_table> on 2022-11-28 17:17:00+00:00
[2022-12-12 18:25:56,173] {standard_task_runner.py:52} INFO - Started process 441 to run task
[2022-12-12 18:25:56,213] {standard_task_runner.py:79} INFO - Running: ['airflow', 'tasks', 'run', 'prepare_data', 'create_table', 'scheduled__2022-11-28T17:17:00+00:00', '--job-id', '113', '--raw', '--subdir', 'DAGS_FOLDER/prepare_data.py', '--cfg-path', '/tmp/tmpp4nlq1iv', '--error-file', '/tmp/tmp5muedqdx']
[2022-12-12 18:25:56,230] {standard_task_runner.py:80} INFO - Job 113: Subtask create_table
[2022-12-12 18:25:57,122] {task_command.py:369} INFO - Running <TaskInstance: prepare_data.create_table scheduled__2022-11-28T17:17:00+00:00 [running]> on host a49e44ee4a94
[2022-12-12 18:25:58,510] {taskinstance.py:1571} INFO - Exporting the following env vars:
AIRFLOW_CTX_DAG_OWNER=airflow
AIRFLOW_CTX_DAG_ID=prepare_data
AIRFLOW_CTX_TASK_ID=create_table
AIRFLOW_CTX_EXECUTION_DATE=2022-11-28T17:17:00+00:00
AIRFLOW_CTX_TRY_NUMBER=1
AIRFLOW_CTX_DAG_RUN_ID=scheduled__2022-11-28T17:17:00+00:00
[2022-12-12 18:25:58,575] {base.py:68} INFO - Using connection ID 'postgres_default' for task execution.
[2022-12-12 18:25:58,597] {dbapi.py:208} INFO - Running statement: CREATE TABLE IF NOT EXISTS prepared_data (
	id SERIAL,
	sensor_id BIGINT,
	longitude FLOAT,
	latitude FLOAT,
	controller_id BIGINT,
	datetime TIMESTAMP WITH TIME ZONE,
	temperature INTEGER
);, parameters: None
[2022-12-12 18:25:58,603] {postgres.py:94} INFO - NOTICE:  relation "prepared_data" already exists, skipping

[2022-12-12 18:25:58,684] {taskinstance.py:1400} INFO - Marking task as SUCCESS. dag_id=prepare_data, task_id=create_table, execution_date=20221128T171700, start_date=20221212T182555, end_date=20221212T182558
[2022-12-12 18:25:58,773] {local_task_job.py:156} INFO - Task exited with return code 0
[2022-12-12 18:25:59,040] {local_task_job.py:273} INFO - 1 downstream tasks scheduled from follow-on schedule check
[2022-12-12 18:39:21,072] {taskinstance.py:1159} INFO - Dependencies all met for <TaskInstance: prepare_data.create_table scheduled__2022-11-28T17:17:00+00:00 [queued]>
[2022-12-12 18:39:21,130] {taskinstance.py:1159} INFO - Dependencies all met for <TaskInstance: prepare_data.create_table scheduled__2022-11-28T17:17:00+00:00 [queued]>
[2022-12-12 18:39:21,133] {taskinstance.py:1356} INFO - 
--------------------------------------------------------------------------------
[2022-12-12 18:39:21,135] {taskinstance.py:1357} INFO - Starting attempt 1 of 1
[2022-12-12 18:39:21,136] {taskinstance.py:1358} INFO - 
--------------------------------------------------------------------------------
[2022-12-12 18:39:21,286] {taskinstance.py:1377} INFO - Executing <Task(PostgresOperator): create_table> on 2022-11-28 17:17:00+00:00
[2022-12-12 18:39:21,307] {standard_task_runner.py:52} INFO - Started process 420 to run task
[2022-12-12 18:39:21,331] {standard_task_runner.py:79} INFO - Running: ['airflow', 'tasks', 'run', 'prepare_data', 'create_table', 'scheduled__2022-11-28T17:17:00+00:00', '--job-id', '108', '--raw', '--subdir', 'DAGS_FOLDER/prepare_data.py', '--cfg-path', '/tmp/tmp90bfqyq2', '--error-file', '/tmp/tmpj0fh0xme']
[2022-12-12 18:39:21,337] {standard_task_runner.py:80} INFO - Job 108: Subtask create_table
[2022-12-12 18:39:21,701] {task_command.py:369} INFO - Running <TaskInstance: prepare_data.create_table scheduled__2022-11-28T17:17:00+00:00 [running]> on host cfea470654c7
[2022-12-12 18:39:22,272] {taskinstance.py:1571} INFO - Exporting the following env vars:
AIRFLOW_CTX_DAG_OWNER=airflow
AIRFLOW_CTX_DAG_ID=prepare_data
AIRFLOW_CTX_TASK_ID=create_table
AIRFLOW_CTX_EXECUTION_DATE=2022-11-28T17:17:00+00:00
AIRFLOW_CTX_TRY_NUMBER=1
AIRFLOW_CTX_DAG_RUN_ID=scheduled__2022-11-28T17:17:00+00:00
[2022-12-12 18:39:22,330] {base.py:68} INFO - Using connection ID 'postgres_default' for task execution.
[2022-12-12 18:39:22,357] {dbapi.py:208} INFO - Running statement: CREATE TABLE IF NOT EXISTS prepared_data (
	id SERIAL,
	sensor_id BIGINT,
	longitude FLOAT,
	latitude FLOAT,
	controller_id BIGINT,
	datetime TIMESTAMP WITH TIME ZONE,
	temperature INTEGER
);, parameters: None
[2022-12-12 18:39:22,374] {postgres.py:94} INFO - NOTICE:  relation "prepared_data" already exists, skipping

[2022-12-12 18:39:22,537] {taskinstance.py:1400} INFO - Marking task as SUCCESS. dag_id=prepare_data, task_id=create_table, execution_date=20221128T171700, start_date=20221212T183921, end_date=20221212T183922
[2022-12-12 18:39:22,702] {local_task_job.py:156} INFO - Task exited with return code 0
[2022-12-12 18:39:23,017] {local_task_job.py:273} INFO - 1 downstream tasks scheduled from follow-on schedule check
