[2022-12-16 08:12:01,569] {taskinstance.py:1159} INFO - Dependencies all met for <TaskInstance: prepare_data.transfer_data scheduled__2022-12-15T17:20:00+00:00 [queued]>
[2022-12-16 08:12:01,581] {taskinstance.py:1159} INFO - Dependencies all met for <TaskInstance: prepare_data.transfer_data scheduled__2022-12-15T17:20:00+00:00 [queued]>
[2022-12-16 08:12:01,581] {taskinstance.py:1356} INFO - 
--------------------------------------------------------------------------------
[2022-12-16 08:12:01,581] {taskinstance.py:1357} INFO - Starting attempt 1 of 1
[2022-12-16 08:12:01,582] {taskinstance.py:1358} INFO - 
--------------------------------------------------------------------------------
[2022-12-16 08:12:01,920] {taskinstance.py:1377} INFO - Executing <Task(PythonOperator): transfer_data> on 2022-12-15 17:20:00+00:00
[2022-12-16 08:12:01,974] {standard_task_runner.py:52} INFO - Started process 16843 to run task
[2022-12-16 08:12:03,572] {standard_task_runner.py:79} INFO - Running: ['airflow', 'tasks', 'run', 'prepare_data', 'transfer_data', 'scheduled__2022-12-15T17:20:00+00:00', '--job-id', '119', '--raw', '--subdir', 'DAGS_FOLDER/prepare_data.py', '--cfg-path', '/tmp/tmpxq_dbr1s', '--error-file', '/tmp/tmp_ipt7g8k']
[2022-12-16 08:12:03,626] {standard_task_runner.py:80} INFO - Job 119: Subtask transfer_data
[2022-12-16 08:12:05,149] {task_command.py:369} INFO - Running <TaskInstance: prepare_data.transfer_data scheduled__2022-12-15T17:20:00+00:00 [running]> on host 8e2f65ec4c74
[2022-12-16 08:12:08,242] {taskinstance.py:1571} INFO - Exporting the following env vars:
AIRFLOW_CTX_DAG_OWNER=airflow
AIRFLOW_CTX_DAG_ID=prepare_data
AIRFLOW_CTX_TASK_ID=transfer_data
AIRFLOW_CTX_EXECUTION_DATE=2022-12-15T17:20:00+00:00
AIRFLOW_CTX_TRY_NUMBER=1
AIRFLOW_CTX_DAG_RUN_ID=scheduled__2022-12-15T17:20:00+00:00
[2022-12-16 08:12:08,777] {base.py:68} INFO - Using connection ID 'gp_conn' for task execution.
[2022-12-16 08:12:09,831] {python.py:173} INFO - Done. Returned value was: None
[2022-12-16 08:12:10,277] {taskinstance.py:1400} INFO - Marking task as SUCCESS. dag_id=prepare_data, task_id=transfer_data, execution_date=20221215T172000, start_date=20221216T081201, end_date=20221216T081210
[2022-12-16 08:12:10,985] {local_task_job.py:156} INFO - Task exited with return code 0
[2022-12-16 08:12:12,133] {local_task_job.py:273} INFO - 0 downstream tasks scheduled from follow-on schedule check
