[2022-12-12 18:43:52,117] {taskinstance.py:1159} INFO - Dependencies all met for <TaskInstance: prepare_data.transfer_data scheduled__2022-11-28T20:34:00+00:00 [queued]>
[2022-12-12 18:43:52,289] {taskinstance.py:1159} INFO - Dependencies all met for <TaskInstance: prepare_data.transfer_data scheduled__2022-11-28T20:34:00+00:00 [queued]>
[2022-12-12 18:43:52,297] {taskinstance.py:1356} INFO - 
--------------------------------------------------------------------------------
[2022-12-12 18:43:52,308] {taskinstance.py:1357} INFO - Starting attempt 1 of 1
[2022-12-12 18:43:52,316] {taskinstance.py:1358} INFO - 
--------------------------------------------------------------------------------
[2022-12-12 18:43:52,709] {taskinstance.py:1377} INFO - Executing <Task(PythonOperator): transfer_data> on 2022-11-28 20:34:00+00:00
[2022-12-12 18:43:52,764] {standard_task_runner.py:52} INFO - Started process 1672 to run task
[2022-12-12 18:43:52,895] {standard_task_runner.py:79} INFO - Running: ['airflow', 'tasks', 'run', 'prepare_data', 'transfer_data', 'scheduled__2022-11-28T20:34:00+00:00', '--job-id', '712', '--raw', '--subdir', 'DAGS_FOLDER/prepare_data.py', '--cfg-path', '/tmp/tmp2u33jxa0', '--error-file', '/tmp/tmpdx62zt5u']
[2022-12-12 18:43:52,960] {standard_task_runner.py:80} INFO - Job 712: Subtask transfer_data
[2022-12-12 18:43:53,441] {task_command.py:369} INFO - Running <TaskInstance: prepare_data.transfer_data scheduled__2022-11-28T20:34:00+00:00 [running]> on host cfea470654c7
[2022-12-12 18:43:53,748] {taskinstance.py:1571} INFO - Exporting the following env vars:
AIRFLOW_CTX_DAG_OWNER=airflow
AIRFLOW_CTX_DAG_ID=prepare_data
AIRFLOW_CTX_TASK_ID=transfer_data
AIRFLOW_CTX_EXECUTION_DATE=2022-11-28T20:34:00+00:00
AIRFLOW_CTX_TRY_NUMBER=1
AIRFLOW_CTX_DAG_RUN_ID=scheduled__2022-11-28T20:34:00+00:00
[2022-12-12 18:43:53,784] {base.py:68} INFO - Using connection ID 'postgres_default' for task execution.
[2022-12-12 18:43:53,840] {python.py:173} INFO - Done. Returned value was: None
[2022-12-12 18:43:53,887] {taskinstance.py:1400} INFO - Marking task as SUCCESS. dag_id=prepare_data, task_id=transfer_data, execution_date=20221128T203400, start_date=20221212T184352, end_date=20221212T184353
[2022-12-12 18:43:53,966] {local_task_job.py:156} INFO - Task exited with return code 0
[2022-12-12 18:43:54,081] {local_task_job.py:273} INFO - 0 downstream tasks scheduled from follow-on schedule check
