[2022-12-12 21:09:42,013] {taskinstance.py:1159} INFO - Dependencies all met for <TaskInstance: prepare_data.transfer_data scheduled__2022-11-28T20:50:00+00:00 [queued]>
[2022-12-12 21:09:42,368] {taskinstance.py:1159} INFO - Dependencies all met for <TaskInstance: prepare_data.transfer_data scheduled__2022-11-28T20:50:00+00:00 [queued]>
[2022-12-12 21:09:42,376] {taskinstance.py:1356} INFO - 
--------------------------------------------------------------------------------
[2022-12-12 21:09:42,439] {taskinstance.py:1357} INFO - Starting attempt 1 of 1
[2022-12-12 21:09:42,480] {taskinstance.py:1358} INFO - 
--------------------------------------------------------------------------------
[2022-12-12 21:09:43,006] {taskinstance.py:1377} INFO - Executing <Task(PythonOperator): transfer_data> on 2022-11-28 20:50:00+00:00
[2022-12-12 21:09:43,150] {standard_task_runner.py:52} INFO - Started process 269 to run task
[2022-12-12 21:09:43,186] {standard_task_runner.py:79} INFO - Running: ['airflow', 'tasks', 'run', 'prepare_data', 'transfer_data', 'scheduled__2022-11-28T20:50:00+00:00', '--job-id', '768', '--raw', '--subdir', 'DAGS_FOLDER/prepare_data.py', '--cfg-path', '/tmp/tmphhplw8ha', '--error-file', '/tmp/tmp0cpxofw2']
[2022-12-12 21:09:43,217] {standard_task_runner.py:80} INFO - Job 768: Subtask transfer_data
[2022-12-12 21:09:44,206] {task_command.py:369} INFO - Running <TaskInstance: prepare_data.transfer_data scheduled__2022-11-28T20:50:00+00:00 [running]> on host cfea470654c7
[2022-12-12 21:09:44,898] {taskinstance.py:1571} INFO - Exporting the following env vars:
AIRFLOW_CTX_DAG_OWNER=airflow
AIRFLOW_CTX_DAG_ID=prepare_data
AIRFLOW_CTX_TASK_ID=transfer_data
AIRFLOW_CTX_EXECUTION_DATE=2022-11-28T20:50:00+00:00
AIRFLOW_CTX_TRY_NUMBER=1
AIRFLOW_CTX_DAG_RUN_ID=scheduled__2022-11-28T20:50:00+00:00
[2022-12-12 21:09:44,996] {base.py:68} INFO - Using connection ID 'postgres_default' for task execution.
[2022-12-12 21:09:45,101] {python.py:173} INFO - Done. Returned value was: None
[2022-12-12 21:09:45,187] {taskinstance.py:1400} INFO - Marking task as SUCCESS. dag_id=prepare_data, task_id=transfer_data, execution_date=20221128T205000, start_date=20221212T210942, end_date=20221212T210945
[2022-12-12 21:09:45,396] {local_task_job.py:156} INFO - Task exited with return code 0
[2022-12-12 21:09:45,504] {local_task_job.py:273} INFO - 0 downstream tasks scheduled from follow-on schedule check
