[2022-12-16 10:35:37,600] {taskinstance.py:1159} INFO - Dependencies all met for <TaskInstance: prepare_data.get_last_id scheduled__2022-12-15T19:45:00+00:00 [queued]>
[2022-12-16 10:35:38,997] {taskinstance.py:1159} INFO - Dependencies all met for <TaskInstance: prepare_data.get_last_id scheduled__2022-12-15T19:45:00+00:00 [queued]>
[2022-12-16 10:35:38,997] {taskinstance.py:1356} INFO - 
--------------------------------------------------------------------------------
[2022-12-16 10:35:38,997] {taskinstance.py:1357} INFO - Starting attempt 1 of 1
[2022-12-16 10:35:38,997] {taskinstance.py:1358} INFO - 
--------------------------------------------------------------------------------
[2022-12-16 10:35:40,056] {taskinstance.py:1377} INFO - Executing <Task(PythonOperator): get_last_id> on 2022-12-15 19:45:00+00:00
[2022-12-16 10:35:40,479] {standard_task_runner.py:52} INFO - Started process 872 to run task
[2022-12-16 10:35:40,701] {standard_task_runner.py:79} INFO - Running: ['airflow', 'tasks', 'run', 'prepare_data', 'get_last_id', 'scheduled__2022-12-15T19:45:00+00:00', '--job-id', '562', '--raw', '--subdir', 'DAGS_FOLDER/prepare_data.py', '--cfg-path', '/tmp/tmpqzd7cxvv', '--error-file', '/tmp/tmpz9b5vmo5']
[2022-12-16 10:35:40,702] {standard_task_runner.py:80} INFO - Job 562: Subtask get_last_id
[2022-12-16 10:35:41,972] {task_command.py:369} INFO - Running <TaskInstance: prepare_data.get_last_id scheduled__2022-12-15T19:45:00+00:00 [running]> on host 8e2f65ec4c74
[2022-12-16 10:35:44,910] {taskinstance.py:1571} INFO - Exporting the following env vars:
AIRFLOW_CTX_DAG_OWNER=airflow
AIRFLOW_CTX_DAG_ID=prepare_data
AIRFLOW_CTX_TASK_ID=get_last_id
AIRFLOW_CTX_EXECUTION_DATE=2022-12-15T19:45:00+00:00
AIRFLOW_CTX_TRY_NUMBER=1
AIRFLOW_CTX_DAG_RUN_ID=scheduled__2022-12-15T19:45:00+00:00
[2022-12-16 10:35:45,335] {base.py:68} INFO - Using connection ID 'gp_conn' for task execution.
[2022-12-16 10:35:46,578] {python.py:173} INFO - Done. Returned value was: None
[2022-12-16 10:35:48,068] {taskinstance.py:1400} INFO - Marking task as SUCCESS. dag_id=prepare_data, task_id=get_last_id, execution_date=20221215T194500, start_date=20221216T103537, end_date=20221216T103548
[2022-12-16 10:35:48,961] {local_task_job.py:156} INFO - Task exited with return code 0
[2022-12-16 10:35:49,591] {local_task_job.py:273} INFO - 1 downstream tasks scheduled from follow-on schedule check
