[2022-12-16 10:57:14,045] {taskinstance.py:1159} INFO - Dependencies all met for <TaskInstance: prepare_data.transfer_data scheduled__2022-12-16T00:51:00+00:00 [queued]>
[2022-12-16 10:57:14,186] {taskinstance.py:1159} INFO - Dependencies all met for <TaskInstance: prepare_data.transfer_data scheduled__2022-12-16T00:51:00+00:00 [queued]>
[2022-12-16 10:57:14,186] {taskinstance.py:1356} INFO - 
--------------------------------------------------------------------------------
[2022-12-16 10:57:14,187] {taskinstance.py:1357} INFO - Starting attempt 1 of 1
[2022-12-16 10:57:14,187] {taskinstance.py:1358} INFO - 
--------------------------------------------------------------------------------
[2022-12-16 10:57:14,287] {taskinstance.py:1377} INFO - Executing <Task(PythonOperator): transfer_data> on 2022-12-16 00:51:00+00:00
[2022-12-16 10:57:14,324] {standard_task_runner.py:52} INFO - Started process 2912 to run task
[2022-12-16 10:57:14,348] {standard_task_runner.py:79} INFO - Running: ['airflow', 'tasks', 'run', 'prepare_data', 'transfer_data', 'scheduled__2022-12-16T00:51:00+00:00', '--job-id', '1486', '--raw', '--subdir', 'DAGS_FOLDER/prepare_data.py', '--cfg-path', '/tmp/tmpl_v_oxbj', '--error-file', '/tmp/tmp_j0rhrc6']
[2022-12-16 10:57:14,363] {standard_task_runner.py:80} INFO - Job 1486: Subtask transfer_data
[2022-12-16 10:57:14,725] {task_command.py:369} INFO - Running <TaskInstance: prepare_data.transfer_data scheduled__2022-12-16T00:51:00+00:00 [running]> on host 8e2f65ec4c74
[2022-12-16 10:57:15,191] {taskinstance.py:1571} INFO - Exporting the following env vars:
AIRFLOW_CTX_DAG_OWNER=airflow
AIRFLOW_CTX_DAG_ID=prepare_data
AIRFLOW_CTX_TASK_ID=transfer_data
AIRFLOW_CTX_EXECUTION_DATE=2022-12-16T00:51:00+00:00
AIRFLOW_CTX_TRY_NUMBER=1
AIRFLOW_CTX_DAG_RUN_ID=scheduled__2022-12-16T00:51:00+00:00
[2022-12-16 10:57:15,261] {base.py:68} INFO - Using connection ID 'gp_conn' for task execution.
[2022-12-16 10:57:15,595] {python.py:173} INFO - Done. Returned value was: None
[2022-12-16 10:57:15,727] {taskinstance.py:1400} INFO - Marking task as SUCCESS. dag_id=prepare_data, task_id=transfer_data, execution_date=20221216T005100, start_date=20221216T105714, end_date=20221216T105715
[2022-12-16 10:57:15,892] {local_task_job.py:156} INFO - Task exited with return code 0
[2022-12-16 10:57:16,486] {local_task_job.py:273} INFO - 0 downstream tasks scheduled from follow-on schedule check
