[2022-12-12 18:40:33,357] {taskinstance.py:1159} INFO - Dependencies all met for <TaskInstance: prepare_data.transfer_data scheduled__2022-11-28T18:07:00+00:00 [queued]>
[2022-12-12 18:40:33,478] {taskinstance.py:1159} INFO - Dependencies all met for <TaskInstance: prepare_data.transfer_data scheduled__2022-11-28T18:07:00+00:00 [queued]>
[2022-12-12 18:40:33,481] {taskinstance.py:1356} INFO - 
--------------------------------------------------------------------------------
[2022-12-12 18:40:33,483] {taskinstance.py:1357} INFO - Starting attempt 1 of 1
[2022-12-12 18:40:33,485] {taskinstance.py:1358} INFO - 
--------------------------------------------------------------------------------
[2022-12-12 18:40:33,593] {taskinstance.py:1377} INFO - Executing <Task(PythonOperator): transfer_data> on 2022-11-28 18:07:00+00:00
[2022-12-12 18:40:33,620] {standard_task_runner.py:52} INFO - Started process 770 to run task
[2022-12-12 18:40:33,659] {standard_task_runner.py:79} INFO - Running: ['airflow', 'tasks', 'run', 'prepare_data', 'transfer_data', 'scheduled__2022-11-28T18:07:00+00:00', '--job-id', '278', '--raw', '--subdir', 'DAGS_FOLDER/prepare_data.py', '--cfg-path', '/tmp/tmpxwx4xnvx', '--error-file', '/tmp/tmpuoex0bha']
[2022-12-12 18:40:33,685] {standard_task_runner.py:80} INFO - Job 278: Subtask transfer_data
[2022-12-12 18:40:33,975] {task_command.py:369} INFO - Running <TaskInstance: prepare_data.transfer_data scheduled__2022-11-28T18:07:00+00:00 [running]> on host cfea470654c7
[2022-12-12 18:40:34,537] {taskinstance.py:1571} INFO - Exporting the following env vars:
AIRFLOW_CTX_DAG_OWNER=airflow
AIRFLOW_CTX_DAG_ID=prepare_data
AIRFLOW_CTX_TASK_ID=transfer_data
AIRFLOW_CTX_EXECUTION_DATE=2022-11-28T18:07:00+00:00
AIRFLOW_CTX_TRY_NUMBER=1
AIRFLOW_CTX_DAG_RUN_ID=scheduled__2022-11-28T18:07:00+00:00
[2022-12-12 18:40:34,582] {base.py:68} INFO - Using connection ID 'postgres_default' for task execution.
[2022-12-12 18:40:34,686] {python.py:173} INFO - Done. Returned value was: None
[2022-12-12 18:40:34,782] {taskinstance.py:1400} INFO - Marking task as SUCCESS. dag_id=prepare_data, task_id=transfer_data, execution_date=20221128T180700, start_date=20221212T184033, end_date=20221212T184034
[2022-12-12 18:40:34,851] {local_task_job.py:156} INFO - Task exited with return code 0
[2022-12-12 18:40:34,961] {local_task_job.py:273} INFO - 0 downstream tasks scheduled from follow-on schedule check
