[2022-12-12 18:25:51,299] {taskinstance.py:1159} INFO - Dependencies all met for <TaskInstance: prepare_data.create_table scheduled__2022-11-28T17:15:00+00:00 [queued]>
[2022-12-12 18:25:51,352] {taskinstance.py:1159} INFO - Dependencies all met for <TaskInstance: prepare_data.create_table scheduled__2022-11-28T17:15:00+00:00 [queued]>
[2022-12-12 18:25:51,355] {taskinstance.py:1356} INFO - 
--------------------------------------------------------------------------------
[2022-12-12 18:25:51,357] {taskinstance.py:1357} INFO - Starting attempt 1 of 1
[2022-12-12 18:25:51,359] {taskinstance.py:1358} INFO - 
--------------------------------------------------------------------------------
[2022-12-12 18:25:51,481] {taskinstance.py:1377} INFO - Executing <Task(PostgresOperator): create_table> on 2022-11-28 17:15:00+00:00
[2022-12-12 18:25:51,535] {standard_task_runner.py:52} INFO - Started process 424 to run task
[2022-12-12 18:25:51,575] {standard_task_runner.py:79} INFO - Running: ['airflow', 'tasks', 'run', 'prepare_data', 'create_table', 'scheduled__2022-11-28T17:15:00+00:00', '--job-id', '106', '--raw', '--subdir', 'DAGS_FOLDER/prepare_data.py', '--cfg-path', '/tmp/tmpnsbf_23e', '--error-file', '/tmp/tmp6iiyu05a']
[2022-12-12 18:25:51,586] {standard_task_runner.py:80} INFO - Job 106: Subtask create_table
[2022-12-12 18:25:52,071] {task_command.py:369} INFO - Running <TaskInstance: prepare_data.create_table scheduled__2022-11-28T17:15:00+00:00 [running]> on host a49e44ee4a94
[2022-12-12 18:25:52,659] {taskinstance.py:1571} INFO - Exporting the following env vars:
AIRFLOW_CTX_DAG_OWNER=airflow
AIRFLOW_CTX_DAG_ID=prepare_data
AIRFLOW_CTX_TASK_ID=create_table
AIRFLOW_CTX_EXECUTION_DATE=2022-11-28T17:15:00+00:00
AIRFLOW_CTX_TRY_NUMBER=1
AIRFLOW_CTX_DAG_RUN_ID=scheduled__2022-11-28T17:15:00+00:00
[2022-12-12 18:25:52,768] {base.py:68} INFO - Using connection ID 'postgres_default' for task execution.
[2022-12-12 18:25:52,792] {dbapi.py:208} INFO - Running statement: CREATE TABLE IF NOT EXISTS prepared_data (
	id SERIAL,
	sensor_id BIGINT,
	longitude FLOAT,
	latitude FLOAT,
	controller_id BIGINT,
	datetime TIMESTAMP WITH TIME ZONE,
	temperature INTEGER
);, parameters: None
[2022-12-12 18:25:52,830] {postgres.py:94} INFO - NOTICE:  relation "prepared_data" already exists, skipping

[2022-12-12 18:25:54,124] {taskinstance.py:1400} INFO - Marking task as SUCCESS. dag_id=prepare_data, task_id=create_table, execution_date=20221128T171500, start_date=20221212T182551, end_date=20221212T182554
[2022-12-12 18:25:54,495] {local_task_job.py:156} INFO - Task exited with return code 0
[2022-12-12 18:25:55,767] {local_task_job.py:273} INFO - 1 downstream tasks scheduled from follow-on schedule check
[2022-12-12 18:39:19,640] {taskinstance.py:1159} INFO - Dependencies all met for <TaskInstance: prepare_data.create_table scheduled__2022-11-28T17:15:00+00:00 [queued]>
[2022-12-12 18:39:19,693] {taskinstance.py:1159} INFO - Dependencies all met for <TaskInstance: prepare_data.create_table scheduled__2022-11-28T17:15:00+00:00 [queued]>
[2022-12-12 18:39:19,696] {taskinstance.py:1356} INFO - 
--------------------------------------------------------------------------------
[2022-12-12 18:39:19,699] {taskinstance.py:1357} INFO - Starting attempt 1 of 1
[2022-12-12 18:39:19,701] {taskinstance.py:1358} INFO - 
--------------------------------------------------------------------------------
[2022-12-12 18:39:19,829] {taskinstance.py:1377} INFO - Executing <Task(PostgresOperator): create_table> on 2022-11-28 17:15:00+00:00
[2022-12-12 18:39:19,841] {standard_task_runner.py:52} INFO - Started process 416 to run task
[2022-12-12 18:39:19,866] {standard_task_runner.py:79} INFO - Running: ['airflow', 'tasks', 'run', 'prepare_data', 'create_table', 'scheduled__2022-11-28T17:15:00+00:00', '--job-id', '106', '--raw', '--subdir', 'DAGS_FOLDER/prepare_data.py', '--cfg-path', '/tmp/tmpfe6fx6px', '--error-file', '/tmp/tmpwz29zi5v']
[2022-12-12 18:39:19,878] {standard_task_runner.py:80} INFO - Job 106: Subtask create_table
[2022-12-12 18:39:20,546] {task_command.py:369} INFO - Running <TaskInstance: prepare_data.create_table scheduled__2022-11-28T17:15:00+00:00 [running]> on host cfea470654c7
[2022-12-12 18:39:21,212] {taskinstance.py:1571} INFO - Exporting the following env vars:
AIRFLOW_CTX_DAG_OWNER=airflow
AIRFLOW_CTX_DAG_ID=prepare_data
AIRFLOW_CTX_TASK_ID=create_table
AIRFLOW_CTX_EXECUTION_DATE=2022-11-28T17:15:00+00:00
AIRFLOW_CTX_TRY_NUMBER=1
AIRFLOW_CTX_DAG_RUN_ID=scheduled__2022-11-28T17:15:00+00:00
[2022-12-12 18:39:21,310] {base.py:68} INFO - Using connection ID 'postgres_default' for task execution.
[2022-12-12 18:39:21,341] {dbapi.py:208} INFO - Running statement: CREATE TABLE IF NOT EXISTS prepared_data (
	id SERIAL,
	sensor_id BIGINT,
	longitude FLOAT,
	latitude FLOAT,
	controller_id BIGINT,
	datetime TIMESTAMP WITH TIME ZONE,
	temperature INTEGER
);, parameters: None
[2022-12-12 18:39:21,348] {postgres.py:94} INFO - NOTICE:  relation "prepared_data" already exists, skipping

[2022-12-12 18:39:21,431] {taskinstance.py:1400} INFO - Marking task as SUCCESS. dag_id=prepare_data, task_id=create_table, execution_date=20221128T171500, start_date=20221212T183919, end_date=20221212T183921
[2022-12-12 18:39:21,561] {local_task_job.py:156} INFO - Task exited with return code 0
[2022-12-12 18:39:22,246] {local_task_job.py:273} INFO - 0 downstream tasks scheduled from follow-on schedule check
