[2022-12-16 10:59:55,690] {taskinstance.py:1159} INFO - Dependencies all met for <TaskInstance: prepare_data.create_table scheduled__2022-12-16T10:58:00+00:00 [queued]>
[2022-12-16 10:59:56,271] {taskinstance.py:1159} INFO - Dependencies all met for <TaskInstance: prepare_data.create_table scheduled__2022-12-16T10:58:00+00:00 [queued]>
[2022-12-16 10:59:56,275] {taskinstance.py:1356} INFO - 
--------------------------------------------------------------------------------
[2022-12-16 10:59:56,276] {taskinstance.py:1357} INFO - Starting attempt 1 of 1
[2022-12-16 10:59:56,276] {taskinstance.py:1358} INFO - 
--------------------------------------------------------------------------------
[2022-12-16 10:59:56,725] {taskinstance.py:1377} INFO - Executing <Task(PostgresOperator): create_table> on 2022-12-16 10:58:00+00:00
[2022-12-16 10:59:56,837] {standard_task_runner.py:52} INFO - Started process 3058 to run task
[2022-12-16 10:59:56,925] {standard_task_runner.py:79} INFO - Running: ['airflow', 'tasks', 'run', 'prepare_data', 'create_table', 'scheduled__2022-12-16T10:58:00+00:00', '--job-id', '1545', '--raw', '--subdir', 'DAGS_FOLDER/prepare_data.py', '--cfg-path', '/tmp/tmp9rf23u2a', '--error-file', '/tmp/tmpjgmd82wo']
[2022-12-16 10:59:56,999] {standard_task_runner.py:80} INFO - Job 1545: Subtask create_table
[2022-12-16 10:59:58,840] {task_command.py:369} INFO - Running <TaskInstance: prepare_data.create_table scheduled__2022-12-16T10:58:00+00:00 [running]> on host 8e2f65ec4c74
[2022-12-16 11:00:00,732] {taskinstance.py:1571} INFO - Exporting the following env vars:
AIRFLOW_CTX_DAG_OWNER=airflow
AIRFLOW_CTX_DAG_ID=prepare_data
AIRFLOW_CTX_TASK_ID=create_table
AIRFLOW_CTX_EXECUTION_DATE=2022-12-16T10:58:00+00:00
AIRFLOW_CTX_TRY_NUMBER=1
AIRFLOW_CTX_DAG_RUN_ID=scheduled__2022-12-16T10:58:00+00:00
[2022-12-16 11:00:01,192] {base.py:68} INFO - Using connection ID 'gp_conn' for task execution.
[2022-12-16 11:00:01,277] {dbapi.py:208} INFO - Running statement: CREATE TABLE IF NOT EXISTS prepared_data (
	id SERIAL,
	sensor_id BIGINT,
	longitude FLOAT,
	latitude FLOAT,
	controller_id BIGINT,
	datetime TIMESTAMP WITH TIME ZONE,
	temperature INTEGER
);, parameters: None
[2022-12-16 11:00:01,301] {postgres.py:94} INFO - NOTICE:  relation "prepared_data" already exists, skipping

[2022-12-16 11:00:01,621] {taskinstance.py:1400} INFO - Marking task as SUCCESS. dag_id=prepare_data, task_id=create_table, execution_date=20221216T105800, start_date=20221216T105955, end_date=20221216T110001
[2022-12-16 11:00:04,034] {local_task_job.py:156} INFO - Task exited with return code 0
[2022-12-16 11:00:05,572] {local_task_job.py:273} INFO - 0 downstream tasks scheduled from follow-on schedule check
