[2022-12-12 18:39:58,623] {taskinstance.py:1159} INFO - Dependencies all met for <TaskInstance: prepare_data.transfer_data scheduled__2022-11-28T17:40:00+00:00 [queued]>
[2022-12-12 18:39:58,728] {taskinstance.py:1159} INFO - Dependencies all met for <TaskInstance: prepare_data.transfer_data scheduled__2022-11-28T17:40:00+00:00 [queued]>
[2022-12-12 18:39:58,733] {taskinstance.py:1356} INFO - 
--------------------------------------------------------------------------------
[2022-12-12 18:39:58,740] {taskinstance.py:1357} INFO - Starting attempt 1 of 1
[2022-12-12 18:39:58,757] {taskinstance.py:1358} INFO - 
--------------------------------------------------------------------------------
[2022-12-12 18:39:58,912] {taskinstance.py:1377} INFO - Executing <Task(PythonOperator): transfer_data> on 2022-11-28 17:40:00+00:00
[2022-12-12 18:39:58,958] {standard_task_runner.py:52} INFO - Started process 586 to run task
[2022-12-12 18:39:59,026] {standard_task_runner.py:79} INFO - Running: ['airflow', 'tasks', 'run', 'prepare_data', 'transfer_data', 'scheduled__2022-11-28T17:40:00+00:00', '--job-id', '189', '--raw', '--subdir', 'DAGS_FOLDER/prepare_data.py', '--cfg-path', '/tmp/tmpwr2r0t5a', '--error-file', '/tmp/tmptbkcglzt']
[2022-12-12 18:39:59,054] {standard_task_runner.py:80} INFO - Job 189: Subtask transfer_data
[2022-12-12 18:39:59,820] {task_command.py:369} INFO - Running <TaskInstance: prepare_data.transfer_data scheduled__2022-11-28T17:40:00+00:00 [running]> on host cfea470654c7
[2022-12-12 18:40:00,728] {taskinstance.py:1571} INFO - Exporting the following env vars:
AIRFLOW_CTX_DAG_OWNER=airflow
AIRFLOW_CTX_DAG_ID=prepare_data
AIRFLOW_CTX_TASK_ID=transfer_data
AIRFLOW_CTX_EXECUTION_DATE=2022-11-28T17:40:00+00:00
AIRFLOW_CTX_TRY_NUMBER=1
AIRFLOW_CTX_DAG_RUN_ID=scheduled__2022-11-28T17:40:00+00:00
[2022-12-12 18:40:00,858] {base.py:68} INFO - Using connection ID 'postgres_default' for task execution.
[2022-12-12 18:40:00,920] {python.py:173} INFO - Done. Returned value was: None
[2022-12-12 18:40:01,018] {taskinstance.py:1400} INFO - Marking task as SUCCESS. dag_id=prepare_data, task_id=transfer_data, execution_date=20221128T174000, start_date=20221212T183958, end_date=20221212T184001
[2022-12-12 18:40:01,059] {local_task_job.py:156} INFO - Task exited with return code 0
[2022-12-12 18:40:01,127] {local_task_job.py:273} INFO - 0 downstream tasks scheduled from follow-on schedule check
