[2022-12-12 18:25:13,603] {taskinstance.py:1159} INFO - Dependencies all met for <TaskInstance: prepare_data.get_last_id scheduled__2022-11-28T16:44:00+00:00 [queued]>
[2022-12-12 18:25:13,671] {taskinstance.py:1159} INFO - Dependencies all met for <TaskInstance: prepare_data.get_last_id scheduled__2022-11-28T16:44:00+00:00 [queued]>
[2022-12-12 18:25:13,679] {taskinstance.py:1356} INFO - 
--------------------------------------------------------------------------------
[2022-12-12 18:25:13,680] {taskinstance.py:1357} INFO - Starting attempt 1 of 1
[2022-12-12 18:25:13,683] {taskinstance.py:1358} INFO - 
--------------------------------------------------------------------------------
[2022-12-12 18:25:13,805] {taskinstance.py:1377} INFO - Executing <Task(PythonOperator): get_last_id> on 2022-11-28 16:44:00+00:00
[2022-12-12 18:25:13,814] {standard_task_runner.py:52} INFO - Started process 274 to run task
[2022-12-12 18:25:13,847] {standard_task_runner.py:79} INFO - Running: ['airflow', 'tasks', 'run', 'prepare_data', 'get_last_id', 'scheduled__2022-11-28T16:44:00+00:00', '--job-id', '33', '--raw', '--subdir', 'DAGS_FOLDER/prepare_data.py', '--cfg-path', '/tmp/tmplomxq77m', '--error-file', '/tmp/tmppumko0px']
[2022-12-12 18:25:13,853] {standard_task_runner.py:80} INFO - Job 33: Subtask get_last_id
[2022-12-12 18:25:14,325] {task_command.py:369} INFO - Running <TaskInstance: prepare_data.get_last_id scheduled__2022-11-28T16:44:00+00:00 [running]> on host a49e44ee4a94
[2022-12-12 18:25:15,182] {taskinstance.py:1571} INFO - Exporting the following env vars:
AIRFLOW_CTX_DAG_OWNER=airflow
AIRFLOW_CTX_DAG_ID=prepare_data
AIRFLOW_CTX_TASK_ID=get_last_id
AIRFLOW_CTX_EXECUTION_DATE=2022-11-28T16:44:00+00:00
AIRFLOW_CTX_TRY_NUMBER=1
AIRFLOW_CTX_DAG_RUN_ID=scheduled__2022-11-28T16:44:00+00:00
[2022-12-12 18:25:15,272] {base.py:68} INFO - Using connection ID 'postgres_default' for task execution.
[2022-12-12 18:25:15,432] {python.py:173} INFO - Done. Returned value was: None
[2022-12-12 18:25:15,949] {taskinstance.py:1400} INFO - Marking task as SUCCESS. dag_id=prepare_data, task_id=get_last_id, execution_date=20221128T164400, start_date=20221212T182513, end_date=20221212T182515
[2022-12-12 18:25:16,099] {local_task_job.py:156} INFO - Task exited with return code 0
[2022-12-12 18:25:16,344] {local_task_job.py:273} INFO - 1 downstream tasks scheduled from follow-on schedule check
[2022-12-12 18:38:29,076] {taskinstance.py:1159} INFO - Dependencies all met for <TaskInstance: prepare_data.get_last_id scheduled__2022-11-28T16:44:00+00:00 [queued]>
[2022-12-12 18:38:29,213] {taskinstance.py:1159} INFO - Dependencies all met for <TaskInstance: prepare_data.get_last_id scheduled__2022-11-28T16:44:00+00:00 [queued]>
[2022-12-12 18:38:29,255] {taskinstance.py:1356} INFO - 
--------------------------------------------------------------------------------
[2022-12-12 18:38:29,292] {taskinstance.py:1357} INFO - Starting attempt 1 of 1
[2022-12-12 18:38:29,381] {taskinstance.py:1358} INFO - 
--------------------------------------------------------------------------------
[2022-12-12 18:38:29,577] {taskinstance.py:1377} INFO - Executing <Task(PythonOperator): get_last_id> on 2022-11-28 16:44:00+00:00
[2022-12-12 18:38:29,595] {standard_task_runner.py:52} INFO - Started process 239 to run task
[2022-12-12 18:38:29,659] {standard_task_runner.py:79} INFO - Running: ['airflow', 'tasks', 'run', 'prepare_data', 'get_last_id', 'scheduled__2022-11-28T16:44:00+00:00', '--job-id', '21', '--raw', '--subdir', 'DAGS_FOLDER/prepare_data.py', '--cfg-path', '/tmp/tmp4bpk6xtf', '--error-file', '/tmp/tmprfnkzh_u']
[2022-12-12 18:38:29,687] {standard_task_runner.py:80} INFO - Job 21: Subtask get_last_id
[2022-12-12 18:38:30,587] {task_command.py:369} INFO - Running <TaskInstance: prepare_data.get_last_id scheduled__2022-11-28T16:44:00+00:00 [running]> on host cfea470654c7
[2022-12-12 18:38:31,038] {taskinstance.py:1571} INFO - Exporting the following env vars:
AIRFLOW_CTX_DAG_OWNER=airflow
AIRFLOW_CTX_DAG_ID=prepare_data
AIRFLOW_CTX_TASK_ID=get_last_id
AIRFLOW_CTX_EXECUTION_DATE=2022-11-28T16:44:00+00:00
AIRFLOW_CTX_TRY_NUMBER=1
AIRFLOW_CTX_DAG_RUN_ID=scheduled__2022-11-28T16:44:00+00:00
[2022-12-12 18:38:31,105] {base.py:68} INFO - Using connection ID 'postgres_default' for task execution.
[2022-12-12 18:38:31,251] {python.py:173} INFO - Done. Returned value was: None
[2022-12-12 18:38:31,441] {taskinstance.py:1400} INFO - Marking task as SUCCESS. dag_id=prepare_data, task_id=get_last_id, execution_date=20221128T164400, start_date=20221212T183829, end_date=20221212T183831
[2022-12-12 18:38:31,544] {local_task_job.py:156} INFO - Task exited with return code 0
[2022-12-12 18:38:31,774] {local_task_job.py:273} INFO - 1 downstream tasks scheduled from follow-on schedule check
