[2022-12-16 10:59:08,939] {taskinstance.py:1159} INFO - Dependencies all met for <TaskInstance: prepare_data.get_last_id scheduled__2022-12-16T01:03:00+00:00 [queued]>
[2022-12-16 10:59:09,358] {taskinstance.py:1159} INFO - Dependencies all met for <TaskInstance: prepare_data.get_last_id scheduled__2022-12-16T01:03:00+00:00 [queued]>
[2022-12-16 10:59:09,384] {taskinstance.py:1356} INFO - 
--------------------------------------------------------------------------------
[2022-12-16 10:59:09,417] {taskinstance.py:1357} INFO - Starting attempt 1 of 1
[2022-12-16 10:59:09,418] {taskinstance.py:1358} INFO - 
--------------------------------------------------------------------------------
[2022-12-16 10:59:10,190] {taskinstance.py:1377} INFO - Executing <Task(PythonOperator): get_last_id> on 2022-12-16 01:03:00+00:00
[2022-12-16 10:59:10,363] {standard_task_runner.py:52} INFO - Started process 3017 to run task
[2022-12-16 10:59:10,490] {standard_task_runner.py:79} INFO - Running: ['airflow', 'tasks', 'run', 'prepare_data', 'get_last_id', 'scheduled__2022-12-16T01:03:00+00:00', '--job-id', '1530', '--raw', '--subdir', 'DAGS_FOLDER/prepare_data.py', '--cfg-path', '/tmp/tmp1l4_8pk7', '--error-file', '/tmp/tmpuq_l3x9f']
[2022-12-16 10:59:10,534] {standard_task_runner.py:80} INFO - Job 1530: Subtask get_last_id
[2022-12-16 10:59:12,951] {task_command.py:369} INFO - Running <TaskInstance: prepare_data.get_last_id scheduled__2022-12-16T01:03:00+00:00 [running]> on host 8e2f65ec4c74
[2022-12-16 10:59:14,850] {taskinstance.py:1571} INFO - Exporting the following env vars:
AIRFLOW_CTX_DAG_OWNER=airflow
AIRFLOW_CTX_DAG_ID=prepare_data
AIRFLOW_CTX_TASK_ID=get_last_id
AIRFLOW_CTX_EXECUTION_DATE=2022-12-16T01:03:00+00:00
AIRFLOW_CTX_TRY_NUMBER=1
AIRFLOW_CTX_DAG_RUN_ID=scheduled__2022-12-16T01:03:00+00:00
[2022-12-16 10:59:15,357] {base.py:68} INFO - Using connection ID 'gp_conn' for task execution.
[2022-12-16 10:59:16,609] {python.py:173} INFO - Done. Returned value was: None
[2022-12-16 10:59:17,306] {taskinstance.py:1400} INFO - Marking task as SUCCESS. dag_id=prepare_data, task_id=get_last_id, execution_date=20221216T010300, start_date=20221216T105908, end_date=20221216T105917
[2022-12-16 10:59:18,013] {local_task_job.py:156} INFO - Task exited with return code 0
[2022-12-16 10:59:21,463] {local_task_job.py:273} INFO - 0 downstream tasks scheduled from follow-on schedule check
