[2022-12-12 18:25:23,313] {taskinstance.py:1159} INFO - Dependencies all met for <TaskInstance: prepare_data.get_last_id scheduled__2022-11-28T16:51:00+00:00 [queued]>
[2022-12-12 18:25:23,379] {taskinstance.py:1159} INFO - Dependencies all met for <TaskInstance: prepare_data.get_last_id scheduled__2022-11-28T16:51:00+00:00 [queued]>
[2022-12-12 18:25:23,386] {taskinstance.py:1356} INFO - 
--------------------------------------------------------------------------------
[2022-12-12 18:25:23,390] {taskinstance.py:1357} INFO - Starting attempt 1 of 1
[2022-12-12 18:25:23,391] {taskinstance.py:1358} INFO - 
--------------------------------------------------------------------------------
[2022-12-12 18:25:23,540] {taskinstance.py:1377} INFO - Executing <Task(PythonOperator): get_last_id> on 2022-11-28 16:51:00+00:00
[2022-12-12 18:25:23,564] {standard_task_runner.py:52} INFO - Started process 315 to run task
[2022-12-12 18:25:23,611] {standard_task_runner.py:79} INFO - Running: ['airflow', 'tasks', 'run', 'prepare_data', 'get_last_id', 'scheduled__2022-11-28T16:51:00+00:00', '--job-id', '53', '--raw', '--subdir', 'DAGS_FOLDER/prepare_data.py', '--cfg-path', '/tmp/tmpcso73yd1', '--error-file', '/tmp/tmpwmb5aqv4']
[2022-12-12 18:25:23,629] {standard_task_runner.py:80} INFO - Job 53: Subtask get_last_id
[2022-12-12 18:25:23,951] {task_command.py:369} INFO - Running <TaskInstance: prepare_data.get_last_id scheduled__2022-11-28T16:51:00+00:00 [running]> on host a49e44ee4a94
[2022-12-12 18:25:24,745] {taskinstance.py:1571} INFO - Exporting the following env vars:
AIRFLOW_CTX_DAG_OWNER=airflow
AIRFLOW_CTX_DAG_ID=prepare_data
AIRFLOW_CTX_TASK_ID=get_last_id
AIRFLOW_CTX_EXECUTION_DATE=2022-11-28T16:51:00+00:00
AIRFLOW_CTX_TRY_NUMBER=1
AIRFLOW_CTX_DAG_RUN_ID=scheduled__2022-11-28T16:51:00+00:00
[2022-12-12 18:25:24,810] {base.py:68} INFO - Using connection ID 'postgres_default' for task execution.
[2022-12-12 18:25:24,914] {python.py:173} INFO - Done. Returned value was: None
[2022-12-12 18:25:24,992] {taskinstance.py:1400} INFO - Marking task as SUCCESS. dag_id=prepare_data, task_id=get_last_id, execution_date=20221128T165100, start_date=20221212T182523, end_date=20221212T182524
[2022-12-12 18:25:25,108] {local_task_job.py:156} INFO - Task exited with return code 0
[2022-12-12 18:25:25,560] {local_task_job.py:273} INFO - 1 downstream tasks scheduled from follow-on schedule check
[2022-12-12 18:38:39,360] {taskinstance.py:1159} INFO - Dependencies all met for <TaskInstance: prepare_data.get_last_id scheduled__2022-11-28T16:51:00+00:00 [queued]>
[2022-12-12 18:38:39,448] {taskinstance.py:1159} INFO - Dependencies all met for <TaskInstance: prepare_data.get_last_id scheduled__2022-11-28T16:51:00+00:00 [queued]>
[2022-12-12 18:38:39,468] {taskinstance.py:1356} INFO - 
--------------------------------------------------------------------------------
[2022-12-12 18:38:39,474] {taskinstance.py:1357} INFO - Starting attempt 1 of 1
[2022-12-12 18:38:39,478] {taskinstance.py:1358} INFO - 
--------------------------------------------------------------------------------
[2022-12-12 18:38:39,566] {taskinstance.py:1377} INFO - Executing <Task(PythonOperator): get_last_id> on 2022-11-28 16:51:00+00:00
[2022-12-12 18:38:39,576] {standard_task_runner.py:52} INFO - Started process 279 to run task
[2022-12-12 18:38:39,629] {standard_task_runner.py:79} INFO - Running: ['airflow', 'tasks', 'run', 'prepare_data', 'get_last_id', 'scheduled__2022-11-28T16:51:00+00:00', '--job-id', '40', '--raw', '--subdir', 'DAGS_FOLDER/prepare_data.py', '--cfg-path', '/tmp/tmpfc8a89_l', '--error-file', '/tmp/tmp17xd7ybj']
[2022-12-12 18:38:39,650] {standard_task_runner.py:80} INFO - Job 40: Subtask get_last_id
[2022-12-12 18:38:40,094] {task_command.py:369} INFO - Running <TaskInstance: prepare_data.get_last_id scheduled__2022-11-28T16:51:00+00:00 [running]> on host cfea470654c7
[2022-12-12 18:38:40,687] {taskinstance.py:1571} INFO - Exporting the following env vars:
AIRFLOW_CTX_DAG_OWNER=airflow
AIRFLOW_CTX_DAG_ID=prepare_data
AIRFLOW_CTX_TASK_ID=get_last_id
AIRFLOW_CTX_EXECUTION_DATE=2022-11-28T16:51:00+00:00
AIRFLOW_CTX_TRY_NUMBER=1
AIRFLOW_CTX_DAG_RUN_ID=scheduled__2022-11-28T16:51:00+00:00
[2022-12-12 18:38:40,753] {base.py:68} INFO - Using connection ID 'postgres_default' for task execution.
[2022-12-12 18:38:40,868] {python.py:173} INFO - Done. Returned value was: None
[2022-12-12 18:38:40,924] {taskinstance.py:1400} INFO - Marking task as SUCCESS. dag_id=prepare_data, task_id=get_last_id, execution_date=20221128T165100, start_date=20221212T183839, end_date=20221212T183840
[2022-12-12 18:38:41,004] {local_task_job.py:156} INFO - Task exited with return code 0
[2022-12-12 18:38:41,334] {local_task_job.py:273} INFO - 0 downstream tasks scheduled from follow-on schedule check
