[2022-12-12 21:09:09,013] {taskinstance.py:1159} INFO - Dependencies all met for <TaskInstance: prepare_data.create_table scheduled__2022-11-28T20:48:00+00:00 [queued]>
[2022-12-12 21:09:09,293] {taskinstance.py:1159} INFO - Dependencies all met for <TaskInstance: prepare_data.create_table scheduled__2022-11-28T20:48:00+00:00 [queued]>
[2022-12-12 21:09:09,314] {taskinstance.py:1356} INFO - 
--------------------------------------------------------------------------------
[2022-12-12 21:09:09,317] {taskinstance.py:1357} INFO - Starting attempt 1 of 1
[2022-12-12 21:09:09,340] {taskinstance.py:1358} INFO - 
--------------------------------------------------------------------------------
[2022-12-12 21:09:10,369] {taskinstance.py:1377} INFO - Executing <Task(PostgresOperator): create_table> on 2022-11-28 20:48:00+00:00
[2022-12-12 21:09:10,459] {standard_task_runner.py:52} INFO - Started process 205 to run task
[2022-12-12 21:09:10,606] {standard_task_runner.py:79} INFO - Running: ['airflow', 'tasks', 'run', 'prepare_data', 'create_table', 'scheduled__2022-11-28T20:48:00+00:00', '--job-id', '738', '--raw', '--subdir', 'DAGS_FOLDER/prepare_data.py', '--cfg-path', '/tmp/tmpq6lxwfy1', '--error-file', '/tmp/tmplia5dp02']
[2022-12-12 21:09:10,664] {standard_task_runner.py:80} INFO - Job 738: Subtask create_table
[2022-12-12 21:09:12,486] {task_command.py:369} INFO - Running <TaskInstance: prepare_data.create_table scheduled__2022-11-28T20:48:00+00:00 [running]> on host cfea470654c7
[2022-12-12 21:09:14,802] {taskinstance.py:1571} INFO - Exporting the following env vars:
AIRFLOW_CTX_DAG_OWNER=airflow
AIRFLOW_CTX_DAG_ID=prepare_data
AIRFLOW_CTX_TASK_ID=create_table
AIRFLOW_CTX_EXECUTION_DATE=2022-11-28T20:48:00+00:00
AIRFLOW_CTX_TRY_NUMBER=1
AIRFLOW_CTX_DAG_RUN_ID=scheduled__2022-11-28T20:48:00+00:00
[2022-12-12 21:09:15,063] {base.py:68} INFO - Using connection ID 'postgres_default' for task execution.
[2022-12-12 21:09:15,198] {dbapi.py:208} INFO - Running statement: CREATE TABLE IF NOT EXISTS prepared_data (
	id SERIAL,
	sensor_id BIGINT,
	longitude FLOAT,
	latitude FLOAT,
	controller_id BIGINT,
	datetime TIMESTAMP WITH TIME ZONE,
	temperature INTEGER
);, parameters: None
[2022-12-12 21:09:15,220] {postgres.py:94} INFO - NOTICE:  relation "prepared_data" already exists, skipping

[2022-12-12 21:09:15,517] {taskinstance.py:1400} INFO - Marking task as SUCCESS. dag_id=prepare_data, task_id=create_table, execution_date=20221128T204800, start_date=20221212T210909, end_date=20221212T210915
[2022-12-12 21:09:16,696] {local_task_job.py:156} INFO - Task exited with return code 0
[2022-12-12 21:09:17,466] {local_task_job.py:273} INFO - 1 downstream tasks scheduled from follow-on schedule check
