[2022-12-16 10:44:40,521] {taskinstance.py:1159} INFO - Dependencies all met for <TaskInstance: prepare_data.transfer_data scheduled__2022-12-15T22:19:00+00:00 [queued]>
[2022-12-16 10:44:40,696] {taskinstance.py:1159} INFO - Dependencies all met for <TaskInstance: prepare_data.transfer_data scheduled__2022-12-15T22:19:00+00:00 [queued]>
[2022-12-16 10:44:40,697] {taskinstance.py:1356} INFO - 
--------------------------------------------------------------------------------
[2022-12-16 10:44:40,697] {taskinstance.py:1357} INFO - Starting attempt 1 of 1
[2022-12-16 10:44:40,697] {taskinstance.py:1358} INFO - 
--------------------------------------------------------------------------------
[2022-12-16 10:44:41,226] {taskinstance.py:1377} INFO - Executing <Task(PythonOperator): transfer_data> on 2022-12-15 22:19:00+00:00
[2022-12-16 10:44:41,258] {standard_task_runner.py:52} INFO - Started process 1899 to run task
[2022-12-16 10:44:41,388] {standard_task_runner.py:79} INFO - Running: ['airflow', 'tasks', 'run', 'prepare_data', 'transfer_data', 'scheduled__2022-12-15T22:19:00+00:00', '--job-id', '1033', '--raw', '--subdir', 'DAGS_FOLDER/prepare_data.py', '--cfg-path', '/tmp/tmp5onpyspu', '--error-file', '/tmp/tmpwf8tv0nq']
[2022-12-16 10:44:41,426] {standard_task_runner.py:80} INFO - Job 1033: Subtask transfer_data
[2022-12-16 10:44:42,542] {task_command.py:369} INFO - Running <TaskInstance: prepare_data.transfer_data scheduled__2022-12-15T22:19:00+00:00 [running]> on host 8e2f65ec4c74
[2022-12-16 10:44:43,916] {taskinstance.py:1571} INFO - Exporting the following env vars:
AIRFLOW_CTX_DAG_OWNER=airflow
AIRFLOW_CTX_DAG_ID=prepare_data
AIRFLOW_CTX_TASK_ID=transfer_data
AIRFLOW_CTX_EXECUTION_DATE=2022-12-15T22:19:00+00:00
AIRFLOW_CTX_TRY_NUMBER=1
AIRFLOW_CTX_DAG_RUN_ID=scheduled__2022-12-15T22:19:00+00:00
[2022-12-16 10:44:44,141] {base.py:68} INFO - Using connection ID 'gp_conn' for task execution.
[2022-12-16 10:44:44,575] {python.py:173} INFO - Done. Returned value was: None
[2022-12-16 10:44:45,018] {taskinstance.py:1400} INFO - Marking task as SUCCESS. dag_id=prepare_data, task_id=transfer_data, execution_date=20221215T221900, start_date=20221216T104440, end_date=20221216T104445
[2022-12-16 10:44:45,365] {local_task_job.py:156} INFO - Task exited with return code 0
[2022-12-16 10:44:46,096] {local_task_job.py:273} INFO - 0 downstream tasks scheduled from follow-on schedule check
