[2022-12-16 10:56:27,910] {taskinstance.py:1159} INFO - Dependencies all met for <TaskInstance: prepare_data.get_last_id scheduled__2022-12-16T00:48:00+00:00 [queued]>
[2022-12-16 10:56:28,404] {taskinstance.py:1159} INFO - Dependencies all met for <TaskInstance: prepare_data.get_last_id scheduled__2022-12-16T00:48:00+00:00 [queued]>
[2022-12-16 10:56:28,404] {taskinstance.py:1356} INFO - 
--------------------------------------------------------------------------------
[2022-12-16 10:56:28,404] {taskinstance.py:1357} INFO - Starting attempt 1 of 1
[2022-12-16 10:56:28,404] {taskinstance.py:1358} INFO - 
--------------------------------------------------------------------------------
[2022-12-16 10:56:29,012] {taskinstance.py:1377} INFO - Executing <Task(PythonOperator): get_last_id> on 2022-12-16 00:48:00+00:00
[2022-12-16 10:56:29,143] {standard_task_runner.py:52} INFO - Started process 2880 to run task
[2022-12-16 10:56:29,355] {standard_task_runner.py:79} INFO - Running: ['airflow', 'tasks', 'run', 'prepare_data', 'get_last_id', 'scheduled__2022-12-16T00:48:00+00:00', '--job-id', '1472', '--raw', '--subdir', 'DAGS_FOLDER/prepare_data.py', '--cfg-path', '/tmp/tmpykqn8c1j', '--error-file', '/tmp/tmp28g9dvw4']
[2022-12-16 10:56:29,552] {standard_task_runner.py:80} INFO - Job 1472: Subtask get_last_id
[2022-12-16 10:56:31,346] {task_command.py:369} INFO - Running <TaskInstance: prepare_data.get_last_id scheduled__2022-12-16T00:48:00+00:00 [running]> on host 8e2f65ec4c74
[2022-12-16 10:56:34,863] {taskinstance.py:1571} INFO - Exporting the following env vars:
AIRFLOW_CTX_DAG_OWNER=airflow
AIRFLOW_CTX_DAG_ID=prepare_data
AIRFLOW_CTX_TASK_ID=get_last_id
AIRFLOW_CTX_EXECUTION_DATE=2022-12-16T00:48:00+00:00
AIRFLOW_CTX_TRY_NUMBER=1
AIRFLOW_CTX_DAG_RUN_ID=scheduled__2022-12-16T00:48:00+00:00
[2022-12-16 10:56:35,229] {base.py:68} INFO - Using connection ID 'gp_conn' for task execution.
[2022-12-16 10:56:35,995] {python.py:173} INFO - Done. Returned value was: None
[2022-12-16 10:56:36,675] {taskinstance.py:1400} INFO - Marking task as SUCCESS. dag_id=prepare_data, task_id=get_last_id, execution_date=20221216T004800, start_date=20221216T105628, end_date=20221216T105636
[2022-12-16 10:56:37,137] {local_task_job.py:156} INFO - Task exited with return code 0
[2022-12-16 10:56:38,275] {local_task_job.py:273} INFO - 1 downstream tasks scheduled from follow-on schedule check
