[2022-12-16 13:18:04,523] {taskinstance.py:1159} INFO - Dependencies all met for <TaskInstance: prepare_data.transfer_data scheduled__2022-12-16T13:17:00+00:00 [queued]>
[2022-12-16 13:18:04,535] {taskinstance.py:1159} INFO - Dependencies all met for <TaskInstance: prepare_data.transfer_data scheduled__2022-12-16T13:17:00+00:00 [queued]>
[2022-12-16 13:18:04,536] {taskinstance.py:1356} INFO - 
--------------------------------------------------------------------------------
[2022-12-16 13:18:04,536] {taskinstance.py:1357} INFO - Starting attempt 1 of 1
[2022-12-16 13:18:04,536] {taskinstance.py:1358} INFO - 
--------------------------------------------------------------------------------
[2022-12-16 13:18:04,553] {taskinstance.py:1377} INFO - Executing <Task(PythonOperator): transfer_data> on 2022-12-16 13:17:00+00:00
[2022-12-16 13:18:04,556] {standard_task_runner.py:52} INFO - Started process 4538 to run task
[2022-12-16 13:18:04,562] {standard_task_runner.py:79} INFO - Running: ['airflow', 'tasks', 'run', 'prepare_data', 'transfer_data', 'scheduled__2022-12-16T13:17:00+00:00', '--job-id', '2178', '--raw', '--subdir', 'DAGS_FOLDER/prepare_data.py', '--cfg-path', '/tmp/tmp1_5k0nec', '--error-file', '/tmp/tmpi7cjm2o_']
[2022-12-16 13:18:04,563] {standard_task_runner.py:80} INFO - Job 2178: Subtask transfer_data
[2022-12-16 13:18:04,645] {task_command.py:369} INFO - Running <TaskInstance: prepare_data.transfer_data scheduled__2022-12-16T13:17:00+00:00 [running]> on host 8e2f65ec4c74
[2022-12-16 13:18:04,794] {taskinstance.py:1571} INFO - Exporting the following env vars:
AIRFLOW_CTX_DAG_OWNER=airflow
AIRFLOW_CTX_DAG_ID=prepare_data
AIRFLOW_CTX_TASK_ID=transfer_data
AIRFLOW_CTX_EXECUTION_DATE=2022-12-16T13:17:00+00:00
AIRFLOW_CTX_TRY_NUMBER=1
AIRFLOW_CTX_DAG_RUN_ID=scheduled__2022-12-16T13:17:00+00:00
[2022-12-16 13:18:04,822] {base.py:68} INFO - Using connection ID 'gp_conn' for task execution.
[2022-12-16 13:18:04,889] {python.py:173} INFO - Done. Returned value was: None
[2022-12-16 13:18:04,913] {taskinstance.py:1400} INFO - Marking task as SUCCESS. dag_id=prepare_data, task_id=transfer_data, execution_date=20221216T131700, start_date=20221216T131804, end_date=20221216T131804
[2022-12-16 13:18:04,939] {local_task_job.py:156} INFO - Task exited with return code 0
[2022-12-16 13:18:04,984] {local_task_job.py:273} INFO - 0 downstream tasks scheduled from follow-on schedule check
