[2022-12-12 18:25:52,808] {taskinstance.py:1159} INFO - Dependencies all met for <TaskInstance: prepare_data.get_last_id scheduled__2022-11-28T17:12:00+00:00 [queued]>
[2022-12-12 18:25:52,969] {taskinstance.py:1159} INFO - Dependencies all met for <TaskInstance: prepare_data.get_last_id scheduled__2022-11-28T17:12:00+00:00 [queued]>
[2022-12-12 18:25:52,971] {taskinstance.py:1356} INFO - 
--------------------------------------------------------------------------------
[2022-12-12 18:25:52,972] {taskinstance.py:1357} INFO - Starting attempt 1 of 1
[2022-12-12 18:25:52,974] {taskinstance.py:1358} INFO - 
--------------------------------------------------------------------------------
[2022-12-12 18:25:53,255] {taskinstance.py:1377} INFO - Executing <Task(PythonOperator): get_last_id> on 2022-11-28 17:12:00+00:00
[2022-12-12 18:25:53,293] {standard_task_runner.py:52} INFO - Started process 433 to run task
[2022-12-12 18:25:53,382] {standard_task_runner.py:79} INFO - Running: ['airflow', 'tasks', 'run', 'prepare_data', 'get_last_id', 'scheduled__2022-11-28T17:12:00+00:00', '--job-id', '110', '--raw', '--subdir', 'DAGS_FOLDER/prepare_data.py', '--cfg-path', '/tmp/tmphkj343ur', '--error-file', '/tmp/tmp0kvj9qgg']
[2022-12-12 18:25:53,407] {standard_task_runner.py:80} INFO - Job 110: Subtask get_last_id
[2022-12-12 18:25:54,247] {task_command.py:369} INFO - Running <TaskInstance: prepare_data.get_last_id scheduled__2022-11-28T17:12:00+00:00 [running]> on host a49e44ee4a94
[2022-12-12 18:25:56,037] {taskinstance.py:1571} INFO - Exporting the following env vars:
AIRFLOW_CTX_DAG_OWNER=airflow
AIRFLOW_CTX_DAG_ID=prepare_data
AIRFLOW_CTX_TASK_ID=get_last_id
AIRFLOW_CTX_EXECUTION_DATE=2022-11-28T17:12:00+00:00
AIRFLOW_CTX_TRY_NUMBER=1
AIRFLOW_CTX_DAG_RUN_ID=scheduled__2022-11-28T17:12:00+00:00
[2022-12-12 18:25:56,141] {base.py:68} INFO - Using connection ID 'postgres_default' for task execution.
[2022-12-12 18:25:56,376] {python.py:173} INFO - Done. Returned value was: None
[2022-12-12 18:25:56,525] {taskinstance.py:1400} INFO - Marking task as SUCCESS. dag_id=prepare_data, task_id=get_last_id, execution_date=20221128T171200, start_date=20221212T182552, end_date=20221212T182556
[2022-12-12 18:25:56,791] {local_task_job.py:156} INFO - Task exited with return code 0
[2022-12-12 18:25:57,171] {local_task_job.py:273} INFO - 1 downstream tasks scheduled from follow-on schedule check
[2022-12-12 18:39:13,589] {taskinstance.py:1159} INFO - Dependencies all met for <TaskInstance: prepare_data.get_last_id scheduled__2022-11-28T17:12:00+00:00 [queued]>
[2022-12-12 18:39:13,624] {taskinstance.py:1159} INFO - Dependencies all met for <TaskInstance: prepare_data.get_last_id scheduled__2022-11-28T17:12:00+00:00 [queued]>
[2022-12-12 18:39:13,626] {taskinstance.py:1356} INFO - 
--------------------------------------------------------------------------------
[2022-12-12 18:39:13,628] {taskinstance.py:1357} INFO - Starting attempt 1 of 1
[2022-12-12 18:39:13,629] {taskinstance.py:1358} INFO - 
--------------------------------------------------------------------------------
[2022-12-12 18:39:13,674] {taskinstance.py:1377} INFO - Executing <Task(PythonOperator): get_last_id> on 2022-11-28 17:12:00+00:00
[2022-12-12 18:39:13,688] {standard_task_runner.py:52} INFO - Started process 401 to run task
[2022-12-12 18:39:13,710] {standard_task_runner.py:79} INFO - Running: ['airflow', 'tasks', 'run', 'prepare_data', 'get_last_id', 'scheduled__2022-11-28T17:12:00+00:00', '--job-id', '98', '--raw', '--subdir', 'DAGS_FOLDER/prepare_data.py', '--cfg-path', '/tmp/tmphs5j7r82', '--error-file', '/tmp/tmpfu9wp57q']
[2022-12-12 18:39:13,717] {standard_task_runner.py:80} INFO - Job 98: Subtask get_last_id
[2022-12-12 18:39:13,986] {task_command.py:369} INFO - Running <TaskInstance: prepare_data.get_last_id scheduled__2022-11-28T17:12:00+00:00 [running]> on host cfea470654c7
[2022-12-12 18:39:14,344] {taskinstance.py:1571} INFO - Exporting the following env vars:
AIRFLOW_CTX_DAG_OWNER=airflow
AIRFLOW_CTX_DAG_ID=prepare_data
AIRFLOW_CTX_TASK_ID=get_last_id
AIRFLOW_CTX_EXECUTION_DATE=2022-11-28T17:12:00+00:00
AIRFLOW_CTX_TRY_NUMBER=1
AIRFLOW_CTX_DAG_RUN_ID=scheduled__2022-11-28T17:12:00+00:00
[2022-12-12 18:39:14,391] {base.py:68} INFO - Using connection ID 'postgres_default' for task execution.
[2022-12-12 18:39:14,496] {python.py:173} INFO - Done. Returned value was: None
[2022-12-12 18:39:14,551] {taskinstance.py:1400} INFO - Marking task as SUCCESS. dag_id=prepare_data, task_id=get_last_id, execution_date=20221128T171200, start_date=20221212T183913, end_date=20221212T183914
[2022-12-12 18:39:14,618] {local_task_job.py:156} INFO - Task exited with return code 0
[2022-12-12 18:39:14,844] {local_task_job.py:273} INFO - 0 downstream tasks scheduled from follow-on schedule check
