[2022-12-12 18:42:18,371] {taskinstance.py:1159} INFO - Dependencies all met for <TaskInstance: prepare_data.transfer_data scheduled__2022-11-28T19:26:00+00:00 [queued]>
[2022-12-12 18:42:18,447] {taskinstance.py:1159} INFO - Dependencies all met for <TaskInstance: prepare_data.transfer_data scheduled__2022-11-28T19:26:00+00:00 [queued]>
[2022-12-12 18:42:18,449] {taskinstance.py:1356} INFO - 
--------------------------------------------------------------------------------
[2022-12-12 18:42:18,451] {taskinstance.py:1357} INFO - Starting attempt 1 of 1
[2022-12-12 18:42:18,452] {taskinstance.py:1358} INFO - 
--------------------------------------------------------------------------------
[2022-12-12 18:42:18,541] {taskinstance.py:1377} INFO - Executing <Task(PythonOperator): transfer_data> on 2022-11-28 19:26:00+00:00
[2022-12-12 18:42:18,569] {standard_task_runner.py:52} INFO - Started process 1263 to run task
[2022-12-12 18:42:18,588] {standard_task_runner.py:79} INFO - Running: ['airflow', 'tasks', 'run', 'prepare_data', 'transfer_data', 'scheduled__2022-11-28T19:26:00+00:00', '--job-id', '513', '--raw', '--subdir', 'DAGS_FOLDER/prepare_data.py', '--cfg-path', '/tmp/tmp8zfb7egj', '--error-file', '/tmp/tmpgwixjbt2']
[2022-12-12 18:42:18,604] {standard_task_runner.py:80} INFO - Job 513: Subtask transfer_data
[2022-12-12 18:42:18,902] {task_command.py:369} INFO - Running <TaskInstance: prepare_data.transfer_data scheduled__2022-11-28T19:26:00+00:00 [running]> on host cfea470654c7
[2022-12-12 18:42:19,765] {taskinstance.py:1571} INFO - Exporting the following env vars:
AIRFLOW_CTX_DAG_OWNER=airflow
AIRFLOW_CTX_DAG_ID=prepare_data
AIRFLOW_CTX_TASK_ID=transfer_data
AIRFLOW_CTX_EXECUTION_DATE=2022-11-28T19:26:00+00:00
AIRFLOW_CTX_TRY_NUMBER=1
AIRFLOW_CTX_DAG_RUN_ID=scheduled__2022-11-28T19:26:00+00:00
[2022-12-12 18:42:19,838] {base.py:68} INFO - Using connection ID 'postgres_default' for task execution.
[2022-12-12 18:42:19,904] {python.py:173} INFO - Done. Returned value was: None
[2022-12-12 18:42:20,025] {taskinstance.py:1400} INFO - Marking task as SUCCESS. dag_id=prepare_data, task_id=transfer_data, execution_date=20221128T192600, start_date=20221212T184218, end_date=20221212T184220
[2022-12-12 18:42:20,149] {local_task_job.py:156} INFO - Task exited with return code 0
[2022-12-12 18:42:20,678] {local_task_job.py:273} INFO - 0 downstream tasks scheduled from follow-on schedule check
