[2022-12-12 18:24:24,080] {taskinstance.py:1159} INFO - Dependencies all met for <TaskInstance: prepare_data.create_table scheduled__2022-11-28T16:42:00+00:00 [queued]>
[2022-12-12 18:24:24,137] {taskinstance.py:1159} INFO - Dependencies all met for <TaskInstance: prepare_data.create_table scheduled__2022-11-28T16:42:00+00:00 [queued]>
[2022-12-12 18:24:24,139] {taskinstance.py:1356} INFO - 
--------------------------------------------------------------------------------
[2022-12-12 18:24:24,139] {taskinstance.py:1357} INFO - Starting attempt 1 of 1
[2022-12-12 18:24:24,141] {taskinstance.py:1358} INFO - 
--------------------------------------------------------------------------------
[2022-12-12 18:24:24,270] {taskinstance.py:1377} INFO - Executing <Task(PostgresOperator): create_table> on 2022-11-28 16:42:00+00:00
[2022-12-12 18:24:24,289] {standard_task_runner.py:52} INFO - Started process 226 to run task
[2022-12-12 18:24:24,331] {standard_task_runner.py:79} INFO - Running: ['airflow', 'tasks', 'run', 'prepare_data', 'create_table', 'scheduled__2022-11-28T16:42:00+00:00', '--job-id', '11', '--raw', '--subdir', 'DAGS_FOLDER/prepare_data.py', '--cfg-path', '/tmp/tmp9tf1fvvj', '--error-file', '/tmp/tmpuiarrelh']
[2022-12-12 18:24:24,334] {standard_task_runner.py:80} INFO - Job 11: Subtask create_table
[2022-12-12 18:24:24,907] {task_command.py:369} INFO - Running <TaskInstance: prepare_data.create_table scheduled__2022-11-28T16:42:00+00:00 [running]> on host a49e44ee4a94
[2022-12-12 18:24:26,957] {taskinstance.py:1571} INFO - Exporting the following env vars:
AIRFLOW_CTX_DAG_OWNER=airflow
AIRFLOW_CTX_DAG_ID=prepare_data
AIRFLOW_CTX_TASK_ID=create_table
AIRFLOW_CTX_EXECUTION_DATE=2022-11-28T16:42:00+00:00
AIRFLOW_CTX_TRY_NUMBER=1
AIRFLOW_CTX_DAG_RUN_ID=scheduled__2022-11-28T16:42:00+00:00
[2022-12-12 18:24:42,224] {base.py:68} INFO - Using connection ID 'postgres_default' for task execution.
[2022-12-12 18:24:55,279] {dbapi.py:208} INFO - Running statement: CREATE TABLE IF NOT EXISTS prepared_data (
	id SERIAL,
	sensor_id BIGINT,
	longitude FLOAT,
	latitude FLOAT,
	controller_id BIGINT,
	datetime TIMESTAMP WITH TIME ZONE,
	temperature INTEGER
);, parameters: None
[2022-12-12 18:25:06,311] {postgres.py:94} INFO - NOTICE:  relation "prepared_data" already exists, skipping

[2022-12-12 18:25:06,824] {taskinstance.py:1400} INFO - Marking task as SUCCESS. dag_id=prepare_data, task_id=create_table, execution_date=20221128T164200, start_date=20221212T182424, end_date=20221212T182506
[2022-12-12 18:25:07,164] {local_task_job.py:156} INFO - Task exited with return code 0
[2022-12-12 18:25:07,429] {local_task_job.py:273} INFO - 1 downstream tasks scheduled from follow-on schedule check
[2022-12-12 18:38:22,184] {taskinstance.py:1159} INFO - Dependencies all met for <TaskInstance: prepare_data.create_table scheduled__2022-11-28T16:42:00+00:00 [queued]>
[2022-12-12 18:38:22,207] {taskinstance.py:1159} INFO - Dependencies all met for <TaskInstance: prepare_data.create_table scheduled__2022-11-28T16:42:00+00:00 [queued]>
[2022-12-12 18:38:22,209] {taskinstance.py:1356} INFO - 
--------------------------------------------------------------------------------
[2022-12-12 18:38:22,211] {taskinstance.py:1357} INFO - Starting attempt 1 of 1
[2022-12-12 18:38:22,213] {taskinstance.py:1358} INFO - 
--------------------------------------------------------------------------------
[2022-12-12 18:38:22,243] {taskinstance.py:1377} INFO - Executing <Task(PostgresOperator): create_table> on 2022-11-28 16:42:00+00:00
[2022-12-12 18:38:22,249] {standard_task_runner.py:52} INFO - Started process 212 to run task
[2022-12-12 18:38:22,260] {standard_task_runner.py:79} INFO - Running: ['airflow', 'tasks', 'run', 'prepare_data', 'create_table', 'scheduled__2022-11-28T16:42:00+00:00', '--job-id', '10', '--raw', '--subdir', 'DAGS_FOLDER/prepare_data.py', '--cfg-path', '/tmp/tmpkp4e2re1', '--error-file', '/tmp/tmpvm3gnudc']
[2022-12-12 18:38:22,264] {standard_task_runner.py:80} INFO - Job 10: Subtask create_table
[2022-12-12 18:38:22,456] {task_command.py:369} INFO - Running <TaskInstance: prepare_data.create_table scheduled__2022-11-28T16:42:00+00:00 [running]> on host cfea470654c7
[2022-12-12 18:38:22,653] {taskinstance.py:1571} INFO - Exporting the following env vars:
AIRFLOW_CTX_DAG_OWNER=airflow
AIRFLOW_CTX_DAG_ID=prepare_data
AIRFLOW_CTX_TASK_ID=create_table
AIRFLOW_CTX_EXECUTION_DATE=2022-11-28T16:42:00+00:00
AIRFLOW_CTX_TRY_NUMBER=1
AIRFLOW_CTX_DAG_RUN_ID=scheduled__2022-11-28T16:42:00+00:00
[2022-12-12 18:38:22,673] {base.py:68} INFO - Using connection ID 'postgres_default' for task execution.
[2022-12-12 18:38:22,681] {dbapi.py:208} INFO - Running statement: CREATE TABLE IF NOT EXISTS prepared_data (
	id SERIAL,
	sensor_id BIGINT,
	longitude FLOAT,
	latitude FLOAT,
	controller_id BIGINT,
	datetime TIMESTAMP WITH TIME ZONE,
	temperature INTEGER
);, parameters: None
[2022-12-12 18:38:22,692] {taskinstance.py:1889} ERROR - Task failed with exception
Traceback (most recent call last):
  File "/home/airflow/.local/lib/python3.7/site-packages/airflow/providers/postgres/operators/postgres.py", line 92, in execute
    self.hook.run(self.sql, self.autocommit, parameters=self.parameters)
  File "/home/airflow/.local/lib/python3.7/site-packages/airflow/hooks/dbapi.py", line 188, in run
    self._run_command(cur, sql_statement, parameters)
  File "/home/airflow/.local/lib/python3.7/site-packages/airflow/hooks/dbapi.py", line 212, in _run_command
    cur.execute(sql_statement)
psycopg2.errors.UniqueViolation: duplicate key value violates unique constraint "pg_type_typname_nsp_index"
DETAIL:  Key (typname, typnamespace)=(prepared_data_id_seq, 2200) already exists.

[2022-12-12 18:38:22,709] {taskinstance.py:1400} INFO - Marking task as FAILED. dag_id=prepare_data, task_id=create_table, execution_date=20221128T164200, start_date=20221212T183822, end_date=20221212T183822
[2022-12-12 18:38:22,726] {standard_task_runner.py:97} ERROR - Failed to execute job 10 for task create_table (duplicate key value violates unique constraint "pg_type_typname_nsp_index"
DETAIL:  Key (typname, typnamespace)=(prepared_data_id_seq, 2200) already exists.
; 212)
[2022-12-12 18:38:22,753] {local_task_job.py:156} INFO - Task exited with return code 1
[2022-12-12 18:38:22,929] {local_task_job.py:273} INFO - 0 downstream tasks scheduled from follow-on schedule check
