[2022-12-16 10:52:45,118] {taskinstance.py:1159} INFO - Dependencies all met for <TaskInstance: prepare_data.create_table scheduled__2022-12-16T00:17:00+00:00 [queued]>
[2022-12-16 10:52:45,377] {taskinstance.py:1159} INFO - Dependencies all met for <TaskInstance: prepare_data.create_table scheduled__2022-12-16T00:17:00+00:00 [queued]>
[2022-12-16 10:52:45,378] {taskinstance.py:1356} INFO - 
--------------------------------------------------------------------------------
[2022-12-16 10:52:45,384] {taskinstance.py:1357} INFO - Starting attempt 1 of 1
[2022-12-16 10:52:45,385] {taskinstance.py:1358} INFO - 
--------------------------------------------------------------------------------
[2022-12-16 10:52:45,573] {taskinstance.py:1377} INFO - Executing <Task(PostgresOperator): create_table> on 2022-12-16 00:17:00+00:00
[2022-12-16 10:52:45,708] {standard_task_runner.py:52} INFO - Started process 2643 to run task
[2022-12-16 10:52:45,777] {standard_task_runner.py:79} INFO - Running: ['airflow', 'tasks', 'run', 'prepare_data', 'create_table', 'scheduled__2022-12-16T00:17:00+00:00', '--job-id', '1369', '--raw', '--subdir', 'DAGS_FOLDER/prepare_data.py', '--cfg-path', '/tmp/tmp6kp6kb5j', '--error-file', '/tmp/tmp8r6e9fal']
[2022-12-16 10:52:45,799] {standard_task_runner.py:80} INFO - Job 1369: Subtask create_table
[2022-12-16 10:52:47,320] {task_command.py:369} INFO - Running <TaskInstance: prepare_data.create_table scheduled__2022-12-16T00:17:00+00:00 [running]> on host 8e2f65ec4c74
[2022-12-16 10:52:48,851] {taskinstance.py:1571} INFO - Exporting the following env vars:
AIRFLOW_CTX_DAG_OWNER=airflow
AIRFLOW_CTX_DAG_ID=prepare_data
AIRFLOW_CTX_TASK_ID=create_table
AIRFLOW_CTX_EXECUTION_DATE=2022-12-16T00:17:00+00:00
AIRFLOW_CTX_TRY_NUMBER=1
AIRFLOW_CTX_DAG_RUN_ID=scheduled__2022-12-16T00:17:00+00:00
[2022-12-16 10:52:49,053] {base.py:68} INFO - Using connection ID 'gp_conn' for task execution.
[2022-12-16 10:52:49,149] {dbapi.py:208} INFO - Running statement: CREATE TABLE IF NOT EXISTS prepared_data (
	id SERIAL,
	sensor_id BIGINT,
	longitude FLOAT,
	latitude FLOAT,
	controller_id BIGINT,
	datetime TIMESTAMP WITH TIME ZONE,
	temperature INTEGER
);, parameters: None
[2022-12-16 10:52:49,165] {postgres.py:94} INFO - NOTICE:  relation "prepared_data" already exists, skipping

[2022-12-16 10:52:50,908] {taskinstance.py:1400} INFO - Marking task as SUCCESS. dag_id=prepare_data, task_id=create_table, execution_date=20221216T001700, start_date=20221216T105245, end_date=20221216T105250
[2022-12-16 10:52:51,187] {local_task_job.py:221} WARNING - State of this instance has been externally set to success. Terminating instance.
[2022-12-16 10:52:51,190] {process_utils.py:129} INFO - Sending Signals.SIGTERM to group 2643. PIDs of all processes in the group: [2643]
[2022-12-16 10:52:51,240] {process_utils.py:80} INFO - Sending the signal Signals.SIGTERM to group 2643
[2022-12-16 10:52:51,241] {process_utils.py:75} INFO - Process psutil.Process(pid=2643, status='terminated', exitcode=0, started='10:52:45') (2643) terminated with exit code 0
