[2022-12-16 10:37:43,747] {taskinstance.py:1159} INFO - Dependencies all met for <TaskInstance: prepare_data.transfer_data scheduled__2022-12-15T20:18:00+00:00 [queued]>
[2022-12-16 10:37:44,176] {taskinstance.py:1159} INFO - Dependencies all met for <TaskInstance: prepare_data.transfer_data scheduled__2022-12-15T20:18:00+00:00 [queued]>
[2022-12-16 10:37:44,176] {taskinstance.py:1356} INFO - 
--------------------------------------------------------------------------------
[2022-12-16 10:37:44,176] {taskinstance.py:1357} INFO - Starting attempt 1 of 1
[2022-12-16 10:37:44,176] {taskinstance.py:1358} INFO - 
--------------------------------------------------------------------------------
[2022-12-16 10:37:44,663] {taskinstance.py:1377} INFO - Executing <Task(PythonOperator): transfer_data> on 2022-12-15 20:18:00+00:00
[2022-12-16 10:37:44,812] {standard_task_runner.py:52} INFO - Started process 1121 to run task
[2022-12-16 10:37:44,853] {standard_task_runner.py:79} INFO - Running: ['airflow', 'tasks', 'run', 'prepare_data', 'transfer_data', 'scheduled__2022-12-15T20:18:00+00:00', '--job-id', '676', '--raw', '--subdir', 'DAGS_FOLDER/prepare_data.py', '--cfg-path', '/tmp/tmpnxk6xbcr', '--error-file', '/tmp/tmptkdp5ug5']
[2022-12-16 10:37:44,854] {standard_task_runner.py:80} INFO - Job 676: Subtask transfer_data
[2022-12-16 10:37:46,135] {task_command.py:369} INFO - Running <TaskInstance: prepare_data.transfer_data scheduled__2022-12-15T20:18:00+00:00 [running]> on host 8e2f65ec4c74
[2022-12-16 10:37:48,714] {taskinstance.py:1571} INFO - Exporting the following env vars:
AIRFLOW_CTX_DAG_OWNER=airflow
AIRFLOW_CTX_DAG_ID=prepare_data
AIRFLOW_CTX_TASK_ID=transfer_data
AIRFLOW_CTX_EXECUTION_DATE=2022-12-15T20:18:00+00:00
AIRFLOW_CTX_TRY_NUMBER=1
AIRFLOW_CTX_DAG_RUN_ID=scheduled__2022-12-15T20:18:00+00:00
[2022-12-16 10:37:48,979] {base.py:68} INFO - Using connection ID 'gp_conn' for task execution.
[2022-12-16 10:37:49,800] {python.py:173} INFO - Done. Returned value was: None
[2022-12-16 10:37:50,582] {taskinstance.py:1400} INFO - Marking task as SUCCESS. dag_id=prepare_data, task_id=transfer_data, execution_date=20221215T201800, start_date=20221216T103743, end_date=20221216T103750
[2022-12-16 10:37:51,240] {local_task_job.py:221} WARNING - State of this instance has been externally set to success. Terminating instance.
[2022-12-16 10:37:51,270] {process_utils.py:129} INFO - Sending Signals.SIGTERM to group 1121. PIDs of all processes in the group: [1121]
[2022-12-16 10:37:51,355] {process_utils.py:80} INFO - Sending the signal Signals.SIGTERM to group 1121
[2022-12-16 10:37:51,395] {process_utils.py:75} INFO - Process psutil.Process(pid=1121, status='terminated', exitcode=0, started='10:37:44') (1121) terminated with exit code 0
