[2022-12-16 10:37:10,781] {taskinstance.py:1159} INFO - Dependencies all met for <TaskInstance: prepare_data.transfer_data scheduled__2022-12-15T20:07:00+00:00 [queued]>
[2022-12-16 10:37:11,037] {taskinstance.py:1159} INFO - Dependencies all met for <TaskInstance: prepare_data.transfer_data scheduled__2022-12-15T20:07:00+00:00 [queued]>
[2022-12-16 10:37:11,038] {taskinstance.py:1356} INFO - 
--------------------------------------------------------------------------------
[2022-12-16 10:37:11,038] {taskinstance.py:1357} INFO - Starting attempt 1 of 1
[2022-12-16 10:37:11,038] {taskinstance.py:1358} INFO - 
--------------------------------------------------------------------------------
[2022-12-16 10:37:11,403] {taskinstance.py:1377} INFO - Executing <Task(PythonOperator): transfer_data> on 2022-12-15 20:07:00+00:00
[2022-12-16 10:37:11,407] {standard_task_runner.py:52} INFO - Started process 1047 to run task
[2022-12-16 10:37:11,511] {standard_task_runner.py:79} INFO - Running: ['airflow', 'tasks', 'run', 'prepare_data', 'transfer_data', 'scheduled__2022-12-15T20:07:00+00:00', '--job-id', '642', '--raw', '--subdir', 'DAGS_FOLDER/prepare_data.py', '--cfg-path', '/tmp/tmp1seqyqpx', '--error-file', '/tmp/tmp983e1h9d']
[2022-12-16 10:37:11,512] {standard_task_runner.py:80} INFO - Job 642: Subtask transfer_data
[2022-12-16 10:37:12,980] {task_command.py:369} INFO - Running <TaskInstance: prepare_data.transfer_data scheduled__2022-12-15T20:07:00+00:00 [running]> on host 8e2f65ec4c74
[2022-12-16 10:37:15,705] {taskinstance.py:1571} INFO - Exporting the following env vars:
AIRFLOW_CTX_DAG_OWNER=airflow
AIRFLOW_CTX_DAG_ID=prepare_data
AIRFLOW_CTX_TASK_ID=transfer_data
AIRFLOW_CTX_EXECUTION_DATE=2022-12-15T20:07:00+00:00
AIRFLOW_CTX_TRY_NUMBER=1
AIRFLOW_CTX_DAG_RUN_ID=scheduled__2022-12-15T20:07:00+00:00
[2022-12-16 10:37:16,152] {base.py:68} INFO - Using connection ID 'gp_conn' for task execution.
[2022-12-16 10:37:16,630] {python.py:173} INFO - Done. Returned value was: None
[2022-12-16 10:37:16,973] {taskinstance.py:1400} INFO - Marking task as SUCCESS. dag_id=prepare_data, task_id=transfer_data, execution_date=20221215T200700, start_date=20221216T103710, end_date=20221216T103716
[2022-12-16 10:37:17,241] {local_task_job.py:221} WARNING - State of this instance has been externally set to success. Terminating instance.
[2022-12-16 10:37:17,283] {process_utils.py:129} INFO - Sending Signals.SIGTERM to group 1047. PIDs of all processes in the group: [1047]
[2022-12-16 10:37:17,290] {process_utils.py:80} INFO - Sending the signal Signals.SIGTERM to group 1047
[2022-12-16 10:37:17,297] {process_utils.py:75} INFO - Process psutil.Process(pid=1047, status='terminated', exitcode=0, started='10:37:11') (1047) terminated with exit code 0
