[2022-12-16 10:29:58,693] {taskinstance.py:1159} INFO - Dependencies all met for <TaskInstance: prepare_data.transfer_data scheduled__2022-12-15T18:28:00+00:00 [queued]>
[2022-12-16 10:29:59,948] {taskinstance.py:1159} INFO - Dependencies all met for <TaskInstance: prepare_data.transfer_data scheduled__2022-12-15T18:28:00+00:00 [queued]>
[2022-12-16 10:29:59,948] {taskinstance.py:1356} INFO - 
--------------------------------------------------------------------------------
[2022-12-16 10:29:59,948] {taskinstance.py:1357} INFO - Starting attempt 1 of 1
[2022-12-16 10:29:59,948] {taskinstance.py:1358} INFO - 
--------------------------------------------------------------------------------
[2022-12-16 10:30:00,482] {taskinstance.py:1377} INFO - Executing <Task(PythonOperator): transfer_data> on 2022-12-15 18:28:00+00:00
[2022-12-16 10:30:00,757] {standard_task_runner.py:52} INFO - Started process 401 to run task
[2022-12-16 10:30:01,075] {standard_task_runner.py:79} INFO - Running: ['airflow', 'tasks', 'run', 'prepare_data', 'transfer_data', 'scheduled__2022-12-15T18:28:00+00:00', '--job-id', '351', '--raw', '--subdir', 'DAGS_FOLDER/prepare_data.py', '--cfg-path', '/tmp/tmpsjgyb_zr', '--error-file', '/tmp/tmp9da3tkpo']
[2022-12-16 10:30:01,194] {standard_task_runner.py:80} INFO - Job 351: Subtask transfer_data
[2022-12-16 10:30:02,201] {task_command.py:369} INFO - Running <TaskInstance: prepare_data.transfer_data scheduled__2022-12-15T18:28:00+00:00 [running]> on host 8e2f65ec4c74
[2022-12-16 10:30:05,614] {taskinstance.py:1571} INFO - Exporting the following env vars:
AIRFLOW_CTX_DAG_OWNER=airflow
AIRFLOW_CTX_DAG_ID=prepare_data
AIRFLOW_CTX_TASK_ID=transfer_data
AIRFLOW_CTX_EXECUTION_DATE=2022-12-15T18:28:00+00:00
AIRFLOW_CTX_TRY_NUMBER=1
AIRFLOW_CTX_DAG_RUN_ID=scheduled__2022-12-15T18:28:00+00:00
[2022-12-16 10:30:07,412] {base.py:68} INFO - Using connection ID 'gp_conn' for task execution.
[2022-12-16 10:30:09,437] {python.py:173} INFO - Done. Returned value was: None
[2022-12-16 10:30:09,797] {taskinstance.py:1400} INFO - Marking task as SUCCESS. dag_id=prepare_data, task_id=transfer_data, execution_date=20221215T182800, start_date=20221216T102958, end_date=20221216T103009
[2022-12-16 10:30:10,824] {local_task_job.py:156} INFO - Task exited with return code 0
[2022-12-16 10:30:11,625] {local_task_job.py:273} INFO - 0 downstream tasks scheduled from follow-on schedule check
