[2022-12-16 10:55:05,902] {taskinstance.py:1159} INFO - Dependencies all met for <TaskInstance: prepare_data.create_table scheduled__2022-12-16T00:40:00+00:00 [queued]>
[2022-12-16 10:55:06,333] {taskinstance.py:1159} INFO - Dependencies all met for <TaskInstance: prepare_data.create_table scheduled__2022-12-16T00:40:00+00:00 [queued]>
[2022-12-16 10:55:06,382] {taskinstance.py:1356} INFO - 
--------------------------------------------------------------------------------
[2022-12-16 10:55:06,382] {taskinstance.py:1357} INFO - Starting attempt 1 of 1
[2022-12-16 10:55:06,382] {taskinstance.py:1358} INFO - 
--------------------------------------------------------------------------------
[2022-12-16 10:55:07,311] {taskinstance.py:1377} INFO - Executing <Task(PostgresOperator): create_table> on 2022-12-16 00:40:00+00:00
[2022-12-16 10:55:07,427] {standard_task_runner.py:52} INFO - Started process 2801 to run task
[2022-12-16 10:55:07,517] {standard_task_runner.py:79} INFO - Running: ['airflow', 'tasks', 'run', 'prepare_data', 'create_table', 'scheduled__2022-12-16T00:40:00+00:00', '--job-id', '1439', '--raw', '--subdir', 'DAGS_FOLDER/prepare_data.py', '--cfg-path', '/tmp/tmp_iyh1q5k', '--error-file', '/tmp/tmpikvgao2t']
[2022-12-16 10:55:07,586] {standard_task_runner.py:80} INFO - Job 1439: Subtask create_table
[2022-12-16 10:55:08,612] {task_command.py:369} INFO - Running <TaskInstance: prepare_data.create_table scheduled__2022-12-16T00:40:00+00:00 [running]> on host 8e2f65ec4c74
[2022-12-16 10:55:11,093] {taskinstance.py:1571} INFO - Exporting the following env vars:
AIRFLOW_CTX_DAG_OWNER=airflow
AIRFLOW_CTX_DAG_ID=prepare_data
AIRFLOW_CTX_TASK_ID=create_table
AIRFLOW_CTX_EXECUTION_DATE=2022-12-16T00:40:00+00:00
AIRFLOW_CTX_TRY_NUMBER=1
AIRFLOW_CTX_DAG_RUN_ID=scheduled__2022-12-16T00:40:00+00:00
[2022-12-16 10:55:11,446] {base.py:68} INFO - Using connection ID 'gp_conn' for task execution.
[2022-12-16 10:55:11,630] {dbapi.py:208} INFO - Running statement: CREATE TABLE IF NOT EXISTS prepared_data (
	id SERIAL,
	sensor_id BIGINT,
	longitude FLOAT,
	latitude FLOAT,
	controller_id BIGINT,
	datetime TIMESTAMP WITH TIME ZONE,
	temperature INTEGER
);, parameters: None
[2022-12-16 10:55:11,662] {postgres.py:94} INFO - NOTICE:  relation "prepared_data" already exists, skipping

[2022-12-16 10:55:13,076] {taskinstance.py:1400} INFO - Marking task as SUCCESS. dag_id=prepare_data, task_id=create_table, execution_date=20221216T004000, start_date=20221216T105505, end_date=20221216T105513
[2022-12-16 10:55:13,480] {local_task_job.py:221} WARNING - State of this instance has been externally set to success. Terminating instance.
[2022-12-16 10:55:13,761] {process_utils.py:129} INFO - Sending Signals.SIGTERM to group 2801. PIDs of all processes in the group: [2801]
[2022-12-16 10:55:13,761] {process_utils.py:80} INFO - Sending the signal Signals.SIGTERM to group 2801
[2022-12-16 10:55:13,843] {process_utils.py:75} INFO - Process psutil.Process(pid=2801, status='terminated', exitcode=0, started='10:55:07') (2801) terminated with exit code 0
