[2022-12-12 18:44:03,625] {taskinstance.py:1159} INFO - Dependencies all met for <TaskInstance: prepare_data.create_table scheduled__2022-11-28T20:46:00+00:00 [queued]>
[2022-12-12 18:44:03,909] {taskinstance.py:1159} INFO - Dependencies all met for <TaskInstance: prepare_data.create_table scheduled__2022-11-28T20:46:00+00:00 [queued]>
[2022-12-12 18:44:03,913] {taskinstance.py:1356} INFO - 
--------------------------------------------------------------------------------
[2022-12-12 18:44:03,921] {taskinstance.py:1357} INFO - Starting attempt 1 of 1
[2022-12-12 18:44:03,928] {taskinstance.py:1358} INFO - 
--------------------------------------------------------------------------------
[2022-12-12 18:44:04,429] {local_task_job.py:84} ERROR - Received SIGTERM. Terminating subprocesses
[2022-12-12 18:44:04,462] {local_task_job.py:156} INFO - Task exited with return code 143
[2022-12-12 21:09:08,948] {taskinstance.py:1159} INFO - Dependencies all met for <TaskInstance: prepare_data.create_table scheduled__2022-11-28T20:46:00+00:00 [queued]>
[2022-12-12 21:09:09,079] {taskinstance.py:1159} INFO - Dependencies all met for <TaskInstance: prepare_data.create_table scheduled__2022-11-28T20:46:00+00:00 [queued]>
[2022-12-12 21:09:09,106] {taskinstance.py:1356} INFO - 
--------------------------------------------------------------------------------
[2022-12-12 21:09:09,107] {taskinstance.py:1357} INFO - Starting attempt 1 of 1
[2022-12-12 21:09:09,113] {taskinstance.py:1358} INFO - 
--------------------------------------------------------------------------------
[2022-12-12 21:09:09,833] {taskinstance.py:1377} INFO - Executing <Task(PostgresOperator): create_table> on 2022-11-28 20:46:00+00:00
[2022-12-12 21:09:09,922] {standard_task_runner.py:52} INFO - Started process 202 to run task
[2022-12-12 21:09:10,339] {standard_task_runner.py:79} INFO - Running: ['airflow', 'tasks', 'run', 'prepare_data', 'create_table', 'scheduled__2022-11-28T20:46:00+00:00', '--job-id', '732', '--raw', '--subdir', 'DAGS_FOLDER/prepare_data.py', '--cfg-path', '/tmp/tmphuz0p900', '--error-file', '/tmp/tmp2xwh8vrk']
[2022-12-12 21:09:10,384] {standard_task_runner.py:80} INFO - Job 732: Subtask create_table
[2022-12-12 21:09:11,905] {task_command.py:369} INFO - Running <TaskInstance: prepare_data.create_table scheduled__2022-11-28T20:46:00+00:00 [running]> on host cfea470654c7
[2022-12-12 21:09:14,471] {taskinstance.py:1571} INFO - Exporting the following env vars:
AIRFLOW_CTX_DAG_OWNER=airflow
AIRFLOW_CTX_DAG_ID=prepare_data
AIRFLOW_CTX_TASK_ID=create_table
AIRFLOW_CTX_EXECUTION_DATE=2022-11-28T20:46:00+00:00
AIRFLOW_CTX_TRY_NUMBER=1
AIRFLOW_CTX_DAG_RUN_ID=scheduled__2022-11-28T20:46:00+00:00
[2022-12-12 21:09:14,543] {base.py:68} INFO - Using connection ID 'postgres_default' for task execution.
[2022-12-12 21:09:14,701] {dbapi.py:208} INFO - Running statement: CREATE TABLE IF NOT EXISTS prepared_data (
	id SERIAL,
	sensor_id BIGINT,
	longitude FLOAT,
	latitude FLOAT,
	controller_id BIGINT,
	datetime TIMESTAMP WITH TIME ZONE,
	temperature INTEGER
);, parameters: None
[2022-12-12 21:09:14,910] {postgres.py:94} INFO - NOTICE:  relation "prepared_data" already exists, skipping

[2022-12-12 21:09:15,138] {taskinstance.py:1400} INFO - Marking task as SUCCESS. dag_id=prepare_data, task_id=create_table, execution_date=20221128T204600, start_date=20221212T210908, end_date=20221212T210915
[2022-12-12 21:09:16,222] {local_task_job.py:156} INFO - Task exited with return code 0
[2022-12-12 21:09:17,847] {local_task_job.py:273} INFO - 0 downstream tasks scheduled from follow-on schedule check
