[2022-12-12 18:40:48,872] {taskinstance.py:1159} INFO - Dependencies all met for <TaskInstance: prepare_data.transfer_data scheduled__2022-11-28T18:17:00+00:00 [queued]>
[2022-12-12 18:40:49,031] {taskinstance.py:1159} INFO - Dependencies all met for <TaskInstance: prepare_data.transfer_data scheduled__2022-11-28T18:17:00+00:00 [queued]>
[2022-12-12 18:40:49,033] {taskinstance.py:1356} INFO - 
--------------------------------------------------------------------------------
[2022-12-12 18:40:49,035] {taskinstance.py:1357} INFO - Starting attempt 1 of 1
[2022-12-12 18:40:49,037] {taskinstance.py:1358} INFO - 
--------------------------------------------------------------------------------
[2022-12-12 18:40:49,337] {taskinstance.py:1377} INFO - Executing <Task(PythonOperator): transfer_data> on 2022-11-28 18:17:00+00:00
[2022-12-12 18:40:49,353] {standard_task_runner.py:52} INFO - Started process 851 to run task
[2022-12-12 18:40:49,408] {standard_task_runner.py:79} INFO - Running: ['airflow', 'tasks', 'run', 'prepare_data', 'transfer_data', 'scheduled__2022-11-28T18:17:00+00:00', '--job-id', '313', '--raw', '--subdir', 'DAGS_FOLDER/prepare_data.py', '--cfg-path', '/tmp/tmpvg_ngo2p', '--error-file', '/tmp/tmpdumq5zlk']
[2022-12-12 18:40:49,417] {standard_task_runner.py:80} INFO - Job 313: Subtask transfer_data
[2022-12-12 18:40:49,826] {task_command.py:369} INFO - Running <TaskInstance: prepare_data.transfer_data scheduled__2022-11-28T18:17:00+00:00 [running]> on host cfea470654c7
[2022-12-12 18:40:50,818] {taskinstance.py:1571} INFO - Exporting the following env vars:
AIRFLOW_CTX_DAG_OWNER=airflow
AIRFLOW_CTX_DAG_ID=prepare_data
AIRFLOW_CTX_TASK_ID=transfer_data
AIRFLOW_CTX_EXECUTION_DATE=2022-11-28T18:17:00+00:00
AIRFLOW_CTX_TRY_NUMBER=1
AIRFLOW_CTX_DAG_RUN_ID=scheduled__2022-11-28T18:17:00+00:00
[2022-12-12 18:40:50,864] {base.py:68} INFO - Using connection ID 'postgres_default' for task execution.
[2022-12-12 18:40:51,022] {python.py:173} INFO - Done. Returned value was: None
[2022-12-12 18:40:51,244] {taskinstance.py:1400} INFO - Marking task as SUCCESS. dag_id=prepare_data, task_id=transfer_data, execution_date=20221128T181700, start_date=20221212T184048, end_date=20221212T184051
[2022-12-12 18:40:51,584] {local_task_job.py:156} INFO - Task exited with return code 0
[2022-12-12 18:40:51,807] {local_task_job.py:273} INFO - 0 downstream tasks scheduled from follow-on schedule check
