[2022-12-12 18:39:25,181] {taskinstance.py:1159} INFO - Dependencies all met for <TaskInstance: prepare_data.get_last_id scheduled__2022-11-28T17:16:00+00:00 [queued]>
[2022-12-12 18:39:25,247] {taskinstance.py:1159} INFO - Dependencies all met for <TaskInstance: prepare_data.get_last_id scheduled__2022-11-28T17:16:00+00:00 [queued]>
[2022-12-12 18:39:25,248] {taskinstance.py:1356} INFO - 
--------------------------------------------------------------------------------
[2022-12-12 18:39:25,250] {taskinstance.py:1357} INFO - Starting attempt 1 of 1
[2022-12-12 18:39:25,252] {taskinstance.py:1358} INFO - 
--------------------------------------------------------------------------------
[2022-12-12 18:39:25,456] {taskinstance.py:1377} INFO - Executing <Task(PythonOperator): get_last_id> on 2022-11-28 17:16:00+00:00
[2022-12-12 18:39:25,465] {standard_task_runner.py:52} INFO - Started process 440 to run task
[2022-12-12 18:39:25,494] {standard_task_runner.py:79} INFO - Running: ['airflow', 'tasks', 'run', 'prepare_data', 'get_last_id', 'scheduled__2022-11-28T17:16:00+00:00', '--job-id', '118', '--raw', '--subdir', 'DAGS_FOLDER/prepare_data.py', '--cfg-path', '/tmp/tmpg1f6921m', '--error-file', '/tmp/tmp6lomts1h']
[2022-12-12 18:39:25,507] {standard_task_runner.py:80} INFO - Job 118: Subtask get_last_id
[2022-12-12 18:39:26,074] {task_command.py:369} INFO - Running <TaskInstance: prepare_data.get_last_id scheduled__2022-11-28T17:16:00+00:00 [running]> on host cfea470654c7
[2022-12-12 18:39:26,488] {taskinstance.py:1571} INFO - Exporting the following env vars:
AIRFLOW_CTX_DAG_OWNER=airflow
AIRFLOW_CTX_DAG_ID=prepare_data
AIRFLOW_CTX_TASK_ID=get_last_id
AIRFLOW_CTX_EXECUTION_DATE=2022-11-28T17:16:00+00:00
AIRFLOW_CTX_TRY_NUMBER=1
AIRFLOW_CTX_DAG_RUN_ID=scheduled__2022-11-28T17:16:00+00:00
[2022-12-12 18:39:26,652] {base.py:68} INFO - Using connection ID 'postgres_default' for task execution.
[2022-12-12 18:39:26,801] {python.py:173} INFO - Done. Returned value was: None
[2022-12-12 18:39:26,969] {taskinstance.py:1400} INFO - Marking task as SUCCESS. dag_id=prepare_data, task_id=get_last_id, execution_date=20221128T171600, start_date=20221212T183925, end_date=20221212T183926
[2022-12-12 18:39:27,106] {local_task_job.py:156} INFO - Task exited with return code 0
[2022-12-12 18:39:27,334] {local_task_job.py:273} INFO - 1 downstream tasks scheduled from follow-on schedule check
