[2022-12-12 18:43:12,896] {taskinstance.py:1159} INFO - Dependencies all met for <TaskInstance: prepare_data.get_last_id scheduled__2022-11-28T20:08:00+00:00 [queued]>
[2022-12-12 18:43:12,926] {taskinstance.py:1159} INFO - Dependencies all met for <TaskInstance: prepare_data.get_last_id scheduled__2022-11-28T20:08:00+00:00 [queued]>
[2022-12-12 18:43:12,927] {taskinstance.py:1356} INFO - 
--------------------------------------------------------------------------------
[2022-12-12 18:43:12,929] {taskinstance.py:1357} INFO - Starting attempt 1 of 1
[2022-12-12 18:43:12,930] {taskinstance.py:1358} INFO - 
--------------------------------------------------------------------------------
[2022-12-12 18:43:12,985] {taskinstance.py:1377} INFO - Executing <Task(PythonOperator): get_last_id> on 2022-11-28 20:08:00+00:00
[2022-12-12 18:43:13,000] {standard_task_runner.py:52} INFO - Started process 1504 to run task
[2022-12-12 18:43:13,019] {standard_task_runner.py:79} INFO - Running: ['airflow', 'tasks', 'run', 'prepare_data', 'get_last_id', 'scheduled__2022-11-28T20:08:00+00:00', '--job-id', '630', '--raw', '--subdir', 'DAGS_FOLDER/prepare_data.py', '--cfg-path', '/tmp/tmpl92q68hc', '--error-file', '/tmp/tmpvmafr9dk']
[2022-12-12 18:43:13,022] {standard_task_runner.py:80} INFO - Job 630: Subtask get_last_id
[2022-12-12 18:43:13,273] {task_command.py:369} INFO - Running <TaskInstance: prepare_data.get_last_id scheduled__2022-11-28T20:08:00+00:00 [running]> on host cfea470654c7
[2022-12-12 18:43:13,693] {taskinstance.py:1571} INFO - Exporting the following env vars:
AIRFLOW_CTX_DAG_OWNER=airflow
AIRFLOW_CTX_DAG_ID=prepare_data
AIRFLOW_CTX_TASK_ID=get_last_id
AIRFLOW_CTX_EXECUTION_DATE=2022-11-28T20:08:00+00:00
AIRFLOW_CTX_TRY_NUMBER=1
AIRFLOW_CTX_DAG_RUN_ID=scheduled__2022-11-28T20:08:00+00:00
[2022-12-12 18:43:13,751] {base.py:68} INFO - Using connection ID 'postgres_default' for task execution.
[2022-12-12 18:43:13,821] {python.py:173} INFO - Done. Returned value was: None
[2022-12-12 18:43:13,868] {taskinstance.py:1400} INFO - Marking task as SUCCESS. dag_id=prepare_data, task_id=get_last_id, execution_date=20221128T200800, start_date=20221212T184312, end_date=20221212T184313
[2022-12-12 18:43:13,940] {local_task_job.py:156} INFO - Task exited with return code 0
[2022-12-12 18:43:14,107] {local_task_job.py:273} INFO - 1 downstream tasks scheduled from follow-on schedule check
