[2022-12-12 18:25:24,553] {taskinstance.py:1159} INFO - Dependencies all met for <TaskInstance: prepare_data.get_last_id scheduled__2022-11-28T16:53:00+00:00 [queued]>
[2022-12-12 18:25:24,621] {taskinstance.py:1159} INFO - Dependencies all met for <TaskInstance: prepare_data.get_last_id scheduled__2022-11-28T16:53:00+00:00 [queued]>
[2022-12-12 18:25:24,623] {taskinstance.py:1356} INFO - 
--------------------------------------------------------------------------------
[2022-12-12 18:25:24,631] {taskinstance.py:1357} INFO - Starting attempt 1 of 1
[2022-12-12 18:25:24,636] {taskinstance.py:1358} INFO - 
--------------------------------------------------------------------------------
[2022-12-12 18:25:24,723] {taskinstance.py:1377} INFO - Executing <Task(PythonOperator): get_last_id> on 2022-11-28 16:53:00+00:00
[2022-12-12 18:25:24,768] {standard_task_runner.py:52} INFO - Started process 319 to run task
[2022-12-12 18:25:24,809] {standard_task_runner.py:79} INFO - Running: ['airflow', 'tasks', 'run', 'prepare_data', 'get_last_id', 'scheduled__2022-11-28T16:53:00+00:00', '--job-id', '56', '--raw', '--subdir', 'DAGS_FOLDER/prepare_data.py', '--cfg-path', '/tmp/tmp56mz_zlz', '--error-file', '/tmp/tmpojwaahxq']
[2022-12-12 18:25:24,828] {standard_task_runner.py:80} INFO - Job 56: Subtask get_last_id
[2022-12-12 18:25:25,134] {task_command.py:369} INFO - Running <TaskInstance: prepare_data.get_last_id scheduled__2022-11-28T16:53:00+00:00 [running]> on host a49e44ee4a94
[2022-12-12 18:25:25,924] {taskinstance.py:1571} INFO - Exporting the following env vars:
AIRFLOW_CTX_DAG_OWNER=airflow
AIRFLOW_CTX_DAG_ID=prepare_data
AIRFLOW_CTX_TASK_ID=get_last_id
AIRFLOW_CTX_EXECUTION_DATE=2022-11-28T16:53:00+00:00
AIRFLOW_CTX_TRY_NUMBER=1
AIRFLOW_CTX_DAG_RUN_ID=scheduled__2022-11-28T16:53:00+00:00
[2022-12-12 18:25:25,972] {base.py:68} INFO - Using connection ID 'postgres_default' for task execution.
[2022-12-12 18:25:26,076] {python.py:173} INFO - Done. Returned value was: None
[2022-12-12 18:25:26,216] {taskinstance.py:1400} INFO - Marking task as SUCCESS. dag_id=prepare_data, task_id=get_last_id, execution_date=20221128T165300, start_date=20221212T182524, end_date=20221212T182526
[2022-12-12 18:25:26,284] {local_task_job.py:156} INFO - Task exited with return code 0
[2022-12-12 18:25:26,667] {local_task_job.py:273} INFO - 1 downstream tasks scheduled from follow-on schedule check
[2022-12-12 18:38:40,948] {taskinstance.py:1159} INFO - Dependencies all met for <TaskInstance: prepare_data.get_last_id scheduled__2022-11-28T16:53:00+00:00 [queued]>
[2022-12-12 18:38:41,037] {taskinstance.py:1159} INFO - Dependencies all met for <TaskInstance: prepare_data.get_last_id scheduled__2022-11-28T16:53:00+00:00 [queued]>
[2022-12-12 18:38:41,043] {taskinstance.py:1356} INFO - 
--------------------------------------------------------------------------------
[2022-12-12 18:38:41,046] {taskinstance.py:1357} INFO - Starting attempt 1 of 1
[2022-12-12 18:38:41,049] {taskinstance.py:1358} INFO - 
--------------------------------------------------------------------------------
[2022-12-12 18:38:41,219] {taskinstance.py:1377} INFO - Executing <Task(PythonOperator): get_last_id> on 2022-11-28 16:53:00+00:00
[2022-12-12 18:38:41,236] {standard_task_runner.py:52} INFO - Started process 284 to run task
[2022-12-12 18:38:41,254] {standard_task_runner.py:79} INFO - Running: ['airflow', 'tasks', 'run', 'prepare_data', 'get_last_id', 'scheduled__2022-11-28T16:53:00+00:00', '--job-id', '43', '--raw', '--subdir', 'DAGS_FOLDER/prepare_data.py', '--cfg-path', '/tmp/tmp9rpucmmt', '--error-file', '/tmp/tmpdpak0s5a']
[2022-12-12 18:38:41,262] {standard_task_runner.py:80} INFO - Job 43: Subtask get_last_id
[2022-12-12 18:38:41,738] {task_command.py:369} INFO - Running <TaskInstance: prepare_data.get_last_id scheduled__2022-11-28T16:53:00+00:00 [running]> on host cfea470654c7
[2022-12-12 18:38:42,429] {taskinstance.py:1571} INFO - Exporting the following env vars:
AIRFLOW_CTX_DAG_OWNER=airflow
AIRFLOW_CTX_DAG_ID=prepare_data
AIRFLOW_CTX_TASK_ID=get_last_id
AIRFLOW_CTX_EXECUTION_DATE=2022-11-28T16:53:00+00:00
AIRFLOW_CTX_TRY_NUMBER=1
AIRFLOW_CTX_DAG_RUN_ID=scheduled__2022-11-28T16:53:00+00:00
[2022-12-12 18:38:42,471] {base.py:68} INFO - Using connection ID 'postgres_default' for task execution.
[2022-12-12 18:38:42,551] {python.py:173} INFO - Done. Returned value was: None
[2022-12-12 18:38:42,631] {taskinstance.py:1400} INFO - Marking task as SUCCESS. dag_id=prepare_data, task_id=get_last_id, execution_date=20221128T165300, start_date=20221212T183840, end_date=20221212T183842
[2022-12-12 18:38:42,733] {local_task_job.py:156} INFO - Task exited with return code 0
[2022-12-12 18:38:43,080] {local_task_job.py:273} INFO - 1 downstream tasks scheduled from follow-on schedule check
