[2022-12-15 16:53:00,532] {taskinstance.py:1159} INFO - Dependencies all met for <TaskInstance: prepare_data.create_table scheduled__2022-12-15T16:52:00+00:00 [queued]>
[2022-12-15 16:53:00,549] {taskinstance.py:1159} INFO - Dependencies all met for <TaskInstance: prepare_data.create_table scheduled__2022-12-15T16:52:00+00:00 [queued]>
[2022-12-15 16:53:00,551] {taskinstance.py:1356} INFO - 
--------------------------------------------------------------------------------
[2022-12-15 16:53:00,553] {taskinstance.py:1357} INFO - Starting attempt 1 of 1
[2022-12-15 16:53:00,555] {taskinstance.py:1358} INFO - 
--------------------------------------------------------------------------------
[2022-12-15 16:53:00,580] {taskinstance.py:1377} INFO - Executing <Task(PostgresOperator): create_table> on 2022-12-15 16:52:00+00:00
[2022-12-15 16:53:00,587] {standard_task_runner.py:52} INFO - Started process 194 to run task
[2022-12-15 16:53:00,594] {standard_task_runner.py:79} INFO - Running: ['airflow', 'tasks', 'run', 'prepare_data', 'create_table', 'scheduled__2022-12-15T16:52:00+00:00', '--job-id', '10', '--raw', '--subdir', 'DAGS_FOLDER/prepare_data.py', '--cfg-path', '/tmp/tmp5zy09axn', '--error-file', '/tmp/tmpvaidaety']
[2022-12-15 16:53:00,597] {standard_task_runner.py:80} INFO - Job 10: Subtask create_table
[2022-12-15 16:53:00,699] {task_command.py:369} INFO - Running <TaskInstance: prepare_data.create_table scheduled__2022-12-15T16:52:00+00:00 [running]> on host 39e562fe01ff
[2022-12-15 16:53:00,816] {taskinstance.py:1571} INFO - Exporting the following env vars:
AIRFLOW_CTX_DAG_OWNER=airflow
AIRFLOW_CTX_DAG_ID=prepare_data
AIRFLOW_CTX_TASK_ID=create_table
AIRFLOW_CTX_EXECUTION_DATE=2022-12-15T16:52:00+00:00
AIRFLOW_CTX_TRY_NUMBER=1
AIRFLOW_CTX_DAG_RUN_ID=scheduled__2022-12-15T16:52:00+00:00
[2022-12-15 16:53:00,851] {taskinstance.py:1889} ERROR - Task failed with exception
Traceback (most recent call last):
  File "/home/airflow/.local/lib/python3.7/site-packages/airflow/providers/postgres/operators/postgres.py", line 92, in execute
    self.hook.run(self.sql, self.autocommit, parameters=self.parameters)
  File "/home/airflow/.local/lib/python3.7/site-packages/airflow/hooks/dbapi.py", line 181, in run
    with closing(self.get_conn()) as conn:
  File "/home/airflow/.local/lib/python3.7/site-packages/airflow/providers/postgres/hooks/postgres.py", line 86, in get_conn
    conn = deepcopy(self.connection or self.get_connection(conn_id))
  File "/home/airflow/.local/lib/python3.7/site-packages/airflow/hooks/base.py", line 67, in get_connection
    conn = Connection.get_connection_from_secrets(conn_id)
  File "/home/airflow/.local/lib/python3.7/site-packages/airflow/models/connection.py", line 430, in get_connection_from_secrets
    raise AirflowNotFoundException(f"The conn_id `{conn_id}` isn't defined")
airflow.exceptions.AirflowNotFoundException: The conn_id `postgres_default` isn't defined
[2022-12-15 16:53:00,858] {taskinstance.py:1400} INFO - Marking task as FAILED. dag_id=prepare_data, task_id=create_table, execution_date=20221215T165200, start_date=20221215T165300, end_date=20221215T165300
[2022-12-15 16:53:00,873] {standard_task_runner.py:97} ERROR - Failed to execute job 10 for task create_table (The conn_id `postgres_default` isn't defined; 194)
[2022-12-15 16:53:00,888] {local_task_job.py:156} INFO - Task exited with return code 1
[2022-12-15 16:53:00,955] {local_task_job.py:273} INFO - 0 downstream tasks scheduled from follow-on schedule check
[2022-12-16 07:50:45,123] {taskinstance.py:1159} INFO - Dependencies all met for <TaskInstance: prepare_data.create_table scheduled__2022-12-15T16:52:00+00:00 [queued]>
[2022-12-16 07:50:45,904] {taskinstance.py:1159} INFO - Dependencies all met for <TaskInstance: prepare_data.create_table scheduled__2022-12-15T16:52:00+00:00 [queued]>
[2022-12-16 07:50:45,904] {taskinstance.py:1356} INFO - 
--------------------------------------------------------------------------------
[2022-12-16 07:50:45,904] {taskinstance.py:1357} INFO - Starting attempt 1 of 1
[2022-12-16 07:50:45,904] {taskinstance.py:1358} INFO - 
--------------------------------------------------------------------------------
[2022-12-16 07:50:47,403] {taskinstance.py:1377} INFO - Executing <Task(PostgresOperator): create_table> on 2022-12-15 16:52:00+00:00
[2022-12-16 07:50:47,680] {standard_task_runner.py:52} INFO - Started process 16541 to run task
[2022-12-16 07:50:47,911] {standard_task_runner.py:79} INFO - Running: ['airflow', 'tasks', 'run', 'prepare_data', 'create_table', 'scheduled__2022-12-15T16:52:00+00:00', '--job-id', '12', '--raw', '--subdir', 'DAGS_FOLDER/prepare_data.py', '--cfg-path', '/tmp/tmpr2i8vvel', '--error-file', '/tmp/tmpt3f4r05g']
[2022-12-16 07:50:48,036] {standard_task_runner.py:80} INFO - Job 12: Subtask create_table
[2022-12-16 07:50:50,771] {task_command.py:369} INFO - Running <TaskInstance: prepare_data.create_table scheduled__2022-12-15T16:52:00+00:00 [running]> on host 8e2f65ec4c74
[2022-12-16 07:51:04,167] {taskinstance.py:1571} INFO - Exporting the following env vars:
AIRFLOW_CTX_DAG_OWNER=airflow
AIRFLOW_CTX_DAG_ID=prepare_data
AIRFLOW_CTX_TASK_ID=create_table
AIRFLOW_CTX_EXECUTION_DATE=2022-12-15T16:52:00+00:00
AIRFLOW_CTX_TRY_NUMBER=1
AIRFLOW_CTX_DAG_RUN_ID=scheduled__2022-12-15T16:52:00+00:00
[2022-12-16 07:51:09,373] {base.py:68} INFO - Using connection ID 'gp_conn' for task execution.
[2022-12-16 07:51:10,986] {dbapi.py:208} INFO - Running statement: CREATE TABLE IF NOT EXISTS prepared_data (
	id SERIAL,
	sensor_id BIGINT,
	longitude FLOAT,
	latitude FLOAT,
	controller_id BIGINT,
	datetime TIMESTAMP WITH TIME ZONE,
	temperature INTEGER
);, parameters: None
[2022-12-16 07:51:11,130] {postgres.py:94} INFO - NOTICE:  relation "prepared_data" already exists, skipping

[2022-12-16 07:51:21,837] {taskinstance.py:1400} INFO - Marking task as SUCCESS. dag_id=prepare_data, task_id=create_table, execution_date=20221215T165200, start_date=20221216T075045, end_date=20221216T075121
[2022-12-16 07:51:42,813] {local_task_job.py:156} INFO - Task exited with return code 0
[2022-12-16 07:52:00,879] {local_task_job.py:273} INFO - 1 downstream tasks scheduled from follow-on schedule check
