[2022-12-12 18:42:03,807] {taskinstance.py:1159} INFO - Dependencies all met for <TaskInstance: prepare_data.get_last_id scheduled__2022-11-28T19:18:00+00:00 [queued]>
[2022-12-12 18:42:03,907] {taskinstance.py:1159} INFO - Dependencies all met for <TaskInstance: prepare_data.get_last_id scheduled__2022-11-28T19:18:00+00:00 [queued]>
[2022-12-12 18:42:03,910] {taskinstance.py:1356} INFO - 
--------------------------------------------------------------------------------
[2022-12-12 18:42:03,913] {taskinstance.py:1357} INFO - Starting attempt 1 of 1
[2022-12-12 18:42:03,914] {taskinstance.py:1358} INFO - 
--------------------------------------------------------------------------------
[2022-12-12 18:42:03,982] {taskinstance.py:1377} INFO - Executing <Task(PythonOperator): get_last_id> on 2022-11-28 19:18:00+00:00
[2022-12-12 18:42:03,995] {standard_task_runner.py:52} INFO - Started process 1187 to run task
[2022-12-12 18:42:04,012] {standard_task_runner.py:79} INFO - Running: ['airflow', 'tasks', 'run', 'prepare_data', 'get_last_id', 'scheduled__2022-11-28T19:18:00+00:00', '--job-id', '478', '--raw', '--subdir', 'DAGS_FOLDER/prepare_data.py', '--cfg-path', '/tmp/tmp3fmfuc2h', '--error-file', '/tmp/tmpks37xsu1']
[2022-12-12 18:42:04,046] {standard_task_runner.py:80} INFO - Job 478: Subtask get_last_id
[2022-12-12 18:42:04,625] {task_command.py:369} INFO - Running <TaskInstance: prepare_data.get_last_id scheduled__2022-11-28T19:18:00+00:00 [running]> on host cfea470654c7
[2022-12-12 18:42:05,099] {taskinstance.py:1571} INFO - Exporting the following env vars:
AIRFLOW_CTX_DAG_OWNER=airflow
AIRFLOW_CTX_DAG_ID=prepare_data
AIRFLOW_CTX_TASK_ID=get_last_id
AIRFLOW_CTX_EXECUTION_DATE=2022-11-28T19:18:00+00:00
AIRFLOW_CTX_TRY_NUMBER=1
AIRFLOW_CTX_DAG_RUN_ID=scheduled__2022-11-28T19:18:00+00:00
[2022-12-12 18:42:05,183] {base.py:68} INFO - Using connection ID 'postgres_default' for task execution.
[2022-12-12 18:42:05,485] {python.py:173} INFO - Done. Returned value was: None
[2022-12-12 18:42:05,615] {taskinstance.py:1400} INFO - Marking task as SUCCESS. dag_id=prepare_data, task_id=get_last_id, execution_date=20221128T191800, start_date=20221212T184203, end_date=20221212T184205
[2022-12-12 18:42:05,740] {local_task_job.py:156} INFO - Task exited with return code 0
[2022-12-12 18:42:05,927] {local_task_job.py:273} INFO - 1 downstream tasks scheduled from follow-on schedule check
