[2022-12-12 18:39:43,332] {taskinstance.py:1159} INFO - Dependencies all met for <TaskInstance: prepare_data.get_last_id scheduled__2022-11-28T17:27:00+00:00 [queued]>
[2022-12-12 18:39:43,442] {taskinstance.py:1159} INFO - Dependencies all met for <TaskInstance: prepare_data.get_last_id scheduled__2022-11-28T17:27:00+00:00 [queued]>
[2022-12-12 18:39:43,449] {taskinstance.py:1356} INFO - 
--------------------------------------------------------------------------------
[2022-12-12 18:39:43,451] {taskinstance.py:1357} INFO - Starting attempt 1 of 1
[2022-12-12 18:39:43,467] {taskinstance.py:1358} INFO - 
--------------------------------------------------------------------------------
[2022-12-12 18:39:43,626] {taskinstance.py:1377} INFO - Executing <Task(PythonOperator): get_last_id> on 2022-11-28 17:27:00+00:00
[2022-12-12 18:39:43,652] {standard_task_runner.py:52} INFO - Started process 515 to run task
[2022-12-12 18:39:43,684] {standard_task_runner.py:79} INFO - Running: ['airflow', 'tasks', 'run', 'prepare_data', 'get_last_id', 'scheduled__2022-11-28T17:27:00+00:00', '--job-id', '151', '--raw', '--subdir', 'DAGS_FOLDER/prepare_data.py', '--cfg-path', '/tmp/tmpe3w3hxvg', '--error-file', '/tmp/tmp7zf2xsv1']
[2022-12-12 18:39:43,706] {standard_task_runner.py:80} INFO - Job 151: Subtask get_last_id
[2022-12-12 18:39:44,328] {task_command.py:369} INFO - Running <TaskInstance: prepare_data.get_last_id scheduled__2022-11-28T17:27:00+00:00 [running]> on host cfea470654c7
[2022-12-12 18:39:44,891] {taskinstance.py:1571} INFO - Exporting the following env vars:
AIRFLOW_CTX_DAG_OWNER=airflow
AIRFLOW_CTX_DAG_ID=prepare_data
AIRFLOW_CTX_TASK_ID=get_last_id
AIRFLOW_CTX_EXECUTION_DATE=2022-11-28T17:27:00+00:00
AIRFLOW_CTX_TRY_NUMBER=1
AIRFLOW_CTX_DAG_RUN_ID=scheduled__2022-11-28T17:27:00+00:00
[2022-12-12 18:39:45,039] {base.py:68} INFO - Using connection ID 'postgres_default' for task execution.
[2022-12-12 18:39:45,209] {python.py:173} INFO - Done. Returned value was: None
[2022-12-12 18:39:45,357] {taskinstance.py:1400} INFO - Marking task as SUCCESS. dag_id=prepare_data, task_id=get_last_id, execution_date=20221128T172700, start_date=20221212T183943, end_date=20221212T183945
[2022-12-12 18:39:45,482] {local_task_job.py:156} INFO - Task exited with return code 0
[2022-12-12 18:39:45,989] {local_task_job.py:273} INFO - 0 downstream tasks scheduled from follow-on schedule check
