[2022-12-12 18:25:20,662] {taskinstance.py:1159} INFO - Dependencies all met for <TaskInstance: prepare_data.create_table scheduled__2022-11-28T16:49:00+00:00 [queued]>
[2022-12-12 18:25:20,686] {taskinstance.py:1159} INFO - Dependencies all met for <TaskInstance: prepare_data.create_table scheduled__2022-11-28T16:49:00+00:00 [queued]>
[2022-12-12 18:25:20,688] {taskinstance.py:1356} INFO - 
--------------------------------------------------------------------------------
[2022-12-12 18:25:20,689] {taskinstance.py:1357} INFO - Starting attempt 1 of 1
[2022-12-12 18:25:20,691] {taskinstance.py:1358} INFO - 
--------------------------------------------------------------------------------
[2022-12-12 18:25:20,737] {taskinstance.py:1377} INFO - Executing <Task(PostgresOperator): create_table> on 2022-11-28 16:49:00+00:00
[2022-12-12 18:25:20,748] {standard_task_runner.py:52} INFO - Started process 291 to run task
[2022-12-12 18:25:20,761] {standard_task_runner.py:79} INFO - Running: ['airflow', 'tasks', 'run', 'prepare_data', 'create_table', 'scheduled__2022-11-28T16:49:00+00:00', '--job-id', '42', '--raw', '--subdir', 'DAGS_FOLDER/prepare_data.py', '--cfg-path', '/tmp/tmpxtplb47r', '--error-file', '/tmp/tmp6hxte_0k']
[2022-12-12 18:25:20,769] {standard_task_runner.py:80} INFO - Job 42: Subtask create_table
[2022-12-12 18:25:20,947] {task_command.py:369} INFO - Running <TaskInstance: prepare_data.create_table scheduled__2022-11-28T16:49:00+00:00 [running]> on host a49e44ee4a94
[2022-12-12 18:25:21,228] {taskinstance.py:1571} INFO - Exporting the following env vars:
AIRFLOW_CTX_DAG_OWNER=airflow
AIRFLOW_CTX_DAG_ID=prepare_data
AIRFLOW_CTX_TASK_ID=create_table
AIRFLOW_CTX_EXECUTION_DATE=2022-11-28T16:49:00+00:00
AIRFLOW_CTX_TRY_NUMBER=1
AIRFLOW_CTX_DAG_RUN_ID=scheduled__2022-11-28T16:49:00+00:00
[2022-12-12 18:25:21,259] {base.py:68} INFO - Using connection ID 'postgres_default' for task execution.
[2022-12-12 18:25:21,280] {dbapi.py:208} INFO - Running statement: CREATE TABLE IF NOT EXISTS prepared_data (
	id SERIAL,
	sensor_id BIGINT,
	longitude FLOAT,
	latitude FLOAT,
	controller_id BIGINT,
	datetime TIMESTAMP WITH TIME ZONE,
	temperature INTEGER
);, parameters: None
[2022-12-12 18:25:21,287] {postgres.py:94} INFO - NOTICE:  relation "prepared_data" already exists, skipping

[2022-12-12 18:25:21,181] {taskinstance.py:1400} INFO - Marking task as SUCCESS. dag_id=prepare_data, task_id=create_table, execution_date=20221128T164900, start_date=20221212T182520, end_date=20221212T182521
[2022-12-12 18:25:21,266] {local_task_job.py:156} INFO - Task exited with return code 0
[2022-12-12 18:25:21,442] {local_task_job.py:273} INFO - 1 downstream tasks scheduled from follow-on schedule check
[2022-12-12 18:38:28,744] {taskinstance.py:1159} INFO - Dependencies all met for <TaskInstance: prepare_data.create_table scheduled__2022-11-28T16:49:00+00:00 [queued]>
[2022-12-12 18:38:28,787] {taskinstance.py:1159} INFO - Dependencies all met for <TaskInstance: prepare_data.create_table scheduled__2022-11-28T16:49:00+00:00 [queued]>
[2022-12-12 18:38:28,797] {taskinstance.py:1356} INFO - 
--------------------------------------------------------------------------------
[2022-12-12 18:38:28,801] {taskinstance.py:1357} INFO - Starting attempt 1 of 1
[2022-12-12 18:38:28,804] {taskinstance.py:1358} INFO - 
--------------------------------------------------------------------------------
[2022-12-12 18:38:28,984] {taskinstance.py:1377} INFO - Executing <Task(PostgresOperator): create_table> on 2022-11-28 16:49:00+00:00
[2022-12-12 18:38:29,043] {standard_task_runner.py:52} INFO - Started process 235 to run task
[2022-12-12 18:38:29,104] {standard_task_runner.py:79} INFO - Running: ['airflow', 'tasks', 'run', 'prepare_data', 'create_table', 'scheduled__2022-11-28T16:49:00+00:00', '--job-id', '19', '--raw', '--subdir', 'DAGS_FOLDER/prepare_data.py', '--cfg-path', '/tmp/tmpouxmhx3x', '--error-file', '/tmp/tmp8wp0wklv']
[2022-12-12 18:38:29,114] {standard_task_runner.py:80} INFO - Job 19: Subtask create_table
[2022-12-12 18:38:30,215] {task_command.py:369} INFO - Running <TaskInstance: prepare_data.create_table scheduled__2022-11-28T16:49:00+00:00 [running]> on host cfea470654c7
[2022-12-12 18:38:30,892] {taskinstance.py:1571} INFO - Exporting the following env vars:
AIRFLOW_CTX_DAG_OWNER=airflow
AIRFLOW_CTX_DAG_ID=prepare_data
AIRFLOW_CTX_TASK_ID=create_table
AIRFLOW_CTX_EXECUTION_DATE=2022-11-28T16:49:00+00:00
AIRFLOW_CTX_TRY_NUMBER=1
AIRFLOW_CTX_DAG_RUN_ID=scheduled__2022-11-28T16:49:00+00:00
[2022-12-12 18:38:30,948] {base.py:68} INFO - Using connection ID 'postgres_default' for task execution.
[2022-12-12 18:38:30,971] {dbapi.py:208} INFO - Running statement: CREATE TABLE IF NOT EXISTS prepared_data (
	id SERIAL,
	sensor_id BIGINT,
	longitude FLOAT,
	latitude FLOAT,
	controller_id BIGINT,
	datetime TIMESTAMP WITH TIME ZONE,
	temperature INTEGER
);, parameters: None
[2022-12-12 18:38:30,976] {postgres.py:94} INFO - NOTICE:  relation "prepared_data" already exists, skipping

[2022-12-12 18:38:31,101] {taskinstance.py:1400} INFO - Marking task as SUCCESS. dag_id=prepare_data, task_id=create_table, execution_date=20221128T164900, start_date=20221212T183828, end_date=20221212T183831
[2022-12-12 18:38:31,240] {local_task_job.py:156} INFO - Task exited with return code 0
[2022-12-12 18:38:31,510] {local_task_job.py:273} INFO - 1 downstream tasks scheduled from follow-on schedule check
