[2022-12-16 11:04:26,058] {taskinstance.py:1159} INFO - Dependencies all met for <TaskInstance: prepare_data.get_last_id scheduled__2022-12-16T02:17:00+00:00 [queued]>
[2022-12-16 11:04:26,225] {taskinstance.py:1159} INFO - Dependencies all met for <TaskInstance: prepare_data.get_last_id scheduled__2022-12-16T02:17:00+00:00 [queued]>
[2022-12-16 11:04:26,225] {taskinstance.py:1356} INFO - 
--------------------------------------------------------------------------------
[2022-12-16 11:04:26,225] {taskinstance.py:1357} INFO - Starting attempt 1 of 1
[2022-12-16 11:04:26,225] {taskinstance.py:1358} INFO - 
--------------------------------------------------------------------------------
[2022-12-16 11:04:26,512] {taskinstance.py:1377} INFO - Executing <Task(PythonOperator): get_last_id> on 2022-12-16 02:17:00+00:00
[2022-12-16 11:04:26,569] {standard_task_runner.py:52} INFO - Started process 3537 to run task
[2022-12-16 11:04:26,625] {standard_task_runner.py:79} INFO - Running: ['airflow', 'tasks', 'run', 'prepare_data', 'get_last_id', 'scheduled__2022-12-16T02:17:00+00:00', '--job-id', '1765', '--raw', '--subdir', 'DAGS_FOLDER/prepare_data.py', '--cfg-path', '/tmp/tmpjx3437tj', '--error-file', '/tmp/tmpzpealn_u']
[2022-12-16 11:04:26,626] {standard_task_runner.py:80} INFO - Job 1765: Subtask get_last_id
[2022-12-16 11:04:27,292] {task_command.py:369} INFO - Running <TaskInstance: prepare_data.get_last_id scheduled__2022-12-16T02:17:00+00:00 [running]> on host 8e2f65ec4c74
[2022-12-16 11:04:28,350] {taskinstance.py:1571} INFO - Exporting the following env vars:
AIRFLOW_CTX_DAG_OWNER=airflow
AIRFLOW_CTX_DAG_ID=prepare_data
AIRFLOW_CTX_TASK_ID=get_last_id
AIRFLOW_CTX_EXECUTION_DATE=2022-12-16T02:17:00+00:00
AIRFLOW_CTX_TRY_NUMBER=1
AIRFLOW_CTX_DAG_RUN_ID=scheduled__2022-12-16T02:17:00+00:00
[2022-12-16 11:04:28,485] {base.py:68} INFO - Using connection ID 'gp_conn' for task execution.
[2022-12-16 11:04:28,884] {python.py:173} INFO - Done. Returned value was: None
[2022-12-16 11:04:29,018] {taskinstance.py:1400} INFO - Marking task as SUCCESS. dag_id=prepare_data, task_id=get_last_id, execution_date=20221216T021700, start_date=20221216T110426, end_date=20221216T110429
[2022-12-16 11:04:29,186] {local_task_job.py:156} INFO - Task exited with return code 0
[2022-12-16 11:04:29,516] {local_task_job.py:273} INFO - 1 downstream tasks scheduled from follow-on schedule check
