[2022-12-16 10:42:18,591] {taskinstance.py:1159} INFO - Dependencies all met for <TaskInstance: prepare_data.create_table scheduled__2022-12-15T21:46:00+00:00 [queued]>
[2022-12-16 10:42:18,824] {taskinstance.py:1159} INFO - Dependencies all met for <TaskInstance: prepare_data.create_table scheduled__2022-12-15T21:46:00+00:00 [queued]>
[2022-12-16 10:42:18,825] {taskinstance.py:1356} INFO - 
--------------------------------------------------------------------------------
[2022-12-16 10:42:18,825] {taskinstance.py:1357} INFO - Starting attempt 1 of 1
[2022-12-16 10:42:18,825] {taskinstance.py:1358} INFO - 
--------------------------------------------------------------------------------
[2022-12-16 10:42:19,107] {taskinstance.py:1377} INFO - Executing <Task(PostgresOperator): create_table> on 2022-12-15 21:46:00+00:00
[2022-12-16 10:42:19,183] {standard_task_runner.py:52} INFO - Started process 1634 to run task
[2022-12-16 10:42:19,225] {standard_task_runner.py:79} INFO - Running: ['airflow', 'tasks', 'run', 'prepare_data', 'create_table', 'scheduled__2022-12-15T21:46:00+00:00', '--job-id', '913', '--raw', '--subdir', 'DAGS_FOLDER/prepare_data.py', '--cfg-path', '/tmp/tmp438igz7y', '--error-file', '/tmp/tmpqpl30rj9']
[2022-12-16 10:42:19,226] {standard_task_runner.py:80} INFO - Job 913: Subtask create_table
[2022-12-16 10:42:20,897] {task_command.py:369} INFO - Running <TaskInstance: prepare_data.create_table scheduled__2022-12-15T21:46:00+00:00 [running]> on host 8e2f65ec4c74
[2022-12-16 10:42:22,365] {taskinstance.py:1571} INFO - Exporting the following env vars:
AIRFLOW_CTX_DAG_OWNER=airflow
AIRFLOW_CTX_DAG_ID=prepare_data
AIRFLOW_CTX_TASK_ID=create_table
AIRFLOW_CTX_EXECUTION_DATE=2022-12-15T21:46:00+00:00
AIRFLOW_CTX_TRY_NUMBER=1
AIRFLOW_CTX_DAG_RUN_ID=scheduled__2022-12-15T21:46:00+00:00
[2022-12-16 10:42:22,622] {base.py:68} INFO - Using connection ID 'gp_conn' for task execution.
[2022-12-16 10:42:22,712] {dbapi.py:208} INFO - Running statement: CREATE TABLE IF NOT EXISTS prepared_data (
	id SERIAL,
	sensor_id BIGINT,
	longitude FLOAT,
	latitude FLOAT,
	controller_id BIGINT,
	datetime TIMESTAMP WITH TIME ZONE,
	temperature INTEGER
);, parameters: None
[2022-12-16 10:42:22,775] {postgres.py:94} INFO - NOTICE:  relation "prepared_data" already exists, skipping

[2022-12-16 10:42:24,529] {taskinstance.py:1400} INFO - Marking task as SUCCESS. dag_id=prepare_data, task_id=create_table, execution_date=20221215T214600, start_date=20221216T104218, end_date=20221216T104224
[2022-12-16 10:42:24,656] {local_task_job.py:221} WARNING - State of this instance has been externally set to success. Terminating instance.
[2022-12-16 10:42:24,697] {process_utils.py:129} INFO - Sending Signals.SIGTERM to group 1634. PIDs of all processes in the group: [1634]
[2022-12-16 10:42:24,698] {process_utils.py:80} INFO - Sending the signal Signals.SIGTERM to group 1634
[2022-12-16 10:42:24,698] {process_utils.py:75} INFO - Process psutil.Process(pid=1634, status='terminated', exitcode=0, started='10:42:19') (1634) terminated with exit code 0
