[2022-12-12 18:25:35,487] {taskinstance.py:1159} INFO - Dependencies all met for <TaskInstance: prepare_data.transfer_data scheduled__2022-11-28T16:57:00+00:00 [queued]>
[2022-12-12 18:25:35,556] {taskinstance.py:1159} INFO - Dependencies all met for <TaskInstance: prepare_data.transfer_data scheduled__2022-11-28T16:57:00+00:00 [queued]>
[2022-12-12 18:25:35,583] {taskinstance.py:1356} INFO - 
--------------------------------------------------------------------------------
[2022-12-12 18:25:35,584] {taskinstance.py:1357} INFO - Starting attempt 1 of 1
[2022-12-12 18:25:35,587] {taskinstance.py:1358} INFO - 
--------------------------------------------------------------------------------
[2022-12-12 18:25:35,822] {taskinstance.py:1377} INFO - Executing <Task(PythonOperator): transfer_data> on 2022-11-28 16:57:00+00:00
[2022-12-12 18:25:35,867] {standard_task_runner.py:52} INFO - Started process 371 to run task
[2022-12-12 18:25:35,911] {standard_task_runner.py:79} INFO - Running: ['airflow', 'tasks', 'run', 'prepare_data', 'transfer_data', 'scheduled__2022-11-28T16:57:00+00:00', '--job-id', '82', '--raw', '--subdir', 'DAGS_FOLDER/prepare_data.py', '--cfg-path', '/tmp/tmpef9_413l', '--error-file', '/tmp/tmp2jhndr8z']
[2022-12-12 18:25:35,932] {standard_task_runner.py:80} INFO - Job 82: Subtask transfer_data
[2022-12-12 18:25:36,563] {task_command.py:369} INFO - Running <TaskInstance: prepare_data.transfer_data scheduled__2022-11-28T16:57:00+00:00 [running]> on host a49e44ee4a94
[2022-12-12 18:25:37,446] {taskinstance.py:1571} INFO - Exporting the following env vars:
AIRFLOW_CTX_DAG_OWNER=airflow
AIRFLOW_CTX_DAG_ID=prepare_data
AIRFLOW_CTX_TASK_ID=transfer_data
AIRFLOW_CTX_EXECUTION_DATE=2022-11-28T16:57:00+00:00
AIRFLOW_CTX_TRY_NUMBER=1
AIRFLOW_CTX_DAG_RUN_ID=scheduled__2022-11-28T16:57:00+00:00
[2022-12-12 18:25:37,519] {base.py:68} INFO - Using connection ID 'postgres_default' for task execution.
[2022-12-12 18:25:37,633] {python.py:173} INFO - Done. Returned value was: None
[2022-12-12 18:25:37,684] {taskinstance.py:1400} INFO - Marking task as SUCCESS. dag_id=prepare_data, task_id=transfer_data, execution_date=20221128T165700, start_date=20221212T182535, end_date=20221212T182537
[2022-12-12 18:25:37,764] {local_task_job.py:156} INFO - Task exited with return code 0
[2022-12-12 18:25:38,170] {local_task_job.py:273} INFO - 0 downstream tasks scheduled from follow-on schedule check
[2022-12-12 18:38:57,216] {taskinstance.py:1159} INFO - Dependencies all met for <TaskInstance: prepare_data.transfer_data scheduled__2022-11-28T16:57:00+00:00 [queued]>
[2022-12-12 18:38:57,485] {taskinstance.py:1159} INFO - Dependencies all met for <TaskInstance: prepare_data.transfer_data scheduled__2022-11-28T16:57:00+00:00 [queued]>
[2022-12-12 18:38:57,491] {taskinstance.py:1356} INFO - 
--------------------------------------------------------------------------------
[2022-12-12 18:38:57,510] {taskinstance.py:1357} INFO - Starting attempt 1 of 1
[2022-12-12 18:38:57,519] {taskinstance.py:1358} INFO - 
--------------------------------------------------------------------------------
[2022-12-12 18:38:57,603] {taskinstance.py:1377} INFO - Executing <Task(PythonOperator): transfer_data> on 2022-11-28 16:57:00+00:00
[2022-12-12 18:38:57,616] {standard_task_runner.py:52} INFO - Started process 345 to run task
[2022-12-12 18:38:57,675] {standard_task_runner.py:79} INFO - Running: ['airflow', 'tasks', 'run', 'prepare_data', 'transfer_data', 'scheduled__2022-11-28T16:57:00+00:00', '--job-id', '72', '--raw', '--subdir', 'DAGS_FOLDER/prepare_data.py', '--cfg-path', '/tmp/tmpfh8fv3ve', '--error-file', '/tmp/tmp4ao0h24e']
[2022-12-12 18:38:57,689] {standard_task_runner.py:80} INFO - Job 72: Subtask transfer_data
[2022-12-12 18:38:58,599] {task_command.py:369} INFO - Running <TaskInstance: prepare_data.transfer_data scheduled__2022-11-28T16:57:00+00:00 [running]> on host cfea470654c7
[2022-12-12 18:38:59,210] {taskinstance.py:1571} INFO - Exporting the following env vars:
AIRFLOW_CTX_DAG_OWNER=airflow
AIRFLOW_CTX_DAG_ID=prepare_data
AIRFLOW_CTX_TASK_ID=transfer_data
AIRFLOW_CTX_EXECUTION_DATE=2022-11-28T16:57:00+00:00
AIRFLOW_CTX_TRY_NUMBER=1
AIRFLOW_CTX_DAG_RUN_ID=scheduled__2022-11-28T16:57:00+00:00
[2022-12-12 18:38:59,435] {base.py:68} INFO - Using connection ID 'postgres_default' for task execution.
[2022-12-12 18:38:59,718] {python.py:173} INFO - Done. Returned value was: None
[2022-12-12 18:39:00,026] {taskinstance.py:1400} INFO - Marking task as SUCCESS. dag_id=prepare_data, task_id=transfer_data, execution_date=20221128T165700, start_date=20221212T183857, end_date=20221212T183900
[2022-12-12 18:39:00,232] {local_task_job.py:156} INFO - Task exited with return code 0
[2022-12-12 18:39:01,165] {local_task_job.py:273} INFO - 0 downstream tasks scheduled from follow-on schedule check
