[2022-12-12 18:25:09,878] {taskinstance.py:1159} INFO - Dependencies all met for <TaskInstance: prepare_data.create_table scheduled__2022-11-28T16:47:00+00:00 [queued]>
[2022-12-12 18:25:09,988] {taskinstance.py:1159} INFO - Dependencies all met for <TaskInstance: prepare_data.create_table scheduled__2022-11-28T16:47:00+00:00 [queued]>
[2022-12-12 18:25:09,990] {taskinstance.py:1356} INFO - 
--------------------------------------------------------------------------------
[2022-12-12 18:25:09,994] {taskinstance.py:1357} INFO - Starting attempt 1 of 1
[2022-12-12 18:25:09,996] {taskinstance.py:1358} INFO - 
--------------------------------------------------------------------------------
[2022-12-12 18:25:10,073] {taskinstance.py:1377} INFO - Executing <Task(PostgresOperator): create_table> on 2022-11-28 16:47:00+00:00
[2022-12-12 18:25:10,083] {standard_task_runner.py:52} INFO - Started process 251 to run task
[2022-12-12 18:25:10,095] {standard_task_runner.py:79} INFO - Running: ['airflow', 'tasks', 'run', 'prepare_data', 'create_table', 'scheduled__2022-11-28T16:47:00+00:00', '--job-id', '22', '--raw', '--subdir', 'DAGS_FOLDER/prepare_data.py', '--cfg-path', '/tmp/tmpjl2_gssd', '--error-file', '/tmp/tmpj6ewxfmg']
[2022-12-12 18:25:10,098] {standard_task_runner.py:80} INFO - Job 22: Subtask create_table
[2022-12-12 18:25:10,530] {task_command.py:369} INFO - Running <TaskInstance: prepare_data.create_table scheduled__2022-11-28T16:47:00+00:00 [running]> on host a49e44ee4a94
[2022-12-12 18:25:11,398] {taskinstance.py:1571} INFO - Exporting the following env vars:
AIRFLOW_CTX_DAG_OWNER=airflow
AIRFLOW_CTX_DAG_ID=prepare_data
AIRFLOW_CTX_TASK_ID=create_table
AIRFLOW_CTX_EXECUTION_DATE=2022-11-28T16:47:00+00:00
AIRFLOW_CTX_TRY_NUMBER=1
AIRFLOW_CTX_DAG_RUN_ID=scheduled__2022-11-28T16:47:00+00:00
[2022-12-12 18:25:11,465] {base.py:68} INFO - Using connection ID 'postgres_default' for task execution.
[2022-12-12 18:25:11,512] {dbapi.py:208} INFO - Running statement: CREATE TABLE IF NOT EXISTS prepared_data (
	id SERIAL,
	sensor_id BIGINT,
	longitude FLOAT,
	latitude FLOAT,
	controller_id BIGINT,
	datetime TIMESTAMP WITH TIME ZONE,
	temperature INTEGER
);, parameters: None
[2022-12-12 18:25:11,515] {postgres.py:94} INFO - NOTICE:  relation "prepared_data" already exists, skipping

[2022-12-12 18:25:11,579] {taskinstance.py:1400} INFO - Marking task as SUCCESS. dag_id=prepare_data, task_id=create_table, execution_date=20221128T164700, start_date=20221212T182509, end_date=20221212T182511
[2022-12-12 18:25:11,657] {local_task_job.py:156} INFO - Task exited with return code 0
[2022-12-12 18:25:12,132] {local_task_job.py:273} INFO - 0 downstream tasks scheduled from follow-on schedule check
[2022-12-12 18:38:27,124] {taskinstance.py:1159} INFO - Dependencies all met for <TaskInstance: prepare_data.create_table scheduled__2022-11-28T16:47:00+00:00 [queued]>
[2022-12-12 18:38:27,199] {taskinstance.py:1159} INFO - Dependencies all met for <TaskInstance: prepare_data.create_table scheduled__2022-11-28T16:47:00+00:00 [queued]>
[2022-12-12 18:38:27,202] {taskinstance.py:1356} INFO - 
--------------------------------------------------------------------------------
[2022-12-12 18:38:27,209] {taskinstance.py:1357} INFO - Starting attempt 1 of 1
[2022-12-12 18:38:27,212] {taskinstance.py:1358} INFO - 
--------------------------------------------------------------------------------
[2022-12-12 18:38:27,292] {taskinstance.py:1377} INFO - Executing <Task(PostgresOperator): create_table> on 2022-11-28 16:47:00+00:00
[2022-12-12 18:38:27,300] {standard_task_runner.py:52} INFO - Started process 227 to run task
[2022-12-12 18:38:27,315] {standard_task_runner.py:79} INFO - Running: ['airflow', 'tasks', 'run', 'prepare_data', 'create_table', 'scheduled__2022-11-28T16:47:00+00:00', '--job-id', '17', '--raw', '--subdir', 'DAGS_FOLDER/prepare_data.py', '--cfg-path', '/tmp/tmpp7wmdlln', '--error-file', '/tmp/tmpeokq_oqj']
[2022-12-12 18:38:27,325] {standard_task_runner.py:80} INFO - Job 17: Subtask create_table
[2022-12-12 18:38:27,742] {task_command.py:369} INFO - Running <TaskInstance: prepare_data.create_table scheduled__2022-11-28T16:47:00+00:00 [running]> on host cfea470654c7
[2022-12-12 18:38:28,509] {taskinstance.py:1571} INFO - Exporting the following env vars:
AIRFLOW_CTX_DAG_OWNER=airflow
AIRFLOW_CTX_DAG_ID=prepare_data
AIRFLOW_CTX_TASK_ID=create_table
AIRFLOW_CTX_EXECUTION_DATE=2022-11-28T16:47:00+00:00
AIRFLOW_CTX_TRY_NUMBER=1
AIRFLOW_CTX_DAG_RUN_ID=scheduled__2022-11-28T16:47:00+00:00
[2022-12-12 18:38:28,571] {base.py:68} INFO - Using connection ID 'postgres_default' for task execution.
[2022-12-12 18:38:28,588] {dbapi.py:208} INFO - Running statement: CREATE TABLE IF NOT EXISTS prepared_data (
	id SERIAL,
	sensor_id BIGINT,
	longitude FLOAT,
	latitude FLOAT,
	controller_id BIGINT,
	datetime TIMESTAMP WITH TIME ZONE,
	temperature INTEGER
);, parameters: None
[2022-12-12 18:38:28,596] {postgres.py:94} INFO - NOTICE:  relation "prepared_data" already exists, skipping

[2022-12-12 18:38:28,716] {taskinstance.py:1400} INFO - Marking task as SUCCESS. dag_id=prepare_data, task_id=create_table, execution_date=20221128T164700, start_date=20221212T183827, end_date=20221212T183828
[2022-12-12 18:38:28,780] {local_task_job.py:156} INFO - Task exited with return code 0
[2022-12-12 18:38:29,186] {local_task_job.py:273} INFO - 1 downstream tasks scheduled from follow-on schedule check
