[2022-12-12 18:43:15,543] {taskinstance.py:1159} INFO - Dependencies all met for <TaskInstance: prepare_data.transfer_data scheduled__2022-11-28T20:08:00+00:00 [queued]>
[2022-12-12 18:43:15,662] {taskinstance.py:1159} INFO - Dependencies all met for <TaskInstance: prepare_data.transfer_data scheduled__2022-11-28T20:08:00+00:00 [queued]>
[2022-12-12 18:43:15,666] {taskinstance.py:1356} INFO - 
--------------------------------------------------------------------------------
[2022-12-12 18:43:15,669] {taskinstance.py:1357} INFO - Starting attempt 1 of 1
[2022-12-12 18:43:15,671] {taskinstance.py:1358} INFO - 
--------------------------------------------------------------------------------
[2022-12-12 18:43:15,887] {taskinstance.py:1377} INFO - Executing <Task(PythonOperator): transfer_data> on 2022-11-28 20:08:00+00:00
[2022-12-12 18:43:15,896] {standard_task_runner.py:52} INFO - Started process 1523 to run task
[2022-12-12 18:43:15,911] {standard_task_runner.py:79} INFO - Running: ['airflow', 'tasks', 'run', 'prepare_data', 'transfer_data', 'scheduled__2022-11-28T20:08:00+00:00', '--job-id', '637', '--raw', '--subdir', 'DAGS_FOLDER/prepare_data.py', '--cfg-path', '/tmp/tmptrlpnsj8', '--error-file', '/tmp/tmpgvmov3ue']
[2022-12-12 18:43:15,922] {standard_task_runner.py:80} INFO - Job 637: Subtask transfer_data
[2022-12-12 18:43:16,231] {task_command.py:369} INFO - Running <TaskInstance: prepare_data.transfer_data scheduled__2022-11-28T20:08:00+00:00 [running]> on host cfea470654c7
[2022-12-12 18:43:16,808] {taskinstance.py:1571} INFO - Exporting the following env vars:
AIRFLOW_CTX_DAG_OWNER=airflow
AIRFLOW_CTX_DAG_ID=prepare_data
AIRFLOW_CTX_TASK_ID=transfer_data
AIRFLOW_CTX_EXECUTION_DATE=2022-11-28T20:08:00+00:00
AIRFLOW_CTX_TRY_NUMBER=1
AIRFLOW_CTX_DAG_RUN_ID=scheduled__2022-11-28T20:08:00+00:00
[2022-12-12 18:43:16,871] {base.py:68} INFO - Using connection ID 'postgres_default' for task execution.
[2022-12-12 18:43:16,985] {python.py:173} INFO - Done. Returned value was: None
[2022-12-12 18:43:17,053] {taskinstance.py:1400} INFO - Marking task as SUCCESS. dag_id=prepare_data, task_id=transfer_data, execution_date=20221128T200800, start_date=20221212T184315, end_date=20221212T184317
[2022-12-12 18:43:17,135] {local_task_job.py:156} INFO - Task exited with return code 0
[2022-12-12 18:43:17,785] {local_task_job.py:273} INFO - 0 downstream tasks scheduled from follow-on schedule check
