[2022-12-16 13:01:31,380] {taskinstance.py:1159} INFO - Dependencies all met for <TaskInstance: prepare_data.create_table scheduled__2022-12-16T11:14:00+00:00 [queued]>
[2022-12-16 13:01:31,714] {taskinstance.py:1159} INFO - Dependencies all met for <TaskInstance: prepare_data.create_table scheduled__2022-12-16T11:14:00+00:00 [queued]>
[2022-12-16 13:01:31,714] {taskinstance.py:1356} INFO - 
--------------------------------------------------------------------------------
[2022-12-16 13:01:31,714] {taskinstance.py:1357} INFO - Starting attempt 1 of 1
[2022-12-16 13:01:31,741] {taskinstance.py:1358} INFO - 
--------------------------------------------------------------------------------
[2022-12-16 13:01:32,193] {taskinstance.py:1377} INFO - Executing <Task(PostgresOperator): create_table> on 2022-12-16 11:14:00+00:00
[2022-12-16 13:01:32,336] {standard_task_runner.py:52} INFO - Started process 3610 to run task
[2022-12-16 13:01:32,417] {standard_task_runner.py:79} INFO - Running: ['airflow', 'tasks', 'run', 'prepare_data', 'create_table', 'scheduled__2022-12-16T11:14:00+00:00', '--job-id', '1796', '--raw', '--subdir', 'DAGS_FOLDER/prepare_data.py', '--cfg-path', '/tmp/tmp2yy1surx', '--error-file', '/tmp/tmpb0tuf6_s']
[2022-12-16 13:01:32,493] {standard_task_runner.py:80} INFO - Job 1796: Subtask create_table
[2022-12-16 13:01:33,819] {task_command.py:369} INFO - Running <TaskInstance: prepare_data.create_table scheduled__2022-12-16T11:14:00+00:00 [running]> on host 8e2f65ec4c74
[2022-12-16 13:01:35,617] {taskinstance.py:1571} INFO - Exporting the following env vars:
AIRFLOW_CTX_DAG_OWNER=airflow
AIRFLOW_CTX_DAG_ID=prepare_data
AIRFLOW_CTX_TASK_ID=create_table
AIRFLOW_CTX_EXECUTION_DATE=2022-12-16T11:14:00+00:00
AIRFLOW_CTX_TRY_NUMBER=1
AIRFLOW_CTX_DAG_RUN_ID=scheduled__2022-12-16T11:14:00+00:00
[2022-12-16 13:01:35,822] {base.py:68} INFO - Using connection ID 'gp_conn' for task execution.
[2022-12-16 13:01:35,903] {dbapi.py:208} INFO - Running statement: CREATE TABLE IF NOT EXISTS prepared_data (
	id SERIAL,
	sensor_id BIGINT,
	longitude FLOAT,
	latitude FLOAT,
	controller_id BIGINT,
	datetime TIMESTAMP WITH TIME ZONE,
	temperature INTEGER
);, parameters: None
[2022-12-16 13:01:35,935] {postgres.py:94} INFO - NOTICE:  relation "prepared_data" already exists, skipping

[2022-12-16 13:01:36,347] {taskinstance.py:1400} INFO - Marking task as SUCCESS. dag_id=prepare_data, task_id=create_table, execution_date=20221216T111400, start_date=20221216T130131, end_date=20221216T130136
[2022-12-16 13:01:36,742] {local_task_job.py:156} INFO - Task exited with return code 0
[2022-12-16 13:01:39,981] {local_task_job.py:273} INFO - 0 downstream tasks scheduled from follow-on schedule check
