[2022-12-12 18:25:26,733] {taskinstance.py:1159} INFO - Dependencies all met for <TaskInstance: prepare_data.create_table scheduled__2022-11-28T17:01:00+00:00 [queued]>
[2022-12-12 18:25:26,843] {taskinstance.py:1159} INFO - Dependencies all met for <TaskInstance: prepare_data.create_table scheduled__2022-11-28T17:01:00+00:00 [queued]>
[2022-12-12 18:25:26,862] {taskinstance.py:1356} INFO - 
--------------------------------------------------------------------------------
[2022-12-12 18:25:26,874] {taskinstance.py:1357} INFO - Starting attempt 1 of 1
[2022-12-12 18:25:26,876] {taskinstance.py:1358} INFO - 
--------------------------------------------------------------------------------
[2022-12-12 18:25:27,062] {taskinstance.py:1377} INFO - Executing <Task(PostgresOperator): create_table> on 2022-11-28 17:01:00+00:00
[2022-12-12 18:25:27,088] {standard_task_runner.py:52} INFO - Started process 336 to run task
[2022-12-12 18:25:27,123] {standard_task_runner.py:79} INFO - Running: ['airflow', 'tasks', 'run', 'prepare_data', 'create_table', 'scheduled__2022-11-28T17:01:00+00:00', '--job-id', '64', '--raw', '--subdir', 'DAGS_FOLDER/prepare_data.py', '--cfg-path', '/tmp/tmpp1edc9b8', '--error-file', '/tmp/tmp5tyexoeb']
[2022-12-12 18:25:27,143] {standard_task_runner.py:80} INFO - Job 64: Subtask create_table
[2022-12-12 18:25:27,869] {task_command.py:369} INFO - Running <TaskInstance: prepare_data.create_table scheduled__2022-11-28T17:01:00+00:00 [running]> on host a49e44ee4a94
[2022-12-12 18:25:28,530] {taskinstance.py:1571} INFO - Exporting the following env vars:
AIRFLOW_CTX_DAG_OWNER=airflow
AIRFLOW_CTX_DAG_ID=prepare_data
AIRFLOW_CTX_TASK_ID=create_table
AIRFLOW_CTX_EXECUTION_DATE=2022-11-28T17:01:00+00:00
AIRFLOW_CTX_TRY_NUMBER=1
AIRFLOW_CTX_DAG_RUN_ID=scheduled__2022-11-28T17:01:00+00:00
[2022-12-12 18:25:28,606] {base.py:68} INFO - Using connection ID 'postgres_default' for task execution.
[2022-12-12 18:25:28,627] {dbapi.py:208} INFO - Running statement: CREATE TABLE IF NOT EXISTS prepared_data (
	id SERIAL,
	sensor_id BIGINT,
	longitude FLOAT,
	latitude FLOAT,
	controller_id BIGINT,
	datetime TIMESTAMP WITH TIME ZONE,
	temperature INTEGER
);, parameters: None
[2022-12-12 18:25:28,637] {postgres.py:94} INFO - NOTICE:  relation "prepared_data" already exists, skipping

[2022-12-12 18:25:28,747] {taskinstance.py:1400} INFO - Marking task as SUCCESS. dag_id=prepare_data, task_id=create_table, execution_date=20221128T170100, start_date=20221212T182526, end_date=20221212T182528
[2022-12-12 18:25:28,969] {local_task_job.py:156} INFO - Task exited with return code 0
[2022-12-12 18:25:29,400] {local_task_job.py:273} INFO - 1 downstream tasks scheduled from follow-on schedule check
[2022-12-12 18:38:50,227] {taskinstance.py:1159} INFO - Dependencies all met for <TaskInstance: prepare_data.create_table scheduled__2022-11-28T17:01:00+00:00 [queued]>
[2022-12-12 18:38:50,369] {taskinstance.py:1159} INFO - Dependencies all met for <TaskInstance: prepare_data.create_table scheduled__2022-11-28T17:01:00+00:00 [queued]>
[2022-12-12 18:38:50,387] {taskinstance.py:1356} INFO - 
--------------------------------------------------------------------------------
[2022-12-12 18:38:50,389] {taskinstance.py:1357} INFO - Starting attempt 1 of 1
[2022-12-12 18:38:50,401] {taskinstance.py:1358} INFO - 
--------------------------------------------------------------------------------
[2022-12-12 18:38:50,547] {taskinstance.py:1377} INFO - Executing <Task(PostgresOperator): create_table> on 2022-11-28 17:01:00+00:00
[2022-12-12 18:38:50,574] {standard_task_runner.py:52} INFO - Started process 313 to run task
[2022-12-12 18:38:50,588] {standard_task_runner.py:79} INFO - Running: ['airflow', 'tasks', 'run', 'prepare_data', 'create_table', 'scheduled__2022-11-28T17:01:00+00:00', '--job-id', '57', '--raw', '--subdir', 'DAGS_FOLDER/prepare_data.py', '--cfg-path', '/tmp/tmpkkqkzpja', '--error-file', '/tmp/tmposw9odcy']
[2022-12-12 18:38:50,592] {standard_task_runner.py:80} INFO - Job 57: Subtask create_table
[2022-12-12 18:38:50,948] {task_command.py:369} INFO - Running <TaskInstance: prepare_data.create_table scheduled__2022-11-28T17:01:00+00:00 [running]> on host cfea470654c7
[2022-12-12 18:38:51,636] {taskinstance.py:1571} INFO - Exporting the following env vars:
AIRFLOW_CTX_DAG_OWNER=airflow
AIRFLOW_CTX_DAG_ID=prepare_data
AIRFLOW_CTX_TASK_ID=create_table
AIRFLOW_CTX_EXECUTION_DATE=2022-11-28T17:01:00+00:00
AIRFLOW_CTX_TRY_NUMBER=1
AIRFLOW_CTX_DAG_RUN_ID=scheduled__2022-11-28T17:01:00+00:00
[2022-12-12 18:38:51,729] {base.py:68} INFO - Using connection ID 'postgres_default' for task execution.
[2022-12-12 18:38:51,782] {dbapi.py:208} INFO - Running statement: CREATE TABLE IF NOT EXISTS prepared_data (
	id SERIAL,
	sensor_id BIGINT,
	longitude FLOAT,
	latitude FLOAT,
	controller_id BIGINT,
	datetime TIMESTAMP WITH TIME ZONE,
	temperature INTEGER
);, parameters: None
[2022-12-12 18:38:51,806] {postgres.py:94} INFO - NOTICE:  relation "prepared_data" already exists, skipping

[2022-12-12 18:38:52,031] {taskinstance.py:1400} INFO - Marking task as SUCCESS. dag_id=prepare_data, task_id=create_table, execution_date=20221128T170100, start_date=20221212T183850, end_date=20221212T183852
[2022-12-12 18:38:52,337] {local_task_job.py:156} INFO - Task exited with return code 0
[2022-12-12 18:38:52,928] {local_task_job.py:273} INFO - 0 downstream tasks scheduled from follow-on schedule check
