[2022-12-12 18:25:38,141] {taskinstance.py:1159} INFO - Dependencies all met for <TaskInstance: prepare_data.transfer_data scheduled__2022-11-28T17:01:00+00:00 [queued]>
[2022-12-12 18:25:38,184] {taskinstance.py:1159} INFO - Dependencies all met for <TaskInstance: prepare_data.transfer_data scheduled__2022-11-28T17:01:00+00:00 [queued]>
[2022-12-12 18:25:38,186] {taskinstance.py:1356} INFO - 
--------------------------------------------------------------------------------
[2022-12-12 18:25:38,189] {taskinstance.py:1357} INFO - Starting attempt 1 of 1
[2022-12-12 18:25:38,192] {taskinstance.py:1358} INFO - 
--------------------------------------------------------------------------------
[2022-12-12 18:25:38,274] {taskinstance.py:1377} INFO - Executing <Task(PythonOperator): transfer_data> on 2022-11-28 17:01:00+00:00
[2022-12-12 18:25:38,287] {standard_task_runner.py:52} INFO - Started process 378 to run task
[2022-12-12 18:25:38,344] {standard_task_runner.py:79} INFO - Running: ['airflow', 'tasks', 'run', 'prepare_data', 'transfer_data', 'scheduled__2022-11-28T17:01:00+00:00', '--job-id', '86', '--raw', '--subdir', 'DAGS_FOLDER/prepare_data.py', '--cfg-path', '/tmp/tmpnnwm82rh', '--error-file', '/tmp/tmptkz_bnlh']
[2022-12-12 18:25:38,356] {standard_task_runner.py:80} INFO - Job 86: Subtask transfer_data
[2022-12-12 18:25:38,687] {task_command.py:369} INFO - Running <TaskInstance: prepare_data.transfer_data scheduled__2022-11-28T17:01:00+00:00 [running]> on host a49e44ee4a94
[2022-12-12 18:25:39,201] {taskinstance.py:1571} INFO - Exporting the following env vars:
AIRFLOW_CTX_DAG_OWNER=airflow
AIRFLOW_CTX_DAG_ID=prepare_data
AIRFLOW_CTX_TASK_ID=transfer_data
AIRFLOW_CTX_EXECUTION_DATE=2022-11-28T17:01:00+00:00
AIRFLOW_CTX_TRY_NUMBER=1
AIRFLOW_CTX_DAG_RUN_ID=scheduled__2022-11-28T17:01:00+00:00
[2022-12-12 18:25:39,395] {base.py:68} INFO - Using connection ID 'postgres_default' for task execution.
[2022-12-12 18:25:39,456] {python.py:173} INFO - Done. Returned value was: None
[2022-12-12 18:25:39,526] {taskinstance.py:1400} INFO - Marking task as SUCCESS. dag_id=prepare_data, task_id=transfer_data, execution_date=20221128T170100, start_date=20221212T182538, end_date=20221212T182539
[2022-12-12 18:25:39,589] {local_task_job.py:156} INFO - Task exited with return code 0
[2022-12-12 18:25:39,934] {local_task_job.py:273} INFO - 0 downstream tasks scheduled from follow-on schedule check
[2022-12-12 18:39:01,498] {taskinstance.py:1159} INFO - Dependencies all met for <TaskInstance: prepare_data.transfer_data scheduled__2022-11-28T17:01:00+00:00 [queued]>
[2022-12-12 18:39:01,663] {taskinstance.py:1159} INFO - Dependencies all met for <TaskInstance: prepare_data.transfer_data scheduled__2022-11-28T17:01:00+00:00 [queued]>
[2022-12-12 18:39:01,665] {taskinstance.py:1356} INFO - 
--------------------------------------------------------------------------------
[2022-12-12 18:39:01,669] {taskinstance.py:1357} INFO - Starting attempt 1 of 1
[2022-12-12 18:39:01,671] {taskinstance.py:1358} INFO - 
--------------------------------------------------------------------------------
[2022-12-12 18:39:01,901] {taskinstance.py:1377} INFO - Executing <Task(PythonOperator): transfer_data> on 2022-11-28 17:01:00+00:00
[2022-12-12 18:39:01,940] {standard_task_runner.py:52} INFO - Started process 363 to run task
[2022-12-12 18:39:01,998] {standard_task_runner.py:79} INFO - Running: ['airflow', 'tasks', 'run', 'prepare_data', 'transfer_data', 'scheduled__2022-11-28T17:01:00+00:00', '--job-id', '77', '--raw', '--subdir', 'DAGS_FOLDER/prepare_data.py', '--cfg-path', '/tmp/tmpli8d3tkr', '--error-file', '/tmp/tmp5omhavtn']
[2022-12-12 18:39:02,011] {standard_task_runner.py:80} INFO - Job 77: Subtask transfer_data
[2022-12-12 18:39:02,715] {task_command.py:369} INFO - Running <TaskInstance: prepare_data.transfer_data scheduled__2022-11-28T17:01:00+00:00 [running]> on host cfea470654c7
[2022-12-12 18:39:03,577] {taskinstance.py:1571} INFO - Exporting the following env vars:
AIRFLOW_CTX_DAG_OWNER=airflow
AIRFLOW_CTX_DAG_ID=prepare_data
AIRFLOW_CTX_TASK_ID=transfer_data
AIRFLOW_CTX_EXECUTION_DATE=2022-11-28T17:01:00+00:00
AIRFLOW_CTX_TRY_NUMBER=1
AIRFLOW_CTX_DAG_RUN_ID=scheduled__2022-11-28T17:01:00+00:00
[2022-12-12 18:39:03,787] {base.py:68} INFO - Using connection ID 'postgres_default' for task execution.
[2022-12-12 18:39:04,033] {python.py:173} INFO - Done. Returned value was: None
[2022-12-12 18:39:04,219] {taskinstance.py:1400} INFO - Marking task as SUCCESS. dag_id=prepare_data, task_id=transfer_data, execution_date=20221128T170100, start_date=20221212T183901, end_date=20221212T183904
[2022-12-12 18:39:04,554] {local_task_job.py:156} INFO - Task exited with return code 0
[2022-12-12 18:39:04,988] {local_task_job.py:273} INFO - 0 downstream tasks scheduled from follow-on schedule check
