[2022-12-16 13:02:43,937] {taskinstance.py:1159} INFO - Dependencies all met for <TaskInstance: prepare_data.create_table scheduled__2022-12-16T11:36:00+00:00 [queued]>
[2022-12-16 13:02:44,030] {taskinstance.py:1159} INFO - Dependencies all met for <TaskInstance: prepare_data.create_table scheduled__2022-12-16T11:36:00+00:00 [queued]>
[2022-12-16 13:02:44,032] {taskinstance.py:1356} INFO - 
--------------------------------------------------------------------------------
[2022-12-16 13:02:44,032] {taskinstance.py:1357} INFO - Starting attempt 1 of 1
[2022-12-16 13:02:44,033] {taskinstance.py:1358} INFO - 
--------------------------------------------------------------------------------
[2022-12-16 13:02:44,200] {taskinstance.py:1377} INFO - Executing <Task(PostgresOperator): create_table> on 2022-12-16 11:36:00+00:00
[2022-12-16 13:02:44,226] {standard_task_runner.py:52} INFO - Started process 3771 to run task
[2022-12-16 13:02:44,290] {standard_task_runner.py:79} INFO - Running: ['airflow', 'tasks', 'run', 'prepare_data', 'create_table', 'scheduled__2022-12-16T11:36:00+00:00', '--job-id', '1871', '--raw', '--subdir', 'DAGS_FOLDER/prepare_data.py', '--cfg-path', '/tmp/tmpympsebi0', '--error-file', '/tmp/tmpid22mdf0']
[2022-12-16 13:02:44,299] {standard_task_runner.py:80} INFO - Job 1871: Subtask create_table
[2022-12-16 13:02:44,726] {task_command.py:369} INFO - Running <TaskInstance: prepare_data.create_table scheduled__2022-12-16T11:36:00+00:00 [running]> on host 8e2f65ec4c74
[2022-12-16 13:02:45,690] {taskinstance.py:1571} INFO - Exporting the following env vars:
AIRFLOW_CTX_DAG_OWNER=airflow
AIRFLOW_CTX_DAG_ID=prepare_data
AIRFLOW_CTX_TASK_ID=create_table
AIRFLOW_CTX_EXECUTION_DATE=2022-12-16T11:36:00+00:00
AIRFLOW_CTX_TRY_NUMBER=1
AIRFLOW_CTX_DAG_RUN_ID=scheduled__2022-12-16T11:36:00+00:00
[2022-12-16 13:02:45,766] {base.py:68} INFO - Using connection ID 'gp_conn' for task execution.
[2022-12-16 13:02:45,787] {dbapi.py:208} INFO - Running statement: CREATE TABLE IF NOT EXISTS prepared_data (
	id SERIAL,
	sensor_id BIGINT,
	longitude FLOAT,
	latitude FLOAT,
	controller_id BIGINT,
	datetime TIMESTAMP WITH TIME ZONE,
	temperature INTEGER
);, parameters: None
[2022-12-16 13:02:45,789] {postgres.py:94} INFO - NOTICE:  relation "prepared_data" already exists, skipping

[2022-12-16 13:02:45,912] {taskinstance.py:1400} INFO - Marking task as SUCCESS. dag_id=prepare_data, task_id=create_table, execution_date=20221216T113600, start_date=20221216T130243, end_date=20221216T130245
[2022-12-16 13:02:45,995] {local_task_job.py:156} INFO - Task exited with return code 0
[2022-12-16 13:02:46,421] {local_task_job.py:273} INFO - 1 downstream tasks scheduled from follow-on schedule check
