[2022-12-16 10:54:45,548] {taskinstance.py:1159} INFO - Dependencies all met for <TaskInstance: prepare_data.transfer_data scheduled__2022-12-16T00:34:00+00:00 [queued]>
[2022-12-16 10:54:45,880] {taskinstance.py:1159} INFO - Dependencies all met for <TaskInstance: prepare_data.transfer_data scheduled__2022-12-16T00:34:00+00:00 [queued]>
[2022-12-16 10:54:45,880] {taskinstance.py:1356} INFO - 
--------------------------------------------------------------------------------
[2022-12-16 10:54:45,880] {taskinstance.py:1357} INFO - Starting attempt 1 of 1
[2022-12-16 10:54:45,880] {taskinstance.py:1358} INFO - 
--------------------------------------------------------------------------------
[2022-12-16 10:54:46,274] {taskinstance.py:1377} INFO - Executing <Task(PythonOperator): transfer_data> on 2022-12-16 00:34:00+00:00
[2022-12-16 10:54:46,477] {standard_task_runner.py:52} INFO - Started process 2789 to run task
[2022-12-16 10:54:46,573] {standard_task_runner.py:79} INFO - Running: ['airflow', 'tasks', 'run', 'prepare_data', 'transfer_data', 'scheduled__2022-12-16T00:34:00+00:00', '--job-id', '1432', '--raw', '--subdir', 'DAGS_FOLDER/prepare_data.py', '--cfg-path', '/tmp/tmp2r6g0a_1', '--error-file', '/tmp/tmp2ppf605w']
[2022-12-16 10:54:46,623] {standard_task_runner.py:80} INFO - Job 1432: Subtask transfer_data
[2022-12-16 10:54:47,800] {task_command.py:369} INFO - Running <TaskInstance: prepare_data.transfer_data scheduled__2022-12-16T00:34:00+00:00 [running]> on host 8e2f65ec4c74
[2022-12-16 10:54:50,005] {taskinstance.py:1571} INFO - Exporting the following env vars:
AIRFLOW_CTX_DAG_OWNER=airflow
AIRFLOW_CTX_DAG_ID=prepare_data
AIRFLOW_CTX_TASK_ID=transfer_data
AIRFLOW_CTX_EXECUTION_DATE=2022-12-16T00:34:00+00:00
AIRFLOW_CTX_TRY_NUMBER=1
AIRFLOW_CTX_DAG_RUN_ID=scheduled__2022-12-16T00:34:00+00:00
[2022-12-16 10:54:50,473] {base.py:68} INFO - Using connection ID 'gp_conn' for task execution.
[2022-12-16 10:54:51,255] {python.py:173} INFO - Done. Returned value was: None
[2022-12-16 10:54:52,983] {taskinstance.py:1400} INFO - Marking task as SUCCESS. dag_id=prepare_data, task_id=transfer_data, execution_date=20221216T003400, start_date=20221216T105445, end_date=20221216T105452
[2022-12-16 10:54:53,603] {local_task_job.py:156} INFO - Task exited with return code 0
[2022-12-16 10:54:54,261] {local_task_job.py:273} INFO - 0 downstream tasks scheduled from follow-on schedule check
