[2022-12-12 18:40:16,927] {taskinstance.py:1159} INFO - Dependencies all met for <TaskInstance: prepare_data.get_last_id scheduled__2022-11-28T17:57:00+00:00 [queued]>
[2022-12-12 18:40:16,991] {taskinstance.py:1159} INFO - Dependencies all met for <TaskInstance: prepare_data.get_last_id scheduled__2022-11-28T17:57:00+00:00 [queued]>
[2022-12-12 18:40:16,994] {taskinstance.py:1356} INFO - 
--------------------------------------------------------------------------------
[2022-12-12 18:40:16,997] {taskinstance.py:1357} INFO - Starting attempt 1 of 1
[2022-12-12 18:40:17,000] {taskinstance.py:1358} INFO - 
--------------------------------------------------------------------------------
[2022-12-12 18:40:17,143] {taskinstance.py:1377} INFO - Executing <Task(PythonOperator): get_last_id> on 2022-11-28 17:57:00+00:00
[2022-12-12 18:40:17,152] {standard_task_runner.py:52} INFO - Started process 681 to run task
[2022-12-12 18:40:17,166] {standard_task_runner.py:79} INFO - Running: ['airflow', 'tasks', 'run', 'prepare_data', 'get_last_id', 'scheduled__2022-11-28T17:57:00+00:00', '--job-id', '233', '--raw', '--subdir', 'DAGS_FOLDER/prepare_data.py', '--cfg-path', '/tmp/tmprfy4nnhb', '--error-file', '/tmp/tmpv6k_l8ro']
[2022-12-12 18:40:17,197] {standard_task_runner.py:80} INFO - Job 233: Subtask get_last_id
[2022-12-12 18:40:17,535] {task_command.py:369} INFO - Running <TaskInstance: prepare_data.get_last_id scheduled__2022-11-28T17:57:00+00:00 [running]> on host cfea470654c7
[2022-12-12 18:40:17,881] {taskinstance.py:1571} INFO - Exporting the following env vars:
AIRFLOW_CTX_DAG_OWNER=airflow
AIRFLOW_CTX_DAG_ID=prepare_data
AIRFLOW_CTX_TASK_ID=get_last_id
AIRFLOW_CTX_EXECUTION_DATE=2022-11-28T17:57:00+00:00
AIRFLOW_CTX_TRY_NUMBER=1
AIRFLOW_CTX_DAG_RUN_ID=scheduled__2022-11-28T17:57:00+00:00
[2022-12-12 18:40:17,912] {base.py:68} INFO - Using connection ID 'postgres_default' for task execution.
[2022-12-12 18:40:17,968] {python.py:173} INFO - Done. Returned value was: None
[2022-12-12 18:40:18,037] {taskinstance.py:1400} INFO - Marking task as SUCCESS. dag_id=prepare_data, task_id=get_last_id, execution_date=20221128T175700, start_date=20221212T184016, end_date=20221212T184018
[2022-12-12 18:40:18,131] {local_task_job.py:156} INFO - Task exited with return code 0
[2022-12-12 18:40:18,211] {local_task_job.py:273} INFO - 1 downstream tasks scheduled from follow-on schedule check
