[2022-12-15 16:55:18,829] {taskinstance.py:1159} INFO - Dependencies all met for <TaskInstance: prepare_data.get_last_id scheduled__2022-12-15T16:54:00+00:00 [queued]>
[2022-12-15 16:55:18,848] {taskinstance.py:1159} INFO - Dependencies all met for <TaskInstance: prepare_data.get_last_id scheduled__2022-12-15T16:54:00+00:00 [queued]>
[2022-12-15 16:55:18,849] {taskinstance.py:1356} INFO - 
--------------------------------------------------------------------------------
[2022-12-15 16:55:18,851] {taskinstance.py:1357} INFO - Starting attempt 1 of 1
[2022-12-15 16:55:18,853] {taskinstance.py:1358} INFO - 
--------------------------------------------------------------------------------
[2022-12-15 16:55:18,878] {taskinstance.py:1377} INFO - Executing <Task(PythonOperator): get_last_id> on 2022-12-15 16:54:00+00:00
[2022-12-15 16:55:18,884] {standard_task_runner.py:52} INFO - Started process 225 to run task
[2022-12-15 16:55:18,890] {standard_task_runner.py:79} INFO - Running: ['airflow', 'tasks', 'run', 'prepare_data', 'get_last_id', 'scheduled__2022-12-15T16:54:00+00:00', '--job-id', '13', '--raw', '--subdir', 'DAGS_FOLDER/prepare_data.py', '--cfg-path', '/tmp/tmpgisqq1fy', '--error-file', '/tmp/tmp5qxbl0d1']
[2022-12-15 16:55:18,893] {standard_task_runner.py:80} INFO - Job 13: Subtask get_last_id
[2022-12-15 16:55:18,985] {task_command.py:369} INFO - Running <TaskInstance: prepare_data.get_last_id scheduled__2022-12-15T16:54:00+00:00 [running]> on host 39e562fe01ff
[2022-12-15 16:55:19,096] {taskinstance.py:1571} INFO - Exporting the following env vars:
AIRFLOW_CTX_DAG_OWNER=airflow
AIRFLOW_CTX_DAG_ID=prepare_data
AIRFLOW_CTX_TASK_ID=get_last_id
AIRFLOW_CTX_EXECUTION_DATE=2022-12-15T16:54:00+00:00
AIRFLOW_CTX_TRY_NUMBER=1
AIRFLOW_CTX_DAG_RUN_ID=scheduled__2022-12-15T16:54:00+00:00
[2022-12-15 16:55:19,113] {base.py:68} INFO - Using connection ID 'gp_conn' for task execution.
[2022-12-15 16:55:19,193] {python.py:173} INFO - Done. Returned value was: None
[2022-12-15 16:55:19,217] {taskinstance.py:1400} INFO - Marking task as SUCCESS. dag_id=prepare_data, task_id=get_last_id, execution_date=20221215T165400, start_date=20221215T165518, end_date=20221215T165519
[2022-12-15 16:55:19,265] {local_task_job.py:156} INFO - Task exited with return code 0
[2022-12-15 16:55:19,327] {local_task_job.py:273} INFO - 1 downstream tasks scheduled from follow-on schedule check
[2022-12-16 07:59:30,683] {taskinstance.py:1159} INFO - Dependencies all met for <TaskInstance: prepare_data.get_last_id scheduled__2022-12-15T16:54:00+00:00 [None]>
[2022-12-16 07:59:36,595] {taskinstance.py:1159} INFO - Dependencies all met for <TaskInstance: prepare_data.get_last_id scheduled__2022-12-15T16:54:00+00:00 [None]>
[2022-12-16 07:59:36,791] {taskinstance.py:1356} INFO - 
--------------------------------------------------------------------------------
[2022-12-16 07:59:36,792] {taskinstance.py:1357} INFO - Starting attempt 1 of 1
[2022-12-16 07:59:36,792] {taskinstance.py:1358} INFO - 
--------------------------------------------------------------------------------
[2022-12-16 07:59:40,370] {taskinstance.py:1377} INFO - Executing <Task(PythonOperator): get_last_id> on 2022-12-15 16:54:00+00:00
[2022-12-16 07:59:41,573] {standard_task_runner.py:52} INFO - Started process 16607 to run task
[2022-12-16 07:59:42,814] {standard_task_runner.py:79} INFO - Running: ['airflow', 'tasks', 'run', 'prepare_data', 'get_last_id', 'scheduled__2022-12-15T16:54:00+00:00', '--job-id', '32', '--raw', '--subdir', 'DAGS_FOLDER/prepare_data.py', '--cfg-path', '/tmp/tmp8b76ha0e', '--error-file', '/tmp/tmp73spoop5']
[2022-12-16 07:59:42,815] {standard_task_runner.py:80} INFO - Job 32: Subtask get_last_id
[2022-12-16 07:59:56,553] {task_command.py:369} INFO - Running <TaskInstance: prepare_data.get_last_id scheduled__2022-12-15T16:54:00+00:00 [running]> on host 8e2f65ec4c74
[2022-12-16 08:00:18,866] {taskinstance.py:1571} INFO - Exporting the following env vars:
AIRFLOW_CTX_DAG_OWNER=airflow
AIRFLOW_CTX_DAG_ID=prepare_data
AIRFLOW_CTX_TASK_ID=get_last_id
AIRFLOW_CTX_EXECUTION_DATE=2022-12-15T16:54:00+00:00
AIRFLOW_CTX_TRY_NUMBER=1
AIRFLOW_CTX_DAG_RUN_ID=scheduled__2022-12-15T16:54:00+00:00
[2022-12-16 08:00:21,889] {base.py:68} INFO - Using connection ID 'gp_conn' for task execution.
[2022-12-16 08:00:49,013] {python.py:173} INFO - Done. Returned value was: None
[2022-12-16 08:00:52,262] {taskinstance.py:1400} INFO - Marking task as SUCCESS. dag_id=prepare_data, task_id=get_last_id, execution_date=20221215T165400, start_date=20221216T075931, end_date=20221216T080052
[2022-12-16 08:00:56,143] {local_task_job.py:156} INFO - Task exited with return code 0
[2022-12-16 08:01:00,953] {local_task_job.py:273} INFO - 1 downstream tasks scheduled from follow-on schedule check
