[2022-12-16 10:37:04,377] {taskinstance.py:1159} INFO - Dependencies all met for <TaskInstance: prepare_data.get_last_id scheduled__2022-12-15T20:10:00+00:00 [queued]>
[2022-12-16 10:37:04,719] {taskinstance.py:1159} INFO - Dependencies all met for <TaskInstance: prepare_data.get_last_id scheduled__2022-12-15T20:10:00+00:00 [queued]>
[2022-12-16 10:37:04,719] {taskinstance.py:1356} INFO - 
--------------------------------------------------------------------------------
[2022-12-16 10:37:04,719] {taskinstance.py:1357} INFO - Starting attempt 1 of 1
[2022-12-16 10:37:04,719] {taskinstance.py:1358} INFO - 
--------------------------------------------------------------------------------
[2022-12-16 10:37:05,058] {taskinstance.py:1377} INFO - Executing <Task(PythonOperator): get_last_id> on 2022-12-15 20:10:00+00:00
[2022-12-16 10:37:05,125] {standard_task_runner.py:52} INFO - Started process 1037 to run task
[2022-12-16 10:37:05,396] {standard_task_runner.py:79} INFO - Running: ['airflow', 'tasks', 'run', 'prepare_data', 'get_last_id', 'scheduled__2022-12-15T20:10:00+00:00', '--job-id', '636', '--raw', '--subdir', 'DAGS_FOLDER/prepare_data.py', '--cfg-path', '/tmp/tmp755fbsbp', '--error-file', '/tmp/tmppmj4z341']
[2022-12-16 10:37:05,398] {standard_task_runner.py:80} INFO - Job 636: Subtask get_last_id
[2022-12-16 10:37:07,060] {task_command.py:369} INFO - Running <TaskInstance: prepare_data.get_last_id scheduled__2022-12-15T20:10:00+00:00 [running]> on host 8e2f65ec4c74
[2022-12-16 10:37:08,536] {taskinstance.py:1571} INFO - Exporting the following env vars:
AIRFLOW_CTX_DAG_OWNER=airflow
AIRFLOW_CTX_DAG_ID=prepare_data
AIRFLOW_CTX_TASK_ID=get_last_id
AIRFLOW_CTX_EXECUTION_DATE=2022-12-15T20:10:00+00:00
AIRFLOW_CTX_TRY_NUMBER=1
AIRFLOW_CTX_DAG_RUN_ID=scheduled__2022-12-15T20:10:00+00:00
[2022-12-16 10:37:08,660] {base.py:68} INFO - Using connection ID 'gp_conn' for task execution.
[2022-12-16 10:37:09,071] {python.py:173} INFO - Done. Returned value was: None
[2022-12-16 10:37:09,570] {taskinstance.py:1400} INFO - Marking task as SUCCESS. dag_id=prepare_data, task_id=get_last_id, execution_date=20221215T201000, start_date=20221216T103704, end_date=20221216T103709
[2022-12-16 10:37:09,820] {local_task_job.py:156} INFO - Task exited with return code 0
[2022-12-16 10:37:10,563] {local_task_job.py:273} INFO - 1 downstream tasks scheduled from follow-on schedule check
