[2022-12-15 16:59:02,956] {taskinstance.py:1159} INFO - Dependencies all met for <TaskInstance: prepare_data.transfer_data scheduled__2022-12-15T16:58:00+00:00 [queued]>
[2022-12-15 16:59:02,973] {taskinstance.py:1159} INFO - Dependencies all met for <TaskInstance: prepare_data.transfer_data scheduled__2022-12-15T16:58:00+00:00 [queued]>
[2022-12-15 16:59:02,974] {taskinstance.py:1356} INFO - 
--------------------------------------------------------------------------------
[2022-12-15 16:59:02,975] {taskinstance.py:1357} INFO - Starting attempt 1 of 1
[2022-12-15 16:59:02,976] {taskinstance.py:1358} INFO - 
--------------------------------------------------------------------------------
[2022-12-15 16:59:03,001] {taskinstance.py:1377} INFO - Executing <Task(PythonOperator): transfer_data> on 2022-12-15 16:58:00+00:00
[2022-12-15 16:59:03,006] {standard_task_runner.py:52} INFO - Started process 286 to run task
[2022-12-15 16:59:03,011] {standard_task_runner.py:79} INFO - Running: ['airflow', 'tasks', 'run', 'prepare_data', 'transfer_data', 'scheduled__2022-12-15T16:58:00+00:00', '--job-id', '26', '--raw', '--subdir', 'DAGS_FOLDER/prepare_data.py', '--cfg-path', '/tmp/tmps4j5msg9', '--error-file', '/tmp/tmp_km2s2lj']
[2022-12-15 16:59:03,014] {standard_task_runner.py:80} INFO - Job 26: Subtask transfer_data
[2022-12-15 16:59:03,119] {task_command.py:369} INFO - Running <TaskInstance: prepare_data.transfer_data scheduled__2022-12-15T16:58:00+00:00 [running]> on host 39e562fe01ff
[2022-12-15 16:59:03,241] {taskinstance.py:1571} INFO - Exporting the following env vars:
AIRFLOW_CTX_DAG_OWNER=airflow
AIRFLOW_CTX_DAG_ID=prepare_data
AIRFLOW_CTX_TASK_ID=transfer_data
AIRFLOW_CTX_EXECUTION_DATE=2022-12-15T16:58:00+00:00
AIRFLOW_CTX_TRY_NUMBER=1
AIRFLOW_CTX_DAG_RUN_ID=scheduled__2022-12-15T16:58:00+00:00
[2022-12-15 16:59:03,259] {base.py:68} INFO - Using connection ID 'gp_conn' for task execution.
[2022-12-15 16:59:03,321] {python.py:173} INFO - Done. Returned value was: None
[2022-12-15 16:59:03,349] {taskinstance.py:1400} INFO - Marking task as SUCCESS. dag_id=prepare_data, task_id=transfer_data, execution_date=20221215T165800, start_date=20221215T165902, end_date=20221215T165903
[2022-12-15 16:59:03,386] {local_task_job.py:156} INFO - Task exited with return code 0
[2022-12-15 16:59:03,445] {local_task_job.py:273} INFO - 0 downstream tasks scheduled from follow-on schedule check
[2022-12-16 08:04:37,571] {taskinstance.py:1159} INFO - Dependencies all met for <TaskInstance: prepare_data.transfer_data scheduled__2022-12-15T16:58:00+00:00 [queued]>
[2022-12-16 08:04:49,590] {taskinstance.py:1159} INFO - Dependencies all met for <TaskInstance: prepare_data.transfer_data scheduled__2022-12-15T16:58:00+00:00 [queued]>
[2022-12-16 08:04:49,889] {taskinstance.py:1356} INFO - 
--------------------------------------------------------------------------------
[2022-12-16 08:04:49,889] {taskinstance.py:1357} INFO - Starting attempt 1 of 1
[2022-12-16 08:04:49,889] {taskinstance.py:1358} INFO - 
--------------------------------------------------------------------------------
[2022-12-16 08:04:54,007] {taskinstance.py:1377} INFO - Executing <Task(PythonOperator): transfer_data> on 2022-12-15 16:58:00+00:00
[2022-12-16 08:04:54,402] {standard_task_runner.py:52} INFO - Started process 16666 to run task
[2022-12-16 08:04:54,924] {standard_task_runner.py:79} INFO - Running: ['airflow', 'tasks', 'run', 'prepare_data', 'transfer_data', 'scheduled__2022-12-15T16:58:00+00:00', '--job-id', '53', '--raw', '--subdir', 'DAGS_FOLDER/prepare_data.py', '--cfg-path', '/tmp/tmp97t4r14n', '--error-file', '/tmp/tmp70fd11aq']
[2022-12-16 08:04:55,343] {standard_task_runner.py:80} INFO - Job 53: Subtask transfer_data
[2022-12-16 08:04:59,044] {task_command.py:369} INFO - Running <TaskInstance: prepare_data.transfer_data scheduled__2022-12-15T16:58:00+00:00 [running]> on host 8e2f65ec4c74
[2022-12-16 08:05:13,573] {taskinstance.py:1571} INFO - Exporting the following env vars:
AIRFLOW_CTX_DAG_OWNER=airflow
AIRFLOW_CTX_DAG_ID=prepare_data
AIRFLOW_CTX_TASK_ID=transfer_data
AIRFLOW_CTX_EXECUTION_DATE=2022-12-15T16:58:00+00:00
AIRFLOW_CTX_TRY_NUMBER=1
AIRFLOW_CTX_DAG_RUN_ID=scheduled__2022-12-15T16:58:00+00:00
[2022-12-16 08:05:25,342] {base.py:68} INFO - Using connection ID 'gp_conn' for task execution.
[2022-12-16 08:05:31,716] {python.py:173} INFO - Done. Returned value was: None
[2022-12-16 08:05:35,155] {taskinstance.py:1400} INFO - Marking task as SUCCESS. dag_id=prepare_data, task_id=transfer_data, execution_date=20221215T165800, start_date=20221216T080437, end_date=20221216T080535
[2022-12-16 08:05:38,984] {local_task_job.py:156} INFO - Task exited with return code 0
[2022-12-16 08:05:41,074] {local_task_job.py:273} INFO - 0 downstream tasks scheduled from follow-on schedule check
