[2022-12-16 10:58:54,615] {taskinstance.py:1159} INFO - Dependencies all met for <TaskInstance: prepare_data.create_table scheduled__2022-12-16T01:03:00+00:00 [queued]>
[2022-12-16 10:58:54,723] {taskinstance.py:1159} INFO - Dependencies all met for <TaskInstance: prepare_data.create_table scheduled__2022-12-16T01:03:00+00:00 [queued]>
[2022-12-16 10:58:54,731] {taskinstance.py:1356} INFO - 
--------------------------------------------------------------------------------
[2022-12-16 10:58:54,731] {taskinstance.py:1357} INFO - Starting attempt 1 of 1
[2022-12-16 10:58:54,731] {taskinstance.py:1358} INFO - 
--------------------------------------------------------------------------------
[2022-12-16 10:58:54,920] {taskinstance.py:1377} INFO - Executing <Task(PostgresOperator): create_table> on 2022-12-16 01:03:00+00:00
[2022-12-16 10:58:54,991] {standard_task_runner.py:52} INFO - Started process 3000 to run task
[2022-12-16 10:58:55,019] {standard_task_runner.py:79} INFO - Running: ['airflow', 'tasks', 'run', 'prepare_data', 'create_table', 'scheduled__2022-12-16T01:03:00+00:00', '--job-id', '1522', '--raw', '--subdir', 'DAGS_FOLDER/prepare_data.py', '--cfg-path', '/tmp/tmpabfnuv9i', '--error-file', '/tmp/tmpa41awvu0']
[2022-12-16 10:58:55,049] {standard_task_runner.py:80} INFO - Job 1522: Subtask create_table
[2022-12-16 10:58:56,325] {task_command.py:369} INFO - Running <TaskInstance: prepare_data.create_table scheduled__2022-12-16T01:03:00+00:00 [running]> on host 8e2f65ec4c74
[2022-12-16 10:58:58,484] {taskinstance.py:1571} INFO - Exporting the following env vars:
AIRFLOW_CTX_DAG_OWNER=airflow
AIRFLOW_CTX_DAG_ID=prepare_data
AIRFLOW_CTX_TASK_ID=create_table
AIRFLOW_CTX_EXECUTION_DATE=2022-12-16T01:03:00+00:00
AIRFLOW_CTX_TRY_NUMBER=1
AIRFLOW_CTX_DAG_RUN_ID=scheduled__2022-12-16T01:03:00+00:00
[2022-12-16 10:58:58,736] {base.py:68} INFO - Using connection ID 'gp_conn' for task execution.
[2022-12-16 10:58:58,785] {dbapi.py:208} INFO - Running statement: CREATE TABLE IF NOT EXISTS prepared_data (
	id SERIAL,
	sensor_id BIGINT,
	longitude FLOAT,
	latitude FLOAT,
	controller_id BIGINT,
	datetime TIMESTAMP WITH TIME ZONE,
	temperature INTEGER
);, parameters: None
[2022-12-16 10:58:58,824] {postgres.py:94} INFO - NOTICE:  relation "prepared_data" already exists, skipping

[2022-12-16 10:58:59,044] {taskinstance.py:1400} INFO - Marking task as SUCCESS. dag_id=prepare_data, task_id=create_table, execution_date=20221216T010300, start_date=20221216T105854, end_date=20221216T105859
[2022-12-16 10:58:59,367] {local_task_job.py:156} INFO - Task exited with return code 0
[2022-12-16 10:59:00,278] {local_task_job.py:273} INFO - 1 downstream tasks scheduled from follow-on schedule check
