[2022-12-12 18:25:09,813] {taskinstance.py:1159} INFO - Dependencies all met for <TaskInstance: prepare_data.get_last_id scheduled__2022-11-28T16:41:00+00:00 [queued]>
[2022-12-12 18:25:09,912] {taskinstance.py:1159} INFO - Dependencies all met for <TaskInstance: prepare_data.get_last_id scheduled__2022-11-28T16:41:00+00:00 [queued]>
[2022-12-12 18:25:09,920] {taskinstance.py:1356} INFO - 
--------------------------------------------------------------------------------
[2022-12-12 18:25:09,923] {taskinstance.py:1357} INFO - Starting attempt 1 of 1
[2022-12-12 18:25:09,925] {taskinstance.py:1358} INFO - 
--------------------------------------------------------------------------------
[2022-12-12 18:25:10,071] {taskinstance.py:1377} INFO - Executing <Task(PythonOperator): get_last_id> on 2022-11-28 16:41:00+00:00
[2022-12-12 18:25:10,079] {standard_task_runner.py:52} INFO - Started process 250 to run task
[2022-12-12 18:25:10,115] {standard_task_runner.py:79} INFO - Running: ['airflow', 'tasks', 'run', 'prepare_data', 'get_last_id', 'scheduled__2022-11-28T16:41:00+00:00', '--job-id', '19', '--raw', '--subdir', 'DAGS_FOLDER/prepare_data.py', '--cfg-path', '/tmp/tmpdwd695ye', '--error-file', '/tmp/tmp6gk3obq4']
[2022-12-12 18:25:10,137] {standard_task_runner.py:80} INFO - Job 19: Subtask get_last_id
[2022-12-12 18:25:10,624] {task_command.py:369} INFO - Running <TaskInstance: prepare_data.get_last_id scheduled__2022-11-28T16:41:00+00:00 [running]> on host a49e44ee4a94
[2022-12-12 18:25:11,276] {taskinstance.py:1571} INFO - Exporting the following env vars:
AIRFLOW_CTX_DAG_OWNER=airflow
AIRFLOW_CTX_DAG_ID=prepare_data
AIRFLOW_CTX_TASK_ID=get_last_id
AIRFLOW_CTX_EXECUTION_DATE=2022-11-28T16:41:00+00:00
AIRFLOW_CTX_TRY_NUMBER=1
AIRFLOW_CTX_DAG_RUN_ID=scheduled__2022-11-28T16:41:00+00:00
[2022-12-12 18:25:11,344] {base.py:68} INFO - Using connection ID 'postgres_default' for task execution.
[2022-12-12 18:25:11,450] {python.py:173} INFO - Done. Returned value was: None
[2022-12-12 18:25:11,505] {taskinstance.py:1400} INFO - Marking task as SUCCESS. dag_id=prepare_data, task_id=get_last_id, execution_date=20221128T164100, start_date=20221212T182509, end_date=20221212T182511
[2022-12-12 18:25:11,634] {local_task_job.py:156} INFO - Task exited with return code 0
[2022-12-12 18:25:12,080] {local_task_job.py:273} INFO - 0 downstream tasks scheduled from follow-on schedule check
[2022-12-12 18:38:23,688] {taskinstance.py:1159} INFO - Dependencies all met for <TaskInstance: prepare_data.get_last_id scheduled__2022-11-28T16:41:00+00:00 [queued]>
[2022-12-12 18:38:23,714] {taskinstance.py:1159} INFO - Dependencies all met for <TaskInstance: prepare_data.get_last_id scheduled__2022-11-28T16:41:00+00:00 [queued]>
[2022-12-12 18:38:23,717] {taskinstance.py:1356} INFO - 
--------------------------------------------------------------------------------
[2022-12-12 18:38:23,719] {taskinstance.py:1357} INFO - Starting attempt 1 of 1
[2022-12-12 18:38:23,721] {taskinstance.py:1358} INFO - 
--------------------------------------------------------------------------------
[2022-12-12 18:38:23,767] {taskinstance.py:1377} INFO - Executing <Task(PythonOperator): get_last_id> on 2022-11-28 16:41:00+00:00
[2022-12-12 18:38:23,777] {standard_task_runner.py:52} INFO - Started process 214 to run task
[2022-12-12 18:38:23,787] {standard_task_runner.py:79} INFO - Running: ['airflow', 'tasks', 'run', 'prepare_data', 'get_last_id', 'scheduled__2022-11-28T16:41:00+00:00', '--job-id', '11', '--raw', '--subdir', 'DAGS_FOLDER/prepare_data.py', '--cfg-path', '/tmp/tmp4ef36n4d', '--error-file', '/tmp/tmp9eal9zxj']
[2022-12-12 18:38:23,793] {standard_task_runner.py:80} INFO - Job 11: Subtask get_last_id
[2022-12-12 18:38:23,937] {task_command.py:369} INFO - Running <TaskInstance: prepare_data.get_last_id scheduled__2022-11-28T16:41:00+00:00 [running]> on host cfea470654c7
[2022-12-12 18:38:24,144] {taskinstance.py:1571} INFO - Exporting the following env vars:
AIRFLOW_CTX_DAG_OWNER=airflow
AIRFLOW_CTX_DAG_ID=prepare_data
AIRFLOW_CTX_TASK_ID=get_last_id
AIRFLOW_CTX_EXECUTION_DATE=2022-11-28T16:41:00+00:00
AIRFLOW_CTX_TRY_NUMBER=1
AIRFLOW_CTX_DAG_RUN_ID=scheduled__2022-11-28T16:41:00+00:00
[2022-12-12 18:38:24,202] {base.py:68} INFO - Using connection ID 'postgres_default' for task execution.
[2022-12-12 18:38:24,409] {python.py:173} INFO - Done. Returned value was: None
[2022-12-12 18:38:24,490] {taskinstance.py:1400} INFO - Marking task as SUCCESS. dag_id=prepare_data, task_id=get_last_id, execution_date=20221128T164100, start_date=20221212T183823, end_date=20221212T183824
[2022-12-12 18:38:24,578] {local_task_job.py:156} INFO - Task exited with return code 0
[2022-12-12 18:38:24,754] {local_task_job.py:273} INFO - 0 downstream tasks scheduled from follow-on schedule check
