[2022-12-16 10:37:10,800] {taskinstance.py:1159} INFO - Dependencies all met for <TaskInstance: prepare_data.get_last_id scheduled__2022-12-15T20:12:00+00:00 [queued]>
[2022-12-16 10:37:11,009] {taskinstance.py:1159} INFO - Dependencies all met for <TaskInstance: prepare_data.get_last_id scheduled__2022-12-15T20:12:00+00:00 [queued]>
[2022-12-16 10:37:11,009] {taskinstance.py:1356} INFO - 
--------------------------------------------------------------------------------
[2022-12-16 10:37:11,009] {taskinstance.py:1357} INFO - Starting attempt 1 of 1
[2022-12-16 10:37:11,009] {taskinstance.py:1358} INFO - 
--------------------------------------------------------------------------------
[2022-12-16 10:37:11,371] {taskinstance.py:1377} INFO - Executing <Task(PythonOperator): get_last_id> on 2022-12-15 20:12:00+00:00
[2022-12-16 10:37:11,424] {standard_task_runner.py:52} INFO - Started process 1048 to run task
[2022-12-16 10:37:11,485] {standard_task_runner.py:79} INFO - Running: ['airflow', 'tasks', 'run', 'prepare_data', 'get_last_id', 'scheduled__2022-12-15T20:12:00+00:00', '--job-id', '643', '--raw', '--subdir', 'DAGS_FOLDER/prepare_data.py', '--cfg-path', '/tmp/tmpmwrq3oj2', '--error-file', '/tmp/tmp9upxm18o']
[2022-12-16 10:37:11,486] {standard_task_runner.py:80} INFO - Job 643: Subtask get_last_id
[2022-12-16 10:37:13,227] {task_command.py:369} INFO - Running <TaskInstance: prepare_data.get_last_id scheduled__2022-12-15T20:12:00+00:00 [running]> on host 8e2f65ec4c74
[2022-12-16 10:37:16,439] {taskinstance.py:1571} INFO - Exporting the following env vars:
AIRFLOW_CTX_DAG_OWNER=airflow
AIRFLOW_CTX_DAG_ID=prepare_data
AIRFLOW_CTX_TASK_ID=get_last_id
AIRFLOW_CTX_EXECUTION_DATE=2022-12-15T20:12:00+00:00
AIRFLOW_CTX_TRY_NUMBER=1
AIRFLOW_CTX_DAG_RUN_ID=scheduled__2022-12-15T20:12:00+00:00
[2022-12-16 10:37:16,624] {base.py:68} INFO - Using connection ID 'gp_conn' for task execution.
[2022-12-16 10:37:17,210] {python.py:173} INFO - Done. Returned value was: None
[2022-12-16 10:37:17,354] {taskinstance.py:1400} INFO - Marking task as SUCCESS. dag_id=prepare_data, task_id=get_last_id, execution_date=20221215T201200, start_date=20221216T103710, end_date=20221216T103717
[2022-12-16 10:37:17,530] {local_task_job.py:156} INFO - Task exited with return code 0
[2022-12-16 10:37:18,581] {local_task_job.py:273} INFO - 0 downstream tasks scheduled from follow-on schedule check
