[2022-12-15 16:52:26,675] {taskinstance.py:1159} INFO - Dependencies all met for <TaskInstance: prepare_data.create_table scheduled__2022-12-15T16:51:00+00:00 [queued]>
[2022-12-15 16:52:26,694] {taskinstance.py:1159} INFO - Dependencies all met for <TaskInstance: prepare_data.create_table scheduled__2022-12-15T16:51:00+00:00 [queued]>
[2022-12-15 16:52:26,695] {taskinstance.py:1356} INFO - 
--------------------------------------------------------------------------------
[2022-12-15 16:52:26,696] {taskinstance.py:1357} INFO - Starting attempt 1 of 1
[2022-12-15 16:52:26,697] {taskinstance.py:1358} INFO - 
--------------------------------------------------------------------------------
[2022-12-15 16:52:26,722] {taskinstance.py:1377} INFO - Executing <Task(PostgresOperator): create_table> on 2022-12-15 16:51:00+00:00
[2022-12-15 16:52:26,728] {standard_task_runner.py:52} INFO - Started process 187 to run task
[2022-12-15 16:52:26,736] {standard_task_runner.py:79} INFO - Running: ['airflow', 'tasks', 'run', 'prepare_data', 'create_table', 'scheduled__2022-12-15T16:51:00+00:00', '--job-id', '9', '--raw', '--subdir', 'DAGS_FOLDER/prepare_data.py', '--cfg-path', '/tmp/tmp59822p13', '--error-file', '/tmp/tmp6ac3jqum']
[2022-12-15 16:52:26,738] {standard_task_runner.py:80} INFO - Job 9: Subtask create_table
[2022-12-15 16:52:26,855] {task_command.py:369} INFO - Running <TaskInstance: prepare_data.create_table scheduled__2022-12-15T16:51:00+00:00 [running]> on host 39e562fe01ff
[2022-12-15 16:52:27,043] {taskinstance.py:1571} INFO - Exporting the following env vars:
AIRFLOW_CTX_DAG_OWNER=airflow
AIRFLOW_CTX_DAG_ID=prepare_data
AIRFLOW_CTX_TASK_ID=create_table
AIRFLOW_CTX_EXECUTION_DATE=2022-12-15T16:51:00+00:00
AIRFLOW_CTX_TRY_NUMBER=1
AIRFLOW_CTX_DAG_RUN_ID=scheduled__2022-12-15T16:51:00+00:00
[2022-12-15 16:52:27,093] {taskinstance.py:1889} ERROR - Task failed with exception
Traceback (most recent call last):
  File "/home/airflow/.local/lib/python3.7/site-packages/airflow/providers/postgres/operators/postgres.py", line 92, in execute
    self.hook.run(self.sql, self.autocommit, parameters=self.parameters)
  File "/home/airflow/.local/lib/python3.7/site-packages/airflow/hooks/dbapi.py", line 181, in run
    with closing(self.get_conn()) as conn:
  File "/home/airflow/.local/lib/python3.7/site-packages/airflow/providers/postgres/hooks/postgres.py", line 86, in get_conn
    conn = deepcopy(self.connection or self.get_connection(conn_id))
  File "/home/airflow/.local/lib/python3.7/site-packages/airflow/hooks/base.py", line 67, in get_connection
    conn = Connection.get_connection_from_secrets(conn_id)
  File "/home/airflow/.local/lib/python3.7/site-packages/airflow/models/connection.py", line 430, in get_connection_from_secrets
    raise AirflowNotFoundException(f"The conn_id `{conn_id}` isn't defined")
airflow.exceptions.AirflowNotFoundException: The conn_id `postgres_default` isn't defined
[2022-12-15 16:52:27,103] {taskinstance.py:1400} INFO - Marking task as FAILED. dag_id=prepare_data, task_id=create_table, execution_date=20221215T165100, start_date=20221215T165226, end_date=20221215T165227
[2022-12-15 16:52:27,131] {standard_task_runner.py:97} ERROR - Failed to execute job 9 for task create_table (The conn_id `postgres_default` isn't defined; 187)
[2022-12-15 16:52:27,153] {local_task_job.py:156} INFO - Task exited with return code 1
[2022-12-15 16:52:27,249] {local_task_job.py:273} INFO - 0 downstream tasks scheduled from follow-on schedule check
[2022-12-16 07:50:30,616] {taskinstance.py:1159} INFO - Dependencies all met for <TaskInstance: prepare_data.create_table scheduled__2022-12-15T16:51:00+00:00 [queued]>
[2022-12-16 07:50:31,296] {taskinstance.py:1159} INFO - Dependencies all met for <TaskInstance: prepare_data.create_table scheduled__2022-12-15T16:51:00+00:00 [queued]>
[2022-12-16 07:50:31,328] {taskinstance.py:1356} INFO - 
--------------------------------------------------------------------------------
[2022-12-16 07:50:31,337] {taskinstance.py:1357} INFO - Starting attempt 1 of 1
[2022-12-16 07:50:31,338] {taskinstance.py:1358} INFO - 
--------------------------------------------------------------------------------
[2022-12-16 07:50:32,108] {taskinstance.py:1377} INFO - Executing <Task(PostgresOperator): create_table> on 2022-12-15 16:51:00+00:00
[2022-12-16 07:50:32,327] {standard_task_runner.py:52} INFO - Started process 16534 to run task
[2022-12-16 07:50:32,507] {standard_task_runner.py:79} INFO - Running: ['airflow', 'tasks', 'run', 'prepare_data', 'create_table', 'scheduled__2022-12-15T16:51:00+00:00', '--job-id', '9', '--raw', '--subdir', 'DAGS_FOLDER/prepare_data.py', '--cfg-path', '/tmp/tmplud9h8rc', '--error-file', '/tmp/tmp1mh9vo9d']
[2022-12-16 07:50:32,563] {standard_task_runner.py:80} INFO - Job 9: Subtask create_table
[2022-12-16 07:50:36,217] {task_command.py:369} INFO - Running <TaskInstance: prepare_data.create_table scheduled__2022-12-15T16:51:00+00:00 [running]> on host 8e2f65ec4c74
[2022-12-16 07:50:41,929] {taskinstance.py:1571} INFO - Exporting the following env vars:
AIRFLOW_CTX_DAG_OWNER=airflow
AIRFLOW_CTX_DAG_ID=prepare_data
AIRFLOW_CTX_TASK_ID=create_table
AIRFLOW_CTX_EXECUTION_DATE=2022-12-15T16:51:00+00:00
AIRFLOW_CTX_TRY_NUMBER=1
AIRFLOW_CTX_DAG_RUN_ID=scheduled__2022-12-15T16:51:00+00:00
[2022-12-16 07:50:42,264] {base.py:68} INFO - Using connection ID 'gp_conn' for task execution.
[2022-12-16 07:50:42,469] {dbapi.py:208} INFO - Running statement: CREATE TABLE IF NOT EXISTS prepared_data (
	id SERIAL,
	sensor_id BIGINT,
	longitude FLOAT,
	latitude FLOAT,
	controller_id BIGINT,
	datetime TIMESTAMP WITH TIME ZONE,
	temperature INTEGER
);, parameters: None
[2022-12-16 07:50:42,522] {postgres.py:94} INFO - NOTICE:  relation "prepared_data" already exists, skipping

[2022-12-16 07:50:44,561] {taskinstance.py:1400} INFO - Marking task as SUCCESS. dag_id=prepare_data, task_id=create_table, execution_date=20221215T165100, start_date=20221216T075030, end_date=20221216T075044
[2022-12-16 07:50:45,693] {local_task_job.py:156} INFO - Task exited with return code 0
[2022-12-16 07:50:48,496] {local_task_job.py:273} INFO - 1 downstream tasks scheduled from follow-on schedule check
