[2022-12-12 18:41:48,978] {taskinstance.py:1159} INFO - Dependencies all met for <TaskInstance: prepare_data.transfer_data scheduled__2022-11-28T18:59:00+00:00 [queued]>
[2022-12-12 18:41:49,041] {taskinstance.py:1159} INFO - Dependencies all met for <TaskInstance: prepare_data.transfer_data scheduled__2022-11-28T18:59:00+00:00 [queued]>
[2022-12-12 18:41:49,051] {taskinstance.py:1356} INFO - 
--------------------------------------------------------------------------------
[2022-12-12 18:41:49,052] {taskinstance.py:1357} INFO - Starting attempt 1 of 1
[2022-12-12 18:41:49,054] {taskinstance.py:1358} INFO - 
--------------------------------------------------------------------------------
[2022-12-12 18:41:49,133] {taskinstance.py:1377} INFO - Executing <Task(PythonOperator): transfer_data> on 2022-11-28 18:59:00+00:00
[2022-12-12 18:41:49,163] {standard_task_runner.py:52} INFO - Started process 1103 to run task
[2022-12-12 18:41:49,173] {standard_task_runner.py:79} INFO - Running: ['airflow', 'tasks', 'run', 'prepare_data', 'transfer_data', 'scheduled__2022-11-28T18:59:00+00:00', '--job-id', '437', '--raw', '--subdir', 'DAGS_FOLDER/prepare_data.py', '--cfg-path', '/tmp/tmpju50y9t_', '--error-file', '/tmp/tmpzehbju6j']
[2022-12-12 18:41:49,203] {standard_task_runner.py:80} INFO - Job 437: Subtask transfer_data
[2022-12-12 18:41:49,711] {task_command.py:369} INFO - Running <TaskInstance: prepare_data.transfer_data scheduled__2022-11-28T18:59:00+00:00 [running]> on host cfea470654c7
[2022-12-12 18:41:50,186] {taskinstance.py:1571} INFO - Exporting the following env vars:
AIRFLOW_CTX_DAG_OWNER=airflow
AIRFLOW_CTX_DAG_ID=prepare_data
AIRFLOW_CTX_TASK_ID=transfer_data
AIRFLOW_CTX_EXECUTION_DATE=2022-11-28T18:59:00+00:00
AIRFLOW_CTX_TRY_NUMBER=1
AIRFLOW_CTX_DAG_RUN_ID=scheduled__2022-11-28T18:59:00+00:00
[2022-12-12 18:41:50,239] {base.py:68} INFO - Using connection ID 'postgres_default' for task execution.
[2022-12-12 18:41:50,485] {python.py:173} INFO - Done. Returned value was: None
[2022-12-12 18:41:50,704] {taskinstance.py:1400} INFO - Marking task as SUCCESS. dag_id=prepare_data, task_id=transfer_data, execution_date=20221128T185900, start_date=20221212T184148, end_date=20221212T184150
[2022-12-12 18:41:50,870] {local_task_job.py:156} INFO - Task exited with return code 0
[2022-12-12 18:41:51,276] {local_task_job.py:273} INFO - 0 downstream tasks scheduled from follow-on schedule check
