[2022-12-16 10:40:38,924] {taskinstance.py:1159} INFO - Dependencies all met for <TaskInstance: prepare_data.create_table scheduled__2022-12-15T21:18:00+00:00 [queued]>
[2022-12-16 10:40:39,086] {taskinstance.py:1159} INFO - Dependencies all met for <TaskInstance: prepare_data.create_table scheduled__2022-12-15T21:18:00+00:00 [queued]>
[2022-12-16 10:40:39,086] {taskinstance.py:1356} INFO - 
--------------------------------------------------------------------------------
[2022-12-16 10:40:39,086] {taskinstance.py:1357} INFO - Starting attempt 1 of 1
[2022-12-16 10:40:39,087] {taskinstance.py:1358} INFO - 
--------------------------------------------------------------------------------
[2022-12-16 10:40:39,584] {taskinstance.py:1377} INFO - Executing <Task(PostgresOperator): create_table> on 2022-12-15 21:18:00+00:00
[2022-12-16 10:40:39,644] {standard_task_runner.py:52} INFO - Started process 1452 to run task
[2022-12-16 10:40:39,696] {standard_task_runner.py:79} INFO - Running: ['airflow', 'tasks', 'run', 'prepare_data', 'create_table', 'scheduled__2022-12-15T21:18:00+00:00', '--job-id', '829', '--raw', '--subdir', 'DAGS_FOLDER/prepare_data.py', '--cfg-path', '/tmp/tmpt7wh1d1r', '--error-file', '/tmp/tmp735k9bu5']
[2022-12-16 10:40:39,705] {standard_task_runner.py:80} INFO - Job 829: Subtask create_table
[2022-12-16 10:40:40,450] {task_command.py:369} INFO - Running <TaskInstance: prepare_data.create_table scheduled__2022-12-15T21:18:00+00:00 [running]> on host 8e2f65ec4c74
[2022-12-16 10:40:42,779] {taskinstance.py:1571} INFO - Exporting the following env vars:
AIRFLOW_CTX_DAG_OWNER=airflow
AIRFLOW_CTX_DAG_ID=prepare_data
AIRFLOW_CTX_TASK_ID=create_table
AIRFLOW_CTX_EXECUTION_DATE=2022-12-15T21:18:00+00:00
AIRFLOW_CTX_TRY_NUMBER=1
AIRFLOW_CTX_DAG_RUN_ID=scheduled__2022-12-15T21:18:00+00:00
[2022-12-16 10:40:42,899] {base.py:68} INFO - Using connection ID 'gp_conn' for task execution.
[2022-12-16 10:40:43,017] {dbapi.py:208} INFO - Running statement: CREATE TABLE IF NOT EXISTS prepared_data (
	id SERIAL,
	sensor_id BIGINT,
	longitude FLOAT,
	latitude FLOAT,
	controller_id BIGINT,
	datetime TIMESTAMP WITH TIME ZONE,
	temperature INTEGER
);, parameters: None
[2022-12-16 10:40:43,039] {postgres.py:94} INFO - NOTICE:  relation "prepared_data" already exists, skipping

[2022-12-16 10:40:43,480] {taskinstance.py:1400} INFO - Marking task as SUCCESS. dag_id=prepare_data, task_id=create_table, execution_date=20221215T211800, start_date=20221216T104038, end_date=20221216T104043
[2022-12-16 10:40:43,588] {local_task_job.py:156} INFO - Task exited with return code 0
[2022-12-16 10:40:44,686] {local_task_job.py:273} INFO - 1 downstream tasks scheduled from follow-on schedule check
