[2022-12-16 08:15:34,329] {taskinstance.py:1159} INFO - Dependencies all met for <TaskInstance: prepare_data.get_last_id scheduled__2022-12-15T17:40:00+00:00 [queued]>
[2022-12-16 08:15:34,490] {taskinstance.py:1159} INFO - Dependencies all met for <TaskInstance: prepare_data.get_last_id scheduled__2022-12-15T17:40:00+00:00 [queued]>
[2022-12-16 08:15:34,501] {taskinstance.py:1356} INFO - 
--------------------------------------------------------------------------------
[2022-12-16 08:15:34,502] {taskinstance.py:1357} INFO - Starting attempt 1 of 1
[2022-12-16 08:15:34,502] {taskinstance.py:1358} INFO - 
--------------------------------------------------------------------------------
[2022-12-16 08:15:34,963] {taskinstance.py:1377} INFO - Executing <Task(PythonOperator): get_last_id> on 2022-12-15 17:40:00+00:00
[2022-12-16 08:15:35,152] {standard_task_runner.py:52} INFO - Started process 16979 to run task
[2022-12-16 08:15:35,361] {standard_task_runner.py:79} INFO - Running: ['airflow', 'tasks', 'run', 'prepare_data', 'get_last_id', 'scheduled__2022-12-15T17:40:00+00:00', '--job-id', '175', '--raw', '--subdir', 'DAGS_FOLDER/prepare_data.py', '--cfg-path', '/tmp/tmpnm188hf_', '--error-file', '/tmp/tmputk5ka91']
[2022-12-16 08:15:35,415] {standard_task_runner.py:80} INFO - Job 175: Subtask get_last_id
[2022-12-16 08:15:36,650] {task_command.py:369} INFO - Running <TaskInstance: prepare_data.get_last_id scheduled__2022-12-15T17:40:00+00:00 [running]> on host 8e2f65ec4c74
[2022-12-16 08:15:38,341] {taskinstance.py:1571} INFO - Exporting the following env vars:
AIRFLOW_CTX_DAG_OWNER=airflow
AIRFLOW_CTX_DAG_ID=prepare_data
AIRFLOW_CTX_TASK_ID=get_last_id
AIRFLOW_CTX_EXECUTION_DATE=2022-12-15T17:40:00+00:00
AIRFLOW_CTX_TRY_NUMBER=1
AIRFLOW_CTX_DAG_RUN_ID=scheduled__2022-12-15T17:40:00+00:00
[2022-12-16 08:15:38,658] {base.py:68} INFO - Using connection ID 'gp_conn' for task execution.
[2022-12-16 08:15:39,091] {python.py:173} INFO - Done. Returned value was: None
[2022-12-16 08:15:39,371] {taskinstance.py:1400} INFO - Marking task as SUCCESS. dag_id=prepare_data, task_id=get_last_id, execution_date=20221215T174000, start_date=20221216T081534, end_date=20221216T081539
[2022-12-16 08:15:39,777] {local_task_job.py:156} INFO - Task exited with return code 0
[2022-12-16 08:15:40,762] {local_task_job.py:273} INFO - 0 downstream tasks scheduled from follow-on schedule check
