[2022-12-12 18:42:33,094] {taskinstance.py:1159} INFO - Dependencies all met for <TaskInstance: prepare_data.get_last_id scheduled__2022-11-28T19:43:00+00:00 [queued]>
[2022-12-12 18:42:33,188] {taskinstance.py:1159} INFO - Dependencies all met for <TaskInstance: prepare_data.get_last_id scheduled__2022-11-28T19:43:00+00:00 [queued]>
[2022-12-12 18:42:33,191] {taskinstance.py:1356} INFO - 
--------------------------------------------------------------------------------
[2022-12-12 18:42:33,194] {taskinstance.py:1357} INFO - Starting attempt 1 of 1
[2022-12-12 18:42:33,195] {taskinstance.py:1358} INFO - 
--------------------------------------------------------------------------------
[2022-12-12 18:42:33,460] {taskinstance.py:1377} INFO - Executing <Task(PythonOperator): get_last_id> on 2022-11-28 19:43:00+00:00
[2022-12-12 18:42:33,482] {standard_task_runner.py:52} INFO - Started process 1336 to run task
[2022-12-12 18:42:33,547] {standard_task_runner.py:79} INFO - Running: ['airflow', 'tasks', 'run', 'prepare_data', 'get_last_id', 'scheduled__2022-11-28T19:43:00+00:00', '--job-id', '549', '--raw', '--subdir', 'DAGS_FOLDER/prepare_data.py', '--cfg-path', '/tmp/tmpvm9f91mo', '--error-file', '/tmp/tmps_2zf46p']
[2022-12-12 18:42:33,579] {standard_task_runner.py:80} INFO - Job 549: Subtask get_last_id
[2022-12-12 18:42:34,070] {task_command.py:369} INFO - Running <TaskInstance: prepare_data.get_last_id scheduled__2022-11-28T19:43:00+00:00 [running]> on host cfea470654c7
[2022-12-12 18:42:34,849] {taskinstance.py:1571} INFO - Exporting the following env vars:
AIRFLOW_CTX_DAG_OWNER=airflow
AIRFLOW_CTX_DAG_ID=prepare_data
AIRFLOW_CTX_TASK_ID=get_last_id
AIRFLOW_CTX_EXECUTION_DATE=2022-11-28T19:43:00+00:00
AIRFLOW_CTX_TRY_NUMBER=1
AIRFLOW_CTX_DAG_RUN_ID=scheduled__2022-11-28T19:43:00+00:00
[2022-12-12 18:42:34,913] {base.py:68} INFO - Using connection ID 'postgres_default' for task execution.
[2022-12-12 18:42:35,054] {python.py:173} INFO - Done. Returned value was: None
[2022-12-12 18:42:35,396] {taskinstance.py:1400} INFO - Marking task as SUCCESS. dag_id=prepare_data, task_id=get_last_id, execution_date=20221128T194300, start_date=20221212T184233, end_date=20221212T184235
[2022-12-12 18:42:35,581] {local_task_job.py:156} INFO - Task exited with return code 0
[2022-12-12 18:42:36,008] {local_task_job.py:273} INFO - 0 downstream tasks scheduled from follow-on schedule check
