[2022-12-12 18:25:13,584] {taskinstance.py:1159} INFO - Dependencies all met for <TaskInstance: prepare_data.transfer_data scheduled__2022-11-28T16:41:00+00:00 [queued]>
[2022-12-12 18:25:13,656] {taskinstance.py:1159} INFO - Dependencies all met for <TaskInstance: prepare_data.transfer_data scheduled__2022-11-28T16:41:00+00:00 [queued]>
[2022-12-12 18:25:13,658] {taskinstance.py:1356} INFO - 
--------------------------------------------------------------------------------
[2022-12-12 18:25:13,659] {taskinstance.py:1357} INFO - Starting attempt 1 of 1
[2022-12-12 18:25:13,661] {taskinstance.py:1358} INFO - 
--------------------------------------------------------------------------------
[2022-12-12 18:25:13,742] {taskinstance.py:1377} INFO - Executing <Task(PythonOperator): transfer_data> on 2022-11-28 16:41:00+00:00
[2022-12-12 18:25:13,774] {standard_task_runner.py:52} INFO - Started process 271 to run task
[2022-12-12 18:25:13,795] {standard_task_runner.py:79} INFO - Running: ['airflow', 'tasks', 'run', 'prepare_data', 'transfer_data', 'scheduled__2022-11-28T16:41:00+00:00', '--job-id', '34', '--raw', '--subdir', 'DAGS_FOLDER/prepare_data.py', '--cfg-path', '/tmp/tmpxnj58eej', '--error-file', '/tmp/tmpuip2lmtw']
[2022-12-12 18:25:13,807] {standard_task_runner.py:80} INFO - Job 34: Subtask transfer_data
[2022-12-12 18:25:14,225] {task_command.py:369} INFO - Running <TaskInstance: prepare_data.transfer_data scheduled__2022-11-28T16:41:00+00:00 [running]> on host a49e44ee4a94
[2022-12-12 18:25:14,760] {taskinstance.py:1571} INFO - Exporting the following env vars:
AIRFLOW_CTX_DAG_OWNER=airflow
AIRFLOW_CTX_DAG_ID=prepare_data
AIRFLOW_CTX_TASK_ID=transfer_data
AIRFLOW_CTX_EXECUTION_DATE=2022-11-28T16:41:00+00:00
AIRFLOW_CTX_TRY_NUMBER=1
AIRFLOW_CTX_DAG_RUN_ID=scheduled__2022-11-28T16:41:00+00:00
[2022-12-12 18:25:14,956] {base.py:68} INFO - Using connection ID 'postgres_default' for task execution.
[2022-12-12 18:25:15,113] {python.py:173} INFO - Done. Returned value was: None
[2022-12-12 18:25:15,233] {taskinstance.py:1400} INFO - Marking task as SUCCESS. dag_id=prepare_data, task_id=transfer_data, execution_date=20221128T164100, start_date=20221212T182513, end_date=20221212T182515
[2022-12-12 18:25:15,342] {local_task_job.py:156} INFO - Task exited with return code 0
[2022-12-12 18:25:16,062] {local_task_job.py:273} INFO - 0 downstream tasks scheduled from follow-on schedule check
[2022-12-12 18:38:25,598] {taskinstance.py:1159} INFO - Dependencies all met for <TaskInstance: prepare_data.transfer_data scheduled__2022-11-28T16:41:00+00:00 [queued]>
[2022-12-12 18:38:25,672] {taskinstance.py:1159} INFO - Dependencies all met for <TaskInstance: prepare_data.transfer_data scheduled__2022-11-28T16:41:00+00:00 [queued]>
[2022-12-12 18:38:25,676] {taskinstance.py:1356} INFO - 
--------------------------------------------------------------------------------
[2022-12-12 18:38:25,678] {taskinstance.py:1357} INFO - Starting attempt 1 of 1
[2022-12-12 18:38:25,681] {taskinstance.py:1358} INFO - 
--------------------------------------------------------------------------------
[2022-12-12 18:38:25,736] {taskinstance.py:1377} INFO - Executing <Task(PythonOperator): transfer_data> on 2022-11-28 16:41:00+00:00
[2022-12-12 18:38:25,749] {standard_task_runner.py:52} INFO - Started process 220 to run task
[2022-12-12 18:38:25,777] {standard_task_runner.py:79} INFO - Running: ['airflow', 'tasks', 'run', 'prepare_data', 'transfer_data', 'scheduled__2022-11-28T16:41:00+00:00', '--job-id', '12', '--raw', '--subdir', 'DAGS_FOLDER/prepare_data.py', '--cfg-path', '/tmp/tmp7ye1ii2z', '--error-file', '/tmp/tmpx2xdl856']
[2022-12-12 18:38:25,787] {standard_task_runner.py:80} INFO - Job 12: Subtask transfer_data
[2022-12-12 18:38:26,012] {task_command.py:369} INFO - Running <TaskInstance: prepare_data.transfer_data scheduled__2022-11-28T16:41:00+00:00 [running]> on host cfea470654c7
[2022-12-12 18:38:26,663] {taskinstance.py:1571} INFO - Exporting the following env vars:
AIRFLOW_CTX_DAG_OWNER=airflow
AIRFLOW_CTX_DAG_ID=prepare_data
AIRFLOW_CTX_TASK_ID=transfer_data
AIRFLOW_CTX_EXECUTION_DATE=2022-11-28T16:41:00+00:00
AIRFLOW_CTX_TRY_NUMBER=1
AIRFLOW_CTX_DAG_RUN_ID=scheduled__2022-11-28T16:41:00+00:00
[2022-12-12 18:38:26,739] {base.py:68} INFO - Using connection ID 'postgres_default' for task execution.
[2022-12-12 18:38:26,900] {python.py:173} INFO - Done. Returned value was: None
[2022-12-12 18:38:27,032] {taskinstance.py:1400} INFO - Marking task as SUCCESS. dag_id=prepare_data, task_id=transfer_data, execution_date=20221128T164100, start_date=20221212T183825, end_date=20221212T183827
[2022-12-12 18:38:27,120] {local_task_job.py:156} INFO - Task exited with return code 0
[2022-12-12 18:38:27,448] {local_task_job.py:273} INFO - 0 downstream tasks scheduled from follow-on schedule check
