[2022-12-16 10:34:03,781] {taskinstance.py:1159} INFO - Dependencies all met for <TaskInstance: prepare_data.transfer_data scheduled__2022-12-15T19:28:00+00:00 [queued]>
[2022-12-16 10:34:04,420] {taskinstance.py:1159} INFO - Dependencies all met for <TaskInstance: prepare_data.transfer_data scheduled__2022-12-15T19:28:00+00:00 [queued]>
[2022-12-16 10:34:04,421] {taskinstance.py:1356} INFO - 
--------------------------------------------------------------------------------
[2022-12-16 10:34:04,421] {taskinstance.py:1357} INFO - Starting attempt 1 of 1
[2022-12-16 10:34:04,421] {taskinstance.py:1358} INFO - 
--------------------------------------------------------------------------------
[2022-12-16 10:34:04,940] {taskinstance.py:1377} INFO - Executing <Task(PythonOperator): transfer_data> on 2022-12-15 19:28:00+00:00
[2022-12-16 10:34:04,990] {standard_task_runner.py:52} INFO - Started process 781 to run task
[2022-12-16 10:34:05,138] {standard_task_runner.py:79} INFO - Running: ['airflow', 'tasks', 'run', 'prepare_data', 'transfer_data', 'scheduled__2022-12-15T19:28:00+00:00', '--job-id', '523', '--raw', '--subdir', 'DAGS_FOLDER/prepare_data.py', '--cfg-path', '/tmp/tmp3k83603x', '--error-file', '/tmp/tmp1ik4nqb5']
[2022-12-16 10:34:05,202] {standard_task_runner.py:80} INFO - Job 523: Subtask transfer_data
[2022-12-16 10:34:07,837] {task_command.py:369} INFO - Running <TaskInstance: prepare_data.transfer_data scheduled__2022-12-15T19:28:00+00:00 [running]> on host 8e2f65ec4c74
[2022-12-16 10:34:09,620] {taskinstance.py:1571} INFO - Exporting the following env vars:
AIRFLOW_CTX_DAG_OWNER=airflow
AIRFLOW_CTX_DAG_ID=prepare_data
AIRFLOW_CTX_TASK_ID=transfer_data
AIRFLOW_CTX_EXECUTION_DATE=2022-12-15T19:28:00+00:00
AIRFLOW_CTX_TRY_NUMBER=1
AIRFLOW_CTX_DAG_RUN_ID=scheduled__2022-12-15T19:28:00+00:00
[2022-12-16 10:34:09,769] {base.py:68} INFO - Using connection ID 'gp_conn' for task execution.
[2022-12-16 10:34:10,349] {python.py:173} INFO - Done. Returned value was: None
[2022-12-16 10:34:11,228] {taskinstance.py:1400} INFO - Marking task as SUCCESS. dag_id=prepare_data, task_id=transfer_data, execution_date=20221215T192800, start_date=20221216T103403, end_date=20221216T103411
[2022-12-16 10:34:11,847] {local_task_job.py:221} WARNING - State of this instance has been externally set to success. Terminating instance.
[2022-12-16 10:34:12,084] {process_utils.py:129} INFO - Sending Signals.SIGTERM to group 781. PIDs of all processes in the group: [781]
[2022-12-16 10:34:12,086] {process_utils.py:80} INFO - Sending the signal Signals.SIGTERM to group 781
[2022-12-16 10:34:12,094] {process_utils.py:75} INFO - Process psutil.Process(pid=781, status='terminated', exitcode=0, started='10:34:04') (781) terminated with exit code 0
