[2022-12-12 18:25:46,831] {taskinstance.py:1159} INFO - Dependencies all met for <TaskInstance: prepare_data.create_table scheduled__2022-11-28T17:12:00+00:00 [queued]>
[2022-12-12 18:25:46,967] {taskinstance.py:1159} INFO - Dependencies all met for <TaskInstance: prepare_data.create_table scheduled__2022-11-28T17:12:00+00:00 [queued]>
[2022-12-12 18:25:46,969] {taskinstance.py:1356} INFO - 
--------------------------------------------------------------------------------
[2022-12-12 18:25:46,970] {taskinstance.py:1357} INFO - Starting attempt 1 of 1
[2022-12-12 18:25:46,972] {taskinstance.py:1358} INFO - 
--------------------------------------------------------------------------------
[2022-12-12 18:25:47,215] {taskinstance.py:1377} INFO - Executing <Task(PostgresOperator): create_table> on 2022-11-28 17:12:00+00:00
[2022-12-12 18:25:47,234] {standard_task_runner.py:52} INFO - Started process 409 to run task
[2022-12-12 18:25:47,269] {standard_task_runner.py:79} INFO - Running: ['airflow', 'tasks', 'run', 'prepare_data', 'create_table', 'scheduled__2022-11-28T17:12:00+00:00', '--job-id', '98', '--raw', '--subdir', 'DAGS_FOLDER/prepare_data.py', '--cfg-path', '/tmp/tmph1lxa4jq', '--error-file', '/tmp/tmpm17o655x']
[2022-12-12 18:25:47,275] {standard_task_runner.py:80} INFO - Job 98: Subtask create_table
[2022-12-12 18:25:47,636] {task_command.py:369} INFO - Running <TaskInstance: prepare_data.create_table scheduled__2022-11-28T17:12:00+00:00 [running]> on host a49e44ee4a94
[2022-12-12 18:25:48,829] {taskinstance.py:1571} INFO - Exporting the following env vars:
AIRFLOW_CTX_DAG_OWNER=airflow
AIRFLOW_CTX_DAG_ID=prepare_data
AIRFLOW_CTX_TASK_ID=create_table
AIRFLOW_CTX_EXECUTION_DATE=2022-11-28T17:12:00+00:00
AIRFLOW_CTX_TRY_NUMBER=1
AIRFLOW_CTX_DAG_RUN_ID=scheduled__2022-11-28T17:12:00+00:00
[2022-12-12 18:25:48,893] {base.py:68} INFO - Using connection ID 'postgres_default' for task execution.
[2022-12-12 18:25:48,913] {dbapi.py:208} INFO - Running statement: CREATE TABLE IF NOT EXISTS prepared_data (
	id SERIAL,
	sensor_id BIGINT,
	longitude FLOAT,
	latitude FLOAT,
	controller_id BIGINT,
	datetime TIMESTAMP WITH TIME ZONE,
	temperature INTEGER
);, parameters: None
[2022-12-12 18:25:48,924] {postgres.py:94} INFO - NOTICE:  relation "prepared_data" already exists, skipping

[2022-12-12 18:25:49,229] {taskinstance.py:1400} INFO - Marking task as SUCCESS. dag_id=prepare_data, task_id=create_table, execution_date=20221128T171200, start_date=20221212T182546, end_date=20221212T182549
[2022-12-12 18:25:49,513] {local_task_job.py:156} INFO - Task exited with return code 0
[2022-12-12 18:25:50,393] {local_task_job.py:273} INFO - 1 downstream tasks scheduled from follow-on schedule check
[2022-12-12 18:39:08,343] {taskinstance.py:1159} INFO - Dependencies all met for <TaskInstance: prepare_data.create_table scheduled__2022-11-28T17:12:00+00:00 [queued]>
[2022-12-12 18:39:08,600] {taskinstance.py:1159} INFO - Dependencies all met for <TaskInstance: prepare_data.create_table scheduled__2022-11-28T17:12:00+00:00 [queued]>
[2022-12-12 18:39:08,620] {taskinstance.py:1356} INFO - 
--------------------------------------------------------------------------------
[2022-12-12 18:39:08,625] {taskinstance.py:1357} INFO - Starting attempt 1 of 1
[2022-12-12 18:39:08,633] {taskinstance.py:1358} INFO - 
--------------------------------------------------------------------------------
[2022-12-12 18:39:09,089] {taskinstance.py:1377} INFO - Executing <Task(PostgresOperator): create_table> on 2022-11-28 17:12:00+00:00
[2022-12-12 18:39:09,125] {standard_task_runner.py:52} INFO - Started process 389 to run task
[2022-12-12 18:39:09,155] {standard_task_runner.py:79} INFO - Running: ['airflow', 'tasks', 'run', 'prepare_data', 'create_table', 'scheduled__2022-11-28T17:12:00+00:00', '--job-id', '89', '--raw', '--subdir', 'DAGS_FOLDER/prepare_data.py', '--cfg-path', '/tmp/tmpckcil17l', '--error-file', '/tmp/tmppw1hmep2']
[2022-12-12 18:39:09,176] {standard_task_runner.py:80} INFO - Job 89: Subtask create_table
[2022-12-12 18:39:09,702] {task_command.py:369} INFO - Running <TaskInstance: prepare_data.create_table scheduled__2022-11-28T17:12:00+00:00 [running]> on host cfea470654c7
[2022-12-12 18:39:10,824] {taskinstance.py:1571} INFO - Exporting the following env vars:
AIRFLOW_CTX_DAG_OWNER=airflow
AIRFLOW_CTX_DAG_ID=prepare_data
AIRFLOW_CTX_TASK_ID=create_table
AIRFLOW_CTX_EXECUTION_DATE=2022-11-28T17:12:00+00:00
AIRFLOW_CTX_TRY_NUMBER=1
AIRFLOW_CTX_DAG_RUN_ID=scheduled__2022-11-28T17:12:00+00:00
[2022-12-12 18:39:11,060] {base.py:68} INFO - Using connection ID 'postgres_default' for task execution.
[2022-12-12 18:39:11,098] {dbapi.py:208} INFO - Running statement: CREATE TABLE IF NOT EXISTS prepared_data (
	id SERIAL,
	sensor_id BIGINT,
	longitude FLOAT,
	latitude FLOAT,
	controller_id BIGINT,
	datetime TIMESTAMP WITH TIME ZONE,
	temperature INTEGER
);, parameters: None
[2022-12-12 18:39:11,109] {postgres.py:94} INFO - NOTICE:  relation "prepared_data" already exists, skipping

[2022-12-12 18:39:11,279] {taskinstance.py:1400} INFO - Marking task as SUCCESS. dag_id=prepare_data, task_id=create_table, execution_date=20221128T171200, start_date=20221212T183908, end_date=20221212T183911
[2022-12-12 18:39:11,365] {local_task_job.py:156} INFO - Task exited with return code 0
[2022-12-12 18:39:11,611] {local_task_job.py:273} INFO - 1 downstream tasks scheduled from follow-on schedule check
