[2022-12-12 18:25:08,475] {taskinstance.py:1159} INFO - Dependencies all met for <TaskInstance: prepare_data.get_last_id scheduled__2022-11-28T16:38:00+00:00 [queued]>
[2022-12-12 18:25:08,649] {taskinstance.py:1159} INFO - Dependencies all met for <TaskInstance: prepare_data.get_last_id scheduled__2022-11-28T16:38:00+00:00 [queued]>
[2022-12-12 18:25:08,651] {taskinstance.py:1356} INFO - 
--------------------------------------------------------------------------------
[2022-12-12 18:25:08,653] {taskinstance.py:1357} INFO - Starting attempt 1 of 1
[2022-12-12 18:25:08,663] {taskinstance.py:1358} INFO - 
--------------------------------------------------------------------------------
[2022-12-12 18:25:08,753] {taskinstance.py:1377} INFO - Executing <Task(PythonOperator): get_last_id> on 2022-11-28 16:38:00+00:00
[2022-12-12 18:25:08,782] {standard_task_runner.py:52} INFO - Started process 244 to run task
[2022-12-12 18:25:08,809] {standard_task_runner.py:79} INFO - Running: ['airflow', 'tasks', 'run', 'prepare_data', 'get_last_id', 'scheduled__2022-11-28T16:38:00+00:00', '--job-id', '16', '--raw', '--subdir', 'DAGS_FOLDER/prepare_data.py', '--cfg-path', '/tmp/tmpitbu8ejj', '--error-file', '/tmp/tmpbirduihm']
[2022-12-12 18:25:08,813] {standard_task_runner.py:80} INFO - Job 16: Subtask get_last_id
[2022-12-12 18:25:09,251] {task_command.py:369} INFO - Running <TaskInstance: prepare_data.get_last_id scheduled__2022-11-28T16:38:00+00:00 [running]> on host a49e44ee4a94
[2022-12-12 18:25:09,709] {taskinstance.py:1571} INFO - Exporting the following env vars:
AIRFLOW_CTX_DAG_OWNER=airflow
AIRFLOW_CTX_DAG_ID=prepare_data
AIRFLOW_CTX_TASK_ID=get_last_id
AIRFLOW_CTX_EXECUTION_DATE=2022-11-28T16:38:00+00:00
AIRFLOW_CTX_TRY_NUMBER=1
AIRFLOW_CTX_DAG_RUN_ID=scheduled__2022-11-28T16:38:00+00:00
[2022-12-12 18:25:09,785] {base.py:68} INFO - Using connection ID 'postgres_default' for task execution.
[2022-12-12 18:25:10,023] {python.py:173} INFO - Done. Returned value was: None
[2022-12-12 18:25:10,392] {taskinstance.py:1400} INFO - Marking task as SUCCESS. dag_id=prepare_data, task_id=get_last_id, execution_date=20221128T163800, start_date=20221212T182508, end_date=20221212T182510
[2022-12-12 18:25:10,644] {local_task_job.py:156} INFO - Task exited with return code 0
[2022-12-12 18:25:11,032] {local_task_job.py:273} INFO - 1 downstream tasks scheduled from follow-on schedule check
