[2022-12-12 18:25:26,618] {taskinstance.py:1159} INFO - Dependencies all met for <TaskInstance: prepare_data.transfer_data scheduled__2022-11-28T16:50:00+00:00 [queued]>
[2022-12-12 18:25:26,767] {taskinstance.py:1159} INFO - Dependencies all met for <TaskInstance: prepare_data.transfer_data scheduled__2022-11-28T16:50:00+00:00 [queued]>
[2022-12-12 18:25:26,773] {taskinstance.py:1356} INFO - 
--------------------------------------------------------------------------------
[2022-12-12 18:25:26,777] {taskinstance.py:1357} INFO - Starting attempt 1 of 1
[2022-12-12 18:25:26,782] {taskinstance.py:1358} INFO - 
--------------------------------------------------------------------------------
[2022-12-12 18:25:26,930] {taskinstance.py:1377} INFO - Executing <Task(PythonOperator): transfer_data> on 2022-11-28 16:50:00+00:00
[2022-12-12 18:25:26,937] {standard_task_runner.py:52} INFO - Started process 334 to run task
[2022-12-12 18:25:26,956] {standard_task_runner.py:79} INFO - Running: ['airflow', 'tasks', 'run', 'prepare_data', 'transfer_data', 'scheduled__2022-11-28T16:50:00+00:00', '--job-id', '62', '--raw', '--subdir', 'DAGS_FOLDER/prepare_data.py', '--cfg-path', '/tmp/tmpbp63isqg', '--error-file', '/tmp/tmpz38mkbq7']
[2022-12-12 18:25:26,970] {standard_task_runner.py:80} INFO - Job 62: Subtask transfer_data
[2022-12-12 18:25:27,368] {task_command.py:369} INFO - Running <TaskInstance: prepare_data.transfer_data scheduled__2022-11-28T16:50:00+00:00 [running]> on host a49e44ee4a94
[2022-12-12 18:25:28,262] {taskinstance.py:1571} INFO - Exporting the following env vars:
AIRFLOW_CTX_DAG_OWNER=airflow
AIRFLOW_CTX_DAG_ID=prepare_data
AIRFLOW_CTX_TASK_ID=transfer_data
AIRFLOW_CTX_EXECUTION_DATE=2022-11-28T16:50:00+00:00
AIRFLOW_CTX_TRY_NUMBER=1
AIRFLOW_CTX_DAG_RUN_ID=scheduled__2022-11-28T16:50:00+00:00
[2022-12-12 18:25:28,325] {base.py:68} INFO - Using connection ID 'postgres_default' for task execution.
[2022-12-12 18:25:28,401] {python.py:173} INFO - Done. Returned value was: None
[2022-12-12 18:25:28,476] {taskinstance.py:1400} INFO - Marking task as SUCCESS. dag_id=prepare_data, task_id=transfer_data, execution_date=20221128T165000, start_date=20221212T182526, end_date=20221212T182528
[2022-12-12 18:25:28,626] {local_task_job.py:156} INFO - Task exited with return code 0
[2022-12-12 18:25:28,880] {local_task_job.py:273} INFO - 0 downstream tasks scheduled from follow-on schedule check
[2022-12-12 18:38:42,474] {taskinstance.py:1159} INFO - Dependencies all met for <TaskInstance: prepare_data.transfer_data scheduled__2022-11-28T16:50:00+00:00 [queued]>
[2022-12-12 18:38:42,502] {taskinstance.py:1159} INFO - Dependencies all met for <TaskInstance: prepare_data.transfer_data scheduled__2022-11-28T16:50:00+00:00 [queued]>
[2022-12-12 18:38:42,509] {taskinstance.py:1356} INFO - 
--------------------------------------------------------------------------------
[2022-12-12 18:38:42,511] {taskinstance.py:1357} INFO - Starting attempt 1 of 1
[2022-12-12 18:38:42,512] {taskinstance.py:1358} INFO - 
--------------------------------------------------------------------------------
[2022-12-12 18:38:42,587] {taskinstance.py:1377} INFO - Executing <Task(PythonOperator): transfer_data> on 2022-11-28 16:50:00+00:00
[2022-12-12 18:38:42,612] {standard_task_runner.py:52} INFO - Started process 289 to run task
[2022-12-12 18:38:42,641] {standard_task_runner.py:79} INFO - Running: ['airflow', 'tasks', 'run', 'prepare_data', 'transfer_data', 'scheduled__2022-11-28T16:50:00+00:00', '--job-id', '45', '--raw', '--subdir', 'DAGS_FOLDER/prepare_data.py', '--cfg-path', '/tmp/tmplqwp24zj', '--error-file', '/tmp/tmpml0ptdli']
[2022-12-12 18:38:42,657] {standard_task_runner.py:80} INFO - Job 45: Subtask transfer_data
[2022-12-12 18:38:43,174] {task_command.py:369} INFO - Running <TaskInstance: prepare_data.transfer_data scheduled__2022-11-28T16:50:00+00:00 [running]> on host cfea470654c7
[2022-12-12 18:38:43,491] {taskinstance.py:1571} INFO - Exporting the following env vars:
AIRFLOW_CTX_DAG_OWNER=airflow
AIRFLOW_CTX_DAG_ID=prepare_data
AIRFLOW_CTX_TASK_ID=transfer_data
AIRFLOW_CTX_EXECUTION_DATE=2022-11-28T16:50:00+00:00
AIRFLOW_CTX_TRY_NUMBER=1
AIRFLOW_CTX_DAG_RUN_ID=scheduled__2022-11-28T16:50:00+00:00
[2022-12-12 18:38:43,563] {base.py:68} INFO - Using connection ID 'postgres_default' for task execution.
[2022-12-12 18:38:43,621] {python.py:173} INFO - Done. Returned value was: None
[2022-12-12 18:38:43,663] {taskinstance.py:1400} INFO - Marking task as SUCCESS. dag_id=prepare_data, task_id=transfer_data, execution_date=20221128T165000, start_date=20221212T183842, end_date=20221212T183843
[2022-12-12 18:38:43,785] {local_task_job.py:156} INFO - Task exited with return code 0
[2022-12-12 18:38:44,148] {local_task_job.py:273} INFO - 0 downstream tasks scheduled from follow-on schedule check
