[2022-12-12 18:25:22,153] {taskinstance.py:1159} INFO - Dependencies all met for <TaskInstance: prepare_data.create_table scheduled__2022-11-28T16:55:00+00:00 [queued]>
[2022-12-12 18:25:22,246] {taskinstance.py:1159} INFO - Dependencies all met for <TaskInstance: prepare_data.create_table scheduled__2022-11-28T16:55:00+00:00 [queued]>
[2022-12-12 18:25:22,249] {taskinstance.py:1356} INFO - 
--------------------------------------------------------------------------------
[2022-12-12 18:25:22,251] {taskinstance.py:1357} INFO - Starting attempt 1 of 1
[2022-12-12 18:25:22,253] {taskinstance.py:1358} INFO - 
--------------------------------------------------------------------------------
[2022-12-12 18:25:22,352] {taskinstance.py:1377} INFO - Executing <Task(PostgresOperator): create_table> on 2022-11-28 16:55:00+00:00
[2022-12-12 18:25:22,361] {standard_task_runner.py:52} INFO - Started process 305 to run task
[2022-12-12 18:25:22,377] {standard_task_runner.py:79} INFO - Running: ['airflow', 'tasks', 'run', 'prepare_data', 'create_table', 'scheduled__2022-11-28T16:55:00+00:00', '--job-id', '48', '--raw', '--subdir', 'DAGS_FOLDER/prepare_data.py', '--cfg-path', '/tmp/tmp0lzny766', '--error-file', '/tmp/tmp0svdkcjy']
[2022-12-12 18:25:22,381] {standard_task_runner.py:80} INFO - Job 48: Subtask create_table
[2022-12-12 18:25:22,685] {task_command.py:369} INFO - Running <TaskInstance: prepare_data.create_table scheduled__2022-11-28T16:55:00+00:00 [running]> on host a49e44ee4a94
[2022-12-12 18:25:23,508] {taskinstance.py:1571} INFO - Exporting the following env vars:
AIRFLOW_CTX_DAG_OWNER=airflow
AIRFLOW_CTX_DAG_ID=prepare_data
AIRFLOW_CTX_TASK_ID=create_table
AIRFLOW_CTX_EXECUTION_DATE=2022-11-28T16:55:00+00:00
AIRFLOW_CTX_TRY_NUMBER=1
AIRFLOW_CTX_DAG_RUN_ID=scheduled__2022-11-28T16:55:00+00:00
[2022-12-12 18:25:23,595] {base.py:68} INFO - Using connection ID 'postgres_default' for task execution.
[2022-12-12 18:25:23,620] {dbapi.py:208} INFO - Running statement: CREATE TABLE IF NOT EXISTS prepared_data (
	id SERIAL,
	sensor_id BIGINT,
	longitude FLOAT,
	latitude FLOAT,
	controller_id BIGINT,
	datetime TIMESTAMP WITH TIME ZONE,
	temperature INTEGER
);, parameters: None
[2022-12-12 18:25:23,623] {postgres.py:94} INFO - NOTICE:  relation "prepared_data" already exists, skipping

[2022-12-12 18:25:24,003] {taskinstance.py:1400} INFO - Marking task as SUCCESS. dag_id=prepare_data, task_id=create_table, execution_date=20221128T165500, start_date=20221212T182522, end_date=20221212T182524
[2022-12-12 18:25:24,188] {local_task_job.py:156} INFO - Task exited with return code 0
[2022-12-12 18:25:24,636] {local_task_job.py:273} INFO - 1 downstream tasks scheduled from follow-on schedule check
[2022-12-12 18:38:38,658] {taskinstance.py:1159} INFO - Dependencies all met for <TaskInstance: prepare_data.create_table scheduled__2022-11-28T16:55:00+00:00 [queued]>
[2022-12-12 18:38:38,760] {taskinstance.py:1159} INFO - Dependencies all met for <TaskInstance: prepare_data.create_table scheduled__2022-11-28T16:55:00+00:00 [queued]>
[2022-12-12 18:38:38,765] {taskinstance.py:1356} INFO - 
--------------------------------------------------------------------------------
[2022-12-12 18:38:38,766] {taskinstance.py:1357} INFO - Starting attempt 1 of 1
[2022-12-12 18:38:38,768] {taskinstance.py:1358} INFO - 
--------------------------------------------------------------------------------
[2022-12-12 18:38:39,150] {taskinstance.py:1377} INFO - Executing <Task(PostgresOperator): create_table> on 2022-11-28 16:55:00+00:00
[2022-12-12 18:38:39,161] {standard_task_runner.py:52} INFO - Started process 277 to run task
[2022-12-12 18:38:39,202] {standard_task_runner.py:79} INFO - Running: ['airflow', 'tasks', 'run', 'prepare_data', 'create_table', 'scheduled__2022-11-28T16:55:00+00:00', '--job-id', '39', '--raw', '--subdir', 'DAGS_FOLDER/prepare_data.py', '--cfg-path', '/tmp/tmpucmys8sp', '--error-file', '/tmp/tmp8u0enj4v']
[2022-12-12 18:38:39,275] {standard_task_runner.py:80} INFO - Job 39: Subtask create_table
[2022-12-12 18:38:39,732] {task_command.py:369} INFO - Running <TaskInstance: prepare_data.create_table scheduled__2022-11-28T16:55:00+00:00 [running]> on host cfea470654c7
[2022-12-12 18:38:40,508] {taskinstance.py:1571} INFO - Exporting the following env vars:
AIRFLOW_CTX_DAG_OWNER=airflow
AIRFLOW_CTX_DAG_ID=prepare_data
AIRFLOW_CTX_TASK_ID=create_table
AIRFLOW_CTX_EXECUTION_DATE=2022-11-28T16:55:00+00:00
AIRFLOW_CTX_TRY_NUMBER=1
AIRFLOW_CTX_DAG_RUN_ID=scheduled__2022-11-28T16:55:00+00:00
[2022-12-12 18:38:40,573] {base.py:68} INFO - Using connection ID 'postgres_default' for task execution.
[2022-12-12 18:38:40,588] {dbapi.py:208} INFO - Running statement: CREATE TABLE IF NOT EXISTS prepared_data (
	id SERIAL,
	sensor_id BIGINT,
	longitude FLOAT,
	latitude FLOAT,
	controller_id BIGINT,
	datetime TIMESTAMP WITH TIME ZONE,
	temperature INTEGER
);, parameters: None
[2022-12-12 18:38:40,594] {postgres.py:94} INFO - NOTICE:  relation "prepared_data" already exists, skipping

[2022-12-12 18:38:40,672] {taskinstance.py:1400} INFO - Marking task as SUCCESS. dag_id=prepare_data, task_id=create_table, execution_date=20221128T165500, start_date=20221212T183838, end_date=20221212T183840
[2022-12-12 18:38:40,790] {local_task_job.py:156} INFO - Task exited with return code 0
[2022-12-12 18:38:41,118] {local_task_job.py:273} INFO - 1 downstream tasks scheduled from follow-on schedule check
