[2022-12-12 18:39:32,614] {taskinstance.py:1159} INFO - Dependencies all met for <TaskInstance: prepare_data.get_last_id scheduled__2022-11-28T17:23:00+00:00 [queued]>
[2022-12-12 18:39:32,797] {taskinstance.py:1159} INFO - Dependencies all met for <TaskInstance: prepare_data.get_last_id scheduled__2022-11-28T17:23:00+00:00 [queued]>
[2022-12-12 18:39:32,808] {taskinstance.py:1356} INFO - 
--------------------------------------------------------------------------------
[2022-12-12 18:39:32,810] {taskinstance.py:1357} INFO - Starting attempt 1 of 1
[2022-12-12 18:39:32,814] {taskinstance.py:1358} INFO - 
--------------------------------------------------------------------------------
[2022-12-12 18:39:33,113] {taskinstance.py:1377} INFO - Executing <Task(PythonOperator): get_last_id> on 2022-11-28 17:23:00+00:00
[2022-12-12 18:39:33,165] {standard_task_runner.py:52} INFO - Started process 475 to run task
[2022-12-12 18:39:33,217] {standard_task_runner.py:79} INFO - Running: ['airflow', 'tasks', 'run', 'prepare_data', 'get_last_id', 'scheduled__2022-11-28T17:23:00+00:00', '--job-id', '133', '--raw', '--subdir', 'DAGS_FOLDER/prepare_data.py', '--cfg-path', '/tmp/tmp4xkpxqye', '--error-file', '/tmp/tmpkrcj98v0']
[2022-12-12 18:39:33,221] {standard_task_runner.py:80} INFO - Job 133: Subtask get_last_id
[2022-12-12 18:39:33,676] {task_command.py:369} INFO - Running <TaskInstance: prepare_data.get_last_id scheduled__2022-11-28T17:23:00+00:00 [running]> on host cfea470654c7
[2022-12-12 18:39:34,461] {taskinstance.py:1571} INFO - Exporting the following env vars:
AIRFLOW_CTX_DAG_OWNER=airflow
AIRFLOW_CTX_DAG_ID=prepare_data
AIRFLOW_CTX_TASK_ID=get_last_id
AIRFLOW_CTX_EXECUTION_DATE=2022-11-28T17:23:00+00:00
AIRFLOW_CTX_TRY_NUMBER=1
AIRFLOW_CTX_DAG_RUN_ID=scheduled__2022-11-28T17:23:00+00:00
[2022-12-12 18:39:34,548] {base.py:68} INFO - Using connection ID 'postgres_default' for task execution.
[2022-12-12 18:39:34,643] {python.py:173} INFO - Done. Returned value was: None
[2022-12-12 18:39:34,737] {taskinstance.py:1400} INFO - Marking task as SUCCESS. dag_id=prepare_data, task_id=get_last_id, execution_date=20221128T172300, start_date=20221212T183932, end_date=20221212T183934
[2022-12-12 18:39:34,841] {local_task_job.py:156} INFO - Task exited with return code 0
[2022-12-12 18:39:35,098] {local_task_job.py:273} INFO - 1 downstream tasks scheduled from follow-on schedule check
