[2022-12-16 08:20:20,779] {taskinstance.py:1159} INFO - Dependencies all met for <TaskInstance: prepare_data.get_last_id scheduled__2022-12-15T17:59:00+00:00 [queued]>
[2022-12-16 08:20:23,153] {taskinstance.py:1159} INFO - Dependencies all met for <TaskInstance: prepare_data.get_last_id scheduled__2022-12-15T17:59:00+00:00 [queued]>
[2022-12-16 08:20:23,176] {taskinstance.py:1356} INFO - 
--------------------------------------------------------------------------------
[2022-12-16 08:20:23,176] {taskinstance.py:1357} INFO - Starting attempt 1 of 1
[2022-12-16 08:20:23,176] {taskinstance.py:1358} INFO - 
--------------------------------------------------------------------------------
[2022-12-16 08:20:25,805] {taskinstance.py:1377} INFO - Executing <Task(PythonOperator): get_last_id> on 2022-12-15 17:59:00+00:00
[2022-12-16 08:20:26,020] {standard_task_runner.py:52} INFO - Started process 17115 to run task
[2022-12-16 08:20:26,199] {standard_task_runner.py:79} INFO - Running: ['airflow', 'tasks', 'run', 'prepare_data', 'get_last_id', 'scheduled__2022-12-15T17:59:00+00:00', '--job-id', '227', '--raw', '--subdir', 'DAGS_FOLDER/prepare_data.py', '--cfg-path', '/tmp/tmpwjn13gjo', '--error-file', '/tmp/tmpmp1gq2sv']
[2022-12-16 08:20:26,290] {standard_task_runner.py:80} INFO - Job 227: Subtask get_last_id
[2022-12-16 08:20:28,937] {task_command.py:369} INFO - Running <TaskInstance: prepare_data.get_last_id scheduled__2022-12-15T17:59:00+00:00 [running]> on host 8e2f65ec4c74
[2022-12-16 08:21:32,268] {taskinstance.py:1571} INFO - Exporting the following env vars:
AIRFLOW_CTX_DAG_OWNER=airflow
AIRFLOW_CTX_DAG_ID=prepare_data
AIRFLOW_CTX_TASK_ID=get_last_id
AIRFLOW_CTX_EXECUTION_DATE=2022-12-15T17:59:00+00:00
AIRFLOW_CTX_TRY_NUMBER=1
AIRFLOW_CTX_DAG_RUN_ID=scheduled__2022-12-15T17:59:00+00:00
[2022-12-16 08:21:44,498] {base.py:68} INFO - Using connection ID 'gp_conn' for task execution.
