[2022-12-16 10:57:56,636] {taskinstance.py:1159} INFO - Dependencies all met for <TaskInstance: prepare_data.transfer_data scheduled__2022-12-16T00:53:00+00:00 [queued]>
[2022-12-16 10:57:57,608] {taskinstance.py:1159} INFO - Dependencies all met for <TaskInstance: prepare_data.transfer_data scheduled__2022-12-16T00:53:00+00:00 [queued]>
[2022-12-16 10:57:57,650] {taskinstance.py:1356} INFO - 
--------------------------------------------------------------------------------
[2022-12-16 10:57:57,650] {taskinstance.py:1357} INFO - Starting attempt 1 of 1
[2022-12-16 10:57:57,666] {taskinstance.py:1358} INFO - 
--------------------------------------------------------------------------------
[2022-12-16 10:57:58,865] {taskinstance.py:1377} INFO - Executing <Task(PythonOperator): transfer_data> on 2022-12-16 00:53:00+00:00
[2022-12-16 10:57:59,074] {standard_task_runner.py:52} INFO - Started process 2951 to run task
[2022-12-16 10:57:59,257] {standard_task_runner.py:79} INFO - Running: ['airflow', 'tasks', 'run', 'prepare_data', 'transfer_data', 'scheduled__2022-12-16T00:53:00+00:00', '--job-id', '1502', '--raw', '--subdir', 'DAGS_FOLDER/prepare_data.py', '--cfg-path', '/tmp/tmpjedbmzrk', '--error-file', '/tmp/tmpcj1jakf6']
[2022-12-16 10:57:59,486] {standard_task_runner.py:80} INFO - Job 1502: Subtask transfer_data
[2022-12-16 10:58:04,184] {task_command.py:369} INFO - Running <TaskInstance: prepare_data.transfer_data scheduled__2022-12-16T00:53:00+00:00 [running]> on host 8e2f65ec4c74
[2022-12-16 10:58:11,239] {taskinstance.py:1571} INFO - Exporting the following env vars:
AIRFLOW_CTX_DAG_OWNER=airflow
AIRFLOW_CTX_DAG_ID=prepare_data
AIRFLOW_CTX_TASK_ID=transfer_data
AIRFLOW_CTX_EXECUTION_DATE=2022-12-16T00:53:00+00:00
AIRFLOW_CTX_TRY_NUMBER=1
AIRFLOW_CTX_DAG_RUN_ID=scheduled__2022-12-16T00:53:00+00:00
[2022-12-16 10:58:11,792] {base.py:68} INFO - Using connection ID 'gp_conn' for task execution.
[2022-12-16 10:58:12,820] {python.py:173} INFO - Done. Returned value was: None
[2022-12-16 10:58:14,107] {taskinstance.py:1400} INFO - Marking task as SUCCESS. dag_id=prepare_data, task_id=transfer_data, execution_date=20221216T005300, start_date=20221216T105756, end_date=20221216T105814
[2022-12-16 10:58:14,611] {local_task_job.py:156} INFO - Task exited with return code 0
[2022-12-16 10:58:15,847] {local_task_job.py:273} INFO - 0 downstream tasks scheduled from follow-on schedule check
