[2022-12-12 18:42:56,556] {taskinstance.py:1159} INFO - Dependencies all met for <TaskInstance: prepare_data.transfer_data scheduled__2022-11-28T19:53:00+00:00 [queued]>
[2022-12-12 18:42:57,118] {taskinstance.py:1159} INFO - Dependencies all met for <TaskInstance: prepare_data.transfer_data scheduled__2022-11-28T19:53:00+00:00 [queued]>
[2022-12-12 18:42:57,169] {taskinstance.py:1356} INFO - 
--------------------------------------------------------------------------------
[2022-12-12 18:42:57,186] {taskinstance.py:1357} INFO - Starting attempt 1 of 1
[2022-12-12 18:42:57,210] {taskinstance.py:1358} INFO - 
--------------------------------------------------------------------------------
[2022-12-12 18:42:57,616] {taskinstance.py:1377} INFO - Executing <Task(PythonOperator): transfer_data> on 2022-11-28 19:53:00+00:00
[2022-12-12 18:42:57,713] {standard_task_runner.py:52} INFO - Started process 1445 to run task
[2022-12-12 18:42:57,750] {standard_task_runner.py:79} INFO - Running: ['airflow', 'tasks', 'run', 'prepare_data', 'transfer_data', 'scheduled__2022-11-28T19:53:00+00:00', '--job-id', '603', '--raw', '--subdir', 'DAGS_FOLDER/prepare_data.py', '--cfg-path', '/tmp/tmpddxuhs43', '--error-file', '/tmp/tmp51pc4s0f']
[2022-12-12 18:42:57,762] {standard_task_runner.py:80} INFO - Job 603: Subtask transfer_data
[2022-12-12 18:42:58,183] {task_command.py:369} INFO - Running <TaskInstance: prepare_data.transfer_data scheduled__2022-11-28T19:53:00+00:00 [running]> on host cfea470654c7
[2022-12-12 18:42:59,154] {taskinstance.py:1571} INFO - Exporting the following env vars:
AIRFLOW_CTX_DAG_OWNER=airflow
AIRFLOW_CTX_DAG_ID=prepare_data
AIRFLOW_CTX_TASK_ID=transfer_data
AIRFLOW_CTX_EXECUTION_DATE=2022-11-28T19:53:00+00:00
AIRFLOW_CTX_TRY_NUMBER=1
AIRFLOW_CTX_DAG_RUN_ID=scheduled__2022-11-28T19:53:00+00:00
[2022-12-12 18:42:59,210] {base.py:68} INFO - Using connection ID 'postgres_default' for task execution.
[2022-12-12 18:42:59,682] {python.py:173} INFO - Done. Returned value was: None
[2022-12-12 18:43:00,105] {taskinstance.py:1400} INFO - Marking task as SUCCESS. dag_id=prepare_data, task_id=transfer_data, execution_date=20221128T195300, start_date=20221212T184256, end_date=20221212T184300
[2022-12-12 18:43:00,269] {local_task_job.py:156} INFO - Task exited with return code 0
[2022-12-12 18:43:01,150] {local_task_job.py:273} INFO - 0 downstream tasks scheduled from follow-on schedule check
