[2022-12-12 18:25:43,675] {taskinstance.py:1159} INFO - Dependencies all met for <TaskInstance: prepare_data.create_table scheduled__2022-11-28T17:07:00+00:00 [queued]>
[2022-12-12 18:25:43,771] {taskinstance.py:1159} INFO - Dependencies all met for <TaskInstance: prepare_data.create_table scheduled__2022-11-28T17:07:00+00:00 [queued]>
[2022-12-12 18:25:43,780] {taskinstance.py:1356} INFO - 
--------------------------------------------------------------------------------
[2022-12-12 18:25:43,786] {taskinstance.py:1357} INFO - Starting attempt 1 of 1
[2022-12-12 18:25:43,822] {taskinstance.py:1358} INFO - 
--------------------------------------------------------------------------------
[2022-12-12 18:25:44,007] {taskinstance.py:1377} INFO - Executing <Task(PostgresOperator): create_table> on 2022-11-28 17:07:00+00:00
[2022-12-12 18:25:44,019] {standard_task_runner.py:52} INFO - Started process 395 to run task
[2022-12-12 18:25:44,039] {standard_task_runner.py:79} INFO - Running: ['airflow', 'tasks', 'run', 'prepare_data', 'create_table', 'scheduled__2022-11-28T17:07:00+00:00', '--job-id', '92', '--raw', '--subdir', 'DAGS_FOLDER/prepare_data.py', '--cfg-path', '/tmp/tmp7_3t9quu', '--error-file', '/tmp/tmpfi82qmjg']
[2022-12-12 18:25:44,049] {standard_task_runner.py:80} INFO - Job 92: Subtask create_table
[2022-12-12 18:25:44,451] {task_command.py:369} INFO - Running <TaskInstance: prepare_data.create_table scheduled__2022-11-28T17:07:00+00:00 [running]> on host a49e44ee4a94
[2022-12-12 18:25:44,824] {taskinstance.py:1571} INFO - Exporting the following env vars:
AIRFLOW_CTX_DAG_OWNER=airflow
AIRFLOW_CTX_DAG_ID=prepare_data
AIRFLOW_CTX_TASK_ID=create_table
AIRFLOW_CTX_EXECUTION_DATE=2022-11-28T17:07:00+00:00
AIRFLOW_CTX_TRY_NUMBER=1
AIRFLOW_CTX_DAG_RUN_ID=scheduled__2022-11-28T17:07:00+00:00
[2022-12-12 18:25:44,915] {base.py:68} INFO - Using connection ID 'postgres_default' for task execution.
[2022-12-12 18:25:44,939] {dbapi.py:208} INFO - Running statement: CREATE TABLE IF NOT EXISTS prepared_data (
	id SERIAL,
	sensor_id BIGINT,
	longitude FLOAT,
	latitude FLOAT,
	controller_id BIGINT,
	datetime TIMESTAMP WITH TIME ZONE,
	temperature INTEGER
);, parameters: None
[2022-12-12 18:25:44,942] {postgres.py:94} INFO - NOTICE:  relation "prepared_data" already exists, skipping

[2022-12-12 18:25:45,149] {taskinstance.py:1400} INFO - Marking task as SUCCESS. dag_id=prepare_data, task_id=create_table, execution_date=20221128T170700, start_date=20221212T182543, end_date=20221212T182545
[2022-12-12 18:25:45,261] {local_task_job.py:156} INFO - Task exited with return code 0
[2022-12-12 18:25:45,695] {local_task_job.py:273} INFO - 1 downstream tasks scheduled from follow-on schedule check
[2022-12-12 18:38:57,196] {taskinstance.py:1159} INFO - Dependencies all met for <TaskInstance: prepare_data.create_table scheduled__2022-11-28T17:07:00+00:00 [queued]>
[2022-12-12 18:38:57,344] {taskinstance.py:1159} INFO - Dependencies all met for <TaskInstance: prepare_data.create_table scheduled__2022-11-28T17:07:00+00:00 [queued]>
[2022-12-12 18:38:57,357] {taskinstance.py:1356} INFO - 
--------------------------------------------------------------------------------
[2022-12-12 18:38:57,361] {taskinstance.py:1357} INFO - Starting attempt 1 of 1
[2022-12-12 18:38:57,365] {taskinstance.py:1358} INFO - 
--------------------------------------------------------------------------------
[2022-12-12 18:38:57,441] {taskinstance.py:1377} INFO - Executing <Task(PostgresOperator): create_table> on 2022-11-28 17:07:00+00:00
[2022-12-12 18:38:57,467] {standard_task_runner.py:52} INFO - Started process 342 to run task
[2022-12-12 18:38:57,501] {standard_task_runner.py:79} INFO - Running: ['airflow', 'tasks', 'run', 'prepare_data', 'create_table', 'scheduled__2022-11-28T17:07:00+00:00', '--job-id', '74', '--raw', '--subdir', 'DAGS_FOLDER/prepare_data.py', '--cfg-path', '/tmp/tmpfdubtgaf', '--error-file', '/tmp/tmpf___1x7t']
[2022-12-12 18:38:57,541] {standard_task_runner.py:80} INFO - Job 74: Subtask create_table
[2022-12-12 18:38:58,520] {task_command.py:369} INFO - Running <TaskInstance: prepare_data.create_table scheduled__2022-11-28T17:07:00+00:00 [running]> on host cfea470654c7
[2022-12-12 18:38:59,152] {taskinstance.py:1571} INFO - Exporting the following env vars:
AIRFLOW_CTX_DAG_OWNER=airflow
AIRFLOW_CTX_DAG_ID=prepare_data
AIRFLOW_CTX_TASK_ID=create_table
AIRFLOW_CTX_EXECUTION_DATE=2022-11-28T17:07:00+00:00
AIRFLOW_CTX_TRY_NUMBER=1
AIRFLOW_CTX_DAG_RUN_ID=scheduled__2022-11-28T17:07:00+00:00
[2022-12-12 18:38:59,265] {base.py:68} INFO - Using connection ID 'postgres_default' for task execution.
[2022-12-12 18:38:59,383] {dbapi.py:208} INFO - Running statement: CREATE TABLE IF NOT EXISTS prepared_data (
	id SERIAL,
	sensor_id BIGINT,
	longitude FLOAT,
	latitude FLOAT,
	controller_id BIGINT,
	datetime TIMESTAMP WITH TIME ZONE,
	temperature INTEGER
);, parameters: None
[2022-12-12 18:38:59,406] {postgres.py:94} INFO - NOTICE:  relation "prepared_data" already exists, skipping

[2022-12-12 18:38:59,676] {taskinstance.py:1400} INFO - Marking task as SUCCESS. dag_id=prepare_data, task_id=create_table, execution_date=20221128T170700, start_date=20221212T183857, end_date=20221212T183859
[2022-12-12 18:39:00,208] {local_task_job.py:156} INFO - Task exited with return code 0
[2022-12-12 18:39:01,271] {local_task_job.py:273} INFO - 0 downstream tasks scheduled from follow-on schedule check
