[2022-12-16 10:45:18,582] {taskinstance.py:1159} INFO - Dependencies all met for <TaskInstance: prepare_data.transfer_data scheduled__2022-12-15T22:30:00+00:00 [queued]>
[2022-12-16 10:45:18,846] {taskinstance.py:1159} INFO - Dependencies all met for <TaskInstance: prepare_data.transfer_data scheduled__2022-12-15T22:30:00+00:00 [queued]>
[2022-12-16 10:45:18,846] {taskinstance.py:1356} INFO - 
--------------------------------------------------------------------------------
[2022-12-16 10:45:18,846] {taskinstance.py:1357} INFO - Starting attempt 1 of 1
[2022-12-16 10:45:18,846] {taskinstance.py:1358} INFO - 
--------------------------------------------------------------------------------
[2022-12-16 10:45:19,344] {taskinstance.py:1377} INFO - Executing <Task(PythonOperator): transfer_data> on 2022-12-15 22:30:00+00:00
[2022-12-16 10:45:19,436] {standard_task_runner.py:52} INFO - Started process 1984 to run task
[2022-12-16 10:45:19,551] {standard_task_runner.py:79} INFO - Running: ['airflow', 'tasks', 'run', 'prepare_data', 'transfer_data', 'scheduled__2022-12-15T22:30:00+00:00', '--job-id', '1072', '--raw', '--subdir', 'DAGS_FOLDER/prepare_data.py', '--cfg-path', '/tmp/tmpnln1nws1', '--error-file', '/tmp/tmp5mtl1__y']
[2022-12-16 10:45:19,608] {standard_task_runner.py:80} INFO - Job 1072: Subtask transfer_data
[2022-12-16 10:45:20,367] {task_command.py:369} INFO - Running <TaskInstance: prepare_data.transfer_data scheduled__2022-12-15T22:30:00+00:00 [running]> on host 8e2f65ec4c74
[2022-12-16 10:45:21,593] {taskinstance.py:1571} INFO - Exporting the following env vars:
AIRFLOW_CTX_DAG_OWNER=airflow
AIRFLOW_CTX_DAG_ID=prepare_data
AIRFLOW_CTX_TASK_ID=transfer_data
AIRFLOW_CTX_EXECUTION_DATE=2022-12-15T22:30:00+00:00
AIRFLOW_CTX_TRY_NUMBER=1
AIRFLOW_CTX_DAG_RUN_ID=scheduled__2022-12-15T22:30:00+00:00
[2022-12-16 10:45:21,795] {base.py:68} INFO - Using connection ID 'gp_conn' for task execution.
[2022-12-16 10:45:22,155] {python.py:173} INFO - Done. Returned value was: None
[2022-12-16 10:45:22,852] {taskinstance.py:1400} INFO - Marking task as SUCCESS. dag_id=prepare_data, task_id=transfer_data, execution_date=20221215T223000, start_date=20221216T104518, end_date=20221216T104522
[2022-12-16 10:45:23,056] {local_task_job.py:156} INFO - Task exited with return code 0
[2022-12-16 10:45:23,448] {local_task_job.py:273} INFO - 0 downstream tasks scheduled from follow-on schedule check
