[2022-12-12 18:42:22,298] {taskinstance.py:1159} INFO - Dependencies all met for <TaskInstance: prepare_data.get_last_id scheduled__2022-11-28T19:32:00+00:00 [queued]>
[2022-12-12 18:42:22,344] {taskinstance.py:1159} INFO - Dependencies all met for <TaskInstance: prepare_data.get_last_id scheduled__2022-11-28T19:32:00+00:00 [queued]>
[2022-12-12 18:42:22,347] {taskinstance.py:1356} INFO - 
--------------------------------------------------------------------------------
[2022-12-12 18:42:22,358] {taskinstance.py:1357} INFO - Starting attempt 1 of 1
[2022-12-12 18:42:22,361] {taskinstance.py:1358} INFO - 
--------------------------------------------------------------------------------
[2022-12-12 18:42:22,407] {taskinstance.py:1377} INFO - Executing <Task(PythonOperator): get_last_id> on 2022-11-28 19:32:00+00:00
[2022-12-12 18:42:22,425] {standard_task_runner.py:52} INFO - Started process 1282 to run task
[2022-12-12 18:42:22,442] {standard_task_runner.py:79} INFO - Running: ['airflow', 'tasks', 'run', 'prepare_data', 'get_last_id', 'scheduled__2022-11-28T19:32:00+00:00', '--job-id', '525', '--raw', '--subdir', 'DAGS_FOLDER/prepare_data.py', '--cfg-path', '/tmp/tmpi6prjeq2', '--error-file', '/tmp/tmp59xix8rs']
[2022-12-12 18:42:22,446] {standard_task_runner.py:80} INFO - Job 525: Subtask get_last_id
[2022-12-12 18:42:22,608] {task_command.py:369} INFO - Running <TaskInstance: prepare_data.get_last_id scheduled__2022-11-28T19:32:00+00:00 [running]> on host cfea470654c7
[2022-12-12 18:42:22,822] {taskinstance.py:1571} INFO - Exporting the following env vars:
AIRFLOW_CTX_DAG_OWNER=airflow
AIRFLOW_CTX_DAG_ID=prepare_data
AIRFLOW_CTX_TASK_ID=get_last_id
AIRFLOW_CTX_EXECUTION_DATE=2022-11-28T19:32:00+00:00
AIRFLOW_CTX_TRY_NUMBER=1
AIRFLOW_CTX_DAG_RUN_ID=scheduled__2022-11-28T19:32:00+00:00
[2022-12-12 18:42:22,846] {base.py:68} INFO - Using connection ID 'postgres_default' for task execution.
[2022-12-12 18:42:22,906] {python.py:173} INFO - Done. Returned value was: None
[2022-12-12 18:42:22,951] {taskinstance.py:1400} INFO - Marking task as SUCCESS. dag_id=prepare_data, task_id=get_last_id, execution_date=20221128T193200, start_date=20221212T184222, end_date=20221212T184222
[2022-12-12 18:42:23,014] {local_task_job.py:156} INFO - Task exited with return code 0
[2022-12-12 18:42:23,152] {local_task_job.py:273} INFO - 1 downstream tasks scheduled from follow-on schedule check
