[2022-12-12 18:44:03,753] {taskinstance.py:1159} INFO - Dependencies all met for <TaskInstance: prepare_data.get_last_id scheduled__2022-11-28T20:41:00+00:00 [queued]>
[2022-12-12 18:44:03,914] {taskinstance.py:1159} INFO - Dependencies all met for <TaskInstance: prepare_data.get_last_id scheduled__2022-11-28T20:41:00+00:00 [queued]>
[2022-12-12 18:44:03,917] {taskinstance.py:1356} INFO - 
--------------------------------------------------------------------------------
[2022-12-12 18:44:03,921] {taskinstance.py:1357} INFO - Starting attempt 1 of 1
[2022-12-12 18:44:03,928] {taskinstance.py:1358} INFO - 
--------------------------------------------------------------------------------
[2022-12-12 18:44:04,430] {local_task_job.py:84} ERROR - Received SIGTERM. Terminating subprocesses
[2022-12-12 18:44:04,440] {local_task_job.py:156} INFO - Task exited with return code 143
[2022-12-12 21:09:10,536] {taskinstance.py:1159} INFO - Dependencies all met for <TaskInstance: prepare_data.get_last_id scheduled__2022-11-28T20:41:00+00:00 [queued]>
[2022-12-12 21:09:10,764] {taskinstance.py:1159} INFO - Dependencies all met for <TaskInstance: prepare_data.get_last_id scheduled__2022-11-28T20:41:00+00:00 [queued]>
[2022-12-12 21:09:10,790] {taskinstance.py:1356} INFO - 
--------------------------------------------------------------------------------
[2022-12-12 21:09:10,792] {taskinstance.py:1357} INFO - Starting attempt 1 of 1
[2022-12-12 21:09:10,828] {taskinstance.py:1358} INFO - 
--------------------------------------------------------------------------------
[2022-12-12 21:09:11,559] {taskinstance.py:1377} INFO - Executing <Task(PythonOperator): get_last_id> on 2022-11-28 20:41:00+00:00
[2022-12-12 21:09:11,817] {standard_task_runner.py:52} INFO - Started process 214 to run task
[2022-12-12 21:09:11,874] {standard_task_runner.py:79} INFO - Running: ['airflow', 'tasks', 'run', 'prepare_data', 'get_last_id', 'scheduled__2022-11-28T20:41:00+00:00', '--job-id', '743', '--raw', '--subdir', 'DAGS_FOLDER/prepare_data.py', '--cfg-path', '/tmp/tmpv00x65g3', '--error-file', '/tmp/tmpy6ug3ubn']
[2022-12-12 21:09:11,888] {standard_task_runner.py:80} INFO - Job 743: Subtask get_last_id
[2022-12-12 21:09:13,047] {task_command.py:369} INFO - Running <TaskInstance: prepare_data.get_last_id scheduled__2022-11-28T20:41:00+00:00 [running]> on host cfea470654c7
[2022-12-12 21:09:15,690] {taskinstance.py:1571} INFO - Exporting the following env vars:
AIRFLOW_CTX_DAG_OWNER=airflow
AIRFLOW_CTX_DAG_ID=prepare_data
AIRFLOW_CTX_TASK_ID=get_last_id
AIRFLOW_CTX_EXECUTION_DATE=2022-11-28T20:41:00+00:00
AIRFLOW_CTX_TRY_NUMBER=1
AIRFLOW_CTX_DAG_RUN_ID=scheduled__2022-11-28T20:41:00+00:00
[2022-12-12 21:09:16,017] {base.py:68} INFO - Using connection ID 'postgres_default' for task execution.
[2022-12-12 21:09:16,736] {python.py:173} INFO - Done. Returned value was: None
[2022-12-12 21:09:17,428] {taskinstance.py:1400} INFO - Marking task as SUCCESS. dag_id=prepare_data, task_id=get_last_id, execution_date=20221128T204100, start_date=20221212T210910, end_date=20221212T210917
[2022-12-12 21:09:17,838] {local_task_job.py:156} INFO - Task exited with return code 0
[2022-12-12 21:09:18,491] {local_task_job.py:273} INFO - 1 downstream tasks scheduled from follow-on schedule check
