[2022-12-12 18:25:13,493] {taskinstance.py:1159} INFO - Dependencies all met for <TaskInstance: prepare_data.transfer_data scheduled__2022-11-28T16:40:00+00:00 [queued]>
[2022-12-12 18:25:13,561] {taskinstance.py:1159} INFO - Dependencies all met for <TaskInstance: prepare_data.transfer_data scheduled__2022-11-28T16:40:00+00:00 [queued]>
[2022-12-12 18:25:13,565] {taskinstance.py:1356} INFO - 
--------------------------------------------------------------------------------
[2022-12-12 18:25:13,566] {taskinstance.py:1357} INFO - Starting attempt 1 of 1
[2022-12-12 18:25:13,568] {taskinstance.py:1358} INFO - 
--------------------------------------------------------------------------------
[2022-12-12 18:25:13,666] {taskinstance.py:1377} INFO - Executing <Task(PythonOperator): transfer_data> on 2022-11-28 16:40:00+00:00
[2022-12-12 18:25:13,717] {standard_task_runner.py:52} INFO - Started process 270 to run task
[2022-12-12 18:25:13,764] {standard_task_runner.py:79} INFO - Running: ['airflow', 'tasks', 'run', 'prepare_data', 'transfer_data', 'scheduled__2022-11-28T16:40:00+00:00', '--job-id', '31', '--raw', '--subdir', 'DAGS_FOLDER/prepare_data.py', '--cfg-path', '/tmp/tmpew9e4umg', '--error-file', '/tmp/tmp2ebf27p_']
[2022-12-12 18:25:13,784] {standard_task_runner.py:80} INFO - Job 31: Subtask transfer_data
[2022-12-12 18:25:14,190] {task_command.py:369} INFO - Running <TaskInstance: prepare_data.transfer_data scheduled__2022-11-28T16:40:00+00:00 [running]> on host a49e44ee4a94
[2022-12-12 18:25:14,570] {taskinstance.py:1571} INFO - Exporting the following env vars:
AIRFLOW_CTX_DAG_OWNER=airflow
AIRFLOW_CTX_DAG_ID=prepare_data
AIRFLOW_CTX_TASK_ID=transfer_data
AIRFLOW_CTX_EXECUTION_DATE=2022-11-28T16:40:00+00:00
AIRFLOW_CTX_TRY_NUMBER=1
AIRFLOW_CTX_DAG_RUN_ID=scheduled__2022-11-28T16:40:00+00:00
[2022-12-12 18:25:14,633] {base.py:68} INFO - Using connection ID 'postgres_default' for task execution.
[2022-12-12 18:25:14,720] {python.py:173} INFO - Done. Returned value was: None
[2022-12-12 18:25:14,839] {taskinstance.py:1400} INFO - Marking task as SUCCESS. dag_id=prepare_data, task_id=transfer_data, execution_date=20221128T164000, start_date=20221212T182513, end_date=20221212T182514
[2022-12-12 18:25:15,096] {local_task_job.py:156} INFO - Task exited with return code 0
[2022-12-12 18:25:15,282] {local_task_job.py:273} INFO - 0 downstream tasks scheduled from follow-on schedule check
