[2022-12-16 10:31:13,774] {taskinstance.py:1159} INFO - Dependencies all met for <TaskInstance: prepare_data.get_last_id scheduled__2022-12-15T18:43:00+00:00 [queued]>
[2022-12-16 10:31:13,894] {taskinstance.py:1159} INFO - Dependencies all met for <TaskInstance: prepare_data.get_last_id scheduled__2022-12-15T18:43:00+00:00 [queued]>
[2022-12-16 10:31:13,894] {taskinstance.py:1356} INFO - 
--------------------------------------------------------------------------------
[2022-12-16 10:31:13,894] {taskinstance.py:1357} INFO - Starting attempt 1 of 1
[2022-12-16 10:31:13,894] {taskinstance.py:1358} INFO - 
--------------------------------------------------------------------------------
[2022-12-16 10:31:14,080] {taskinstance.py:1377} INFO - Executing <Task(PythonOperator): get_last_id> on 2022-12-15 18:43:00+00:00
[2022-12-16 10:31:14,085] {standard_task_runner.py:52} INFO - Started process 453 to run task
[2022-12-16 10:31:14,142] {standard_task_runner.py:79} INFO - Running: ['airflow', 'tasks', 'run', 'prepare_data', 'get_last_id', 'scheduled__2022-12-15T18:43:00+00:00', '--job-id', '374', '--raw', '--subdir', 'DAGS_FOLDER/prepare_data.py', '--cfg-path', '/tmp/tmp2bh4dyb0', '--error-file', '/tmp/tmpeqoigl_i']
[2022-12-16 10:31:14,143] {standard_task_runner.py:80} INFO - Job 374: Subtask get_last_id
[2022-12-16 10:31:14,782] {task_command.py:369} INFO - Running <TaskInstance: prepare_data.get_last_id scheduled__2022-12-15T18:43:00+00:00 [running]> on host 8e2f65ec4c74
[2022-12-16 10:31:16,117] {taskinstance.py:1571} INFO - Exporting the following env vars:
AIRFLOW_CTX_DAG_OWNER=airflow
AIRFLOW_CTX_DAG_ID=prepare_data
AIRFLOW_CTX_TASK_ID=get_last_id
AIRFLOW_CTX_EXECUTION_DATE=2022-12-15T18:43:00+00:00
AIRFLOW_CTX_TRY_NUMBER=1
AIRFLOW_CTX_DAG_RUN_ID=scheduled__2022-12-15T18:43:00+00:00
[2022-12-16 10:31:16,193] {base.py:68} INFO - Using connection ID 'gp_conn' for task execution.
[2022-12-16 10:31:16,418] {python.py:173} INFO - Done. Returned value was: None
[2022-12-16 10:31:16,529] {taskinstance.py:1400} INFO - Marking task as SUCCESS. dag_id=prepare_data, task_id=get_last_id, execution_date=20221215T184300, start_date=20221216T103113, end_date=20221216T103116
[2022-12-16 10:31:16,683] {local_task_job.py:156} INFO - Task exited with return code 0
[2022-12-16 10:31:17,047] {local_task_job.py:273} INFO - 1 downstream tasks scheduled from follow-on schedule check
