[2022-12-16 08:05:53,925] {taskinstance.py:1159} INFO - Dependencies all met for <TaskInstance: prepare_data.get_last_id scheduled__2022-12-15T17:01:00+00:00 [queued]>
[2022-12-16 08:05:55,016] {taskinstance.py:1159} INFO - Dependencies all met for <TaskInstance: prepare_data.get_last_id scheduled__2022-12-15T17:01:00+00:00 [queued]>
[2022-12-16 08:05:55,016] {taskinstance.py:1356} INFO - 
--------------------------------------------------------------------------------
[2022-12-16 08:05:55,016] {taskinstance.py:1357} INFO - Starting attempt 1 of 1
[2022-12-16 08:05:55,016] {taskinstance.py:1358} INFO - 
--------------------------------------------------------------------------------
[2022-12-16 08:05:56,953] {taskinstance.py:1377} INFO - Executing <Task(PythonOperator): get_last_id> on 2022-12-15 17:01:00+00:00
[2022-12-16 08:05:57,282] {standard_task_runner.py:52} INFO - Started process 16684 to run task
[2022-12-16 08:05:57,594] {standard_task_runner.py:79} INFO - Running: ['airflow', 'tasks', 'run', 'prepare_data', 'get_last_id', 'scheduled__2022-12-15T17:01:00+00:00', '--job-id', '57', '--raw', '--subdir', 'DAGS_FOLDER/prepare_data.py', '--cfg-path', '/tmp/tmph0v9aqu2', '--error-file', '/tmp/tmpmpqn9eqd']
[2022-12-16 08:05:57,595] {standard_task_runner.py:80} INFO - Job 57: Subtask get_last_id
[2022-12-16 08:06:02,741] {task_command.py:369} INFO - Running <TaskInstance: prepare_data.get_last_id scheduled__2022-12-15T17:01:00+00:00 [running]> on host 8e2f65ec4c74
[2022-12-16 08:06:09,324] {taskinstance.py:1571} INFO - Exporting the following env vars:
AIRFLOW_CTX_DAG_OWNER=airflow
AIRFLOW_CTX_DAG_ID=prepare_data
AIRFLOW_CTX_TASK_ID=get_last_id
AIRFLOW_CTX_EXECUTION_DATE=2022-12-15T17:01:00+00:00
AIRFLOW_CTX_TRY_NUMBER=1
AIRFLOW_CTX_DAG_RUN_ID=scheduled__2022-12-15T17:01:00+00:00
[2022-12-16 08:06:11,081] {base.py:68} INFO - Using connection ID 'gp_conn' for task execution.
[2022-12-16 08:06:13,229] {python.py:173} INFO - Done. Returned value was: None
[2022-12-16 08:06:16,439] {taskinstance.py:1400} INFO - Marking task as SUCCESS. dag_id=prepare_data, task_id=get_last_id, execution_date=20221215T170100, start_date=20221216T080553, end_date=20221216T080616
[2022-12-16 08:06:17,871] {local_task_job.py:221} WARNING - State of this instance has been externally set to success. Terminating instance.
[2022-12-16 08:06:17,938] {process_utils.py:129} INFO - Sending Signals.SIGTERM to group 16684. PIDs of all processes in the group: [16684]
[2022-12-16 08:06:17,938] {process_utils.py:80} INFO - Sending the signal Signals.SIGTERM to group 16684
[2022-12-16 08:06:17,938] {process_utils.py:75} INFO - Process psutil.Process(pid=16684, status='terminated', exitcode=0, started='08:05:56') (16684) terminated with exit code 0
