[2022-12-16 10:59:29,436] {taskinstance.py:1159} INFO - Dependencies all met for <TaskInstance: prepare_data.transfer_data scheduled__2022-12-16T01:02:00+00:00 [queued]>
[2022-12-16 10:59:29,923] {taskinstance.py:1159} INFO - Dependencies all met for <TaskInstance: prepare_data.transfer_data scheduled__2022-12-16T01:02:00+00:00 [queued]>
[2022-12-16 10:59:29,924] {taskinstance.py:1356} INFO - 
--------------------------------------------------------------------------------
[2022-12-16 10:59:29,924] {taskinstance.py:1357} INFO - Starting attempt 1 of 1
[2022-12-16 10:59:29,924] {taskinstance.py:1358} INFO - 
--------------------------------------------------------------------------------
[2022-12-16 10:59:31,124] {taskinstance.py:1377} INFO - Executing <Task(PythonOperator): transfer_data> on 2022-12-16 01:02:00+00:00
[2022-12-16 10:59:31,249] {standard_task_runner.py:52} INFO - Started process 3040 to run task
[2022-12-16 10:59:31,456] {standard_task_runner.py:79} INFO - Running: ['airflow', 'tasks', 'run', 'prepare_data', 'transfer_data', 'scheduled__2022-12-16T01:02:00+00:00', '--job-id', '1538', '--raw', '--subdir', 'DAGS_FOLDER/prepare_data.py', '--cfg-path', '/tmp/tmpv912riya', '--error-file', '/tmp/tmpd1ltrquk']
[2022-12-16 10:59:31,457] {standard_task_runner.py:80} INFO - Job 1538: Subtask transfer_data
[2022-12-16 10:59:35,126] {task_command.py:369} INFO - Running <TaskInstance: prepare_data.transfer_data scheduled__2022-12-16T01:02:00+00:00 [running]> on host 8e2f65ec4c74
[2022-12-16 10:59:39,454] {taskinstance.py:1571} INFO - Exporting the following env vars:
AIRFLOW_CTX_DAG_OWNER=airflow
AIRFLOW_CTX_DAG_ID=prepare_data
AIRFLOW_CTX_TASK_ID=transfer_data
AIRFLOW_CTX_EXECUTION_DATE=2022-12-16T01:02:00+00:00
AIRFLOW_CTX_TRY_NUMBER=1
AIRFLOW_CTX_DAG_RUN_ID=scheduled__2022-12-16T01:02:00+00:00
[2022-12-16 10:59:40,079] {base.py:68} INFO - Using connection ID 'gp_conn' for task execution.
[2022-12-16 10:59:41,827] {python.py:173} INFO - Done. Returned value was: None
[2022-12-16 10:59:42,409] {taskinstance.py:1400} INFO - Marking task as SUCCESS. dag_id=prepare_data, task_id=transfer_data, execution_date=20221216T010200, start_date=20221216T105929, end_date=20221216T105942
[2022-12-16 10:59:43,505] {local_task_job.py:156} INFO - Task exited with return code 0
[2022-12-16 10:59:44,874] {local_task_job.py:273} INFO - 0 downstream tasks scheduled from follow-on schedule check
