[2022-12-12 18:44:02,015] {taskinstance.py:1159} INFO - Dependencies all met for <TaskInstance: prepare_data.get_last_id scheduled__2022-11-28T20:39:00+00:00 [queued]>
[2022-12-12 18:44:02,111] {taskinstance.py:1159} INFO - Dependencies all met for <TaskInstance: prepare_data.get_last_id scheduled__2022-11-28T20:39:00+00:00 [queued]>
[2022-12-12 18:44:02,121] {taskinstance.py:1356} INFO - 
--------------------------------------------------------------------------------
[2022-12-12 18:44:02,133] {taskinstance.py:1357} INFO - Starting attempt 1 of 1
[2022-12-12 18:44:02,135] {taskinstance.py:1358} INFO - 
--------------------------------------------------------------------------------
[2022-12-12 18:44:02,255] {taskinstance.py:1377} INFO - Executing <Task(PythonOperator): get_last_id> on 2022-11-28 20:39:00+00:00
[2022-12-12 18:44:02,281] {standard_task_runner.py:52} INFO - Started process 1701 to run task
[2022-12-12 18:44:02,311] {standard_task_runner.py:79} INFO - Running: ['airflow', 'tasks', 'run', 'prepare_data', 'get_last_id', 'scheduled__2022-11-28T20:39:00+00:00', '--job-id', '725', '--raw', '--subdir', 'DAGS_FOLDER/prepare_data.py', '--cfg-path', '/tmp/tmpco5z2z7_', '--error-file', '/tmp/tmpo360pbsd']
[2022-12-12 18:44:02,317] {standard_task_runner.py:80} INFO - Job 725: Subtask get_last_id
[2022-12-12 18:44:02,890] {task_command.py:369} INFO - Running <TaskInstance: prepare_data.get_last_id scheduled__2022-11-28T20:39:00+00:00 [running]> on host cfea470654c7
[2022-12-12 18:44:04,220] {taskinstance.py:1571} INFO - Exporting the following env vars:
AIRFLOW_CTX_DAG_OWNER=airflow
AIRFLOW_CTX_DAG_ID=prepare_data
AIRFLOW_CTX_TASK_ID=get_last_id
AIRFLOW_CTX_EXECUTION_DATE=2022-11-28T20:39:00+00:00
AIRFLOW_CTX_TRY_NUMBER=1
AIRFLOW_CTX_DAG_RUN_ID=scheduled__2022-11-28T20:39:00+00:00
[2022-12-12 18:44:04,266] {local_task_job.py:84} ERROR - Received SIGTERM. Terminating subprocesses
[2022-12-12 18:44:04,426] {process_utils.py:129} INFO - Sending Signals.SIGTERM to group 1701. PIDs of all processes in the group: [1701]
[2022-12-12 18:44:04,428] {process_utils.py:80} INFO - Sending the signal Signals.SIGTERM to group 1701
[2022-12-12 18:44:04,461] {taskinstance.py:1541} ERROR - Received SIGTERM. Terminating subprocesses.
[2022-12-12 18:44:04,475] {connection.py:427} ERROR - Unable to retrieve connection from secrets backend (MetastoreBackend). Checking subsequent secrets backend.
Traceback (most recent call last):
  File "/home/airflow/.local/lib/python3.7/site-packages/airflow/models/connection.py", line 420, in get_connection_from_secrets
    conn = secrets_backend.get_connection(conn_id=conn_id)
  File "/home/airflow/.local/lib/python3.7/site-packages/airflow/utils/session.py", line 71, in wrapper
    return func(*args, session=session, **kwargs)
  File "/home/airflow/.local/lib/python3.7/site-packages/airflow/secrets/metastore.py", line 36, in get_connection
    conn = session.query(Connection).filter(Connection.conn_id == conn_id).first()
  File "/home/airflow/.local/lib/python3.7/site-packages/sqlalchemy/orm/session.py", line 2063, in query
    return self._query_cls(entities, self, **kwargs)
  File "/home/airflow/.local/lib/python3.7/site-packages/sqlalchemy/orm/query.py", line 175, in __init__
    self._set_entities(entities)
  File "/home/airflow/.local/lib/python3.7/site-packages/sqlalchemy/orm/query.py", line 189, in _set_entities
    for ent in util.to_list(entities)
  File "/home/airflow/.local/lib/python3.7/site-packages/sqlalchemy/orm/query.py", line 189, in <listcomp>
    for ent in util.to_list(entities)
  File "/home/airflow/.local/lib/python3.7/site-packages/sqlalchemy/sql/coercions.py", line 168, in expect
    insp._post_inspect
  File "/home/airflow/.local/lib/python3.7/site-packages/sqlalchemy/util/langhelpers.py", line 1161, in __get__
    obj._memoized_keys |= {self.__name__}
  File "/home/airflow/.local/lib/python3.7/site-packages/airflow/models/taskinstance.py", line 1543, in signal_handler
    raise AirflowException("Task received SIGTERM signal")
airflow.exceptions.AirflowException: Task received SIGTERM signal
