[2022-12-12 18:25:07,346] {taskinstance.py:1159} INFO - Dependencies all met for <TaskInstance: prepare_data.create_table scheduled__2022-11-28T16:43:00+00:00 [queued]>
[2022-12-12 18:25:07,432] {taskinstance.py:1159} INFO - Dependencies all met for <TaskInstance: prepare_data.create_table scheduled__2022-11-28T16:43:00+00:00 [queued]>
[2022-12-12 18:25:07,436] {taskinstance.py:1356} INFO - 
--------------------------------------------------------------------------------
[2022-12-12 18:25:07,439] {taskinstance.py:1357} INFO - Starting attempt 1 of 1
[2022-12-12 18:25:07,444] {taskinstance.py:1358} INFO - 
--------------------------------------------------------------------------------
[2022-12-12 18:25:07,527] {taskinstance.py:1377} INFO - Executing <Task(PostgresOperator): create_table> on 2022-11-28 16:43:00+00:00
[2022-12-12 18:25:07,543] {standard_task_runner.py:52} INFO - Started process 234 to run task
[2022-12-12 18:25:07,611] {standard_task_runner.py:79} INFO - Running: ['airflow', 'tasks', 'run', 'prepare_data', 'create_table', 'scheduled__2022-11-28T16:43:00+00:00', '--job-id', '14', '--raw', '--subdir', 'DAGS_FOLDER/prepare_data.py', '--cfg-path', '/tmp/tmpexzi9v76', '--error-file', '/tmp/tmp_648_v8z']
[2022-12-12 18:25:07,615] {standard_task_runner.py:80} INFO - Job 14: Subtask create_table
[2022-12-12 18:25:08,049] {task_command.py:369} INFO - Running <TaskInstance: prepare_data.create_table scheduled__2022-11-28T16:43:00+00:00 [running]> on host a49e44ee4a94
[2022-12-12 18:25:08,686] {taskinstance.py:1571} INFO - Exporting the following env vars:
AIRFLOW_CTX_DAG_OWNER=airflow
AIRFLOW_CTX_DAG_ID=prepare_data
AIRFLOW_CTX_TASK_ID=create_table
AIRFLOW_CTX_EXECUTION_DATE=2022-11-28T16:43:00+00:00
AIRFLOW_CTX_TRY_NUMBER=1
AIRFLOW_CTX_DAG_RUN_ID=scheduled__2022-11-28T16:43:00+00:00
[2022-12-12 18:25:08,730] {base.py:68} INFO - Using connection ID 'postgres_default' for task execution.
[2022-12-12 18:25:08,741] {dbapi.py:208} INFO - Running statement: CREATE TABLE IF NOT EXISTS prepared_data (
	id SERIAL,
	sensor_id BIGINT,
	longitude FLOAT,
	latitude FLOAT,
	controller_id BIGINT,
	datetime TIMESTAMP WITH TIME ZONE,
	temperature INTEGER
);, parameters: None
[2022-12-12 18:25:08,749] {postgres.py:94} INFO - NOTICE:  relation "prepared_data" already exists, skipping

[2022-12-12 18:25:08,823] {taskinstance.py:1400} INFO - Marking task as SUCCESS. dag_id=prepare_data, task_id=create_table, execution_date=20221128T164300, start_date=20221212T182507, end_date=20221212T182508
[2022-12-12 18:25:08,880] {local_task_job.py:156} INFO - Task exited with return code 0
[2022-12-12 18:25:09,100] {local_task_job.py:273} INFO - 1 downstream tasks scheduled from follow-on schedule check
[2022-12-12 18:38:25,595] {taskinstance.py:1159} INFO - Dependencies all met for <TaskInstance: prepare_data.create_table scheduled__2022-11-28T16:43:00+00:00 [queued]>
[2022-12-12 18:38:25,642] {taskinstance.py:1159} INFO - Dependencies all met for <TaskInstance: prepare_data.create_table scheduled__2022-11-28T16:43:00+00:00 [queued]>
[2022-12-12 18:38:25,646] {taskinstance.py:1356} INFO - 
--------------------------------------------------------------------------------
[2022-12-12 18:38:25,649] {taskinstance.py:1357} INFO - Starting attempt 1 of 1
[2022-12-12 18:38:25,652] {taskinstance.py:1358} INFO - 
--------------------------------------------------------------------------------
[2022-12-12 18:38:25,732] {taskinstance.py:1377} INFO - Executing <Task(PostgresOperator): create_table> on 2022-11-28 16:43:00+00:00
[2022-12-12 18:38:25,756] {standard_task_runner.py:52} INFO - Started process 219 to run task
[2022-12-12 18:38:25,771] {standard_task_runner.py:79} INFO - Running: ['airflow', 'tasks', 'run', 'prepare_data', 'create_table', 'scheduled__2022-11-28T16:43:00+00:00', '--job-id', '13', '--raw', '--subdir', 'DAGS_FOLDER/prepare_data.py', '--cfg-path', '/tmp/tmph_40bulk', '--error-file', '/tmp/tmp0zz0xbjy']
[2022-12-12 18:38:25,775] {standard_task_runner.py:80} INFO - Job 13: Subtask create_table
[2022-12-12 18:38:26,001] {task_command.py:369} INFO - Running <TaskInstance: prepare_data.create_table scheduled__2022-11-28T16:43:00+00:00 [running]> on host cfea470654c7
[2022-12-12 18:38:26,671] {taskinstance.py:1571} INFO - Exporting the following env vars:
AIRFLOW_CTX_DAG_OWNER=airflow
AIRFLOW_CTX_DAG_ID=prepare_data
AIRFLOW_CTX_TASK_ID=create_table
AIRFLOW_CTX_EXECUTION_DATE=2022-11-28T16:43:00+00:00
AIRFLOW_CTX_TRY_NUMBER=1
AIRFLOW_CTX_DAG_RUN_ID=scheduled__2022-11-28T16:43:00+00:00
[2022-12-12 18:38:26,764] {base.py:68} INFO - Using connection ID 'postgres_default' for task execution.
[2022-12-12 18:38:26,840] {dbapi.py:208} INFO - Running statement: CREATE TABLE IF NOT EXISTS prepared_data (
	id SERIAL,
	sensor_id BIGINT,
	longitude FLOAT,
	latitude FLOAT,
	controller_id BIGINT,
	datetime TIMESTAMP WITH TIME ZONE,
	temperature INTEGER
);, parameters: None
[2022-12-12 18:38:26,851] {postgres.py:94} INFO - NOTICE:  relation "prepared_data" already exists, skipping

[2022-12-12 18:38:26,957] {taskinstance.py:1400} INFO - Marking task as SUCCESS. dag_id=prepare_data, task_id=create_table, execution_date=20221128T164300, start_date=20221212T183825, end_date=20221212T183826
[2022-12-12 18:38:27,105] {local_task_job.py:156} INFO - Task exited with return code 0
[2022-12-12 18:38:27,547] {local_task_job.py:273} INFO - 0 downstream tasks scheduled from follow-on schedule check
