[2022-12-16 13:43:06,529] {taskinstance.py:1159} INFO - Dependencies all met for <TaskInstance: prepare_data.get_last_id scheduled__2022-12-16T13:42:00+00:00 [queued]>
[2022-12-16 13:43:06,545] {taskinstance.py:1159} INFO - Dependencies all met for <TaskInstance: prepare_data.get_last_id scheduled__2022-12-16T13:42:00+00:00 [queued]>
[2022-12-16 13:43:06,546] {taskinstance.py:1356} INFO - 
--------------------------------------------------------------------------------
[2022-12-16 13:43:06,546] {taskinstance.py:1357} INFO - Starting attempt 1 of 1
[2022-12-16 13:43:06,546] {taskinstance.py:1358} INFO - 
--------------------------------------------------------------------------------
[2022-12-16 13:43:06,573] {taskinstance.py:1377} INFO - Executing <Task(PythonOperator): get_last_id> on 2022-12-16 13:42:00+00:00
[2022-12-16 13:43:06,578] {standard_task_runner.py:52} INFO - Started process 4936 to run task
[2022-12-16 13:43:06,588] {standard_task_runner.py:79} INFO - Running: ['airflow', 'tasks', 'run', 'prepare_data', 'get_last_id', 'scheduled__2022-12-16T13:42:00+00:00', '--job-id', '2252', '--raw', '--subdir', 'DAGS_FOLDER/prepare_data.py', '--cfg-path', '/tmp/tmpkd2a4pf0', '--error-file', '/tmp/tmpc59opr1e']
[2022-12-16 13:43:06,593] {standard_task_runner.py:80} INFO - Job 2252: Subtask get_last_id
[2022-12-16 13:43:06,711] {task_command.py:369} INFO - Running <TaskInstance: prepare_data.get_last_id scheduled__2022-12-16T13:42:00+00:00 [running]> on host 8e2f65ec4c74
[2022-12-16 13:43:07,011] {taskinstance.py:1571} INFO - Exporting the following env vars:
AIRFLOW_CTX_DAG_OWNER=airflow
AIRFLOW_CTX_DAG_ID=prepare_data
AIRFLOW_CTX_TASK_ID=get_last_id
AIRFLOW_CTX_EXECUTION_DATE=2022-12-16T13:42:00+00:00
AIRFLOW_CTX_TRY_NUMBER=1
AIRFLOW_CTX_DAG_RUN_ID=scheduled__2022-12-16T13:42:00+00:00
[2022-12-16 13:43:07,047] {base.py:68} INFO - Using connection ID 'gp_conn' for task execution.
[2022-12-16 13:43:07,204] {python.py:173} INFO - Done. Returned value was: None
[2022-12-16 13:43:07,299] {taskinstance.py:1400} INFO - Marking task as SUCCESS. dag_id=prepare_data, task_id=get_last_id, execution_date=20221216T134200, start_date=20221216T134306, end_date=20221216T134307
[2022-12-16 13:43:07,429] {local_task_job.py:156} INFO - Task exited with return code 0
[2022-12-16 13:43:07,548] {local_task_job.py:273} INFO - 1 downstream tasks scheduled from follow-on schedule check
