[2022-12-15 16:46:01,628] {taskinstance.py:1159} INFO - Dependencies all met for <TaskInstance: prepare_data.create_table scheduled__2022-12-15T16:45:00+00:00 [queued]>
[2022-12-15 16:46:01,649] {taskinstance.py:1159} INFO - Dependencies all met for <TaskInstance: prepare_data.create_table scheduled__2022-12-15T16:45:00+00:00 [queued]>
[2022-12-15 16:46:01,651] {taskinstance.py:1356} INFO - 
--------------------------------------------------------------------------------
[2022-12-15 16:46:01,653] {taskinstance.py:1357} INFO - Starting attempt 1 of 1
[2022-12-15 16:46:01,654] {taskinstance.py:1358} INFO - 
--------------------------------------------------------------------------------
[2022-12-15 16:46:01,689] {taskinstance.py:1377} INFO - Executing <Task(PostgresOperator): create_table> on 2022-12-15 16:45:00+00:00
[2022-12-15 16:46:01,698] {standard_task_runner.py:52} INFO - Started process 234 to run task
[2022-12-15 16:46:01,706] {standard_task_runner.py:79} INFO - Running: ['airflow', 'tasks', 'run', 'prepare_data', 'create_table', 'scheduled__2022-12-15T16:45:00+00:00', '--job-id', '2', '--raw', '--subdir', 'DAGS_FOLDER/prepare_data.py', '--cfg-path', '/tmp/tmph05oi00w', '--error-file', '/tmp/tmpx1aj5nxw']
[2022-12-15 16:46:01,710] {standard_task_runner.py:80} INFO - Job 2: Subtask create_table
[2022-12-15 16:46:01,845] {task_command.py:369} INFO - Running <TaskInstance: prepare_data.create_table scheduled__2022-12-15T16:45:00+00:00 [running]> on host cfb13ab3b5ca
[2022-12-15 16:46:01,993] {taskinstance.py:1571} INFO - Exporting the following env vars:
AIRFLOW_CTX_DAG_OWNER=airflow
AIRFLOW_CTX_DAG_ID=prepare_data
AIRFLOW_CTX_TASK_ID=create_table
AIRFLOW_CTX_EXECUTION_DATE=2022-12-15T16:45:00+00:00
AIRFLOW_CTX_TRY_NUMBER=1
AIRFLOW_CTX_DAG_RUN_ID=scheduled__2022-12-15T16:45:00+00:00
[2022-12-15 16:46:02,031] {taskinstance.py:1889} ERROR - Task failed with exception
Traceback (most recent call last):
  File "/home/airflow/.local/lib/python3.7/site-packages/airflow/providers/postgres/operators/postgres.py", line 92, in execute
    self.hook.run(self.sql, self.autocommit, parameters=self.parameters)
  File "/home/airflow/.local/lib/python3.7/site-packages/airflow/hooks/dbapi.py", line 181, in run
    with closing(self.get_conn()) as conn:
  File "/home/airflow/.local/lib/python3.7/site-packages/airflow/providers/postgres/hooks/postgres.py", line 86, in get_conn
    conn = deepcopy(self.connection or self.get_connection(conn_id))
  File "/home/airflow/.local/lib/python3.7/site-packages/airflow/hooks/base.py", line 67, in get_connection
    conn = Connection.get_connection_from_secrets(conn_id)
  File "/home/airflow/.local/lib/python3.7/site-packages/airflow/models/connection.py", line 430, in get_connection_from_secrets
    raise AirflowNotFoundException(f"The conn_id `{conn_id}` isn't defined")
airflow.exceptions.AirflowNotFoundException: The conn_id `postgres_default` isn't defined
[2022-12-15 16:46:02,037] {taskinstance.py:1400} INFO - Marking task as FAILED. dag_id=prepare_data, task_id=create_table, execution_date=20221215T164500, start_date=20221215T164601, end_date=20221215T164602
[2022-12-15 16:46:02,054] {standard_task_runner.py:97} ERROR - Failed to execute job 2 for task create_table (The conn_id `postgres_default` isn't defined; 234)
[2022-12-15 16:46:02,081] {local_task_job.py:156} INFO - Task exited with return code 1
[2022-12-15 16:46:02,177] {local_task_job.py:273} INFO - 0 downstream tasks scheduled from follow-on schedule check
[2022-12-16 07:49:56,166] {taskinstance.py:1159} INFO - Dependencies all met for <TaskInstance: prepare_data.create_table scheduled__2022-12-15T16:45:00+00:00 [queued]>
[2022-12-16 07:49:56,790] {taskinstance.py:1159} INFO - Dependencies all met for <TaskInstance: prepare_data.create_table scheduled__2022-12-15T16:45:00+00:00 [queued]>
[2022-12-16 07:49:56,798] {taskinstance.py:1356} INFO - 
--------------------------------------------------------------------------------
[2022-12-16 07:49:56,799] {taskinstance.py:1357} INFO - Starting attempt 1 of 1
[2022-12-16 07:49:56,807] {taskinstance.py:1358} INFO - 
--------------------------------------------------------------------------------
[2022-12-16 07:49:57,757] {taskinstance.py:1377} INFO - Executing <Task(PostgresOperator): create_table> on 2022-12-15 16:45:00+00:00
[2022-12-16 07:49:57,871] {standard_task_runner.py:52} INFO - Started process 16514 to run task
[2022-12-16 07:49:57,984] {standard_task_runner.py:79} INFO - Running: ['airflow', 'tasks', 'run', 'prepare_data', 'create_table', 'scheduled__2022-12-15T16:45:00+00:00', '--job-id', '2', '--raw', '--subdir', 'DAGS_FOLDER/prepare_data.py', '--cfg-path', '/tmp/tmp3htfmp66', '--error-file', '/tmp/tmp6hzgoikj']
[2022-12-16 07:49:58,001] {standard_task_runner.py:80} INFO - Job 2: Subtask create_table
[2022-12-16 07:49:59,634] {task_command.py:369} INFO - Running <TaskInstance: prepare_data.create_table scheduled__2022-12-15T16:45:00+00:00 [running]> on host 8e2f65ec4c74
[2022-12-16 07:50:03,553] {taskinstance.py:1571} INFO - Exporting the following env vars:
AIRFLOW_CTX_DAG_OWNER=airflow
AIRFLOW_CTX_DAG_ID=prepare_data
AIRFLOW_CTX_TASK_ID=create_table
AIRFLOW_CTX_EXECUTION_DATE=2022-12-15T16:45:00+00:00
AIRFLOW_CTX_TRY_NUMBER=1
AIRFLOW_CTX_DAG_RUN_ID=scheduled__2022-12-15T16:45:00+00:00
[2022-12-16 07:50:04,589] {base.py:68} INFO - Using connection ID 'gp_conn' for task execution.
[2022-12-16 07:50:04,867] {dbapi.py:208} INFO - Running statement: CREATE TABLE IF NOT EXISTS prepared_data (
	id SERIAL,
	sensor_id BIGINT,
	longitude FLOAT,
	latitude FLOAT,
	controller_id BIGINT,
	datetime TIMESTAMP WITH TIME ZONE,
	temperature INTEGER
);, parameters: None
[2022-12-16 07:50:05,342] {postgres.py:94} INFO - NOTICE:  Table doesn't have 'DISTRIBUTED BY' clause -- Using column named 'id' as the Greenplum Database data distribution key for this table.
HINT:  The 'DISTRIBUTED BY' clause determines the distribution of data. Make sure column(s) chosen are the optimal data distribution key to minimize skew.

[2022-12-16 07:50:05,802] {taskinstance.py:1400} INFO - Marking task as SUCCESS. dag_id=prepare_data, task_id=create_table, execution_date=20221215T164500, start_date=20221216T074956, end_date=20221216T075005
[2022-12-16 07:50:06,459] {local_task_job.py:156} INFO - Task exited with return code 0
[2022-12-16 07:50:08,201] {local_task_job.py:273} INFO - 1 downstream tasks scheduled from follow-on schedule check
