[2022-12-12 18:25:43,184] {taskinstance.py:1159} INFO - Dependencies all met for <TaskInstance: prepare_data.create_table scheduled__2022-11-28T17:06:00+00:00 [queued]>
[2022-12-12 18:25:43,258] {taskinstance.py:1159} INFO - Dependencies all met for <TaskInstance: prepare_data.create_table scheduled__2022-11-28T17:06:00+00:00 [queued]>
[2022-12-12 18:25:43,262] {taskinstance.py:1356} INFO - 
--------------------------------------------------------------------------------
[2022-12-12 18:25:43,265] {taskinstance.py:1357} INFO - Starting attempt 1 of 1
[2022-12-12 18:25:43,268] {taskinstance.py:1358} INFO - 
--------------------------------------------------------------------------------
[2022-12-12 18:25:43,371] {taskinstance.py:1377} INFO - Executing <Task(PostgresOperator): create_table> on 2022-11-28 17:06:00+00:00
[2022-12-12 18:25:43,400] {standard_task_runner.py:52} INFO - Started process 393 to run task
[2022-12-12 18:25:43,418] {standard_task_runner.py:79} INFO - Running: ['airflow', 'tasks', 'run', 'prepare_data', 'create_table', 'scheduled__2022-11-28T17:06:00+00:00', '--job-id', '91', '--raw', '--subdir', 'DAGS_FOLDER/prepare_data.py', '--cfg-path', '/tmp/tmphlgh50co', '--error-file', '/tmp/tmp91jvchm8']
[2022-12-12 18:25:43,422] {standard_task_runner.py:80} INFO - Job 91: Subtask create_table
[2022-12-12 18:25:44,002] {task_command.py:369} INFO - Running <TaskInstance: prepare_data.create_table scheduled__2022-11-28T17:06:00+00:00 [running]> on host a49e44ee4a94
[2022-12-12 18:25:44,467] {taskinstance.py:1571} INFO - Exporting the following env vars:
AIRFLOW_CTX_DAG_OWNER=airflow
AIRFLOW_CTX_DAG_ID=prepare_data
AIRFLOW_CTX_TASK_ID=create_table
AIRFLOW_CTX_EXECUTION_DATE=2022-11-28T17:06:00+00:00
AIRFLOW_CTX_TRY_NUMBER=1
AIRFLOW_CTX_DAG_RUN_ID=scheduled__2022-11-28T17:06:00+00:00
[2022-12-12 18:25:44,522] {base.py:68} INFO - Using connection ID 'postgres_default' for task execution.
[2022-12-12 18:25:44,541] {dbapi.py:208} INFO - Running statement: CREATE TABLE IF NOT EXISTS prepared_data (
	id SERIAL,
	sensor_id BIGINT,
	longitude FLOAT,
	latitude FLOAT,
	controller_id BIGINT,
	datetime TIMESTAMP WITH TIME ZONE,
	temperature INTEGER
);, parameters: None
[2022-12-12 18:25:44,547] {postgres.py:94} INFO - NOTICE:  relation "prepared_data" already exists, skipping

[2022-12-12 18:25:44,654] {taskinstance.py:1400} INFO - Marking task as SUCCESS. dag_id=prepare_data, task_id=create_table, execution_date=20221128T170600, start_date=20221212T182543, end_date=20221212T182544
[2022-12-12 18:25:44,732] {local_task_job.py:156} INFO - Task exited with return code 0
[2022-12-12 18:25:44,926] {local_task_job.py:273} INFO - 1 downstream tasks scheduled from follow-on schedule check
[2022-12-12 18:38:56,918] {taskinstance.py:1159} INFO - Dependencies all met for <TaskInstance: prepare_data.create_table scheduled__2022-11-28T17:06:00+00:00 [queued]>
[2022-12-12 18:38:57,097] {taskinstance.py:1159} INFO - Dependencies all met for <TaskInstance: prepare_data.create_table scheduled__2022-11-28T17:06:00+00:00 [queued]>
[2022-12-12 18:38:57,109] {taskinstance.py:1356} INFO - 
--------------------------------------------------------------------------------
[2022-12-12 18:38:57,125] {taskinstance.py:1357} INFO - Starting attempt 1 of 1
[2022-12-12 18:38:57,129] {taskinstance.py:1358} INFO - 
--------------------------------------------------------------------------------
[2022-12-12 18:38:57,657] {taskinstance.py:1377} INFO - Executing <Task(PostgresOperator): create_table> on 2022-11-28 17:06:00+00:00
[2022-12-12 18:38:57,702] {standard_task_runner.py:52} INFO - Started process 346 to run task
[2022-12-12 18:38:57,745] {standard_task_runner.py:79} INFO - Running: ['airflow', 'tasks', 'run', 'prepare_data', 'create_table', 'scheduled__2022-11-28T17:06:00+00:00', '--job-id', '70', '--raw', '--subdir', 'DAGS_FOLDER/prepare_data.py', '--cfg-path', '/tmp/tmpb_p8re0g', '--error-file', '/tmp/tmps9ua68eg']
[2022-12-12 18:38:57,775] {standard_task_runner.py:80} INFO - Job 70: Subtask create_table
[2022-12-12 18:38:58,675] {task_command.py:369} INFO - Running <TaskInstance: prepare_data.create_table scheduled__2022-11-28T17:06:00+00:00 [running]> on host cfea470654c7
[2022-12-12 18:38:59,186] {taskinstance.py:1571} INFO - Exporting the following env vars:
AIRFLOW_CTX_DAG_OWNER=airflow
AIRFLOW_CTX_DAG_ID=prepare_data
AIRFLOW_CTX_TASK_ID=create_table
AIRFLOW_CTX_EXECUTION_DATE=2022-11-28T17:06:00+00:00
AIRFLOW_CTX_TRY_NUMBER=1
AIRFLOW_CTX_DAG_RUN_ID=scheduled__2022-11-28T17:06:00+00:00
[2022-12-12 18:38:59,518] {base.py:68} INFO - Using connection ID 'postgres_default' for task execution.
[2022-12-12 18:38:59,650] {dbapi.py:208} INFO - Running statement: CREATE TABLE IF NOT EXISTS prepared_data (
	id SERIAL,
	sensor_id BIGINT,
	longitude FLOAT,
	latitude FLOAT,
	controller_id BIGINT,
	datetime TIMESTAMP WITH TIME ZONE,
	temperature INTEGER
);, parameters: None
[2022-12-12 18:38:59,701] {postgres.py:94} INFO - NOTICE:  relation "prepared_data" already exists, skipping

[2022-12-12 18:38:59,949] {taskinstance.py:1400} INFO - Marking task as SUCCESS. dag_id=prepare_data, task_id=create_table, execution_date=20221128T170600, start_date=20221212T183856, end_date=20221212T183859
[2022-12-12 18:39:00,103] {local_task_job.py:156} INFO - Task exited with return code 0
[2022-12-12 18:39:01,274] {local_task_job.py:273} INFO - 0 downstream tasks scheduled from follow-on schedule check
