[2022-12-16 11:01:34,455] {taskinstance.py:1159} INFO - Dependencies all met for <TaskInstance: prepare_data.create_table scheduled__2022-12-16T01:20:00+00:00 [queued]>
[2022-12-16 11:01:34,662] {taskinstance.py:1159} INFO - Dependencies all met for <TaskInstance: prepare_data.create_table scheduled__2022-12-16T01:20:00+00:00 [queued]>
[2022-12-16 11:01:34,668] {taskinstance.py:1356} INFO - 
--------------------------------------------------------------------------------
[2022-12-16 11:01:34,679] {taskinstance.py:1357} INFO - Starting attempt 1 of 1
[2022-12-16 11:01:34,679] {taskinstance.py:1358} INFO - 
--------------------------------------------------------------------------------
[2022-12-16 11:01:34,999] {taskinstance.py:1377} INFO - Executing <Task(PostgresOperator): create_table> on 2022-12-16 01:20:00+00:00
[2022-12-16 11:01:35,096] {standard_task_runner.py:52} INFO - Started process 3148 to run task
[2022-12-16 11:01:35,214] {standard_task_runner.py:79} INFO - Running: ['airflow', 'tasks', 'run', 'prepare_data', 'create_table', 'scheduled__2022-12-16T01:20:00+00:00', '--job-id', '1584', '--raw', '--subdir', 'DAGS_FOLDER/prepare_data.py', '--cfg-path', '/tmp/tmpmvfizrkz', '--error-file', '/tmp/tmpjq5vhejp']
[2022-12-16 11:01:35,253] {standard_task_runner.py:80} INFO - Job 1584: Subtask create_table
[2022-12-16 11:01:37,096] {task_command.py:369} INFO - Running <TaskInstance: prepare_data.create_table scheduled__2022-12-16T01:20:00+00:00 [running]> on host 8e2f65ec4c74
[2022-12-16 11:01:39,358] {taskinstance.py:1571} INFO - Exporting the following env vars:
AIRFLOW_CTX_DAG_OWNER=airflow
AIRFLOW_CTX_DAG_ID=prepare_data
AIRFLOW_CTX_TASK_ID=create_table
AIRFLOW_CTX_EXECUTION_DATE=2022-12-16T01:20:00+00:00
AIRFLOW_CTX_TRY_NUMBER=1
AIRFLOW_CTX_DAG_RUN_ID=scheduled__2022-12-16T01:20:00+00:00
[2022-12-16 11:01:39,521] {base.py:68} INFO - Using connection ID 'gp_conn' for task execution.
[2022-12-16 11:01:39,617] {dbapi.py:208} INFO - Running statement: CREATE TABLE IF NOT EXISTS prepared_data (
	id SERIAL,
	sensor_id BIGINT,
	longitude FLOAT,
	latitude FLOAT,
	controller_id BIGINT,
	datetime TIMESTAMP WITH TIME ZONE,
	temperature INTEGER
);, parameters: None
[2022-12-16 11:01:39,638] {postgres.py:94} INFO - NOTICE:  relation "prepared_data" already exists, skipping

[2022-12-16 11:01:40,158] {taskinstance.py:1400} INFO - Marking task as SUCCESS. dag_id=prepare_data, task_id=create_table, execution_date=20221216T012000, start_date=20221216T110134, end_date=20221216T110140
[2022-12-16 11:01:40,904] {local_task_job.py:156} INFO - Task exited with return code 0
[2022-12-16 11:01:42,458] {local_task_job.py:273} INFO - 0 downstream tasks scheduled from follow-on schedule check
