[2022-12-12 18:25:49,439] {taskinstance.py:1159} INFO - Dependencies all met for <TaskInstance: prepare_data.create_table scheduled__2022-11-28T17:13:00+00:00 [queued]>
[2022-12-12 18:25:49,566] {taskinstance.py:1159} INFO - Dependencies all met for <TaskInstance: prepare_data.create_table scheduled__2022-11-28T17:13:00+00:00 [queued]>
[2022-12-12 18:25:49,569] {taskinstance.py:1356} INFO - 
--------------------------------------------------------------------------------
[2022-12-12 18:25:49,570] {taskinstance.py:1357} INFO - Starting attempt 1 of 1
[2022-12-12 18:25:49,586] {taskinstance.py:1358} INFO - 
--------------------------------------------------------------------------------
[2022-12-12 18:25:49,983] {taskinstance.py:1377} INFO - Executing <Task(PostgresOperator): create_table> on 2022-11-28 17:13:00+00:00
[2022-12-12 18:25:50,050] {standard_task_runner.py:52} INFO - Started process 419 to run task
[2022-12-12 18:25:50,103] {standard_task_runner.py:79} INFO - Running: ['airflow', 'tasks', 'run', 'prepare_data', 'create_table', 'scheduled__2022-11-28T17:13:00+00:00', '--job-id', '101', '--raw', '--subdir', 'DAGS_FOLDER/prepare_data.py', '--cfg-path', '/tmp/tmpdpokldle', '--error-file', '/tmp/tmpw6nnwdcm']
[2022-12-12 18:25:50,127] {standard_task_runner.py:80} INFO - Job 101: Subtask create_table
[2022-12-12 18:25:51,014] {task_command.py:369} INFO - Running <TaskInstance: prepare_data.create_table scheduled__2022-11-28T17:13:00+00:00 [running]> on host a49e44ee4a94
[2022-12-12 18:25:51,476] {taskinstance.py:1571} INFO - Exporting the following env vars:
AIRFLOW_CTX_DAG_OWNER=airflow
AIRFLOW_CTX_DAG_ID=prepare_data
AIRFLOW_CTX_TASK_ID=create_table
AIRFLOW_CTX_EXECUTION_DATE=2022-11-28T17:13:00+00:00
AIRFLOW_CTX_TRY_NUMBER=1
AIRFLOW_CTX_DAG_RUN_ID=scheduled__2022-11-28T17:13:00+00:00
[2022-12-12 18:25:51,538] {base.py:68} INFO - Using connection ID 'postgres_default' for task execution.
[2022-12-12 18:25:51,550] {dbapi.py:208} INFO - Running statement: CREATE TABLE IF NOT EXISTS prepared_data (
	id SERIAL,
	sensor_id BIGINT,
	longitude FLOAT,
	latitude FLOAT,
	controller_id BIGINT,
	datetime TIMESTAMP WITH TIME ZONE,
	temperature INTEGER
);, parameters: None
[2022-12-12 18:25:51,571] {postgres.py:94} INFO - NOTICE:  relation "prepared_data" already exists, skipping

[2022-12-12 18:25:51,680] {taskinstance.py:1400} INFO - Marking task as SUCCESS. dag_id=prepare_data, task_id=create_table, execution_date=20221128T171300, start_date=20221212T182549, end_date=20221212T182551
[2022-12-12 18:25:51,780] {local_task_job.py:156} INFO - Task exited with return code 0
[2022-12-12 18:25:52,051] {local_task_job.py:273} INFO - 1 downstream tasks scheduled from follow-on schedule check
[2022-12-12 18:39:17,902] {taskinstance.py:1159} INFO - Dependencies all met for <TaskInstance: prepare_data.create_table scheduled__2022-11-28T17:13:00+00:00 [queued]>
[2022-12-12 18:39:17,949] {taskinstance.py:1159} INFO - Dependencies all met for <TaskInstance: prepare_data.create_table scheduled__2022-11-28T17:13:00+00:00 [queued]>
[2022-12-12 18:39:17,954] {taskinstance.py:1356} INFO - 
--------------------------------------------------------------------------------
[2022-12-12 18:39:17,959] {taskinstance.py:1357} INFO - Starting attempt 1 of 1
[2022-12-12 18:39:17,963] {taskinstance.py:1358} INFO - 
--------------------------------------------------------------------------------
[2022-12-12 18:39:18,019] {taskinstance.py:1377} INFO - Executing <Task(PostgresOperator): create_table> on 2022-11-28 17:13:00+00:00
[2022-12-12 18:39:18,031] {standard_task_runner.py:52} INFO - Started process 408 to run task
[2022-12-12 18:39:18,041] {standard_task_runner.py:79} INFO - Running: ['airflow', 'tasks', 'run', 'prepare_data', 'create_table', 'scheduled__2022-11-28T17:13:00+00:00', '--job-id', '103', '--raw', '--subdir', 'DAGS_FOLDER/prepare_data.py', '--cfg-path', '/tmp/tmp6l0nymse', '--error-file', '/tmp/tmp1v3cnst8']
[2022-12-12 18:39:18,046] {standard_task_runner.py:80} INFO - Job 103: Subtask create_table
[2022-12-12 18:39:18,246] {task_command.py:369} INFO - Running <TaskInstance: prepare_data.create_table scheduled__2022-11-28T17:13:00+00:00 [running]> on host cfea470654c7
[2022-12-12 18:39:18,484] {taskinstance.py:1571} INFO - Exporting the following env vars:
AIRFLOW_CTX_DAG_OWNER=airflow
AIRFLOW_CTX_DAG_ID=prepare_data
AIRFLOW_CTX_TASK_ID=create_table
AIRFLOW_CTX_EXECUTION_DATE=2022-11-28T17:13:00+00:00
AIRFLOW_CTX_TRY_NUMBER=1
AIRFLOW_CTX_DAG_RUN_ID=scheduled__2022-11-28T17:13:00+00:00
[2022-12-12 18:39:18,512] {base.py:68} INFO - Using connection ID 'postgres_default' for task execution.
[2022-12-12 18:39:18,522] {dbapi.py:208} INFO - Running statement: CREATE TABLE IF NOT EXISTS prepared_data (
	id SERIAL,
	sensor_id BIGINT,
	longitude FLOAT,
	latitude FLOAT,
	controller_id BIGINT,
	datetime TIMESTAMP WITH TIME ZONE,
	temperature INTEGER
);, parameters: None
[2022-12-12 18:39:18,526] {postgres.py:94} INFO - NOTICE:  relation "prepared_data" already exists, skipping

[2022-12-12 18:39:18,553] {taskinstance.py:1400} INFO - Marking task as SUCCESS. dag_id=prepare_data, task_id=create_table, execution_date=20221128T171300, start_date=20221212T183917, end_date=20221212T183918
[2022-12-12 18:39:18,581] {local_task_job.py:156} INFO - Task exited with return code 0
[2022-12-12 18:39:18,659] {local_task_job.py:273} INFO - 1 downstream tasks scheduled from follow-on schedule check
