[2022-12-12 18:41:44,975] {taskinstance.py:1159} INFO - Dependencies all met for <TaskInstance: prepare_data.create_table scheduled__2022-11-28T19:06:00+00:00 [queued]>
[2022-12-12 18:41:45,033] {taskinstance.py:1159} INFO - Dependencies all met for <TaskInstance: prepare_data.create_table scheduled__2022-11-28T19:06:00+00:00 [queued]>
[2022-12-12 18:41:45,034] {taskinstance.py:1356} INFO - 
--------------------------------------------------------------------------------
[2022-12-12 18:41:45,041] {taskinstance.py:1357} INFO - Starting attempt 1 of 1
[2022-12-12 18:41:45,047] {taskinstance.py:1358} INFO - 
--------------------------------------------------------------------------------
[2022-12-12 18:41:45,123] {taskinstance.py:1377} INFO - Executing <Task(PostgresOperator): create_table> on 2022-11-28 19:06:00+00:00
[2022-12-12 18:41:45,135] {standard_task_runner.py:52} INFO - Started process 1089 to run task
[2022-12-12 18:41:45,148] {standard_task_runner.py:79} INFO - Running: ['airflow', 'tasks', 'run', 'prepare_data', 'create_table', 'scheduled__2022-11-28T19:06:00+00:00', '--job-id', '429', '--raw', '--subdir', 'DAGS_FOLDER/prepare_data.py', '--cfg-path', '/tmp/tmpaoy6wbpp', '--error-file', '/tmp/tmp938x810f']
[2022-12-12 18:41:45,160] {standard_task_runner.py:80} INFO - Job 429: Subtask create_table
[2022-12-12 18:41:45,749] {task_command.py:369} INFO - Running <TaskInstance: prepare_data.create_table scheduled__2022-11-28T19:06:00+00:00 [running]> on host cfea470654c7
[2022-12-12 18:41:46,271] {taskinstance.py:1571} INFO - Exporting the following env vars:
AIRFLOW_CTX_DAG_OWNER=airflow
AIRFLOW_CTX_DAG_ID=prepare_data
AIRFLOW_CTX_TASK_ID=create_table
AIRFLOW_CTX_EXECUTION_DATE=2022-11-28T19:06:00+00:00
AIRFLOW_CTX_TRY_NUMBER=1
AIRFLOW_CTX_DAG_RUN_ID=scheduled__2022-11-28T19:06:00+00:00
[2022-12-12 18:41:46,375] {base.py:68} INFO - Using connection ID 'postgres_default' for task execution.
[2022-12-12 18:41:46,392] {dbapi.py:208} INFO - Running statement: CREATE TABLE IF NOT EXISTS prepared_data (
	id SERIAL,
	sensor_id BIGINT,
	longitude FLOAT,
	latitude FLOAT,
	controller_id BIGINT,
	datetime TIMESTAMP WITH TIME ZONE,
	temperature INTEGER
);, parameters: None
[2022-12-12 18:41:46,399] {postgres.py:94} INFO - NOTICE:  relation "prepared_data" already exists, skipping

[2022-12-12 18:41:46,463] {taskinstance.py:1400} INFO - Marking task as SUCCESS. dag_id=prepare_data, task_id=create_table, execution_date=20221128T190600, start_date=20221212T184144, end_date=20221212T184146
[2022-12-12 18:41:46,582] {local_task_job.py:156} INFO - Task exited with return code 0
[2022-12-12 18:41:47,018] {local_task_job.py:273} INFO - 0 downstream tasks scheduled from follow-on schedule check
