[2022-12-12 18:41:32,662] {taskinstance.py:1159} INFO - Dependencies all met for <TaskInstance: prepare_data.get_last_id scheduled__2022-11-28T18:53:00+00:00 [queued]>
[2022-12-12 18:41:32,797] {taskinstance.py:1159} INFO - Dependencies all met for <TaskInstance: prepare_data.get_last_id scheduled__2022-11-28T18:53:00+00:00 [queued]>
[2022-12-12 18:41:32,807] {taskinstance.py:1356} INFO - 
--------------------------------------------------------------------------------
[2022-12-12 18:41:32,815] {taskinstance.py:1357} INFO - Starting attempt 1 of 1
[2022-12-12 18:41:32,817] {taskinstance.py:1358} INFO - 
--------------------------------------------------------------------------------
[2022-12-12 18:41:32,959] {taskinstance.py:1377} INFO - Executing <Task(PythonOperator): get_last_id> on 2022-11-28 18:53:00+00:00
[2022-12-12 18:41:32,994] {standard_task_runner.py:52} INFO - Started process 1034 to run task
[2022-12-12 18:41:33,022] {standard_task_runner.py:79} INFO - Running: ['airflow', 'tasks', 'run', 'prepare_data', 'get_last_id', 'scheduled__2022-11-28T18:53:00+00:00', '--job-id', '403', '--raw', '--subdir', 'DAGS_FOLDER/prepare_data.py', '--cfg-path', '/tmp/tmp1oqjf9n4', '--error-file', '/tmp/tmpkc1ywan9']
[2022-12-12 18:41:33,063] {standard_task_runner.py:80} INFO - Job 403: Subtask get_last_id
[2022-12-12 18:41:33,504] {task_command.py:369} INFO - Running <TaskInstance: prepare_data.get_last_id scheduled__2022-11-28T18:53:00+00:00 [running]> on host cfea470654c7
[2022-12-12 18:41:33,825] {taskinstance.py:1571} INFO - Exporting the following env vars:
AIRFLOW_CTX_DAG_OWNER=airflow
AIRFLOW_CTX_DAG_ID=prepare_data
AIRFLOW_CTX_TASK_ID=get_last_id
AIRFLOW_CTX_EXECUTION_DATE=2022-11-28T18:53:00+00:00
AIRFLOW_CTX_TRY_NUMBER=1
AIRFLOW_CTX_DAG_RUN_ID=scheduled__2022-11-28T18:53:00+00:00
[2022-12-12 18:41:33,871] {base.py:68} INFO - Using connection ID 'postgres_default' for task execution.
[2022-12-12 18:41:33,942] {python.py:173} INFO - Done. Returned value was: None
[2022-12-12 18:41:34,065] {taskinstance.py:1400} INFO - Marking task as SUCCESS. dag_id=prepare_data, task_id=get_last_id, execution_date=20221128T185300, start_date=20221212T184132, end_date=20221212T184134
[2022-12-12 18:41:34,404] {local_task_job.py:156} INFO - Task exited with return code 0
[2022-12-12 18:41:34,797] {local_task_job.py:273} INFO - 1 downstream tasks scheduled from follow-on schedule check
