[2022-12-12 18:42:01,604] {taskinstance.py:1159} INFO - Dependencies all met for <TaskInstance: prepare_data.create_table scheduled__2022-11-28T19:20:00+00:00 [queued]>
[2022-12-12 18:42:01,714] {taskinstance.py:1159} INFO - Dependencies all met for <TaskInstance: prepare_data.create_table scheduled__2022-11-28T19:20:00+00:00 [queued]>
[2022-12-12 18:42:01,729] {taskinstance.py:1356} INFO - 
--------------------------------------------------------------------------------
[2022-12-12 18:42:01,730] {taskinstance.py:1357} INFO - Starting attempt 1 of 1
[2022-12-12 18:42:01,733] {taskinstance.py:1358} INFO - 
--------------------------------------------------------------------------------
[2022-12-12 18:42:01,877] {taskinstance.py:1377} INFO - Executing <Task(PostgresOperator): create_table> on 2022-11-28 19:20:00+00:00
[2022-12-12 18:42:01,924] {standard_task_runner.py:52} INFO - Started process 1175 to run task
[2022-12-12 18:42:01,974] {standard_task_runner.py:79} INFO - Running: ['airflow', 'tasks', 'run', 'prepare_data', 'create_table', 'scheduled__2022-11-28T19:20:00+00:00', '--job-id', '471', '--raw', '--subdir', 'DAGS_FOLDER/prepare_data.py', '--cfg-path', '/tmp/tmpg65c5ncf', '--error-file', '/tmp/tmpxrqq95r1']
[2022-12-12 18:42:01,987] {standard_task_runner.py:80} INFO - Job 471: Subtask create_table
[2022-12-12 18:42:02,441] {task_command.py:369} INFO - Running <TaskInstance: prepare_data.create_table scheduled__2022-11-28T19:20:00+00:00 [running]> on host cfea470654c7
[2022-12-12 18:42:03,070] {taskinstance.py:1571} INFO - Exporting the following env vars:
AIRFLOW_CTX_DAG_OWNER=airflow
AIRFLOW_CTX_DAG_ID=prepare_data
AIRFLOW_CTX_TASK_ID=create_table
AIRFLOW_CTX_EXECUTION_DATE=2022-11-28T19:20:00+00:00
AIRFLOW_CTX_TRY_NUMBER=1
AIRFLOW_CTX_DAG_RUN_ID=scheduled__2022-11-28T19:20:00+00:00
[2022-12-12 18:42:03,137] {base.py:68} INFO - Using connection ID 'postgres_default' for task execution.
[2022-12-12 18:42:03,152] {dbapi.py:208} INFO - Running statement: CREATE TABLE IF NOT EXISTS prepared_data (
	id SERIAL,
	sensor_id BIGINT,
	longitude FLOAT,
	latitude FLOAT,
	controller_id BIGINT,
	datetime TIMESTAMP WITH TIME ZONE,
	temperature INTEGER
);, parameters: None
[2022-12-12 18:42:03,157] {postgres.py:94} INFO - NOTICE:  relation "prepared_data" already exists, skipping

[2022-12-12 18:42:03,263] {taskinstance.py:1400} INFO - Marking task as SUCCESS. dag_id=prepare_data, task_id=create_table, execution_date=20221128T192000, start_date=20221212T184201, end_date=20221212T184203
[2022-12-12 18:42:03,398] {local_task_job.py:156} INFO - Task exited with return code 0
[2022-12-12 18:42:03,618] {local_task_job.py:273} INFO - 1 downstream tasks scheduled from follow-on schedule check
