[2022-12-16 11:03:44,614] {taskinstance.py:1159} INFO - Dependencies all met for <TaskInstance: prepare_data.get_last_id scheduled__2022-12-16T01:57:00+00:00 [queued]>
[2022-12-16 11:03:44,761] {taskinstance.py:1159} INFO - Dependencies all met for <TaskInstance: prepare_data.get_last_id scheduled__2022-12-16T01:57:00+00:00 [queued]>
[2022-12-16 11:03:44,761] {taskinstance.py:1356} INFO - 
--------------------------------------------------------------------------------
[2022-12-16 11:03:44,761] {taskinstance.py:1357} INFO - Starting attempt 1 of 1
[2022-12-16 11:03:44,762] {taskinstance.py:1358} INFO - 
--------------------------------------------------------------------------------
[2022-12-16 11:03:44,925] {taskinstance.py:1377} INFO - Executing <Task(PythonOperator): get_last_id> on 2022-12-16 01:57:00+00:00
[2022-12-16 11:03:44,941] {standard_task_runner.py:52} INFO - Started process 3417 to run task
[2022-12-16 11:03:44,981] {standard_task_runner.py:79} INFO - Running: ['airflow', 'tasks', 'run', 'prepare_data', 'get_last_id', 'scheduled__2022-12-16T01:57:00+00:00', '--job-id', '1710', '--raw', '--subdir', 'DAGS_FOLDER/prepare_data.py', '--cfg-path', '/tmp/tmp_f5a41f3', '--error-file', '/tmp/tmpgo4iopl5']
[2022-12-16 11:03:45,014] {standard_task_runner.py:80} INFO - Job 1710: Subtask get_last_id
[2022-12-16 11:03:45,714] {task_command.py:369} INFO - Running <TaskInstance: prepare_data.get_last_id scheduled__2022-12-16T01:57:00+00:00 [running]> on host 8e2f65ec4c74
[2022-12-16 11:03:46,784] {taskinstance.py:1571} INFO - Exporting the following env vars:
AIRFLOW_CTX_DAG_OWNER=airflow
AIRFLOW_CTX_DAG_ID=prepare_data
AIRFLOW_CTX_TASK_ID=get_last_id
AIRFLOW_CTX_EXECUTION_DATE=2022-12-16T01:57:00+00:00
AIRFLOW_CTX_TRY_NUMBER=1
AIRFLOW_CTX_DAG_RUN_ID=scheduled__2022-12-16T01:57:00+00:00
[2022-12-16 11:03:46,912] {base.py:68} INFO - Using connection ID 'gp_conn' for task execution.
[2022-12-16 11:03:47,123] {python.py:173} INFO - Done. Returned value was: None
[2022-12-16 11:03:47,266] {taskinstance.py:1400} INFO - Marking task as SUCCESS. dag_id=prepare_data, task_id=get_last_id, execution_date=20221216T015700, start_date=20221216T110344, end_date=20221216T110347
[2022-12-16 11:03:47,513] {local_task_job.py:156} INFO - Task exited with return code 0
[2022-12-16 11:03:48,639] {local_task_job.py:273} INFO - 0 downstream tasks scheduled from follow-on schedule check
