[2022-12-16 10:55:15,634] {taskinstance.py:1159} INFO - Dependencies all met for <TaskInstance: prepare_data.get_last_id scheduled__2022-12-16T00:38:00+00:00 [queued]>
[2022-12-16 10:55:16,322] {taskinstance.py:1159} INFO - Dependencies all met for <TaskInstance: prepare_data.get_last_id scheduled__2022-12-16T00:38:00+00:00 [queued]>
[2022-12-16 10:55:16,323] {taskinstance.py:1356} INFO - 
--------------------------------------------------------------------------------
[2022-12-16 10:55:16,323] {taskinstance.py:1357} INFO - Starting attempt 1 of 1
[2022-12-16 10:55:16,323] {taskinstance.py:1358} INFO - 
--------------------------------------------------------------------------------
[2022-12-16 10:55:17,007] {taskinstance.py:1377} INFO - Executing <Task(PythonOperator): get_last_id> on 2022-12-16 00:38:00+00:00
[2022-12-16 10:55:17,096] {standard_task_runner.py:52} INFO - Started process 2810 to run task
[2022-12-16 10:55:17,189] {standard_task_runner.py:79} INFO - Running: ['airflow', 'tasks', 'run', 'prepare_data', 'get_last_id', 'scheduled__2022-12-16T00:38:00+00:00', '--job-id', '1444', '--raw', '--subdir', 'DAGS_FOLDER/prepare_data.py', '--cfg-path', '/tmp/tmplhkdea39', '--error-file', '/tmp/tmpfcnmz450']
[2022-12-16 10:55:17,195] {standard_task_runner.py:80} INFO - Job 1444: Subtask get_last_id
[2022-12-16 10:55:19,312] {task_command.py:369} INFO - Running <TaskInstance: prepare_data.get_last_id scheduled__2022-12-16T00:38:00+00:00 [running]> on host 8e2f65ec4c74
[2022-12-16 10:55:20,896] {taskinstance.py:1571} INFO - Exporting the following env vars:
AIRFLOW_CTX_DAG_OWNER=airflow
AIRFLOW_CTX_DAG_ID=prepare_data
AIRFLOW_CTX_TASK_ID=get_last_id
AIRFLOW_CTX_EXECUTION_DATE=2022-12-16T00:38:00+00:00
AIRFLOW_CTX_TRY_NUMBER=1
AIRFLOW_CTX_DAG_RUN_ID=scheduled__2022-12-16T00:38:00+00:00
[2022-12-16 10:55:21,256] {base.py:68} INFO - Using connection ID 'gp_conn' for task execution.
[2022-12-16 10:55:21,959] {python.py:173} INFO - Done. Returned value was: None
[2022-12-16 10:55:22,886] {taskinstance.py:1400} INFO - Marking task as SUCCESS. dag_id=prepare_data, task_id=get_last_id, execution_date=20221216T003800, start_date=20221216T105515, end_date=20221216T105522
[2022-12-16 10:55:23,593] {local_task_job.py:156} INFO - Task exited with return code 0
[2022-12-16 10:55:24,378] {local_task_job.py:273} INFO - 1 downstream tasks scheduled from follow-on schedule check
