[2022-12-12 18:25:49,586] {taskinstance.py:1159} INFO - Dependencies all met for <TaskInstance: prepare_data.get_last_id scheduled__2022-11-28T17:09:00+00:00 [queued]>
[2022-12-12 18:25:49,833] {taskinstance.py:1159} INFO - Dependencies all met for <TaskInstance: prepare_data.get_last_id scheduled__2022-11-28T17:09:00+00:00 [queued]>
[2022-12-12 18:25:49,851] {taskinstance.py:1356} INFO - 
--------------------------------------------------------------------------------
[2022-12-12 18:25:49,860] {taskinstance.py:1357} INFO - Starting attempt 1 of 1
[2022-12-12 18:25:49,864] {taskinstance.py:1358} INFO - 
--------------------------------------------------------------------------------
[2022-12-12 18:25:50,288] {taskinstance.py:1377} INFO - Executing <Task(PythonOperator): get_last_id> on 2022-11-28 17:09:00+00:00
[2022-12-12 18:25:50,381] {standard_task_runner.py:52} INFO - Started process 420 to run task
[2022-12-12 18:25:50,447] {standard_task_runner.py:79} INFO - Running: ['airflow', 'tasks', 'run', 'prepare_data', 'get_last_id', 'scheduled__2022-11-28T17:09:00+00:00', '--job-id', '103', '--raw', '--subdir', 'DAGS_FOLDER/prepare_data.py', '--cfg-path', '/tmp/tmp5ia5lbaf', '--error-file', '/tmp/tmpe6b6shgy']
[2022-12-12 18:25:50,518] {standard_task_runner.py:80} INFO - Job 103: Subtask get_last_id
[2022-12-12 18:25:51,032] {task_command.py:369} INFO - Running <TaskInstance: prepare_data.get_last_id scheduled__2022-11-28T17:09:00+00:00 [running]> on host a49e44ee4a94
[2022-12-12 18:25:51,823] {taskinstance.py:1571} INFO - Exporting the following env vars:
AIRFLOW_CTX_DAG_OWNER=airflow
AIRFLOW_CTX_DAG_ID=prepare_data
AIRFLOW_CTX_TASK_ID=get_last_id
AIRFLOW_CTX_EXECUTION_DATE=2022-11-28T17:09:00+00:00
AIRFLOW_CTX_TRY_NUMBER=1
AIRFLOW_CTX_DAG_RUN_ID=scheduled__2022-11-28T17:09:00+00:00
[2022-12-12 18:25:51,892] {base.py:68} INFO - Using connection ID 'postgres_default' for task execution.
[2022-12-12 18:25:52,040] {python.py:173} INFO - Done. Returned value was: None
[2022-12-12 18:25:52,310] {taskinstance.py:1400} INFO - Marking task as SUCCESS. dag_id=prepare_data, task_id=get_last_id, execution_date=20221128T170900, start_date=20221212T182549, end_date=20221212T182552
[2022-12-12 18:25:52,380] {local_task_job.py:156} INFO - Task exited with return code 0
[2022-12-12 18:25:52,783] {local_task_job.py:273} INFO - 1 downstream tasks scheduled from follow-on schedule check
[2022-12-12 18:39:08,199] {taskinstance.py:1159} INFO - Dependencies all met for <TaskInstance: prepare_data.get_last_id scheduled__2022-11-28T17:09:00+00:00 [queued]>
[2022-12-12 18:39:08,276] {taskinstance.py:1159} INFO - Dependencies all met for <TaskInstance: prepare_data.get_last_id scheduled__2022-11-28T17:09:00+00:00 [queued]>
[2022-12-12 18:39:08,295] {taskinstance.py:1356} INFO - 
--------------------------------------------------------------------------------
[2022-12-12 18:39:08,304] {taskinstance.py:1357} INFO - Starting attempt 1 of 1
[2022-12-12 18:39:08,309] {taskinstance.py:1358} INFO - 
--------------------------------------------------------------------------------
[2022-12-12 18:39:08,769] {taskinstance.py:1377} INFO - Executing <Task(PythonOperator): get_last_id> on 2022-11-28 17:09:00+00:00
[2022-12-12 18:39:08,819] {standard_task_runner.py:52} INFO - Started process 386 to run task
[2022-12-12 18:39:08,903] {standard_task_runner.py:79} INFO - Running: ['airflow', 'tasks', 'run', 'prepare_data', 'get_last_id', 'scheduled__2022-11-28T17:09:00+00:00', '--job-id', '90', '--raw', '--subdir', 'DAGS_FOLDER/prepare_data.py', '--cfg-path', '/tmp/tmpwndf3s_o', '--error-file', '/tmp/tmp94ljj5wl']
[2022-12-12 18:39:08,926] {standard_task_runner.py:80} INFO - Job 90: Subtask get_last_id
[2022-12-12 18:39:09,641] {task_command.py:369} INFO - Running <TaskInstance: prepare_data.get_last_id scheduled__2022-11-28T17:09:00+00:00 [running]> on host cfea470654c7
[2022-12-12 18:39:10,570] {taskinstance.py:1571} INFO - Exporting the following env vars:
AIRFLOW_CTX_DAG_OWNER=airflow
AIRFLOW_CTX_DAG_ID=prepare_data
AIRFLOW_CTX_TASK_ID=get_last_id
AIRFLOW_CTX_EXECUTION_DATE=2022-11-28T17:09:00+00:00
AIRFLOW_CTX_TRY_NUMBER=1
AIRFLOW_CTX_DAG_RUN_ID=scheduled__2022-11-28T17:09:00+00:00
[2022-12-12 18:39:10,719] {base.py:68} INFO - Using connection ID 'postgres_default' for task execution.
[2022-12-12 18:39:10,959] {python.py:173} INFO - Done. Returned value was: None
[2022-12-12 18:39:11,281] {taskinstance.py:1400} INFO - Marking task as SUCCESS. dag_id=prepare_data, task_id=get_last_id, execution_date=20221128T170900, start_date=20221212T183908, end_date=20221212T183911
[2022-12-12 18:39:11,401] {local_task_job.py:156} INFO - Task exited with return code 0
[2022-12-12 18:39:11,607] {local_task_job.py:273} INFO - 1 downstream tasks scheduled from follow-on schedule check
