[2022-12-12 18:25:37,502] {taskinstance.py:1159} INFO - Dependencies all met for <TaskInstance: prepare_data.get_last_id scheduled__2022-11-28T17:04:00+00:00 [queued]>
[2022-12-12 18:25:37,555] {taskinstance.py:1159} INFO - Dependencies all met for <TaskInstance: prepare_data.get_last_id scheduled__2022-11-28T17:04:00+00:00 [queued]>
[2022-12-12 18:25:37,560] {taskinstance.py:1356} INFO - 
--------------------------------------------------------------------------------
[2022-12-12 18:25:37,563] {taskinstance.py:1357} INFO - Starting attempt 1 of 1
[2022-12-12 18:25:37,565] {taskinstance.py:1358} INFO - 
--------------------------------------------------------------------------------
[2022-12-12 18:25:37,713] {taskinstance.py:1377} INFO - Executing <Task(PythonOperator): get_last_id> on 2022-11-28 17:04:00+00:00
[2022-12-12 18:25:37,725] {standard_task_runner.py:52} INFO - Started process 375 to run task
[2022-12-12 18:25:37,752] {standard_task_runner.py:79} INFO - Running: ['airflow', 'tasks', 'run', 'prepare_data', 'get_last_id', 'scheduled__2022-11-28T17:04:00+00:00', '--job-id', '85', '--raw', '--subdir', 'DAGS_FOLDER/prepare_data.py', '--cfg-path', '/tmp/tmpot6hfthb', '--error-file', '/tmp/tmpjnxnfzca']
[2022-12-12 18:25:37,765] {standard_task_runner.py:80} INFO - Job 85: Subtask get_last_id
[2022-12-12 18:25:38,231] {task_command.py:369} INFO - Running <TaskInstance: prepare_data.get_last_id scheduled__2022-11-28T17:04:00+00:00 [running]> on host a49e44ee4a94
[2022-12-12 18:25:38,681] {taskinstance.py:1571} INFO - Exporting the following env vars:
AIRFLOW_CTX_DAG_OWNER=airflow
AIRFLOW_CTX_DAG_ID=prepare_data
AIRFLOW_CTX_TASK_ID=get_last_id
AIRFLOW_CTX_EXECUTION_DATE=2022-11-28T17:04:00+00:00
AIRFLOW_CTX_TRY_NUMBER=1
AIRFLOW_CTX_DAG_RUN_ID=scheduled__2022-11-28T17:04:00+00:00
[2022-12-12 18:25:38,724] {base.py:68} INFO - Using connection ID 'postgres_default' for task execution.
[2022-12-12 18:25:38,813] {python.py:173} INFO - Done. Returned value was: None
[2022-12-12 18:25:38,916] {taskinstance.py:1400} INFO - Marking task as SUCCESS. dag_id=prepare_data, task_id=get_last_id, execution_date=20221128T170400, start_date=20221212T182537, end_date=20221212T182538
[2022-12-12 18:25:38,997] {local_task_job.py:156} INFO - Task exited with return code 0
[2022-12-12 18:25:39,518] {local_task_job.py:273} INFO - 0 downstream tasks scheduled from follow-on schedule check
[2022-12-12 18:39:02,299] {taskinstance.py:1159} INFO - Dependencies all met for <TaskInstance: prepare_data.get_last_id scheduled__2022-11-28T17:04:00+00:00 [queued]>
[2022-12-12 18:39:02,379] {taskinstance.py:1159} INFO - Dependencies all met for <TaskInstance: prepare_data.get_last_id scheduled__2022-11-28T17:04:00+00:00 [queued]>
[2022-12-12 18:39:02,381] {taskinstance.py:1356} INFO - 
--------------------------------------------------------------------------------
[2022-12-12 18:39:02,383] {taskinstance.py:1357} INFO - Starting attempt 1 of 1
[2022-12-12 18:39:02,385] {taskinstance.py:1358} INFO - 
--------------------------------------------------------------------------------
[2022-12-12 18:39:02,591] {taskinstance.py:1377} INFO - Executing <Task(PythonOperator): get_last_id> on 2022-11-28 17:04:00+00:00
[2022-12-12 18:39:02,602] {standard_task_runner.py:52} INFO - Started process 368 to run task
[2022-12-12 18:39:02,621] {standard_task_runner.py:79} INFO - Running: ['airflow', 'tasks', 'run', 'prepare_data', 'get_last_id', 'scheduled__2022-11-28T17:04:00+00:00', '--job-id', '81', '--raw', '--subdir', 'DAGS_FOLDER/prepare_data.py', '--cfg-path', '/tmp/tmp8kimw_vw', '--error-file', '/tmp/tmpqwrl29ca']
[2022-12-12 18:39:02,627] {standard_task_runner.py:80} INFO - Job 81: Subtask get_last_id
[2022-12-12 18:39:03,307] {task_command.py:369} INFO - Running <TaskInstance: prepare_data.get_last_id scheduled__2022-11-28T17:04:00+00:00 [running]> on host cfea470654c7
[2022-12-12 18:39:04,224] {taskinstance.py:1571} INFO - Exporting the following env vars:
AIRFLOW_CTX_DAG_OWNER=airflow
AIRFLOW_CTX_DAG_ID=prepare_data
AIRFLOW_CTX_TASK_ID=get_last_id
AIRFLOW_CTX_EXECUTION_DATE=2022-11-28T17:04:00+00:00
AIRFLOW_CTX_TRY_NUMBER=1
AIRFLOW_CTX_DAG_RUN_ID=scheduled__2022-11-28T17:04:00+00:00
[2022-12-12 18:39:04,477] {base.py:68} INFO - Using connection ID 'postgres_default' for task execution.
[2022-12-12 18:39:04,679] {python.py:173} INFO - Done. Returned value was: None
[2022-12-12 18:39:05,570] {taskinstance.py:1400} INFO - Marking task as SUCCESS. dag_id=prepare_data, task_id=get_last_id, execution_date=20221128T170400, start_date=20221212T183902, end_date=20221212T183905
[2022-12-12 18:39:05,945] {local_task_job.py:156} INFO - Task exited with return code 0
[2022-12-12 18:39:06,508] {local_task_job.py:273} INFO - 0 downstream tasks scheduled from follow-on schedule check
