[2022-12-15 17:01:03,529] {taskinstance.py:1159} INFO - Dependencies all met for <TaskInstance: prepare_data.transfer_data scheduled__2022-12-15T17:00:00+00:00 [queued]>
[2022-12-15 17:01:03,542] {taskinstance.py:1159} INFO - Dependencies all met for <TaskInstance: prepare_data.transfer_data scheduled__2022-12-15T17:00:00+00:00 [queued]>
[2022-12-15 17:01:03,543] {taskinstance.py:1356} INFO - 
--------------------------------------------------------------------------------
[2022-12-15 17:01:03,545] {taskinstance.py:1357} INFO - Starting attempt 1 of 1
[2022-12-15 17:01:03,546] {taskinstance.py:1358} INFO - 
--------------------------------------------------------------------------------
[2022-12-15 17:01:03,569] {taskinstance.py:1377} INFO - Executing <Task(PythonOperator): transfer_data> on 2022-12-15 17:00:00+00:00
[2022-12-15 17:01:03,575] {standard_task_runner.py:52} INFO - Started process 318 to run task
[2022-12-15 17:01:03,580] {standard_task_runner.py:79} INFO - Running: ['airflow', 'tasks', 'run', 'prepare_data', 'transfer_data', 'scheduled__2022-12-15T17:00:00+00:00', '--job-id', '32', '--raw', '--subdir', 'DAGS_FOLDER/prepare_data.py', '--cfg-path', '/tmp/tmpaic5456e', '--error-file', '/tmp/tmp_rkft0yp']
[2022-12-15 17:01:03,582] {standard_task_runner.py:80} INFO - Job 32: Subtask transfer_data
[2022-12-15 17:01:03,676] {task_command.py:369} INFO - Running <TaskInstance: prepare_data.transfer_data scheduled__2022-12-15T17:00:00+00:00 [running]> on host 39e562fe01ff
[2022-12-15 17:01:03,785] {taskinstance.py:1571} INFO - Exporting the following env vars:
AIRFLOW_CTX_DAG_OWNER=airflow
AIRFLOW_CTX_DAG_ID=prepare_data
AIRFLOW_CTX_TASK_ID=transfer_data
AIRFLOW_CTX_EXECUTION_DATE=2022-12-15T17:00:00+00:00
AIRFLOW_CTX_TRY_NUMBER=1
AIRFLOW_CTX_DAG_RUN_ID=scheduled__2022-12-15T17:00:00+00:00
[2022-12-15 17:01:03,803] {base.py:68} INFO - Using connection ID 'gp_conn' for task execution.
[2022-12-15 17:01:03,865] {python.py:173} INFO - Done. Returned value was: None
[2022-12-15 17:01:03,888] {taskinstance.py:1400} INFO - Marking task as SUCCESS. dag_id=prepare_data, task_id=transfer_data, execution_date=20221215T170000, start_date=20221215T170103, end_date=20221215T170103
[2022-12-15 17:01:03,914] {local_task_job.py:156} INFO - Task exited with return code 0
[2022-12-15 17:01:03,966] {local_task_job.py:273} INFO - 0 downstream tasks scheduled from follow-on schedule check
[2022-12-16 08:06:09,151] {taskinstance.py:1159} INFO - Dependencies all met for <TaskInstance: prepare_data.transfer_data scheduled__2022-12-15T17:00:00+00:00 [queued]>
[2022-12-16 08:06:10,756] {taskinstance.py:1159} INFO - Dependencies all met for <TaskInstance: prepare_data.transfer_data scheduled__2022-12-15T17:00:00+00:00 [queued]>
[2022-12-16 08:06:10,757] {taskinstance.py:1356} INFO - 
--------------------------------------------------------------------------------
[2022-12-16 08:06:10,764] {taskinstance.py:1357} INFO - Starting attempt 1 of 1
[2022-12-16 08:06:10,764] {taskinstance.py:1358} INFO - 
--------------------------------------------------------------------------------
[2022-12-16 08:06:13,098] {taskinstance.py:1377} INFO - Executing <Task(PythonOperator): transfer_data> on 2022-12-15 17:00:00+00:00
[2022-12-16 08:06:13,370] {standard_task_runner.py:52} INFO - Started process 16688 to run task
[2022-12-16 08:06:13,642] {standard_task_runner.py:79} INFO - Running: ['airflow', 'tasks', 'run', 'prepare_data', 'transfer_data', 'scheduled__2022-12-15T17:00:00+00:00', '--job-id', '60', '--raw', '--subdir', 'DAGS_FOLDER/prepare_data.py', '--cfg-path', '/tmp/tmpqlbann5_', '--error-file', '/tmp/tmp4zk6fqyb']
[2022-12-16 08:06:13,643] {standard_task_runner.py:80} INFO - Job 60: Subtask transfer_data
[2022-12-16 08:06:21,195] {task_command.py:369} INFO - Running <TaskInstance: prepare_data.transfer_data scheduled__2022-12-15T17:00:00+00:00 [running]> on host 8e2f65ec4c74
[2022-12-16 08:06:25,791] {taskinstance.py:1571} INFO - Exporting the following env vars:
AIRFLOW_CTX_DAG_OWNER=airflow
AIRFLOW_CTX_DAG_ID=prepare_data
AIRFLOW_CTX_TASK_ID=transfer_data
AIRFLOW_CTX_EXECUTION_DATE=2022-12-15T17:00:00+00:00
AIRFLOW_CTX_TRY_NUMBER=1
AIRFLOW_CTX_DAG_RUN_ID=scheduled__2022-12-15T17:00:00+00:00
[2022-12-16 08:06:26,537] {base.py:68} INFO - Using connection ID 'gp_conn' for task execution.
[2022-12-16 08:06:28,849] {python.py:173} INFO - Done. Returned value was: None
[2022-12-16 08:06:30,194] {taskinstance.py:1400} INFO - Marking task as SUCCESS. dag_id=prepare_data, task_id=transfer_data, execution_date=20221215T170000, start_date=20221216T080609, end_date=20221216T080630
[2022-12-16 08:06:31,547] {local_task_job.py:156} INFO - Task exited with return code 0
[2022-12-16 08:06:33,669] {local_task_job.py:273} INFO - 0 downstream tasks scheduled from follow-on schedule check
