[2022-12-15 16:49:00,801] {taskinstance.py:1159} INFO - Dependencies all met for <TaskInstance: prepare_data.create_table scheduled__2022-12-15T16:48:00+00:00 [queued]>
[2022-12-15 16:49:00,814] {taskinstance.py:1159} INFO - Dependencies all met for <TaskInstance: prepare_data.create_table scheduled__2022-12-15T16:48:00+00:00 [queued]>
[2022-12-15 16:49:00,816] {taskinstance.py:1356} INFO - 
--------------------------------------------------------------------------------
[2022-12-15 16:49:00,817] {taskinstance.py:1357} INFO - Starting attempt 1 of 1
[2022-12-15 16:49:00,818] {taskinstance.py:1358} INFO - 
--------------------------------------------------------------------------------
[2022-12-15 16:49:00,841] {taskinstance.py:1377} INFO - Executing <Task(PostgresOperator): create_table> on 2022-12-15 16:48:00+00:00
[2022-12-15 16:49:00,847] {standard_task_runner.py:52} INFO - Started process 267 to run task
[2022-12-15 16:49:00,852] {standard_task_runner.py:79} INFO - Running: ['airflow', 'tasks', 'run', 'prepare_data', 'create_table', 'scheduled__2022-12-15T16:48:00+00:00', '--job-id', '5', '--raw', '--subdir', 'DAGS_FOLDER/prepare_data.py', '--cfg-path', '/tmp/tmpzcvv0svl', '--error-file', '/tmp/tmpzf_sfope']
[2022-12-15 16:49:00,855] {standard_task_runner.py:80} INFO - Job 5: Subtask create_table
[2022-12-15 16:49:00,950] {task_command.py:369} INFO - Running <TaskInstance: prepare_data.create_table scheduled__2022-12-15T16:48:00+00:00 [running]> on host cfb13ab3b5ca
[2022-12-15 16:49:01,136] {taskinstance.py:1571} INFO - Exporting the following env vars:
AIRFLOW_CTX_DAG_OWNER=airflow
AIRFLOW_CTX_DAG_ID=prepare_data
AIRFLOW_CTX_TASK_ID=create_table
AIRFLOW_CTX_EXECUTION_DATE=2022-12-15T16:48:00+00:00
AIRFLOW_CTX_TRY_NUMBER=1
AIRFLOW_CTX_DAG_RUN_ID=scheduled__2022-12-15T16:48:00+00:00
[2022-12-15 16:49:01,238] {taskinstance.py:1889} ERROR - Task failed with exception
Traceback (most recent call last):
  File "/home/airflow/.local/lib/python3.7/site-packages/airflow/providers/postgres/operators/postgres.py", line 92, in execute
    self.hook.run(self.sql, self.autocommit, parameters=self.parameters)
  File "/home/airflow/.local/lib/python3.7/site-packages/airflow/hooks/dbapi.py", line 181, in run
    with closing(self.get_conn()) as conn:
  File "/home/airflow/.local/lib/python3.7/site-packages/airflow/providers/postgres/hooks/postgres.py", line 86, in get_conn
    conn = deepcopy(self.connection or self.get_connection(conn_id))
  File "/home/airflow/.local/lib/python3.7/site-packages/airflow/hooks/base.py", line 67, in get_connection
    conn = Connection.get_connection_from_secrets(conn_id)
  File "/home/airflow/.local/lib/python3.7/site-packages/airflow/models/connection.py", line 430, in get_connection_from_secrets
    raise AirflowNotFoundException(f"The conn_id `{conn_id}` isn't defined")
airflow.exceptions.AirflowNotFoundException: The conn_id `postgres_default` isn't defined
[2022-12-15 16:49:01,246] {taskinstance.py:1400} INFO - Marking task as FAILED. dag_id=prepare_data, task_id=create_table, execution_date=20221215T164800, start_date=20221215T164900, end_date=20221215T164901
[2022-12-15 16:49:01,272] {standard_task_runner.py:97} ERROR - Failed to execute job 5 for task create_table (The conn_id `postgres_default` isn't defined; 267)
[2022-12-15 16:49:01,311] {local_task_job.py:156} INFO - Task exited with return code 1
[2022-12-15 16:49:01,396] {local_task_job.py:273} INFO - 0 downstream tasks scheduled from follow-on schedule check
[2022-12-16 07:50:10,353] {taskinstance.py:1159} INFO - Dependencies all met for <TaskInstance: prepare_data.create_table scheduled__2022-12-15T16:48:00+00:00 [queued]>
[2022-12-16 07:50:10,906] {taskinstance.py:1159} INFO - Dependencies all met for <TaskInstance: prepare_data.create_table scheduled__2022-12-15T16:48:00+00:00 [queued]>
[2022-12-16 07:50:10,919] {taskinstance.py:1356} INFO - 
--------------------------------------------------------------------------------
[2022-12-16 07:50:10,926] {taskinstance.py:1357} INFO - Starting attempt 1 of 1
[2022-12-16 07:50:10,939] {taskinstance.py:1358} INFO - 
--------------------------------------------------------------------------------
[2022-12-16 07:50:11,867] {taskinstance.py:1377} INFO - Executing <Task(PostgresOperator): create_table> on 2022-12-15 16:48:00+00:00
[2022-12-16 07:50:12,257] {standard_task_runner.py:52} INFO - Started process 16521 to run task
[2022-12-16 07:50:12,466] {standard_task_runner.py:79} INFO - Running: ['airflow', 'tasks', 'run', 'prepare_data', 'create_table', 'scheduled__2022-12-15T16:48:00+00:00', '--job-id', '5', '--raw', '--subdir', 'DAGS_FOLDER/prepare_data.py', '--cfg-path', '/tmp/tmp8un4eozr', '--error-file', '/tmp/tmp9wazoas8']
[2022-12-16 07:50:12,468] {standard_task_runner.py:80} INFO - Job 5: Subtask create_table
[2022-12-16 07:50:15,624] {task_command.py:369} INFO - Running <TaskInstance: prepare_data.create_table scheduled__2022-12-15T16:48:00+00:00 [running]> on host 8e2f65ec4c74
[2022-12-16 07:50:21,348] {taskinstance.py:1571} INFO - Exporting the following env vars:
AIRFLOW_CTX_DAG_OWNER=airflow
AIRFLOW_CTX_DAG_ID=prepare_data
AIRFLOW_CTX_TASK_ID=create_table
AIRFLOW_CTX_EXECUTION_DATE=2022-12-15T16:48:00+00:00
AIRFLOW_CTX_TRY_NUMBER=1
AIRFLOW_CTX_DAG_RUN_ID=scheduled__2022-12-15T16:48:00+00:00
[2022-12-16 07:50:21,799] {base.py:68} INFO - Using connection ID 'gp_conn' for task execution.
[2022-12-16 07:50:22,178] {dbapi.py:208} INFO - Running statement: CREATE TABLE IF NOT EXISTS prepared_data (
	id SERIAL,
	sensor_id BIGINT,
	longitude FLOAT,
	latitude FLOAT,
	controller_id BIGINT,
	datetime TIMESTAMP WITH TIME ZONE,
	temperature INTEGER
);, parameters: None
[2022-12-16 07:50:22,262] {postgres.py:94} INFO - NOTICE:  relation "prepared_data" already exists, skipping

[2022-12-16 07:50:25,389] {taskinstance.py:1400} INFO - Marking task as SUCCESS. dag_id=prepare_data, task_id=create_table, execution_date=20221215T164800, start_date=20221216T075010, end_date=20221216T075025
[2022-12-16 07:50:25,969] {local_task_job.py:221} WARNING - State of this instance has been externally set to success. Terminating instance.
[2022-12-16 07:50:26,089] {process_utils.py:129} INFO - Sending Signals.SIGTERM to group 16521. PIDs of all processes in the group: [16521]
[2022-12-16 07:50:26,104] {process_utils.py:80} INFO - Sending the signal Signals.SIGTERM to group 16521
[2022-12-16 07:50:26,138] {process_utils.py:75} INFO - Process psutil.Process(pid=16521, status='terminated', exitcode=0, started='07:50:11') (16521) terminated with exit code 0
