[2022-12-16 13:06:03,087] {taskinstance.py:1159} INFO - Dependencies all met for <TaskInstance: prepare_data.transfer_data scheduled__2022-12-16T12:55:00+00:00 [queued]>
[2022-12-16 13:06:03,253] {taskinstance.py:1159} INFO - Dependencies all met for <TaskInstance: prepare_data.transfer_data scheduled__2022-12-16T12:55:00+00:00 [queued]>
[2022-12-16 13:06:03,253] {taskinstance.py:1356} INFO - 
--------------------------------------------------------------------------------
[2022-12-16 13:06:03,254] {taskinstance.py:1357} INFO - Starting attempt 1 of 1
[2022-12-16 13:06:03,254] {taskinstance.py:1358} INFO - 
--------------------------------------------------------------------------------
[2022-12-16 13:06:03,492] {taskinstance.py:1377} INFO - Executing <Task(PythonOperator): transfer_data> on 2022-12-16 12:55:00+00:00
[2022-12-16 13:06:03,552] {standard_task_runner.py:52} INFO - Started process 4296 to run task
[2022-12-16 13:06:03,577] {standard_task_runner.py:79} INFO - Running: ['airflow', 'tasks', 'run', 'prepare_data', 'transfer_data', 'scheduled__2022-12-16T12:55:00+00:00', '--job-id', '2118', '--raw', '--subdir', 'DAGS_FOLDER/prepare_data.py', '--cfg-path', '/tmp/tmpqy8_xfiv', '--error-file', '/tmp/tmpzen1ss_0']
[2022-12-16 13:06:03,594] {standard_task_runner.py:80} INFO - Job 2118: Subtask transfer_data
[2022-12-16 13:06:04,284] {task_command.py:369} INFO - Running <TaskInstance: prepare_data.transfer_data scheduled__2022-12-16T12:55:00+00:00 [running]> on host 8e2f65ec4c74
[2022-12-16 13:06:05,712] {taskinstance.py:1571} INFO - Exporting the following env vars:
AIRFLOW_CTX_DAG_OWNER=airflow
AIRFLOW_CTX_DAG_ID=prepare_data
AIRFLOW_CTX_TASK_ID=transfer_data
AIRFLOW_CTX_EXECUTION_DATE=2022-12-16T12:55:00+00:00
AIRFLOW_CTX_TRY_NUMBER=1
AIRFLOW_CTX_DAG_RUN_ID=scheduled__2022-12-16T12:55:00+00:00
[2022-12-16 13:06:05,799] {base.py:68} INFO - Using connection ID 'gp_conn' for task execution.
[2022-12-16 13:06:06,140] {python.py:173} INFO - Done. Returned value was: None
[2022-12-16 13:06:06,231] {taskinstance.py:1400} INFO - Marking task as SUCCESS. dag_id=prepare_data, task_id=transfer_data, execution_date=20221216T125500, start_date=20221216T130603, end_date=20221216T130606
[2022-12-16 13:06:06,419] {local_task_job.py:156} INFO - Task exited with return code 0
[2022-12-16 13:06:06,850] {local_task_job.py:273} INFO - 0 downstream tasks scheduled from follow-on schedule check
