[2022-12-16 11:02:51,705] {taskinstance.py:1159} INFO - Dependencies all met for <TaskInstance: prepare_data.get_last_id scheduled__2022-12-16T01:40:00+00:00 [queued]>
[2022-12-16 11:02:51,937] {taskinstance.py:1159} INFO - Dependencies all met for <TaskInstance: prepare_data.get_last_id scheduled__2022-12-16T01:40:00+00:00 [queued]>
[2022-12-16 11:02:51,938] {taskinstance.py:1356} INFO - 
--------------------------------------------------------------------------------
[2022-12-16 11:02:51,938] {taskinstance.py:1357} INFO - Starting attempt 1 of 1
[2022-12-16 11:02:51,938] {taskinstance.py:1358} INFO - 
--------------------------------------------------------------------------------
[2022-12-16 11:02:52,245] {taskinstance.py:1377} INFO - Executing <Task(PythonOperator): get_last_id> on 2022-12-16 01:40:00+00:00
[2022-12-16 11:02:52,331] {standard_task_runner.py:52} INFO - Started process 3289 to run task
[2022-12-16 11:02:52,319] {standard_task_runner.py:79} INFO - Running: ['airflow', 'tasks', 'run', 'prepare_data', 'get_last_id', 'scheduled__2022-12-16T01:40:00+00:00', '--job-id', '1650', '--raw', '--subdir', 'DAGS_FOLDER/prepare_data.py', '--cfg-path', '/tmp/tmptxeltoch', '--error-file', '/tmp/tmpf_0xf3mn']
[2022-12-16 11:02:52,384] {standard_task_runner.py:80} INFO - Job 1650: Subtask get_last_id
[2022-12-16 11:02:53,078] {task_command.py:369} INFO - Running <TaskInstance: prepare_data.get_last_id scheduled__2022-12-16T01:40:00+00:00 [running]> on host 8e2f65ec4c74
[2022-12-16 11:02:54,047] {taskinstance.py:1571} INFO - Exporting the following env vars:
AIRFLOW_CTX_DAG_OWNER=airflow
AIRFLOW_CTX_DAG_ID=prepare_data
AIRFLOW_CTX_TASK_ID=get_last_id
AIRFLOW_CTX_EXECUTION_DATE=2022-12-16T01:40:00+00:00
AIRFLOW_CTX_TRY_NUMBER=1
AIRFLOW_CTX_DAG_RUN_ID=scheduled__2022-12-16T01:40:00+00:00
[2022-12-16 11:02:54,127] {base.py:68} INFO - Using connection ID 'gp_conn' for task execution.
[2022-12-16 11:02:54,411] {python.py:173} INFO - Done. Returned value was: None
[2022-12-16 11:02:54,729] {taskinstance.py:1400} INFO - Marking task as SUCCESS. dag_id=prepare_data, task_id=get_last_id, execution_date=20221216T014000, start_date=20221216T110251, end_date=20221216T110254
[2022-12-16 11:02:54,919] {local_task_job.py:156} INFO - Task exited with return code 0
[2022-12-16 11:02:55,367] {local_task_job.py:273} INFO - 1 downstream tasks scheduled from follow-on schedule check
