[2022-12-12 18:39:58,103] {taskinstance.py:1159} INFO - Dependencies all met for <TaskInstance: prepare_data.get_last_id scheduled__2022-11-28T17:42:00+00:00 [queued]>
[2022-12-12 18:39:58,139] {taskinstance.py:1159} INFO - Dependencies all met for <TaskInstance: prepare_data.get_last_id scheduled__2022-11-28T17:42:00+00:00 [queued]>
[2022-12-12 18:39:58,142] {taskinstance.py:1356} INFO - 
--------------------------------------------------------------------------------
[2022-12-12 18:39:58,151] {taskinstance.py:1357} INFO - Starting attempt 1 of 1
[2022-12-12 18:39:58,165] {taskinstance.py:1358} INFO - 
--------------------------------------------------------------------------------
[2022-12-12 18:39:58,262] {taskinstance.py:1377} INFO - Executing <Task(PythonOperator): get_last_id> on 2022-11-28 17:42:00+00:00
[2022-12-12 18:39:58,288] {standard_task_runner.py:52} INFO - Started process 584 to run task
[2022-12-12 18:39:58,336] {standard_task_runner.py:79} INFO - Running: ['airflow', 'tasks', 'run', 'prepare_data', 'get_last_id', 'scheduled__2022-11-28T17:42:00+00:00', '--job-id', '187', '--raw', '--subdir', 'DAGS_FOLDER/prepare_data.py', '--cfg-path', '/tmp/tmp7y7agikc', '--error-file', '/tmp/tmpbhdzkm0u']
[2022-12-12 18:39:58,341] {standard_task_runner.py:80} INFO - Job 187: Subtask get_last_id
[2022-12-12 18:39:59,104] {task_command.py:369} INFO - Running <TaskInstance: prepare_data.get_last_id scheduled__2022-11-28T17:42:00+00:00 [running]> on host cfea470654c7
[2022-12-12 18:40:00,140] {taskinstance.py:1571} INFO - Exporting the following env vars:
AIRFLOW_CTX_DAG_OWNER=airflow
AIRFLOW_CTX_DAG_ID=prepare_data
AIRFLOW_CTX_TASK_ID=get_last_id
AIRFLOW_CTX_EXECUTION_DATE=2022-11-28T17:42:00+00:00
AIRFLOW_CTX_TRY_NUMBER=1
AIRFLOW_CTX_DAG_RUN_ID=scheduled__2022-11-28T17:42:00+00:00
[2022-12-12 18:40:00,203] {base.py:68} INFO - Using connection ID 'postgres_default' for task execution.
[2022-12-12 18:40:00,430] {python.py:173} INFO - Done. Returned value was: None
[2022-12-12 18:40:00,546] {taskinstance.py:1400} INFO - Marking task as SUCCESS. dag_id=prepare_data, task_id=get_last_id, execution_date=20221128T174200, start_date=20221212T183958, end_date=20221212T184000
[2022-12-12 18:40:00,672] {local_task_job.py:156} INFO - Task exited with return code 0
[2022-12-12 18:40:00,889] {local_task_job.py:273} INFO - 1 downstream tasks scheduled from follow-on schedule check
