[2022-12-16 07:59:15,741] {taskinstance.py:1159} INFO - Dependencies all met for <TaskInstance: prepare_data.transfer_data scheduled__2022-12-15T16:46:00+00:00 [queued]>
[2022-12-16 07:59:28,178] {taskinstance.py:1159} INFO - Dependencies all met for <TaskInstance: prepare_data.transfer_data scheduled__2022-12-15T16:46:00+00:00 [queued]>
[2022-12-16 07:59:28,753] {taskinstance.py:1356} INFO - 
--------------------------------------------------------------------------------
[2022-12-16 07:59:28,753] {taskinstance.py:1357} INFO - Starting attempt 2 of 1
[2022-12-16 07:59:28,933] {taskinstance.py:1358} INFO - 
--------------------------------------------------------------------------------
[2022-12-16 07:59:37,309] {taskinstance.py:1377} INFO - Executing <Task(PythonOperator): transfer_data> on 2022-12-15 16:46:00+00:00
[2022-12-16 07:59:38,271] {standard_task_runner.py:52} INFO - Started process 16606 to run task
[2022-12-16 07:59:39,443] {standard_task_runner.py:79} INFO - Running: ['airflow', 'tasks', 'run', 'prepare_data', 'transfer_data', 'scheduled__2022-12-15T16:46:00+00:00', '--job-id', '30', '--raw', '--subdir', 'DAGS_FOLDER/prepare_data.py', '--cfg-path', '/tmp/tmp5pfjtffr', '--error-file', '/tmp/tmpthdfednr']
[2022-12-16 07:59:39,603] {standard_task_runner.py:80} INFO - Job 30: Subtask transfer_data
[2022-12-16 07:59:55,038] {task_command.py:369} INFO - Running <TaskInstance: prepare_data.transfer_data scheduled__2022-12-15T16:46:00+00:00 [running]> on host 8e2f65ec4c74
[2022-12-16 08:00:13,295] {taskinstance.py:1571} INFO - Exporting the following env vars:
AIRFLOW_CTX_DAG_OWNER=airflow
AIRFLOW_CTX_DAG_ID=prepare_data
AIRFLOW_CTX_TASK_ID=transfer_data
AIRFLOW_CTX_EXECUTION_DATE=2022-12-15T16:46:00+00:00
AIRFLOW_CTX_TRY_NUMBER=2
AIRFLOW_CTX_DAG_RUN_ID=scheduled__2022-12-15T16:46:00+00:00
[2022-12-16 08:00:19,765] {base.py:68} INFO - Using connection ID 'gp_conn' for task execution.
[2022-12-16 08:00:52,097] {python.py:173} INFO - Done. Returned value was: None
[2022-12-16 08:01:06,270] {taskinstance.py:1400} INFO - Marking task as SUCCESS. dag_id=prepare_data, task_id=transfer_data, execution_date=20221215T164600, start_date=20221216T075916, end_date=20221216T080106
[2022-12-16 08:01:07,923] {local_task_job.py:156} INFO - Task exited with return code 0
[2022-12-16 08:01:10,275] {local_task_job.py:273} INFO - 0 downstream tasks scheduled from follow-on schedule check
