[2022-12-16 07:52:26,076] {taskinstance.py:1159} INFO - Dependencies all met for <TaskInstance: prepare_data.transfer_data scheduled__2022-12-15T16:46:00+00:00 [queued]>
[2022-12-16 07:52:27,902] {taskinstance.py:1159} INFO - Dependencies all met for <TaskInstance: prepare_data.transfer_data scheduled__2022-12-15T16:46:00+00:00 [queued]>
[2022-12-16 07:52:27,902] {taskinstance.py:1356} INFO - 
--------------------------------------------------------------------------------
[2022-12-16 07:52:28,143] {taskinstance.py:1357} INFO - Starting attempt 1 of 1
[2022-12-16 07:52:28,144] {taskinstance.py:1358} INFO - 
--------------------------------------------------------------------------------
[2022-12-16 07:52:30,422] {taskinstance.py:1377} INFO - Executing <Task(PythonOperator): transfer_data> on 2022-12-15 16:46:00+00:00
[2022-12-16 07:52:30,755] {standard_task_runner.py:52} INFO - Started process 16565 to run task
[2022-12-16 07:52:31,311] {standard_task_runner.py:79} INFO - Running: ['airflow', 'tasks', 'run', 'prepare_data', 'transfer_data', 'scheduled__2022-12-15T16:46:00+00:00', '--job-id', '19', '--raw', '--subdir', 'DAGS_FOLDER/prepare_data.py', '--cfg-path', '/tmp/tmpqkfkrj46', '--error-file', '/tmp/tmpir4n3pq5']
[2022-12-16 07:52:31,459] {standard_task_runner.py:80} INFO - Job 19: Subtask transfer_data
[2022-12-16 07:52:42,019] {task_command.py:369} INFO - Running <TaskInstance: prepare_data.transfer_data scheduled__2022-12-15T16:46:00+00:00 [running]> on host 8e2f65ec4c74
[2022-12-16 07:53:02,948] {taskinstance.py:1571} INFO - Exporting the following env vars:
AIRFLOW_CTX_DAG_OWNER=airflow
AIRFLOW_CTX_DAG_ID=prepare_data
AIRFLOW_CTX_TASK_ID=transfer_data
AIRFLOW_CTX_EXECUTION_DATE=2022-12-15T16:46:00+00:00
AIRFLOW_CTX_TRY_NUMBER=1
AIRFLOW_CTX_DAG_RUN_ID=scheduled__2022-12-15T16:46:00+00:00
[2022-12-16 07:53:16,616] {base.py:68} INFO - Using connection ID 'gp_conn' for task execution.
[2022-12-16 07:53:29,489] {python.py:173} INFO - Done. Returned value was: None
[2022-12-16 07:53:32,335] {taskinstance.py:1400} INFO - Marking task as SUCCESS. dag_id=prepare_data, task_id=transfer_data, execution_date=20221215T164600, start_date=20221216T075226, end_date=20221216T075332
[2022-12-16 07:53:33,472] {local_task_job.py:221} WARNING - State of this instance has been externally set to None. Terminating instance.
[2022-12-16 07:53:33,896] {process_utils.py:129} INFO - Sending Signals.SIGTERM to group 16565. PIDs of all processes in the group: [16565]
[2022-12-16 07:53:33,896] {process_utils.py:80} INFO - Sending the signal Signals.SIGTERM to group 16565
[2022-12-16 07:53:33,953] {taskinstance.py:1541} ERROR - Received SIGTERM. Terminating subprocesses.
[2022-12-16 07:53:34,395] {standard_task_runner.py:97} ERROR - Failed to execute job 19 for task transfer_data (Task received SIGTERM signal; 16565)
[2022-12-16 07:53:35,111] {process_utils.py:75} INFO - Process psutil.Process(pid=16565, status='terminated', exitcode=1, started='07:52:30') (16565) terminated with exit code 1
