[2022-12-12 18:42:30,933] {taskinstance.py:1159} INFO - Dependencies all met for <TaskInstance: prepare_data.create_table scheduled__2022-11-28T19:44:00+00:00 [queued]>
[2022-12-12 18:42:31,025] {taskinstance.py:1159} INFO - Dependencies all met for <TaskInstance: prepare_data.create_table scheduled__2022-11-28T19:44:00+00:00 [queued]>
[2022-12-12 18:42:31,026] {taskinstance.py:1356} INFO - 
--------------------------------------------------------------------------------
[2022-12-12 18:42:31,028] {taskinstance.py:1357} INFO - Starting attempt 1 of 1
[2022-12-12 18:42:31,029] {taskinstance.py:1358} INFO - 
--------------------------------------------------------------------------------
[2022-12-12 18:42:31,162] {taskinstance.py:1377} INFO - Executing <Task(PostgresOperator): create_table> on 2022-11-28 19:44:00+00:00
[2022-12-12 18:42:31,199] {standard_task_runner.py:52} INFO - Started process 1321 to run task
[2022-12-12 18:42:31,251] {standard_task_runner.py:79} INFO - Running: ['airflow', 'tasks', 'run', 'prepare_data', 'create_table', 'scheduled__2022-11-28T19:44:00+00:00', '--job-id', '542', '--raw', '--subdir', 'DAGS_FOLDER/prepare_data.py', '--cfg-path', '/tmp/tmpg5dw9ffy', '--error-file', '/tmp/tmp04jf1lgp']
[2022-12-12 18:42:31,271] {standard_task_runner.py:80} INFO - Job 542: Subtask create_table
[2022-12-12 18:42:32,004] {task_command.py:369} INFO - Running <TaskInstance: prepare_data.create_table scheduled__2022-11-28T19:44:00+00:00 [running]> on host cfea470654c7
[2022-12-12 18:42:32,579] {taskinstance.py:1571} INFO - Exporting the following env vars:
AIRFLOW_CTX_DAG_OWNER=airflow
AIRFLOW_CTX_DAG_ID=prepare_data
AIRFLOW_CTX_TASK_ID=create_table
AIRFLOW_CTX_EXECUTION_DATE=2022-11-28T19:44:00+00:00
AIRFLOW_CTX_TRY_NUMBER=1
AIRFLOW_CTX_DAG_RUN_ID=scheduled__2022-11-28T19:44:00+00:00
[2022-12-12 18:42:32,693] {base.py:68} INFO - Using connection ID 'postgres_default' for task execution.
[2022-12-12 18:42:32,722] {dbapi.py:208} INFO - Running statement: CREATE TABLE IF NOT EXISTS prepared_data (
	id SERIAL,
	sensor_id BIGINT,
	longitude FLOAT,
	latitude FLOAT,
	controller_id BIGINT,
	datetime TIMESTAMP WITH TIME ZONE,
	temperature INTEGER
);, parameters: None
[2022-12-12 18:42:32,754] {postgres.py:94} INFO - NOTICE:  relation "prepared_data" already exists, skipping

[2022-12-12 18:42:33,003] {taskinstance.py:1400} INFO - Marking task as SUCCESS. dag_id=prepare_data, task_id=create_table, execution_date=20221128T194400, start_date=20221212T184230, end_date=20221212T184233
[2022-12-12 18:42:33,153] {local_task_job.py:156} INFO - Task exited with return code 0
[2022-12-12 18:42:33,395] {local_task_job.py:273} INFO - 1 downstream tasks scheduled from follow-on schedule check
