[2022-12-12 18:25:31,408] {taskinstance.py:1159} INFO - Dependencies all met for <TaskInstance: prepare_data.create_table scheduled__2022-11-28T17:04:00+00:00 [queued]>
[2022-12-12 18:25:31,550] {taskinstance.py:1159} INFO - Dependencies all met for <TaskInstance: prepare_data.create_table scheduled__2022-11-28T17:04:00+00:00 [queued]>
[2022-12-12 18:25:31,562] {taskinstance.py:1356} INFO - 
--------------------------------------------------------------------------------
[2022-12-12 18:25:31,566] {taskinstance.py:1357} INFO - Starting attempt 1 of 1
[2022-12-12 18:25:31,595] {taskinstance.py:1358} INFO - 
--------------------------------------------------------------------------------
[2022-12-12 18:25:32,035] {taskinstance.py:1377} INFO - Executing <Task(PostgresOperator): create_table> on 2022-11-28 17:04:00+00:00
[2022-12-12 18:25:32,054] {standard_task_runner.py:52} INFO - Started process 357 to run task
[2022-12-12 18:25:32,079] {standard_task_runner.py:79} INFO - Running: ['airflow', 'tasks', 'run', 'prepare_data', 'create_table', 'scheduled__2022-11-28T17:04:00+00:00', '--job-id', '75', '--raw', '--subdir', 'DAGS_FOLDER/prepare_data.py', '--cfg-path', '/tmp/tmp7jl0v0ys', '--error-file', '/tmp/tmp_ce8n_e0']
[2022-12-12 18:25:32,083] {standard_task_runner.py:80} INFO - Job 75: Subtask create_table
[2022-12-12 18:25:32,434] {task_command.py:369} INFO - Running <TaskInstance: prepare_data.create_table scheduled__2022-11-28T17:04:00+00:00 [running]> on host a49e44ee4a94
[2022-12-12 18:25:33,305] {taskinstance.py:1571} INFO - Exporting the following env vars:
AIRFLOW_CTX_DAG_OWNER=airflow
AIRFLOW_CTX_DAG_ID=prepare_data
AIRFLOW_CTX_TASK_ID=create_table
AIRFLOW_CTX_EXECUTION_DATE=2022-11-28T17:04:00+00:00
AIRFLOW_CTX_TRY_NUMBER=1
AIRFLOW_CTX_DAG_RUN_ID=scheduled__2022-11-28T17:04:00+00:00
[2022-12-12 18:25:33,399] {base.py:68} INFO - Using connection ID 'postgres_default' for task execution.
[2022-12-12 18:25:33,459] {dbapi.py:208} INFO - Running statement: CREATE TABLE IF NOT EXISTS prepared_data (
	id SERIAL,
	sensor_id BIGINT,
	longitude FLOAT,
	latitude FLOAT,
	controller_id BIGINT,
	datetime TIMESTAMP WITH TIME ZONE,
	temperature INTEGER
);, parameters: None
[2022-12-12 18:25:33,472] {postgres.py:94} INFO - NOTICE:  relation "prepared_data" already exists, skipping

[2022-12-12 18:25:34,104] {taskinstance.py:1400} INFO - Marking task as SUCCESS. dag_id=prepare_data, task_id=create_table, execution_date=20221128T170400, start_date=20221212T182531, end_date=20221212T182534
[2022-12-12 18:25:34,532] {local_task_job.py:156} INFO - Task exited with return code 0
[2022-12-12 18:25:34,949] {local_task_job.py:273} INFO - 1 downstream tasks scheduled from follow-on schedule check
[2022-12-12 18:38:53,812] {taskinstance.py:1159} INFO - Dependencies all met for <TaskInstance: prepare_data.create_table scheduled__2022-11-28T17:04:00+00:00 [queued]>
[2022-12-12 18:38:54,067] {taskinstance.py:1159} INFO - Dependencies all met for <TaskInstance: prepare_data.create_table scheduled__2022-11-28T17:04:00+00:00 [queued]>
[2022-12-12 18:38:54,072] {taskinstance.py:1356} INFO - 
--------------------------------------------------------------------------------
[2022-12-12 18:38:54,077] {taskinstance.py:1357} INFO - Starting attempt 1 of 1
[2022-12-12 18:38:54,081] {taskinstance.py:1358} INFO - 
--------------------------------------------------------------------------------
[2022-12-12 18:38:54,383] {taskinstance.py:1377} INFO - Executing <Task(PostgresOperator): create_table> on 2022-11-28 17:04:00+00:00
[2022-12-12 18:38:54,418] {standard_task_runner.py:52} INFO - Started process 331 to run task
[2022-12-12 18:38:54,462] {standard_task_runner.py:79} INFO - Running: ['airflow', 'tasks', 'run', 'prepare_data', 'create_table', 'scheduled__2022-11-28T17:04:00+00:00', '--job-id', '64', '--raw', '--subdir', 'DAGS_FOLDER/prepare_data.py', '--cfg-path', '/tmp/tmprpp8n4k4', '--error-file', '/tmp/tmp1x6ig4wm']
[2022-12-12 18:38:54,480] {standard_task_runner.py:80} INFO - Job 64: Subtask create_table
[2022-12-12 18:38:54,970] {task_command.py:369} INFO - Running <TaskInstance: prepare_data.create_table scheduled__2022-11-28T17:04:00+00:00 [running]> on host cfea470654c7
[2022-12-12 18:38:56,141] {taskinstance.py:1571} INFO - Exporting the following env vars:
AIRFLOW_CTX_DAG_OWNER=airflow
AIRFLOW_CTX_DAG_ID=prepare_data
AIRFLOW_CTX_TASK_ID=create_table
AIRFLOW_CTX_EXECUTION_DATE=2022-11-28T17:04:00+00:00
AIRFLOW_CTX_TRY_NUMBER=1
AIRFLOW_CTX_DAG_RUN_ID=scheduled__2022-11-28T17:04:00+00:00
[2022-12-12 18:38:56,209] {base.py:68} INFO - Using connection ID 'postgres_default' for task execution.
[2022-12-12 18:38:56,225] {dbapi.py:208} INFO - Running statement: CREATE TABLE IF NOT EXISTS prepared_data (
	id SERIAL,
	sensor_id BIGINT,
	longitude FLOAT,
	latitude FLOAT,
	controller_id BIGINT,
	datetime TIMESTAMP WITH TIME ZONE,
	temperature INTEGER
);, parameters: None
[2022-12-12 18:38:56,229] {postgres.py:94} INFO - NOTICE:  relation "prepared_data" already exists, skipping

[2022-12-12 18:38:56,831] {taskinstance.py:1400} INFO - Marking task as SUCCESS. dag_id=prepare_data, task_id=create_table, execution_date=20221128T170400, start_date=20221212T183853, end_date=20221212T183856
[2022-12-12 18:38:56,977] {local_task_job.py:156} INFO - Task exited with return code 0
[2022-12-12 18:38:57,638] {local_task_job.py:273} INFO - 1 downstream tasks scheduled from follow-on schedule check
