[2022-12-16 10:48:16,236] {taskinstance.py:1159} INFO - Dependencies all met for <TaskInstance: prepare_data.transfer_data scheduled__2022-12-15T23:15:00+00:00 [queued]>
[2022-12-16 10:48:16,694] {taskinstance.py:1159} INFO - Dependencies all met for <TaskInstance: prepare_data.transfer_data scheduled__2022-12-15T23:15:00+00:00 [queued]>
[2022-12-16 10:48:16,697] {taskinstance.py:1356} INFO - 
--------------------------------------------------------------------------------
[2022-12-16 10:48:16,697] {taskinstance.py:1357} INFO - Starting attempt 1 of 1
[2022-12-16 10:48:16,697] {taskinstance.py:1358} INFO - 
--------------------------------------------------------------------------------
[2022-12-16 10:48:17,157] {taskinstance.py:1377} INFO - Executing <Task(PythonOperator): transfer_data> on 2022-12-15 23:15:00+00:00
[2022-12-16 10:48:17,277] {standard_task_runner.py:52} INFO - Started process 2266 to run task
[2022-12-16 10:48:17,354] {standard_task_runner.py:79} INFO - Running: ['airflow', 'tasks', 'run', 'prepare_data', 'transfer_data', 'scheduled__2022-12-15T23:15:00+00:00', '--job-id', '1201', '--raw', '--subdir', 'DAGS_FOLDER/prepare_data.py', '--cfg-path', '/tmp/tmpipydgt8m', '--error-file', '/tmp/tmpqihtzxty']
[2022-12-16 10:48:17,360] {standard_task_runner.py:80} INFO - Job 1201: Subtask transfer_data
[2022-12-16 10:48:18,647] {task_command.py:369} INFO - Running <TaskInstance: prepare_data.transfer_data scheduled__2022-12-15T23:15:00+00:00 [running]> on host 8e2f65ec4c74
[2022-12-16 10:48:21,245] {taskinstance.py:1571} INFO - Exporting the following env vars:
AIRFLOW_CTX_DAG_OWNER=airflow
AIRFLOW_CTX_DAG_ID=prepare_data
AIRFLOW_CTX_TASK_ID=transfer_data
AIRFLOW_CTX_EXECUTION_DATE=2022-12-15T23:15:00+00:00
AIRFLOW_CTX_TRY_NUMBER=1
AIRFLOW_CTX_DAG_RUN_ID=scheduled__2022-12-15T23:15:00+00:00
[2022-12-16 10:48:21,573] {base.py:68} INFO - Using connection ID 'gp_conn' for task execution.
[2022-12-16 10:48:22,480] {python.py:173} INFO - Done. Returned value was: None
[2022-12-16 10:48:23,211] {taskinstance.py:1400} INFO - Marking task as SUCCESS. dag_id=prepare_data, task_id=transfer_data, execution_date=20221215T231500, start_date=20221216T104816, end_date=20221216T104823
[2022-12-16 10:48:23,810] {local_task_job.py:221} WARNING - State of this instance has been externally set to success. Terminating instance.
[2022-12-16 10:48:23,922] {process_utils.py:129} INFO - Sending Signals.SIGTERM to group 2266. PIDs of all processes in the group: [2266]
[2022-12-16 10:48:23,943] {process_utils.py:80} INFO - Sending the signal Signals.SIGTERM to group 2266
[2022-12-16 10:48:23,959] {process_utils.py:75} INFO - Process psutil.Process(pid=2266, status='terminated', exitcode=0, started='10:48:17') (2266) terminated with exit code 0
