[2022-12-16 10:38:06,996] {taskinstance.py:1159} INFO - Dependencies all met for <TaskInstance: prepare_data.transfer_data scheduled__2022-12-15T20:24:00+00:00 [queued]>
[2022-12-16 10:38:07,383] {taskinstance.py:1159} INFO - Dependencies all met for <TaskInstance: prepare_data.transfer_data scheduled__2022-12-15T20:24:00+00:00 [queued]>
[2022-12-16 10:38:07,383] {taskinstance.py:1356} INFO - 
--------------------------------------------------------------------------------
[2022-12-16 10:38:07,383] {taskinstance.py:1357} INFO - Starting attempt 1 of 1
[2022-12-16 10:38:07,383] {taskinstance.py:1358} INFO - 
--------------------------------------------------------------------------------
[2022-12-16 10:38:07,626] {taskinstance.py:1377} INFO - Executing <Task(PythonOperator): transfer_data> on 2022-12-15 20:24:00+00:00
[2022-12-16 10:38:07,707] {standard_task_runner.py:52} INFO - Started process 1153 to run task
[2022-12-16 10:38:07,766] {standard_task_runner.py:79} INFO - Running: ['airflow', 'tasks', 'run', 'prepare_data', 'transfer_data', 'scheduled__2022-12-15T20:24:00+00:00', '--job-id', '691', '--raw', '--subdir', 'DAGS_FOLDER/prepare_data.py', '--cfg-path', '/tmp/tmpv3c3hpdl', '--error-file', '/tmp/tmp6bi57jdt']
[2022-12-16 10:38:07,794] {standard_task_runner.py:80} INFO - Job 691: Subtask transfer_data
[2022-12-16 10:38:09,044] {task_command.py:369} INFO - Running <TaskInstance: prepare_data.transfer_data scheduled__2022-12-15T20:24:00+00:00 [running]> on host 8e2f65ec4c74
[2022-12-16 10:38:10,156] {taskinstance.py:1571} INFO - Exporting the following env vars:
AIRFLOW_CTX_DAG_OWNER=airflow
AIRFLOW_CTX_DAG_ID=prepare_data
AIRFLOW_CTX_TASK_ID=transfer_data
AIRFLOW_CTX_EXECUTION_DATE=2022-12-15T20:24:00+00:00
AIRFLOW_CTX_TRY_NUMBER=1
AIRFLOW_CTX_DAG_RUN_ID=scheduled__2022-12-15T20:24:00+00:00
[2022-12-16 10:38:10,336] {base.py:68} INFO - Using connection ID 'gp_conn' for task execution.
[2022-12-16 10:38:10,642] {python.py:173} INFO - Done. Returned value was: None
[2022-12-16 10:38:10,746] {taskinstance.py:1400} INFO - Marking task as SUCCESS. dag_id=prepare_data, task_id=transfer_data, execution_date=20221215T202400, start_date=20221216T103807, end_date=20221216T103810
[2022-12-16 10:38:10,941] {local_task_job.py:156} INFO - Task exited with return code 0
[2022-12-16 10:38:11,386] {local_task_job.py:273} INFO - 0 downstream tasks scheduled from follow-on schedule check
