[2022-12-16 13:03:46,558] {taskinstance.py:1159} INFO - Dependencies all met for <TaskInstance: prepare_data.create_table scheduled__2022-12-16T12:04:00+00:00 [queued]>
[2022-12-16 13:03:46,724] {taskinstance.py:1159} INFO - Dependencies all met for <TaskInstance: prepare_data.create_table scheduled__2022-12-16T12:04:00+00:00 [queued]>
[2022-12-16 13:03:46,724] {taskinstance.py:1356} INFO - 
--------------------------------------------------------------------------------
[2022-12-16 13:03:46,724] {taskinstance.py:1357} INFO - Starting attempt 1 of 1
[2022-12-16 13:03:46,724] {taskinstance.py:1358} INFO - 
--------------------------------------------------------------------------------
[2022-12-16 13:03:46,977] {taskinstance.py:1377} INFO - Executing <Task(PostgresOperator): create_table> on 2022-12-16 12:04:00+00:00
[2022-12-16 13:03:47,010] {standard_task_runner.py:52} INFO - Started process 3934 to run task
[2022-12-16 13:03:47,101] {standard_task_runner.py:79} INFO - Running: ['airflow', 'tasks', 'run', 'prepare_data', 'create_table', 'scheduled__2022-12-16T12:04:00+00:00', '--job-id', '1946', '--raw', '--subdir', 'DAGS_FOLDER/prepare_data.py', '--cfg-path', '/tmp/tmpd713u1sb', '--error-file', '/tmp/tmp_2ns7n35']
[2022-12-16 13:03:47,121] {standard_task_runner.py:80} INFO - Job 1946: Subtask create_table
[2022-12-16 13:03:47,739] {task_command.py:369} INFO - Running <TaskInstance: prepare_data.create_table scheduled__2022-12-16T12:04:00+00:00 [running]> on host 8e2f65ec4c74
[2022-12-16 13:03:48,763] {taskinstance.py:1571} INFO - Exporting the following env vars:
AIRFLOW_CTX_DAG_OWNER=airflow
AIRFLOW_CTX_DAG_ID=prepare_data
AIRFLOW_CTX_TASK_ID=create_table
AIRFLOW_CTX_EXECUTION_DATE=2022-12-16T12:04:00+00:00
AIRFLOW_CTX_TRY_NUMBER=1
AIRFLOW_CTX_DAG_RUN_ID=scheduled__2022-12-16T12:04:00+00:00
[2022-12-16 13:03:48,913] {base.py:68} INFO - Using connection ID 'gp_conn' for task execution.
[2022-12-16 13:03:48,953] {dbapi.py:208} INFO - Running statement: CREATE TABLE IF NOT EXISTS prepared_data (
	id SERIAL,
	sensor_id BIGINT,
	longitude FLOAT,
	latitude FLOAT,
	controller_id BIGINT,
	datetime TIMESTAMP WITH TIME ZONE,
	temperature INTEGER
);, parameters: None
[2022-12-16 13:03:48,964] {postgres.py:94} INFO - NOTICE:  relation "prepared_data" already exists, skipping

[2022-12-16 13:03:50,059] {taskinstance.py:1400} INFO - Marking task as SUCCESS. dag_id=prepare_data, task_id=create_table, execution_date=20221216T120400, start_date=20221216T130346, end_date=20221216T130350
[2022-12-16 13:03:50,288] {local_task_job.py:156} INFO - Task exited with return code 0
[2022-12-16 13:03:51,011] {local_task_job.py:273} INFO - 1 downstream tasks scheduled from follow-on schedule check
