[2022-12-12 18:25:26,310] {taskinstance.py:1159} INFO - Dependencies all met for <TaskInstance: prepare_data.get_last_id scheduled__2022-11-28T16:56:00+00:00 [queued]>
[2022-12-12 18:25:26,414] {taskinstance.py:1159} INFO - Dependencies all met for <TaskInstance: prepare_data.get_last_id scheduled__2022-11-28T16:56:00+00:00 [queued]>
[2022-12-12 18:25:26,423] {taskinstance.py:1356} INFO - 
--------------------------------------------------------------------------------
[2022-12-12 18:25:26,425] {taskinstance.py:1357} INFO - Starting attempt 1 of 1
[2022-12-12 18:25:26,426] {taskinstance.py:1358} INFO - 
--------------------------------------------------------------------------------
[2022-12-12 18:25:26,572] {taskinstance.py:1377} INFO - Executing <Task(PythonOperator): get_last_id> on 2022-11-28 16:56:00+00:00
[2022-12-12 18:25:26,580] {standard_task_runner.py:52} INFO - Started process 332 to run task
[2022-12-12 18:25:26,649] {standard_task_runner.py:79} INFO - Running: ['airflow', 'tasks', 'run', 'prepare_data', 'get_last_id', 'scheduled__2022-11-28T16:56:00+00:00', '--job-id', '60', '--raw', '--subdir', 'DAGS_FOLDER/prepare_data.py', '--cfg-path', '/tmp/tmpq1uqd9vg', '--error-file', '/tmp/tmp_xc1gtyq']
[2022-12-12 18:25:26,664] {standard_task_runner.py:80} INFO - Job 60: Subtask get_last_id
[2022-12-12 18:25:27,034] {task_command.py:369} INFO - Running <TaskInstance: prepare_data.get_last_id scheduled__2022-11-28T16:56:00+00:00 [running]> on host a49e44ee4a94
[2022-12-12 18:25:28,060] {taskinstance.py:1571} INFO - Exporting the following env vars:
AIRFLOW_CTX_DAG_OWNER=airflow
AIRFLOW_CTX_DAG_ID=prepare_data
AIRFLOW_CTX_TASK_ID=get_last_id
AIRFLOW_CTX_EXECUTION_DATE=2022-11-28T16:56:00+00:00
AIRFLOW_CTX_TRY_NUMBER=1
AIRFLOW_CTX_DAG_RUN_ID=scheduled__2022-11-28T16:56:00+00:00
[2022-12-12 18:25:28,142] {base.py:68} INFO - Using connection ID 'postgres_default' for task execution.
[2022-12-12 18:25:28,268] {python.py:173} INFO - Done. Returned value was: None
[2022-12-12 18:25:28,452] {taskinstance.py:1400} INFO - Marking task as SUCCESS. dag_id=prepare_data, task_id=get_last_id, execution_date=20221128T165600, start_date=20221212T182526, end_date=20221212T182528
[2022-12-12 18:25:28,590] {local_task_job.py:156} INFO - Task exited with return code 0
[2022-12-12 18:25:29,051] {local_task_job.py:273} INFO - 1 downstream tasks scheduled from follow-on schedule check
[2022-12-12 18:38:50,715] {taskinstance.py:1159} INFO - Dependencies all met for <TaskInstance: prepare_data.get_last_id scheduled__2022-11-28T16:56:00+00:00 [queued]>
[2022-12-12 18:38:50,801] {taskinstance.py:1159} INFO - Dependencies all met for <TaskInstance: prepare_data.get_last_id scheduled__2022-11-28T16:56:00+00:00 [queued]>
[2022-12-12 18:38:50,815] {taskinstance.py:1356} INFO - 
--------------------------------------------------------------------------------
[2022-12-12 18:38:50,816] {taskinstance.py:1357} INFO - Starting attempt 1 of 1
[2022-12-12 18:38:50,829] {taskinstance.py:1358} INFO - 
--------------------------------------------------------------------------------
[2022-12-12 18:38:51,015] {taskinstance.py:1377} INFO - Executing <Task(PythonOperator): get_last_id> on 2022-11-28 16:56:00+00:00
[2022-12-12 18:38:51,028] {standard_task_runner.py:52} INFO - Started process 317 to run task
[2022-12-12 18:38:51,063] {standard_task_runner.py:79} INFO - Running: ['airflow', 'tasks', 'run', 'prepare_data', 'get_last_id', 'scheduled__2022-11-28T16:56:00+00:00', '--job-id', '58', '--raw', '--subdir', 'DAGS_FOLDER/prepare_data.py', '--cfg-path', '/tmp/tmpm881j1ch', '--error-file', '/tmp/tmpc6her8ce']
[2022-12-12 18:38:51,080] {standard_task_runner.py:80} INFO - Job 58: Subtask get_last_id
[2022-12-12 18:38:51,590] {task_command.py:369} INFO - Running <TaskInstance: prepare_data.get_last_id scheduled__2022-11-28T16:56:00+00:00 [running]> on host cfea470654c7
[2022-12-12 18:38:52,424] {taskinstance.py:1571} INFO - Exporting the following env vars:
AIRFLOW_CTX_DAG_OWNER=airflow
AIRFLOW_CTX_DAG_ID=prepare_data
AIRFLOW_CTX_TASK_ID=get_last_id
AIRFLOW_CTX_EXECUTION_DATE=2022-11-28T16:56:00+00:00
AIRFLOW_CTX_TRY_NUMBER=1
AIRFLOW_CTX_DAG_RUN_ID=scheduled__2022-11-28T16:56:00+00:00
[2022-12-12 18:38:52,602] {base.py:68} INFO - Using connection ID 'postgres_default' for task execution.
[2022-12-12 18:38:52,722] {python.py:173} INFO - Done. Returned value was: None
[2022-12-12 18:38:52,805] {taskinstance.py:1400} INFO - Marking task as SUCCESS. dag_id=prepare_data, task_id=get_last_id, execution_date=20221128T165600, start_date=20221212T183850, end_date=20221212T183852
[2022-12-12 18:38:52,943] {local_task_job.py:156} INFO - Task exited with return code 0
[2022-12-12 18:38:53,255] {local_task_job.py:273} INFO - 1 downstream tasks scheduled from follow-on schedule check
