[2022-12-12 18:25:13,513] {taskinstance.py:1159} INFO - Dependencies all met for <TaskInstance: prepare_data.transfer_data scheduled__2022-11-28T16:37:00+00:00 [queued]>
[2022-12-12 18:25:13,557] {taskinstance.py:1159} INFO - Dependencies all met for <TaskInstance: prepare_data.transfer_data scheduled__2022-11-28T16:37:00+00:00 [queued]>
[2022-12-12 18:25:13,558] {taskinstance.py:1356} INFO - 
--------------------------------------------------------------------------------
[2022-12-12 18:25:13,560] {taskinstance.py:1357} INFO - Starting attempt 1 of 1
[2022-12-12 18:25:13,562] {taskinstance.py:1358} INFO - 
--------------------------------------------------------------------------------
[2022-12-12 18:25:13,632] {taskinstance.py:1377} INFO - Executing <Task(PythonOperator): transfer_data> on 2022-11-28 16:37:00+00:00
[2022-12-12 18:25:13,652] {standard_task_runner.py:52} INFO - Started process 269 to run task
[2022-12-12 18:25:13,689] {standard_task_runner.py:79} INFO - Running: ['airflow', 'tasks', 'run', 'prepare_data', 'transfer_data', 'scheduled__2022-11-28T16:37:00+00:00', '--job-id', '29', '--raw', '--subdir', 'DAGS_FOLDER/prepare_data.py', '--cfg-path', '/tmp/tmpo4y2aa6t', '--error-file', '/tmp/tmprs_ugfs0']
[2022-12-12 18:25:13,703] {standard_task_runner.py:80} INFO - Job 29: Subtask transfer_data
[2022-12-12 18:25:14,242] {task_command.py:369} INFO - Running <TaskInstance: prepare_data.transfer_data scheduled__2022-11-28T16:37:00+00:00 [running]> on host a49e44ee4a94
[2022-12-12 18:25:14,747] {taskinstance.py:1571} INFO - Exporting the following env vars:
AIRFLOW_CTX_DAG_OWNER=airflow
AIRFLOW_CTX_DAG_ID=prepare_data
AIRFLOW_CTX_TASK_ID=transfer_data
AIRFLOW_CTX_EXECUTION_DATE=2022-11-28T16:37:00+00:00
AIRFLOW_CTX_TRY_NUMBER=1
AIRFLOW_CTX_DAG_RUN_ID=scheduled__2022-11-28T16:37:00+00:00
[2022-12-12 18:25:14,836] {base.py:68} INFO - Using connection ID 'postgres_default' for task execution.
[2022-12-12 18:25:15,117] {python.py:173} INFO - Done. Returned value was: None
[2022-12-12 18:25:15,217] {taskinstance.py:1400} INFO - Marking task as SUCCESS. dag_id=prepare_data, task_id=transfer_data, execution_date=20221128T163700, start_date=20221212T182513, end_date=20221212T182515
[2022-12-12 18:25:15,307] {local_task_job.py:156} INFO - Task exited with return code 0
[2022-12-12 18:25:16,055] {local_task_job.py:273} INFO - 0 downstream tasks scheduled from follow-on schedule check
