[2022-12-12 18:39:30,574] {taskinstance.py:1159} INFO - Dependencies all met for <TaskInstance: prepare_data.get_last_id scheduled__2022-11-28T17:22:00+00:00 [queued]>
[2022-12-12 18:39:30,733] {taskinstance.py:1159} INFO - Dependencies all met for <TaskInstance: prepare_data.get_last_id scheduled__2022-11-28T17:22:00+00:00 [queued]>
[2022-12-12 18:39:30,749] {taskinstance.py:1356} INFO - 
--------------------------------------------------------------------------------
[2022-12-12 18:39:30,756] {taskinstance.py:1357} INFO - Starting attempt 1 of 1
[2022-12-12 18:39:30,766] {taskinstance.py:1358} INFO - 
--------------------------------------------------------------------------------
[2022-12-12 18:39:31,128] {taskinstance.py:1377} INFO - Executing <Task(PythonOperator): get_last_id> on 2022-11-28 17:22:00+00:00
[2022-12-12 18:39:31,160] {standard_task_runner.py:52} INFO - Started process 466 to run task
[2022-12-12 18:39:31,274] {standard_task_runner.py:79} INFO - Running: ['airflow', 'tasks', 'run', 'prepare_data', 'get_last_id', 'scheduled__2022-11-28T17:22:00+00:00', '--job-id', '130', '--raw', '--subdir', 'DAGS_FOLDER/prepare_data.py', '--cfg-path', '/tmp/tmpj1wqzqgm', '--error-file', '/tmp/tmpt_ybel_y']
[2022-12-12 18:39:31,339] {standard_task_runner.py:80} INFO - Job 130: Subtask get_last_id
[2022-12-12 18:39:32,162] {task_command.py:369} INFO - Running <TaskInstance: prepare_data.get_last_id scheduled__2022-11-28T17:22:00+00:00 [running]> on host cfea470654c7
[2022-12-12 18:39:32,715] {taskinstance.py:1571} INFO - Exporting the following env vars:
AIRFLOW_CTX_DAG_OWNER=airflow
AIRFLOW_CTX_DAG_ID=prepare_data
AIRFLOW_CTX_TASK_ID=get_last_id
AIRFLOW_CTX_EXECUTION_DATE=2022-11-28T17:22:00+00:00
AIRFLOW_CTX_TRY_NUMBER=1
AIRFLOW_CTX_DAG_RUN_ID=scheduled__2022-11-28T17:22:00+00:00
[2022-12-12 18:39:32,952] {base.py:68} INFO - Using connection ID 'postgres_default' for task execution.
[2022-12-12 18:39:33,199] {python.py:173} INFO - Done. Returned value was: None
[2022-12-12 18:39:33,281] {taskinstance.py:1400} INFO - Marking task as SUCCESS. dag_id=prepare_data, task_id=get_last_id, execution_date=20221128T172200, start_date=20221212T183930, end_date=20221212T183933
[2022-12-12 18:39:33,382] {local_task_job.py:156} INFO - Task exited with return code 0
[2022-12-12 18:39:33,997] {local_task_job.py:273} INFO - 0 downstream tasks scheduled from follow-on schedule check
