[2022-12-15 16:55:19,872] {taskinstance.py:1159} INFO - Dependencies all met for <TaskInstance: prepare_data.transfer_data scheduled__2022-12-15T16:54:00+00:00 [queued]>
[2022-12-15 16:55:19,885] {taskinstance.py:1159} INFO - Dependencies all met for <TaskInstance: prepare_data.transfer_data scheduled__2022-12-15T16:54:00+00:00 [queued]>
[2022-12-15 16:55:19,886] {taskinstance.py:1356} INFO - 
--------------------------------------------------------------------------------
[2022-12-15 16:55:19,887] {taskinstance.py:1357} INFO - Starting attempt 1 of 1
[2022-12-15 16:55:19,888] {taskinstance.py:1358} INFO - 
--------------------------------------------------------------------------------
[2022-12-15 16:55:19,909] {taskinstance.py:1377} INFO - Executing <Task(PythonOperator): transfer_data> on 2022-12-15 16:54:00+00:00
[2022-12-15 16:55:19,915] {standard_task_runner.py:52} INFO - Started process 227 to run task
[2022-12-15 16:55:19,920] {standard_task_runner.py:79} INFO - Running: ['airflow', 'tasks', 'run', 'prepare_data', 'transfer_data', 'scheduled__2022-12-15T16:54:00+00:00', '--job-id', '14', '--raw', '--subdir', 'DAGS_FOLDER/prepare_data.py', '--cfg-path', '/tmp/tmpguum34ph', '--error-file', '/tmp/tmpk5e8hjz2']
[2022-12-15 16:55:19,923] {standard_task_runner.py:80} INFO - Job 14: Subtask transfer_data
[2022-12-15 16:55:20,013] {task_command.py:369} INFO - Running <TaskInstance: prepare_data.transfer_data scheduled__2022-12-15T16:54:00+00:00 [running]> on host 39e562fe01ff
[2022-12-15 16:55:20,299] {taskinstance.py:1571} INFO - Exporting the following env vars:
AIRFLOW_CTX_DAG_OWNER=airflow
AIRFLOW_CTX_DAG_ID=prepare_data
AIRFLOW_CTX_TASK_ID=transfer_data
AIRFLOW_CTX_EXECUTION_DATE=2022-12-15T16:54:00+00:00
AIRFLOW_CTX_TRY_NUMBER=1
AIRFLOW_CTX_DAG_RUN_ID=scheduled__2022-12-15T16:54:00+00:00
[2022-12-15 16:55:20,334] {base.py:68} INFO - Using connection ID 'gp_conn' for task execution.
[2022-12-15 16:55:20,379] {taskinstance.py:1889} ERROR - Task failed with exception
Traceback (most recent call last):
  File "/home/airflow/.local/lib/python3.7/site-packages/airflow/operators/python.py", line 171, in execute
    return_value = self.execute_callable()
  File "/home/airflow/.local/lib/python3.7/site-packages/airflow/operators/python.py", line 189, in execute_callable
    return self.python_callable(*self.op_args, **self.op_kwargs)
  File "/opt/airflow/dags/prepare_data.py", line 34, in transfer_data
    cur.execute(f'SELECT * FROM raw_data WHERE id > {last_id} AND temperature >= 0;')
psycopg2.errors.UndefinedTable: relation "raw_data" does not exist
LINE 1: SELECT * FROM raw_data WHERE id > 0 AND temperature >= 0;
                      ^

[2022-12-15 16:55:20,411] {taskinstance.py:1400} INFO - Marking task as FAILED. dag_id=prepare_data, task_id=transfer_data, execution_date=20221215T165400, start_date=20221215T165519, end_date=20221215T165520
[2022-12-15 16:55:20,437] {standard_task_runner.py:97} ERROR - Failed to execute job 14 for task transfer_data (relation "raw_data" does not exist
LINE 1: SELECT * FROM raw_data WHERE id > 0 AND temperature >= 0;
                      ^
; 227)
[2022-12-15 16:55:20,496] {local_task_job.py:156} INFO - Task exited with return code 1
[2022-12-15 16:55:20,596] {local_task_job.py:273} INFO - 0 downstream tasks scheduled from follow-on schedule check
[2022-12-16 08:02:04,411] {taskinstance.py:1159} INFO - Dependencies all met for <TaskInstance: prepare_data.transfer_data scheduled__2022-12-15T16:54:00+00:00 [queued]>
[2022-12-16 08:02:17,243] {taskinstance.py:1159} INFO - Dependencies all met for <TaskInstance: prepare_data.transfer_data scheduled__2022-12-15T16:54:00+00:00 [queued]>
[2022-12-16 08:02:17,854] {taskinstance.py:1356} INFO - 
--------------------------------------------------------------------------------
[2022-12-16 08:02:18,230] {taskinstance.py:1357} INFO - Starting attempt 1 of 1
[2022-12-16 08:02:19,078] {taskinstance.py:1358} INFO - 
--------------------------------------------------------------------------------
[2022-12-16 08:02:26,814] {taskinstance.py:1377} INFO - Executing <Task(PythonOperator): transfer_data> on 2022-12-15 16:54:00+00:00
[2022-12-16 08:02:27,897] {standard_task_runner.py:52} INFO - Started process 16641 to run task
[2022-12-16 08:02:29,822] {standard_task_runner.py:79} INFO - Running: ['airflow', 'tasks', 'run', 'prepare_data', 'transfer_data', 'scheduled__2022-12-15T16:54:00+00:00', '--job-id', '47', '--raw', '--subdir', 'DAGS_FOLDER/prepare_data.py', '--cfg-path', '/tmp/tmpgn_qqmdw', '--error-file', '/tmp/tmpofxixaab']
[2022-12-16 08:02:31,164] {standard_task_runner.py:80} INFO - Job 47: Subtask transfer_data
[2022-12-16 08:03:02,129] {task_command.py:369} INFO - Running <TaskInstance: prepare_data.transfer_data scheduled__2022-12-15T16:54:00+00:00 [running]> on host 8e2f65ec4c74
[2022-12-16 08:03:20,312] {taskinstance.py:1571} INFO - Exporting the following env vars:
AIRFLOW_CTX_DAG_OWNER=airflow
AIRFLOW_CTX_DAG_ID=prepare_data
AIRFLOW_CTX_TASK_ID=transfer_data
AIRFLOW_CTX_EXECUTION_DATE=2022-12-15T16:54:00+00:00
AIRFLOW_CTX_TRY_NUMBER=1
AIRFLOW_CTX_DAG_RUN_ID=scheduled__2022-12-15T16:54:00+00:00
[2022-12-16 08:03:22,849] {base.py:68} INFO - Using connection ID 'gp_conn' for task execution.
[2022-12-16 08:03:26,548] {python.py:173} INFO - Done. Returned value was: None
[2022-12-16 08:03:29,172] {taskinstance.py:1400} INFO - Marking task as SUCCESS. dag_id=prepare_data, task_id=transfer_data, execution_date=20221215T165400, start_date=20221216T080205, end_date=20221216T080329
[2022-12-16 08:03:32,316] {local_task_job.py:156} INFO - Task exited with return code 0
[2022-12-16 08:03:36,653] {local_task_job.py:273} INFO - 0 downstream tasks scheduled from follow-on schedule check
