[2022-12-12 18:25:51,258] {taskinstance.py:1159} INFO - Dependencies all met for <TaskInstance: prepare_data.transfer_data scheduled__2022-11-28T17:05:00+00:00 [queued]>
[2022-12-12 18:25:51,301] {taskinstance.py:1159} INFO - Dependencies all met for <TaskInstance: prepare_data.transfer_data scheduled__2022-11-28T17:05:00+00:00 [queued]>
[2022-12-12 18:25:51,303] {taskinstance.py:1356} INFO - 
--------------------------------------------------------------------------------
[2022-12-12 18:25:51,305] {taskinstance.py:1357} INFO - Starting attempt 1 of 1
[2022-12-12 18:25:51,306] {taskinstance.py:1358} INFO - 
--------------------------------------------------------------------------------
[2022-12-12 18:25:51,401] {taskinstance.py:1377} INFO - Executing <Task(PythonOperator): transfer_data> on 2022-11-28 17:05:00+00:00
[2022-12-12 18:25:51,485] {standard_task_runner.py:79} INFO - Running: ['airflow', 'tasks', 'run', 'prepare_data', 'transfer_data', 'scheduled__2022-11-28T17:05:00+00:00', '--job-id', '105', '--raw', '--subdir', 'DAGS_FOLDER/prepare_data.py', '--cfg-path', '/tmp/tmpoot1y946', '--error-file', '/tmp/tmp8f1f7fnw']
[2022-12-12 18:25:51,493] {standard_task_runner.py:80} INFO - Job 105: Subtask transfer_data
[2022-12-12 18:25:51,461] {standard_task_runner.py:52} INFO - Started process 423 to run task
[2022-12-12 18:25:52,007] {task_command.py:369} INFO - Running <TaskInstance: prepare_data.transfer_data scheduled__2022-11-28T17:05:00+00:00 [running]> on host a49e44ee4a94
[2022-12-12 18:25:52,495] {taskinstance.py:1571} INFO - Exporting the following env vars:
AIRFLOW_CTX_DAG_OWNER=airflow
AIRFLOW_CTX_DAG_ID=prepare_data
AIRFLOW_CTX_TASK_ID=transfer_data
AIRFLOW_CTX_EXECUTION_DATE=2022-11-28T17:05:00+00:00
AIRFLOW_CTX_TRY_NUMBER=1
AIRFLOW_CTX_DAG_RUN_ID=scheduled__2022-11-28T17:05:00+00:00
[2022-12-12 18:25:52,692] {base.py:68} INFO - Using connection ID 'postgres_default' for task execution.
[2022-12-12 18:25:52,918] {python.py:173} INFO - Done. Returned value was: None
[2022-12-12 18:25:54,119] {taskinstance.py:1400} INFO - Marking task as SUCCESS. dag_id=prepare_data, task_id=transfer_data, execution_date=20221128T170500, start_date=20221212T182551, end_date=20221212T182554
[2022-12-12 18:25:54,494] {local_task_job.py:156} INFO - Task exited with return code 0
[2022-12-12 18:25:54,758] {local_task_job.py:273} INFO - 0 downstream tasks scheduled from follow-on schedule check
[2022-12-12 18:39:08,371] {taskinstance.py:1159} INFO - Dependencies all met for <TaskInstance: prepare_data.transfer_data scheduled__2022-11-28T17:05:00+00:00 [queued]>
[2022-12-12 18:39:08,616] {taskinstance.py:1159} INFO - Dependencies all met for <TaskInstance: prepare_data.transfer_data scheduled__2022-11-28T17:05:00+00:00 [queued]>
[2022-12-12 18:39:08,618] {taskinstance.py:1356} INFO - 
--------------------------------------------------------------------------------
[2022-12-12 18:39:08,621] {taskinstance.py:1357} INFO - Starting attempt 1 of 1
[2022-12-12 18:39:08,623] {taskinstance.py:1358} INFO - 
--------------------------------------------------------------------------------
[2022-12-12 18:39:08,845] {taskinstance.py:1377} INFO - Executing <Task(PythonOperator): transfer_data> on 2022-11-28 17:05:00+00:00
[2022-12-12 18:39:08,962] {standard_task_runner.py:52} INFO - Started process 387 to run task
[2022-12-12 18:39:08,969] {standard_task_runner.py:79} INFO - Running: ['airflow', 'tasks', 'run', 'prepare_data', 'transfer_data', 'scheduled__2022-11-28T17:05:00+00:00', '--job-id', '91', '--raw', '--subdir', 'DAGS_FOLDER/prepare_data.py', '--cfg-path', '/tmp/tmp1bj2s08n', '--error-file', '/tmp/tmpdi1o5cy0']
[2022-12-12 18:39:08,995] {standard_task_runner.py:80} INFO - Job 91: Subtask transfer_data
[2022-12-12 18:39:09,384] {task_command.py:369} INFO - Running <TaskInstance: prepare_data.transfer_data scheduled__2022-11-28T17:05:00+00:00 [running]> on host cfea470654c7
[2022-12-12 18:39:09,897] {taskinstance.py:1571} INFO - Exporting the following env vars:
AIRFLOW_CTX_DAG_OWNER=airflow
AIRFLOW_CTX_DAG_ID=prepare_data
AIRFLOW_CTX_TASK_ID=transfer_data
AIRFLOW_CTX_EXECUTION_DATE=2022-11-28T17:05:00+00:00
AIRFLOW_CTX_TRY_NUMBER=1
AIRFLOW_CTX_DAG_RUN_ID=scheduled__2022-11-28T17:05:00+00:00
[2022-12-12 18:39:09,999] {base.py:68} INFO - Using connection ID 'postgres_default' for task execution.
[2022-12-12 18:39:10,128] {python.py:173} INFO - Done. Returned value was: None
[2022-12-12 18:39:10,230] {taskinstance.py:1400} INFO - Marking task as SUCCESS. dag_id=prepare_data, task_id=transfer_data, execution_date=20221128T170500, start_date=20221212T183908, end_date=20221212T183910
[2022-12-12 18:39:10,570] {local_task_job.py:156} INFO - Task exited with return code 0
[2022-12-12 18:39:11,134] {local_task_job.py:273} INFO - 0 downstream tasks scheduled from follow-on schedule check
