[2022-12-15 16:56:02,835] {taskinstance.py:1159} INFO - Dependencies all met for <TaskInstance: prepare_data.get_last_id scheduled__2022-12-15T16:55:00+00:00 [queued]>
[2022-12-15 16:56:02,853] {taskinstance.py:1159} INFO - Dependencies all met for <TaskInstance: prepare_data.get_last_id scheduled__2022-12-15T16:55:00+00:00 [queued]>
[2022-12-15 16:56:02,855] {taskinstance.py:1356} INFO - 
--------------------------------------------------------------------------------
[2022-12-15 16:56:02,857] {taskinstance.py:1357} INFO - Starting attempt 1 of 1
[2022-12-15 16:56:02,858] {taskinstance.py:1358} INFO - 
--------------------------------------------------------------------------------
[2022-12-15 16:56:02,886] {taskinstance.py:1377} INFO - Executing <Task(PythonOperator): get_last_id> on 2022-12-15 16:55:00+00:00
[2022-12-15 16:56:02,892] {standard_task_runner.py:52} INFO - Started process 236 to run task
[2022-12-15 16:56:02,898] {standard_task_runner.py:79} INFO - Running: ['airflow', 'tasks', 'run', 'prepare_data', 'get_last_id', 'scheduled__2022-12-15T16:55:00+00:00', '--job-id', '16', '--raw', '--subdir', 'DAGS_FOLDER/prepare_data.py', '--cfg-path', '/tmp/tmpk6ww84hz', '--error-file', '/tmp/tmp07tesa2r']
[2022-12-15 16:56:02,902] {standard_task_runner.py:80} INFO - Job 16: Subtask get_last_id
[2022-12-15 16:56:03,034] {task_command.py:369} INFO - Running <TaskInstance: prepare_data.get_last_id scheduled__2022-12-15T16:55:00+00:00 [running]> on host 39e562fe01ff
[2022-12-15 16:56:03,190] {taskinstance.py:1571} INFO - Exporting the following env vars:
AIRFLOW_CTX_DAG_OWNER=airflow
AIRFLOW_CTX_DAG_ID=prepare_data
AIRFLOW_CTX_TASK_ID=get_last_id
AIRFLOW_CTX_EXECUTION_DATE=2022-12-15T16:55:00+00:00
AIRFLOW_CTX_TRY_NUMBER=1
AIRFLOW_CTX_DAG_RUN_ID=scheduled__2022-12-15T16:55:00+00:00
[2022-12-15 16:56:03,218] {base.py:68} INFO - Using connection ID 'gp_conn' for task execution.
[2022-12-15 16:56:03,295] {python.py:173} INFO - Done. Returned value was: None
[2022-12-15 16:56:03,324] {taskinstance.py:1400} INFO - Marking task as SUCCESS. dag_id=prepare_data, task_id=get_last_id, execution_date=20221215T165500, start_date=20221215T165602, end_date=20221215T165603
[2022-12-15 16:56:03,355] {local_task_job.py:156} INFO - Task exited with return code 0
[2022-12-15 16:56:03,428] {local_task_job.py:273} INFO - 1 downstream tasks scheduled from follow-on schedule check
[2022-12-16 07:59:15,801] {taskinstance.py:1159} INFO - Dependencies all met for <TaskInstance: prepare_data.get_last_id scheduled__2022-12-15T16:55:00+00:00 [queued]>
[2022-12-16 07:59:28,154] {taskinstance.py:1159} INFO - Dependencies all met for <TaskInstance: prepare_data.get_last_id scheduled__2022-12-15T16:55:00+00:00 [queued]>
[2022-12-16 07:59:28,862] {taskinstance.py:1356} INFO - 
--------------------------------------------------------------------------------
[2022-12-16 07:59:28,961] {taskinstance.py:1357} INFO - Starting attempt 1 of 1
[2022-12-16 07:59:28,962] {taskinstance.py:1358} INFO - 
--------------------------------------------------------------------------------
[2022-12-16 07:59:37,298] {taskinstance.py:1377} INFO - Executing <Task(PythonOperator): get_last_id> on 2022-12-15 16:55:00+00:00
[2022-12-16 07:59:38,107] {standard_task_runner.py:52} INFO - Started process 16604 to run task
[2022-12-16 07:59:39,341] {standard_task_runner.py:79} INFO - Running: ['airflow', 'tasks', 'run', 'prepare_data', 'get_last_id', 'scheduled__2022-12-15T16:55:00+00:00', '--job-id', '29', '--raw', '--subdir', 'DAGS_FOLDER/prepare_data.py', '--cfg-path', '/tmp/tmp96fh_umu', '--error-file', '/tmp/tmpc7lunmmy']
[2022-12-16 07:59:39,473] {standard_task_runner.py:80} INFO - Job 29: Subtask get_last_id
[2022-12-16 07:59:55,006] {task_command.py:369} INFO - Running <TaskInstance: prepare_data.get_last_id scheduled__2022-12-15T16:55:00+00:00 [running]> on host 8e2f65ec4c74
[2022-12-16 08:00:14,507] {taskinstance.py:1571} INFO - Exporting the following env vars:
AIRFLOW_CTX_DAG_OWNER=airflow
AIRFLOW_CTX_DAG_ID=prepare_data
AIRFLOW_CTX_TASK_ID=get_last_id
AIRFLOW_CTX_EXECUTION_DATE=2022-12-15T16:55:00+00:00
AIRFLOW_CTX_TRY_NUMBER=1
AIRFLOW_CTX_DAG_RUN_ID=scheduled__2022-12-15T16:55:00+00:00
[2022-12-16 08:00:19,731] {base.py:68} INFO - Using connection ID 'gp_conn' for task execution.
[2022-12-16 08:00:31,754] {python.py:173} INFO - Done. Returned value was: None
[2022-12-16 08:00:43,810] {taskinstance.py:1400} INFO - Marking task as SUCCESS. dag_id=prepare_data, task_id=get_last_id, execution_date=20221215T165500, start_date=20221216T075916, end_date=20221216T080043
[2022-12-16 08:00:52,322] {local_task_job.py:221} WARNING - State of this instance has been externally set to success. Terminating instance.
[2022-12-16 08:00:53,685] {process_utils.py:129} INFO - Sending Signals.SIGTERM to group 16604. PIDs of all processes in the group: [16604]
[2022-12-16 08:00:53,909] {process_utils.py:80} INFO - Sending the signal Signals.SIGTERM to group 16604
[2022-12-16 08:00:54,046] {process_utils.py:75} INFO - Process psutil.Process(pid=16604, status='terminated', exitcode=0, started='07:59:36') (16604) terminated with exit code 0
