[2022-12-12 18:43:32,714] {taskinstance.py:1159} INFO - Dependencies all met for <TaskInstance: prepare_data.get_last_id scheduled__2022-11-28T20:21:00+00:00 [queued]>
[2022-12-12 18:43:32,759] {taskinstance.py:1159} INFO - Dependencies all met for <TaskInstance: prepare_data.get_last_id scheduled__2022-11-28T20:21:00+00:00 [queued]>
[2022-12-12 18:43:32,762] {taskinstance.py:1356} INFO - 
--------------------------------------------------------------------------------
[2022-12-12 18:43:32,765] {taskinstance.py:1357} INFO - Starting attempt 1 of 1
[2022-12-12 18:43:32,768] {taskinstance.py:1358} INFO - 
--------------------------------------------------------------------------------
[2022-12-12 18:43:32,851] {taskinstance.py:1377} INFO - Executing <Task(PythonOperator): get_last_id> on 2022-11-28 20:21:00+00:00
[2022-12-12 18:43:32,863] {standard_task_runner.py:52} INFO - Started process 1591 to run task
[2022-12-12 18:43:32,905] {standard_task_runner.py:79} INFO - Running: ['airflow', 'tasks', 'run', 'prepare_data', 'get_last_id', 'scheduled__2022-11-28T20:21:00+00:00', '--job-id', '673', '--raw', '--subdir', 'DAGS_FOLDER/prepare_data.py', '--cfg-path', '/tmp/tmp6b6kus35', '--error-file', '/tmp/tmpv7rc8f7l']
[2022-12-12 18:43:32,909] {standard_task_runner.py:80} INFO - Job 673: Subtask get_last_id
[2022-12-12 18:43:33,257] {task_command.py:369} INFO - Running <TaskInstance: prepare_data.get_last_id scheduled__2022-11-28T20:21:00+00:00 [running]> on host cfea470654c7
[2022-12-12 18:43:33,786] {taskinstance.py:1571} INFO - Exporting the following env vars:
AIRFLOW_CTX_DAG_OWNER=airflow
AIRFLOW_CTX_DAG_ID=prepare_data
AIRFLOW_CTX_TASK_ID=get_last_id
AIRFLOW_CTX_EXECUTION_DATE=2022-11-28T20:21:00+00:00
AIRFLOW_CTX_TRY_NUMBER=1
AIRFLOW_CTX_DAG_RUN_ID=scheduled__2022-11-28T20:21:00+00:00
[2022-12-12 18:43:33,856] {base.py:68} INFO - Using connection ID 'postgres_default' for task execution.
[2022-12-12 18:43:33,957] {python.py:173} INFO - Done. Returned value was: None
[2022-12-12 18:43:34,039] {taskinstance.py:1400} INFO - Marking task as SUCCESS. dag_id=prepare_data, task_id=get_last_id, execution_date=20221128T202100, start_date=20221212T184332, end_date=20221212T184334
[2022-12-12 18:43:34,219] {local_task_job.py:156} INFO - Task exited with return code 0
[2022-12-12 18:43:35,048] {local_task_job.py:273} INFO - 0 downstream tasks scheduled from follow-on schedule check
