[2022-12-16 08:19:05,945] {taskinstance.py:1159} INFO - Dependencies all met for <TaskInstance: prepare_data.get_last_id scheduled__2022-12-15T17:56:00+00:00 [queued]>
[2022-12-16 08:19:55,552] {taskinstance.py:1159} INFO - Dependencies all met for <TaskInstance: prepare_data.get_last_id scheduled__2022-12-15T17:56:00+00:00 [queued]>
[2022-12-16 08:19:55,587] {taskinstance.py:1356} INFO - 
--------------------------------------------------------------------------------
[2022-12-16 08:19:55,669] {taskinstance.py:1357} INFO - Starting attempt 1 of 1
[2022-12-16 08:19:55,803] {taskinstance.py:1358} INFO - 
--------------------------------------------------------------------------------
[2022-12-16 08:19:59,286] {taskinstance.py:1377} INFO - Executing <Task(PythonOperator): get_last_id> on 2022-12-15 17:56:00+00:00
[2022-12-16 08:19:59,605] {standard_task_runner.py:52} INFO - Started process 17098 to run task
[2022-12-16 08:20:00,162] {standard_task_runner.py:79} INFO - Running: ['airflow', 'tasks', 'run', 'prepare_data', 'get_last_id', 'scheduled__2022-12-15T17:56:00+00:00', '--job-id', '220', '--raw', '--subdir', 'DAGS_FOLDER/prepare_data.py', '--cfg-path', '/tmp/tmphfksdpjt', '--error-file', '/tmp/tmppoxwwdx5']
[2022-12-16 08:20:00,163] {standard_task_runner.py:80} INFO - Job 220: Subtask get_last_id
[2022-12-16 08:20:03,501] {task_command.py:369} INFO - Running <TaskInstance: prepare_data.get_last_id scheduled__2022-12-15T17:56:00+00:00 [running]> on host 8e2f65ec4c74
[2022-12-16 08:20:07,990] {taskinstance.py:1571} INFO - Exporting the following env vars:
AIRFLOW_CTX_DAG_OWNER=airflow
AIRFLOW_CTX_DAG_ID=prepare_data
AIRFLOW_CTX_TASK_ID=get_last_id
AIRFLOW_CTX_EXECUTION_DATE=2022-12-15T17:56:00+00:00
AIRFLOW_CTX_TRY_NUMBER=1
AIRFLOW_CTX_DAG_RUN_ID=scheduled__2022-12-15T17:56:00+00:00
[2022-12-16 08:20:08,450] {base.py:68} INFO - Using connection ID 'gp_conn' for task execution.
[2022-12-16 08:20:09,712] {python.py:173} INFO - Done. Returned value was: None
[2022-12-16 08:20:09,927] {taskinstance.py:1400} INFO - Marking task as SUCCESS. dag_id=prepare_data, task_id=get_last_id, execution_date=20221215T175600, start_date=20221216T081906, end_date=20221216T082009
[2022-12-16 08:20:10,400] {local_task_job.py:156} INFO - Task exited with return code 0
[2022-12-16 08:20:12,449] {local_task_job.py:273} INFO - 0 downstream tasks scheduled from follow-on schedule check
