[2022-12-12 18:43:33,339] {taskinstance.py:1159} INFO - Dependencies all met for <TaskInstance: prepare_data.get_last_id scheduled__2022-11-28T20:22:00+00:00 [queued]>
[2022-12-12 18:43:33,427] {taskinstance.py:1159} INFO - Dependencies all met for <TaskInstance: prepare_data.get_last_id scheduled__2022-11-28T20:22:00+00:00 [queued]>
[2022-12-12 18:43:33,428] {taskinstance.py:1356} INFO - 
--------------------------------------------------------------------------------
[2022-12-12 18:43:33,435] {taskinstance.py:1357} INFO - Starting attempt 1 of 1
[2022-12-12 18:43:33,437] {taskinstance.py:1358} INFO - 
--------------------------------------------------------------------------------
[2022-12-12 18:43:33,530] {taskinstance.py:1377} INFO - Executing <Task(PythonOperator): get_last_id> on 2022-11-28 20:22:00+00:00
[2022-12-12 18:43:33,548] {standard_task_runner.py:52} INFO - Started process 1596 to run task
[2022-12-12 18:43:33,589] {standard_task_runner.py:79} INFO - Running: ['airflow', 'tasks', 'run', 'prepare_data', 'get_last_id', 'scheduled__2022-11-28T20:22:00+00:00', '--job-id', '675', '--raw', '--subdir', 'DAGS_FOLDER/prepare_data.py', '--cfg-path', '/tmp/tmprgyml9ve', '--error-file', '/tmp/tmp3z5xoulu']
[2022-12-12 18:43:33,606] {standard_task_runner.py:80} INFO - Job 675: Subtask get_last_id
[2022-12-12 18:43:34,076] {task_command.py:369} INFO - Running <TaskInstance: prepare_data.get_last_id scheduled__2022-11-28T20:22:00+00:00 [running]> on host cfea470654c7
[2022-12-12 18:43:34,739] {taskinstance.py:1571} INFO - Exporting the following env vars:
AIRFLOW_CTX_DAG_OWNER=airflow
AIRFLOW_CTX_DAG_ID=prepare_data
AIRFLOW_CTX_TASK_ID=get_last_id
AIRFLOW_CTX_EXECUTION_DATE=2022-11-28T20:22:00+00:00
AIRFLOW_CTX_TRY_NUMBER=1
AIRFLOW_CTX_DAG_RUN_ID=scheduled__2022-11-28T20:22:00+00:00
[2022-12-12 18:43:34,814] {base.py:68} INFO - Using connection ID 'postgres_default' for task execution.
[2022-12-12 18:43:34,959] {python.py:173} INFO - Done. Returned value was: None
[2022-12-12 18:43:35,018] {taskinstance.py:1400} INFO - Marking task as SUCCESS. dag_id=prepare_data, task_id=get_last_id, execution_date=20221128T202200, start_date=20221212T184333, end_date=20221212T184335
[2022-12-12 18:43:35,206] {local_task_job.py:156} INFO - Task exited with return code 0
[2022-12-12 18:43:35,842] {local_task_job.py:273} INFO - 1 downstream tasks scheduled from follow-on schedule check
