[2022-12-15 16:52:25,247] {taskinstance.py:1159} INFO - Dependencies all met for <TaskInstance: prepare_data.create_table scheduled__2022-12-15T16:50:00+00:00 [queued]>
[2022-12-15 16:52:25,271] {taskinstance.py:1159} INFO - Dependencies all met for <TaskInstance: prepare_data.create_table scheduled__2022-12-15T16:50:00+00:00 [queued]>
[2022-12-15 16:52:25,273] {taskinstance.py:1356} INFO - 
--------------------------------------------------------------------------------
[2022-12-15 16:52:25,275] {taskinstance.py:1357} INFO - Starting attempt 1 of 1
[2022-12-15 16:52:25,276] {taskinstance.py:1358} INFO - 
--------------------------------------------------------------------------------
[2022-12-15 16:52:25,306] {taskinstance.py:1377} INFO - Executing <Task(PostgresOperator): create_table> on 2022-12-15 16:50:00+00:00
[2022-12-15 16:52:25,316] {standard_task_runner.py:52} INFO - Started process 185 to run task
[2022-12-15 16:52:25,322] {standard_task_runner.py:79} INFO - Running: ['airflow', 'tasks', 'run', 'prepare_data', 'create_table', 'scheduled__2022-12-15T16:50:00+00:00', '--job-id', '8', '--raw', '--subdir', 'DAGS_FOLDER/prepare_data.py', '--cfg-path', '/tmp/tmp812okpri', '--error-file', '/tmp/tmp22abz4bo']
[2022-12-15 16:52:25,326] {standard_task_runner.py:80} INFO - Job 8: Subtask create_table
[2022-12-15 16:52:25,422] {task_command.py:369} INFO - Running <TaskInstance: prepare_data.create_table scheduled__2022-12-15T16:50:00+00:00 [running]> on host 39e562fe01ff
[2022-12-15 16:52:25,536] {taskinstance.py:1571} INFO - Exporting the following env vars:
AIRFLOW_CTX_DAG_OWNER=airflow
AIRFLOW_CTX_DAG_ID=prepare_data
AIRFLOW_CTX_TASK_ID=create_table
AIRFLOW_CTX_EXECUTION_DATE=2022-12-15T16:50:00+00:00
AIRFLOW_CTX_TRY_NUMBER=1
AIRFLOW_CTX_DAG_RUN_ID=scheduled__2022-12-15T16:50:00+00:00
[2022-12-15 16:52:25,588] {taskinstance.py:1889} ERROR - Task failed with exception
Traceback (most recent call last):
  File "/home/airflow/.local/lib/python3.7/site-packages/airflow/providers/postgres/operators/postgres.py", line 92, in execute
    self.hook.run(self.sql, self.autocommit, parameters=self.parameters)
  File "/home/airflow/.local/lib/python3.7/site-packages/airflow/hooks/dbapi.py", line 181, in run
    with closing(self.get_conn()) as conn:
  File "/home/airflow/.local/lib/python3.7/site-packages/airflow/providers/postgres/hooks/postgres.py", line 86, in get_conn
    conn = deepcopy(self.connection or self.get_connection(conn_id))
  File "/home/airflow/.local/lib/python3.7/site-packages/airflow/hooks/base.py", line 67, in get_connection
    conn = Connection.get_connection_from_secrets(conn_id)
  File "/home/airflow/.local/lib/python3.7/site-packages/airflow/models/connection.py", line 430, in get_connection_from_secrets
    raise AirflowNotFoundException(f"The conn_id `{conn_id}` isn't defined")
airflow.exceptions.AirflowNotFoundException: The conn_id `postgres_default` isn't defined
[2022-12-15 16:52:25,595] {taskinstance.py:1400} INFO - Marking task as FAILED. dag_id=prepare_data, task_id=create_table, execution_date=20221215T165000, start_date=20221215T165225, end_date=20221215T165225
[2022-12-15 16:52:25,621] {standard_task_runner.py:97} ERROR - Failed to execute job 8 for task create_table (The conn_id `postgres_default` isn't defined; 185)
[2022-12-15 16:52:25,656] {local_task_job.py:156} INFO - Task exited with return code 1
[2022-12-15 16:52:25,739] {local_task_job.py:273} INFO - 0 downstream tasks scheduled from follow-on schedule check
[2022-12-16 07:50:25,772] {taskinstance.py:1159} INFO - Dependencies all met for <TaskInstance: prepare_data.create_table scheduled__2022-12-15T16:50:00+00:00 [queued]>
[2022-12-16 07:50:26,534] {taskinstance.py:1159} INFO - Dependencies all met for <TaskInstance: prepare_data.create_table scheduled__2022-12-15T16:50:00+00:00 [queued]>
[2022-12-16 07:50:26,534] {taskinstance.py:1356} INFO - 
--------------------------------------------------------------------------------
[2022-12-16 07:50:26,534] {taskinstance.py:1357} INFO - Starting attempt 1 of 1
[2022-12-16 07:50:26,534] {taskinstance.py:1358} INFO - 
--------------------------------------------------------------------------------
[2022-12-16 07:50:28,014] {taskinstance.py:1377} INFO - Executing <Task(PostgresOperator): create_table> on 2022-12-15 16:50:00+00:00
[2022-12-16 07:50:28,279] {standard_task_runner.py:52} INFO - Started process 16531 to run task
[2022-12-16 07:50:28,457] {standard_task_runner.py:79} INFO - Running: ['airflow', 'tasks', 'run', 'prepare_data', 'create_table', 'scheduled__2022-12-15T16:50:00+00:00', '--job-id', '7', '--raw', '--subdir', 'DAGS_FOLDER/prepare_data.py', '--cfg-path', '/tmp/tmppp0e7dx1', '--error-file', '/tmp/tmp3fvv4srg']
[2022-12-16 07:50:28,607] {standard_task_runner.py:80} INFO - Job 7: Subtask create_table
[2022-12-16 07:50:31,933] {task_command.py:369} INFO - Running <TaskInstance: prepare_data.create_table scheduled__2022-12-15T16:50:00+00:00 [running]> on host 8e2f65ec4c74
[2022-12-16 07:50:37,053] {taskinstance.py:1571} INFO - Exporting the following env vars:
AIRFLOW_CTX_DAG_OWNER=airflow
AIRFLOW_CTX_DAG_ID=prepare_data
AIRFLOW_CTX_TASK_ID=create_table
AIRFLOW_CTX_EXECUTION_DATE=2022-12-15T16:50:00+00:00
AIRFLOW_CTX_TRY_NUMBER=1
AIRFLOW_CTX_DAG_RUN_ID=scheduled__2022-12-15T16:50:00+00:00
[2022-12-16 07:50:38,304] {base.py:68} INFO - Using connection ID 'gp_conn' for task execution.
[2022-12-16 07:50:38,690] {dbapi.py:208} INFO - Running statement: CREATE TABLE IF NOT EXISTS prepared_data (
	id SERIAL,
	sensor_id BIGINT,
	longitude FLOAT,
	latitude FLOAT,
	controller_id BIGINT,
	datetime TIMESTAMP WITH TIME ZONE,
	temperature INTEGER
);, parameters: None
[2022-12-16 07:50:38,732] {postgres.py:94} INFO - NOTICE:  relation "prepared_data" already exists, skipping

[2022-12-16 07:50:39,506] {taskinstance.py:1400} INFO - Marking task as SUCCESS. dag_id=prepare_data, task_id=create_table, execution_date=20221215T165000, start_date=20221216T075025, end_date=20221216T075039
[2022-12-16 07:50:41,089] {local_task_job.py:156} INFO - Task exited with return code 0
[2022-12-16 07:50:42,949] {local_task_job.py:273} INFO - 1 downstream tasks scheduled from follow-on schedule check
