[2022-12-12 18:25:17,159] {taskinstance.py:1159} INFO - Dependencies all met for <TaskInstance: prepare_data.transfer_data scheduled__2022-11-28T16:46:00+00:00 [queued]>
[2022-12-12 18:25:17,183] {taskinstance.py:1159} INFO - Dependencies all met for <TaskInstance: prepare_data.transfer_data scheduled__2022-11-28T16:46:00+00:00 [queued]>
[2022-12-12 18:25:17,184] {taskinstance.py:1356} INFO - 
--------------------------------------------------------------------------------
[2022-12-12 18:25:17,185] {taskinstance.py:1357} INFO - Starting attempt 1 of 1
[2022-12-12 18:25:17,186] {taskinstance.py:1358} INFO - 
--------------------------------------------------------------------------------
[2022-12-12 18:25:17,217] {taskinstance.py:1377} INFO - Executing <Task(PythonOperator): transfer_data> on 2022-11-28 16:46:00+00:00
[2022-12-12 18:25:17,225] {standard_task_runner.py:52} INFO - Started process 285 to run task
[2022-12-12 18:25:17,232] {standard_task_runner.py:79} INFO - Running: ['airflow', 'tasks', 'run', 'prepare_data', 'transfer_data', 'scheduled__2022-11-28T16:46:00+00:00', '--job-id', '40', '--raw', '--subdir', 'DAGS_FOLDER/prepare_data.py', '--cfg-path', '/tmp/tmpdgogx0gx', '--error-file', '/tmp/tmppe3ibktd']
[2022-12-12 18:25:17,236] {standard_task_runner.py:80} INFO - Job 40: Subtask transfer_data
[2022-12-12 18:25:17,401] {task_command.py:369} INFO - Running <TaskInstance: prepare_data.transfer_data scheduled__2022-11-28T16:46:00+00:00 [running]> on host a49e44ee4a94
[2022-12-12 18:25:17,575] {taskinstance.py:1571} INFO - Exporting the following env vars:
AIRFLOW_CTX_DAG_OWNER=airflow
AIRFLOW_CTX_DAG_ID=prepare_data
AIRFLOW_CTX_TASK_ID=transfer_data
AIRFLOW_CTX_EXECUTION_DATE=2022-11-28T16:46:00+00:00
AIRFLOW_CTX_TRY_NUMBER=1
AIRFLOW_CTX_DAG_RUN_ID=scheduled__2022-11-28T16:46:00+00:00
[2022-12-12 18:25:17,602] {base.py:68} INFO - Using connection ID 'postgres_default' for task execution.
[2022-12-12 18:25:17,638] {python.py:173} INFO - Done. Returned value was: None
[2022-12-12 18:25:17,670] {taskinstance.py:1400} INFO - Marking task as SUCCESS. dag_id=prepare_data, task_id=transfer_data, execution_date=20221128T164600, start_date=20221212T182517, end_date=20221212T182517
[2022-12-12 18:25:17,728] {local_task_job.py:156} INFO - Task exited with return code 0
[2022-12-12 18:25:17,805] {local_task_job.py:273} INFO - 0 downstream tasks scheduled from follow-on schedule check
[2022-12-12 18:38:36,365] {taskinstance.py:1159} INFO - Dependencies all met for <TaskInstance: prepare_data.transfer_data scheduled__2022-11-28T16:46:00+00:00 [queued]>
[2022-12-12 18:38:36,537] {taskinstance.py:1159} INFO - Dependencies all met for <TaskInstance: prepare_data.transfer_data scheduled__2022-11-28T16:46:00+00:00 [queued]>
[2022-12-12 18:38:36,540] {taskinstance.py:1356} INFO - 
--------------------------------------------------------------------------------
[2022-12-12 18:38:36,543] {taskinstance.py:1357} INFO - Starting attempt 1 of 1
[2022-12-12 18:38:36,553] {taskinstance.py:1358} INFO - 
--------------------------------------------------------------------------------
[2022-12-12 18:38:36,683] {taskinstance.py:1377} INFO - Executing <Task(PythonOperator): transfer_data> on 2022-11-28 16:46:00+00:00
[2022-12-12 18:38:36,727] {standard_task_runner.py:52} INFO - Started process 270 to run task
[2022-12-12 18:38:36,784] {standard_task_runner.py:79} INFO - Running: ['airflow', 'tasks', 'run', 'prepare_data', 'transfer_data', 'scheduled__2022-11-28T16:46:00+00:00', '--job-id', '34', '--raw', '--subdir', 'DAGS_FOLDER/prepare_data.py', '--cfg-path', '/tmp/tmpxq4clnd2', '--error-file', '/tmp/tmp4nj_xdn0']
[2022-12-12 18:38:36,823] {standard_task_runner.py:80} INFO - Job 34: Subtask transfer_data
[2022-12-12 18:38:37,454] {task_command.py:369} INFO - Running <TaskInstance: prepare_data.transfer_data scheduled__2022-11-28T16:46:00+00:00 [running]> on host cfea470654c7
[2022-12-12 18:38:38,296] {taskinstance.py:1571} INFO - Exporting the following env vars:
AIRFLOW_CTX_DAG_OWNER=airflow
AIRFLOW_CTX_DAG_ID=prepare_data
AIRFLOW_CTX_TASK_ID=transfer_data
AIRFLOW_CTX_EXECUTION_DATE=2022-11-28T16:46:00+00:00
AIRFLOW_CTX_TRY_NUMBER=1
AIRFLOW_CTX_DAG_RUN_ID=scheduled__2022-11-28T16:46:00+00:00
[2022-12-12 18:38:38,363] {base.py:68} INFO - Using connection ID 'postgres_default' for task execution.
[2022-12-12 18:38:38,483] {python.py:173} INFO - Done. Returned value was: None
[2022-12-12 18:38:38,632] {taskinstance.py:1400} INFO - Marking task as SUCCESS. dag_id=prepare_data, task_id=transfer_data, execution_date=20221128T164600, start_date=20221212T183836, end_date=20221212T183838
[2022-12-12 18:38:38,779] {local_task_job.py:156} INFO - Task exited with return code 0
[2022-12-12 18:38:39,925] {local_task_job.py:273} INFO - 0 downstream tasks scheduled from follow-on schedule check
