[2022-12-12 18:39:44,552] {taskinstance.py:1159} INFO - Dependencies all met for <TaskInstance: prepare_data.create_table scheduled__2022-11-28T17:35:00+00:00 [queued]>
[2022-12-12 18:39:44,643] {taskinstance.py:1159} INFO - Dependencies all met for <TaskInstance: prepare_data.create_table scheduled__2022-11-28T17:35:00+00:00 [queued]>
[2022-12-12 18:39:44,651] {taskinstance.py:1356} INFO - 
--------------------------------------------------------------------------------
[2022-12-12 18:39:44,652] {taskinstance.py:1357} INFO - Starting attempt 1 of 1
[2022-12-12 18:39:44,654] {taskinstance.py:1358} INFO - 
--------------------------------------------------------------------------------
[2022-12-12 18:39:44,752] {taskinstance.py:1377} INFO - Executing <Task(PostgresOperator): create_table> on 2022-11-28 17:35:00+00:00
[2022-12-12 18:39:44,778] {standard_task_runner.py:52} INFO - Started process 523 to run task
[2022-12-12 18:39:44,814] {standard_task_runner.py:79} INFO - Running: ['airflow', 'tasks', 'run', 'prepare_data', 'create_table', 'scheduled__2022-11-28T17:35:00+00:00', '--job-id', '157', '--raw', '--subdir', 'DAGS_FOLDER/prepare_data.py', '--cfg-path', '/tmp/tmpucpi_ygc', '--error-file', '/tmp/tmpc_xku4_b']
[2022-12-12 18:39:44,837] {standard_task_runner.py:80} INFO - Job 157: Subtask create_table
[2022-12-12 18:39:45,418] {task_command.py:369} INFO - Running <TaskInstance: prepare_data.create_table scheduled__2022-11-28T17:35:00+00:00 [running]> on host cfea470654c7
[2022-12-12 18:39:46,076] {taskinstance.py:1571} INFO - Exporting the following env vars:
AIRFLOW_CTX_DAG_OWNER=airflow
AIRFLOW_CTX_DAG_ID=prepare_data
AIRFLOW_CTX_TASK_ID=create_table
AIRFLOW_CTX_EXECUTION_DATE=2022-11-28T17:35:00+00:00
AIRFLOW_CTX_TRY_NUMBER=1
AIRFLOW_CTX_DAG_RUN_ID=scheduled__2022-11-28T17:35:00+00:00
[2022-12-12 18:39:46,224] {base.py:68} INFO - Using connection ID 'postgres_default' for task execution.
[2022-12-12 18:39:46,258] {dbapi.py:208} INFO - Running statement: CREATE TABLE IF NOT EXISTS prepared_data (
	id SERIAL,
	sensor_id BIGINT,
	longitude FLOAT,
	latitude FLOAT,
	controller_id BIGINT,
	datetime TIMESTAMP WITH TIME ZONE,
	temperature INTEGER
);, parameters: None
[2022-12-12 18:39:46,269] {postgres.py:94} INFO - NOTICE:  relation "prepared_data" already exists, skipping

[2022-12-12 18:39:46,342] {taskinstance.py:1400} INFO - Marking task as SUCCESS. dag_id=prepare_data, task_id=create_table, execution_date=20221128T173500, start_date=20221212T183944, end_date=20221212T183946
[2022-12-12 18:39:46,517] {local_task_job.py:156} INFO - Task exited with return code 0
[2022-12-12 18:39:47,293] {local_task_job.py:273} INFO - 0 downstream tasks scheduled from follow-on schedule check
