[2022-12-12 18:25:44,671] {taskinstance.py:1159} INFO - Dependencies all met for <TaskInstance: prepare_data.create_table scheduled__2022-11-28T17:09:00+00:00 [queued]>
[2022-12-12 18:25:44,715] {taskinstance.py:1159} INFO - Dependencies all met for <TaskInstance: prepare_data.create_table scheduled__2022-11-28T17:09:00+00:00 [queued]>
[2022-12-12 18:25:44,717] {taskinstance.py:1356} INFO - 
--------------------------------------------------------------------------------
[2022-12-12 18:25:44,718] {taskinstance.py:1357} INFO - Starting attempt 1 of 1
[2022-12-12 18:25:44,719] {taskinstance.py:1358} INFO - 
--------------------------------------------------------------------------------
[2022-12-12 18:25:44,843] {taskinstance.py:1377} INFO - Executing <Task(PostgresOperator): create_table> on 2022-11-28 17:09:00+00:00
[2022-12-12 18:25:44,854] {standard_task_runner.py:52} INFO - Started process 400 to run task
[2022-12-12 18:25:44,888] {standard_task_runner.py:79} INFO - Running: ['airflow', 'tasks', 'run', 'prepare_data', 'create_table', 'scheduled__2022-11-28T17:09:00+00:00', '--job-id', '94', '--raw', '--subdir', 'DAGS_FOLDER/prepare_data.py', '--cfg-path', '/tmp/tmpdq3ji7iq', '--error-file', '/tmp/tmpjzwt9jga']
[2022-12-12 18:25:44,898] {standard_task_runner.py:80} INFO - Job 94: Subtask create_table
[2022-12-12 18:25:45,219] {task_command.py:369} INFO - Running <TaskInstance: prepare_data.create_table scheduled__2022-11-28T17:09:00+00:00 [running]> on host a49e44ee4a94
[2022-12-12 18:25:46,180] {taskinstance.py:1571} INFO - Exporting the following env vars:
AIRFLOW_CTX_DAG_OWNER=airflow
AIRFLOW_CTX_DAG_ID=prepare_data
AIRFLOW_CTX_TASK_ID=create_table
AIRFLOW_CTX_EXECUTION_DATE=2022-11-28T17:09:00+00:00
AIRFLOW_CTX_TRY_NUMBER=1
AIRFLOW_CTX_DAG_RUN_ID=scheduled__2022-11-28T17:09:00+00:00
[2022-12-12 18:25:46,230] {base.py:68} INFO - Using connection ID 'postgres_default' for task execution.
[2022-12-12 18:25:46,245] {dbapi.py:208} INFO - Running statement: CREATE TABLE IF NOT EXISTS prepared_data (
	id SERIAL,
	sensor_id BIGINT,
	longitude FLOAT,
	latitude FLOAT,
	controller_id BIGINT,
	datetime TIMESTAMP WITH TIME ZONE,
	temperature INTEGER
);, parameters: None
[2022-12-12 18:25:46,254] {postgres.py:94} INFO - NOTICE:  relation "prepared_data" already exists, skipping

[2022-12-12 18:25:46,378] {taskinstance.py:1400} INFO - Marking task as SUCCESS. dag_id=prepare_data, task_id=create_table, execution_date=20221128T170900, start_date=20221212T182544, end_date=20221212T182546
[2022-12-12 18:25:46,571] {local_task_job.py:156} INFO - Task exited with return code 0
[2022-12-12 18:25:46,979] {local_task_job.py:273} INFO - 1 downstream tasks scheduled from follow-on schedule check
[2022-12-12 18:39:01,518] {taskinstance.py:1159} INFO - Dependencies all met for <TaskInstance: prepare_data.create_table scheduled__2022-11-28T17:09:00+00:00 [queued]>
[2022-12-12 18:39:01,720] {taskinstance.py:1159} INFO - Dependencies all met for <TaskInstance: prepare_data.create_table scheduled__2022-11-28T17:09:00+00:00 [queued]>
[2022-12-12 18:39:01,725] {taskinstance.py:1356} INFO - 
--------------------------------------------------------------------------------
[2022-12-12 18:39:01,735] {taskinstance.py:1357} INFO - Starting attempt 1 of 1
[2022-12-12 18:39:01,737] {taskinstance.py:1358} INFO - 
--------------------------------------------------------------------------------
[2022-12-12 18:39:01,912] {taskinstance.py:1377} INFO - Executing <Task(PostgresOperator): create_table> on 2022-11-28 17:09:00+00:00
[2022-12-12 18:39:01,963] {standard_task_runner.py:52} INFO - Started process 364 to run task
[2022-12-12 18:39:02,009] {standard_task_runner.py:79} INFO - Running: ['airflow', 'tasks', 'run', 'prepare_data', 'create_table', 'scheduled__2022-11-28T17:09:00+00:00', '--job-id', '78', '--raw', '--subdir', 'DAGS_FOLDER/prepare_data.py', '--cfg-path', '/tmp/tmpislhgc3l', '--error-file', '/tmp/tmp1i7zp7ma']
[2022-12-12 18:39:02,025] {standard_task_runner.py:80} INFO - Job 78: Subtask create_table
[2022-12-12 18:39:02,583] {task_command.py:369} INFO - Running <TaskInstance: prepare_data.create_table scheduled__2022-11-28T17:09:00+00:00 [running]> on host cfea470654c7
[2022-12-12 18:39:03,399] {taskinstance.py:1571} INFO - Exporting the following env vars:
AIRFLOW_CTX_DAG_OWNER=airflow
AIRFLOW_CTX_DAG_ID=prepare_data
AIRFLOW_CTX_TASK_ID=create_table
AIRFLOW_CTX_EXECUTION_DATE=2022-11-28T17:09:00+00:00
AIRFLOW_CTX_TRY_NUMBER=1
AIRFLOW_CTX_DAG_RUN_ID=scheduled__2022-11-28T17:09:00+00:00
[2022-12-12 18:39:03,519] {base.py:68} INFO - Using connection ID 'postgres_default' for task execution.
[2022-12-12 18:39:03,555] {dbapi.py:208} INFO - Running statement: CREATE TABLE IF NOT EXISTS prepared_data (
	id SERIAL,
	sensor_id BIGINT,
	longitude FLOAT,
	latitude FLOAT,
	controller_id BIGINT,
	datetime TIMESTAMP WITH TIME ZONE,
	temperature INTEGER
);, parameters: None
[2022-12-12 18:39:03,574] {postgres.py:94} INFO - NOTICE:  relation "prepared_data" already exists, skipping

[2022-12-12 18:39:03,715] {taskinstance.py:1400} INFO - Marking task as SUCCESS. dag_id=prepare_data, task_id=create_table, execution_date=20221128T170900, start_date=20221212T183901, end_date=20221212T183903
[2022-12-12 18:39:03,931] {local_task_job.py:156} INFO - Task exited with return code 0
[2022-12-12 18:39:04,601] {local_task_job.py:273} INFO - 1 downstream tasks scheduled from follow-on schedule check
