[2022-12-12 18:25:23,560] {taskinstance.py:1159} INFO - Dependencies all met for <TaskInstance: prepare_data.create_table scheduled__2022-11-28T16:58:00+00:00 [queued]>
[2022-12-12 18:25:23,655] {taskinstance.py:1159} INFO - Dependencies all met for <TaskInstance: prepare_data.create_table scheduled__2022-11-28T16:58:00+00:00 [queued]>
[2022-12-12 18:25:23,662] {taskinstance.py:1356} INFO - 
--------------------------------------------------------------------------------
[2022-12-12 18:25:23,664] {taskinstance.py:1357} INFO - Starting attempt 1 of 1
[2022-12-12 18:25:23,666] {taskinstance.py:1358} INFO - 
--------------------------------------------------------------------------------
[2022-12-12 18:25:23,800] {taskinstance.py:1377} INFO - Executing <Task(PostgresOperator): create_table> on 2022-11-28 16:58:00+00:00
[2022-12-12 18:25:23,831] {standard_task_runner.py:52} INFO - Started process 316 to run task
[2022-12-12 18:25:23,839] {standard_task_runner.py:79} INFO - Running: ['airflow', 'tasks', 'run', 'prepare_data', 'create_table', 'scheduled__2022-11-28T16:58:00+00:00', '--job-id', '54', '--raw', '--subdir', 'DAGS_FOLDER/prepare_data.py', '--cfg-path', '/tmp/tmpsaqmesoc', '--error-file', '/tmp/tmp9gzeo2hs']
[2022-12-12 18:25:23,849] {standard_task_runner.py:80} INFO - Job 54: Subtask create_table
[2022-12-12 18:25:24,475] {task_command.py:369} INFO - Running <TaskInstance: prepare_data.create_table scheduled__2022-11-28T16:58:00+00:00 [running]> on host a49e44ee4a94
[2022-12-12 18:25:24,877] {taskinstance.py:1571} INFO - Exporting the following env vars:
AIRFLOW_CTX_DAG_OWNER=airflow
AIRFLOW_CTX_DAG_ID=prepare_data
AIRFLOW_CTX_TASK_ID=create_table
AIRFLOW_CTX_EXECUTION_DATE=2022-11-28T16:58:00+00:00
AIRFLOW_CTX_TRY_NUMBER=1
AIRFLOW_CTX_DAG_RUN_ID=scheduled__2022-11-28T16:58:00+00:00
[2022-12-12 18:25:24,923] {base.py:68} INFO - Using connection ID 'postgres_default' for task execution.
[2022-12-12 18:25:24,948] {dbapi.py:208} INFO - Running statement: CREATE TABLE IF NOT EXISTS prepared_data (
	id SERIAL,
	sensor_id BIGINT,
	longitude FLOAT,
	latitude FLOAT,
	controller_id BIGINT,
	datetime TIMESTAMP WITH TIME ZONE,
	temperature INTEGER
);, parameters: None
[2022-12-12 18:25:24,952] {postgres.py:94} INFO - NOTICE:  relation "prepared_data" already exists, skipping

[2022-12-12 18:25:25,018] {taskinstance.py:1400} INFO - Marking task as SUCCESS. dag_id=prepare_data, task_id=create_table, execution_date=20221128T165800, start_date=20221212T182523, end_date=20221212T182525
[2022-12-12 18:25:25,162] {local_task_job.py:156} INFO - Task exited with return code 0
[2022-12-12 18:25:25,578] {local_task_job.py:273} INFO - 1 downstream tasks scheduled from follow-on schedule check
[2022-12-12 18:38:49,194] {taskinstance.py:1159} INFO - Dependencies all met for <TaskInstance: prepare_data.create_table scheduled__2022-11-28T16:58:00+00:00 [queued]>
[2022-12-12 18:38:49,321] {taskinstance.py:1159} INFO - Dependencies all met for <TaskInstance: prepare_data.create_table scheduled__2022-11-28T16:58:00+00:00 [queued]>
[2022-12-12 18:38:49,324] {taskinstance.py:1356} INFO - 
--------------------------------------------------------------------------------
[2022-12-12 18:38:49,327] {taskinstance.py:1357} INFO - Starting attempt 1 of 1
[2022-12-12 18:38:49,329] {taskinstance.py:1358} INFO - 
--------------------------------------------------------------------------------
[2022-12-12 18:38:49,402] {taskinstance.py:1377} INFO - Executing <Task(PostgresOperator): create_table> on 2022-11-28 16:58:00+00:00
[2022-12-12 18:38:49,419] {standard_task_runner.py:52} INFO - Started process 307 to run task
[2022-12-12 18:38:49,439] {standard_task_runner.py:79} INFO - Running: ['airflow', 'tasks', 'run', 'prepare_data', 'create_table', 'scheduled__2022-11-28T16:58:00+00:00', '--job-id', '54', '--raw', '--subdir', 'DAGS_FOLDER/prepare_data.py', '--cfg-path', '/tmp/tmp8575507r', '--error-file', '/tmp/tmp42f2tggb']
[2022-12-12 18:38:49,450] {standard_task_runner.py:80} INFO - Job 54: Subtask create_table
[2022-12-12 18:38:49,635] {task_command.py:369} INFO - Running <TaskInstance: prepare_data.create_table scheduled__2022-11-28T16:58:00+00:00 [running]> on host cfea470654c7
[2022-12-12 18:38:49,874] {taskinstance.py:1571} INFO - Exporting the following env vars:
AIRFLOW_CTX_DAG_OWNER=airflow
AIRFLOW_CTX_DAG_ID=prepare_data
AIRFLOW_CTX_TASK_ID=create_table
AIRFLOW_CTX_EXECUTION_DATE=2022-11-28T16:58:00+00:00
AIRFLOW_CTX_TRY_NUMBER=1
AIRFLOW_CTX_DAG_RUN_ID=scheduled__2022-11-28T16:58:00+00:00
[2022-12-12 18:38:49,930] {base.py:68} INFO - Using connection ID 'postgres_default' for task execution.
[2022-12-12 18:38:49,961] {dbapi.py:208} INFO - Running statement: CREATE TABLE IF NOT EXISTS prepared_data (
	id SERIAL,
	sensor_id BIGINT,
	longitude FLOAT,
	latitude FLOAT,
	controller_id BIGINT,
	datetime TIMESTAMP WITH TIME ZONE,
	temperature INTEGER
);, parameters: None
[2022-12-12 18:38:49,968] {postgres.py:94} INFO - NOTICE:  relation "prepared_data" already exists, skipping

[2022-12-12 18:38:50,027] {taskinstance.py:1400} INFO - Marking task as SUCCESS. dag_id=prepare_data, task_id=create_table, execution_date=20221128T165800, start_date=20221212T183849, end_date=20221212T183850
[2022-12-12 18:38:50,152] {local_task_job.py:156} INFO - Task exited with return code 0
[2022-12-12 18:38:50,716] {local_task_job.py:273} INFO - 0 downstream tasks scheduled from follow-on schedule check
