[2022-12-15 16:48:00,940] {taskinstance.py:1159} INFO - Dependencies all met for <TaskInstance: prepare_data.create_table scheduled__2022-12-15T16:47:00+00:00 [queued]>
[2022-12-15 16:48:00,975] {taskinstance.py:1159} INFO - Dependencies all met for <TaskInstance: prepare_data.create_table scheduled__2022-12-15T16:47:00+00:00 [queued]>
[2022-12-15 16:48:00,978] {taskinstance.py:1356} INFO - 
--------------------------------------------------------------------------------
[2022-12-15 16:48:00,981] {taskinstance.py:1357} INFO - Starting attempt 1 of 1
[2022-12-15 16:48:00,984] {taskinstance.py:1358} INFO - 
--------------------------------------------------------------------------------
[2022-12-15 16:48:01,027] {taskinstance.py:1377} INFO - Executing <Task(PostgresOperator): create_table> on 2022-12-15 16:47:00+00:00
[2022-12-15 16:48:01,041] {standard_task_runner.py:52} INFO - Started process 255 to run task
[2022-12-15 16:48:01,093] {standard_task_runner.py:79} INFO - Running: ['airflow', 'tasks', 'run', 'prepare_data', 'create_table', 'scheduled__2022-12-15T16:47:00+00:00', '--job-id', '4', '--raw', '--subdir', 'DAGS_FOLDER/prepare_data.py', '--cfg-path', '/tmp/tmpopr6dmaj', '--error-file', '/tmp/tmpbke62sl6']
[2022-12-15 16:48:01,126] {standard_task_runner.py:80} INFO - Job 4: Subtask create_table
[2022-12-15 16:48:01,351] {task_command.py:369} INFO - Running <TaskInstance: prepare_data.create_table scheduled__2022-12-15T16:47:00+00:00 [running]> on host cfb13ab3b5ca
[2022-12-15 16:48:01,483] {taskinstance.py:1571} INFO - Exporting the following env vars:
AIRFLOW_CTX_DAG_OWNER=airflow
AIRFLOW_CTX_DAG_ID=prepare_data
AIRFLOW_CTX_TASK_ID=create_table
AIRFLOW_CTX_EXECUTION_DATE=2022-12-15T16:47:00+00:00
AIRFLOW_CTX_TRY_NUMBER=1
AIRFLOW_CTX_DAG_RUN_ID=scheduled__2022-12-15T16:47:00+00:00
[2022-12-15 16:48:01,541] {taskinstance.py:1889} ERROR - Task failed with exception
Traceback (most recent call last):
  File "/home/airflow/.local/lib/python3.7/site-packages/airflow/providers/postgres/operators/postgres.py", line 92, in execute
    self.hook.run(self.sql, self.autocommit, parameters=self.parameters)
  File "/home/airflow/.local/lib/python3.7/site-packages/airflow/hooks/dbapi.py", line 181, in run
    with closing(self.get_conn()) as conn:
  File "/home/airflow/.local/lib/python3.7/site-packages/airflow/providers/postgres/hooks/postgres.py", line 86, in get_conn
    conn = deepcopy(self.connection or self.get_connection(conn_id))
  File "/home/airflow/.local/lib/python3.7/site-packages/airflow/hooks/base.py", line 67, in get_connection
    conn = Connection.get_connection_from_secrets(conn_id)
  File "/home/airflow/.local/lib/python3.7/site-packages/airflow/models/connection.py", line 430, in get_connection_from_secrets
    raise AirflowNotFoundException(f"The conn_id `{conn_id}` isn't defined")
airflow.exceptions.AirflowNotFoundException: The conn_id `postgres_default` isn't defined
[2022-12-15 16:48:01,552] {taskinstance.py:1400} INFO - Marking task as FAILED. dag_id=prepare_data, task_id=create_table, execution_date=20221215T164700, start_date=20221215T164800, end_date=20221215T164801
[2022-12-15 16:48:01,577] {standard_task_runner.py:97} ERROR - Failed to execute job 4 for task create_table (The conn_id `postgres_default` isn't defined; 255)
[2022-12-15 16:48:01,634] {local_task_job.py:156} INFO - Task exited with return code 1
[2022-12-15 16:48:01,708] {local_task_job.py:273} INFO - 0 downstream tasks scheduled from follow-on schedule check
[2022-12-16 07:50:04,239] {taskinstance.py:1159} INFO - Dependencies all met for <TaskInstance: prepare_data.create_table scheduled__2022-12-15T16:47:00+00:00 [queued]>
[2022-12-16 07:50:05,247] {taskinstance.py:1159} INFO - Dependencies all met for <TaskInstance: prepare_data.create_table scheduled__2022-12-15T16:47:00+00:00 [queued]>
[2022-12-16 07:50:05,247] {taskinstance.py:1356} INFO - 
--------------------------------------------------------------------------------
[2022-12-16 07:50:05,247] {taskinstance.py:1357} INFO - Starting attempt 1 of 1
[2022-12-16 07:50:05,247] {taskinstance.py:1358} INFO - 
--------------------------------------------------------------------------------
[2022-12-16 07:50:06,110] {taskinstance.py:1377} INFO - Executing <Task(PostgresOperator): create_table> on 2022-12-15 16:47:00+00:00
[2022-12-16 07:50:06,401] {standard_task_runner.py:52} INFO - Started process 16518 to run task
[2022-12-16 07:50:06,506] {standard_task_runner.py:79} INFO - Running: ['airflow', 'tasks', 'run', 'prepare_data', 'create_table', 'scheduled__2022-12-15T16:47:00+00:00', '--job-id', '4', '--raw', '--subdir', 'DAGS_FOLDER/prepare_data.py', '--cfg-path', '/tmp/tmpv9xqr5ux', '--error-file', '/tmp/tmpuvdcpg91']
[2022-12-16 07:50:06,615] {standard_task_runner.py:80} INFO - Job 4: Subtask create_table
[2022-12-16 07:50:09,590] {task_command.py:369} INFO - Running <TaskInstance: prepare_data.create_table scheduled__2022-12-15T16:47:00+00:00 [running]> on host 8e2f65ec4c74
[2022-12-16 07:50:14,402] {taskinstance.py:1571} INFO - Exporting the following env vars:
AIRFLOW_CTX_DAG_OWNER=airflow
AIRFLOW_CTX_DAG_ID=prepare_data
AIRFLOW_CTX_TASK_ID=create_table
AIRFLOW_CTX_EXECUTION_DATE=2022-12-15T16:47:00+00:00
AIRFLOW_CTX_TRY_NUMBER=1
AIRFLOW_CTX_DAG_RUN_ID=scheduled__2022-12-15T16:47:00+00:00
[2022-12-16 07:50:14,989] {base.py:68} INFO - Using connection ID 'gp_conn' for task execution.
[2022-12-16 07:50:15,053] {dbapi.py:208} INFO - Running statement: CREATE TABLE IF NOT EXISTS prepared_data (
	id SERIAL,
	sensor_id BIGINT,
	longitude FLOAT,
	latitude FLOAT,
	controller_id BIGINT,
	datetime TIMESTAMP WITH TIME ZONE,
	temperature INTEGER
);, parameters: None
[2022-12-16 07:50:15,085] {postgres.py:94} INFO - NOTICE:  relation "prepared_data" already exists, skipping

[2022-12-16 07:50:16,180] {taskinstance.py:1400} INFO - Marking task as SUCCESS. dag_id=prepare_data, task_id=create_table, execution_date=20221215T164700, start_date=20221216T075004, end_date=20221216T075016
[2022-12-16 07:50:16,583] {local_task_job.py:156} INFO - Task exited with return code 0
[2022-12-16 07:50:18,714] {local_task_job.py:273} INFO - 1 downstream tasks scheduled from follow-on schedule check
