[2022-12-12 18:42:59,065] {taskinstance.py:1159} INFO - Dependencies all met for <TaskInstance: prepare_data.create_table scheduled__2022-11-28T20:05:00+00:00 [queued]>
[2022-12-12 18:42:59,181] {taskinstance.py:1159} INFO - Dependencies all met for <TaskInstance: prepare_data.create_table scheduled__2022-11-28T20:05:00+00:00 [queued]>
[2022-12-12 18:42:59,190] {taskinstance.py:1356} INFO - 
--------------------------------------------------------------------------------
[2022-12-12 18:42:59,192] {taskinstance.py:1357} INFO - Starting attempt 1 of 1
[2022-12-12 18:42:59,193] {taskinstance.py:1358} INFO - 
--------------------------------------------------------------------------------
[2022-12-12 18:42:59,686] {taskinstance.py:1377} INFO - Executing <Task(PostgresOperator): create_table> on 2022-11-28 20:05:00+00:00
[2022-12-12 18:42:59,709] {standard_task_runner.py:52} INFO - Started process 1455 to run task
[2022-12-12 18:42:59,782] {standard_task_runner.py:79} INFO - Running: ['airflow', 'tasks', 'run', 'prepare_data', 'create_table', 'scheduled__2022-11-28T20:05:00+00:00', '--job-id', '606', '--raw', '--subdir', 'DAGS_FOLDER/prepare_data.py', '--cfg-path', '/tmp/tmpz3dvrzk8', '--error-file', '/tmp/tmpto7bgvj9']
[2022-12-12 18:42:59,805] {standard_task_runner.py:80} INFO - Job 606: Subtask create_table
[2022-12-12 18:43:00,573] {task_command.py:369} INFO - Running <TaskInstance: prepare_data.create_table scheduled__2022-11-28T20:05:00+00:00 [running]> on host cfea470654c7
[2022-12-12 18:43:02,000] {taskinstance.py:1571} INFO - Exporting the following env vars:
AIRFLOW_CTX_DAG_OWNER=airflow
AIRFLOW_CTX_DAG_ID=prepare_data
AIRFLOW_CTX_TASK_ID=create_table
AIRFLOW_CTX_EXECUTION_DATE=2022-11-28T20:05:00+00:00
AIRFLOW_CTX_TRY_NUMBER=1
AIRFLOW_CTX_DAG_RUN_ID=scheduled__2022-11-28T20:05:00+00:00
[2022-12-12 18:43:02,048] {base.py:68} INFO - Using connection ID 'postgres_default' for task execution.
[2022-12-12 18:43:02,077] {dbapi.py:208} INFO - Running statement: CREATE TABLE IF NOT EXISTS prepared_data (
	id SERIAL,
	sensor_id BIGINT,
	longitude FLOAT,
	latitude FLOAT,
	controller_id BIGINT,
	datetime TIMESTAMP WITH TIME ZONE,
	temperature INTEGER
);, parameters: None
[2022-12-12 18:43:02,085] {postgres.py:94} INFO - NOTICE:  relation "prepared_data" already exists, skipping

[2022-12-12 18:43:02,327] {taskinstance.py:1400} INFO - Marking task as SUCCESS. dag_id=prepare_data, task_id=create_table, execution_date=20221128T200500, start_date=20221212T184259, end_date=20221212T184302
[2022-12-12 18:43:02,573] {local_task_job.py:156} INFO - Task exited with return code 0
[2022-12-12 18:43:02,959] {local_task_job.py:273} INFO - 1 downstream tasks scheduled from follow-on schedule check
