[2022-12-12 18:25:30,087] {taskinstance.py:1159} INFO - Dependencies all met for <TaskInstance: prepare_data.get_last_id scheduled__2022-11-28T16:59:00+00:00 [queued]>
[2022-12-12 18:25:30,198] {taskinstance.py:1159} INFO - Dependencies all met for <TaskInstance: prepare_data.get_last_id scheduled__2022-11-28T16:59:00+00:00 [queued]>
[2022-12-12 18:25:30,203] {taskinstance.py:1356} INFO - 
--------------------------------------------------------------------------------
[2022-12-12 18:25:30,205] {taskinstance.py:1357} INFO - Starting attempt 1 of 1
[2022-12-12 18:25:30,206] {taskinstance.py:1358} INFO - 
--------------------------------------------------------------------------------
[2022-12-12 18:25:30,443] {taskinstance.py:1377} INFO - Executing <Task(PythonOperator): get_last_id> on 2022-11-28 16:59:00+00:00
[2022-12-12 18:25:30,461] {standard_task_runner.py:52} INFO - Started process 354 to run task
[2022-12-12 18:25:30,470] {standard_task_runner.py:79} INFO - Running: ['airflow', 'tasks', 'run', 'prepare_data', 'get_last_id', 'scheduled__2022-11-28T16:59:00+00:00', '--job-id', '72', '--raw', '--subdir', 'DAGS_FOLDER/prepare_data.py', '--cfg-path', '/tmp/tmp53n0sbp4', '--error-file', '/tmp/tmpl61q6jxa']
[2022-12-12 18:25:30,474] {standard_task_runner.py:80} INFO - Job 72: Subtask get_last_id
[2022-12-12 18:25:31,143] {task_command.py:369} INFO - Running <TaskInstance: prepare_data.get_last_id scheduled__2022-11-28T16:59:00+00:00 [running]> on host a49e44ee4a94
[2022-12-12 18:25:32,323] {taskinstance.py:1571} INFO - Exporting the following env vars:
AIRFLOW_CTX_DAG_OWNER=airflow
AIRFLOW_CTX_DAG_ID=prepare_data
AIRFLOW_CTX_TASK_ID=get_last_id
AIRFLOW_CTX_EXECUTION_DATE=2022-11-28T16:59:00+00:00
AIRFLOW_CTX_TRY_NUMBER=1
AIRFLOW_CTX_DAG_RUN_ID=scheduled__2022-11-28T16:59:00+00:00
[2022-12-12 18:25:32,461] {base.py:68} INFO - Using connection ID 'postgres_default' for task execution.
[2022-12-12 18:25:32,527] {python.py:173} INFO - Done. Returned value was: None
[2022-12-12 18:25:32,630] {taskinstance.py:1400} INFO - Marking task as SUCCESS. dag_id=prepare_data, task_id=get_last_id, execution_date=20221128T165900, start_date=20221212T182530, end_date=20221212T182532
[2022-12-12 18:25:32,753] {local_task_job.py:156} INFO - Task exited with return code 0
[2022-12-12 18:25:32,991] {local_task_job.py:273} INFO - 1 downstream tasks scheduled from follow-on schedule check
[2022-12-12 18:38:53,159] {taskinstance.py:1159} INFO - Dependencies all met for <TaskInstance: prepare_data.get_last_id scheduled__2022-11-28T16:59:00+00:00 [queued]>
[2022-12-12 18:38:53,258] {taskinstance.py:1159} INFO - Dependencies all met for <TaskInstance: prepare_data.get_last_id scheduled__2022-11-28T16:59:00+00:00 [queued]>
[2022-12-12 18:38:53,261] {taskinstance.py:1356} INFO - 
--------------------------------------------------------------------------------
[2022-12-12 18:38:53,264] {taskinstance.py:1357} INFO - Starting attempt 1 of 1
[2022-12-12 18:38:53,268] {taskinstance.py:1358} INFO - 
--------------------------------------------------------------------------------
[2022-12-12 18:38:53,467] {taskinstance.py:1377} INFO - Executing <Task(PythonOperator): get_last_id> on 2022-11-28 16:59:00+00:00
[2022-12-12 18:38:53,496] {standard_task_runner.py:52} INFO - Started process 327 to run task
[2022-12-12 18:38:53,537] {standard_task_runner.py:79} INFO - Running: ['airflow', 'tasks', 'run', 'prepare_data', 'get_last_id', 'scheduled__2022-11-28T16:59:00+00:00', '--job-id', '63', '--raw', '--subdir', 'DAGS_FOLDER/prepare_data.py', '--cfg-path', '/tmp/tmphg5du8b1', '--error-file', '/tmp/tmpjlkjla45']
[2022-12-12 18:38:53,542] {standard_task_runner.py:80} INFO - Job 63: Subtask get_last_id
[2022-12-12 18:38:54,034] {task_command.py:369} INFO - Running <TaskInstance: prepare_data.get_last_id scheduled__2022-11-28T16:59:00+00:00 [running]> on host cfea470654c7
[2022-12-12 18:38:55,187] {taskinstance.py:1571} INFO - Exporting the following env vars:
AIRFLOW_CTX_DAG_OWNER=airflow
AIRFLOW_CTX_DAG_ID=prepare_data
AIRFLOW_CTX_TASK_ID=get_last_id
AIRFLOW_CTX_EXECUTION_DATE=2022-11-28T16:59:00+00:00
AIRFLOW_CTX_TRY_NUMBER=1
AIRFLOW_CTX_DAG_RUN_ID=scheduled__2022-11-28T16:59:00+00:00
[2022-12-12 18:38:55,375] {base.py:68} INFO - Using connection ID 'postgres_default' for task execution.
[2022-12-12 18:38:55,790] {python.py:173} INFO - Done. Returned value was: None
[2022-12-12 18:38:56,156] {taskinstance.py:1400} INFO - Marking task as SUCCESS. dag_id=prepare_data, task_id=get_last_id, execution_date=20221128T165900, start_date=20221212T183853, end_date=20221212T183856
[2022-12-12 18:38:56,353] {local_task_job.py:156} INFO - Task exited with return code 0
[2022-12-12 18:38:56,953] {local_task_job.py:273} INFO - 0 downstream tasks scheduled from follow-on schedule check
