[2022-12-12 18:25:25,043] {taskinstance.py:1159} INFO - Dependencies all met for <TaskInstance: prepare_data.get_last_id scheduled__2022-11-28T16:54:00+00:00 [queued]>
[2022-12-12 18:25:25,084] {taskinstance.py:1159} INFO - Dependencies all met for <TaskInstance: prepare_data.get_last_id scheduled__2022-11-28T16:54:00+00:00 [queued]>
[2022-12-12 18:25:25,086] {taskinstance.py:1356} INFO - 
--------------------------------------------------------------------------------
[2022-12-12 18:25:25,088] {taskinstance.py:1357} INFO - Starting attempt 1 of 1
[2022-12-12 18:25:25,095] {taskinstance.py:1358} INFO - 
--------------------------------------------------------------------------------
[2022-12-12 18:25:25,373] {taskinstance.py:1377} INFO - Executing <Task(PythonOperator): get_last_id> on 2022-11-28 16:54:00+00:00
[2022-12-12 18:25:25,404] {standard_task_runner.py:52} INFO - Started process 325 to run task
[2022-12-12 18:25:25,467] {standard_task_runner.py:79} INFO - Running: ['airflow', 'tasks', 'run', 'prepare_data', 'get_last_id', 'scheduled__2022-11-28T16:54:00+00:00', '--job-id', '57', '--raw', '--subdir', 'DAGS_FOLDER/prepare_data.py', '--cfg-path', '/tmp/tmpthb936oh', '--error-file', '/tmp/tmpxr36020j']
[2022-12-12 18:25:25,477] {standard_task_runner.py:80} INFO - Job 57: Subtask get_last_id
[2022-12-12 18:25:25,907] {task_command.py:369} INFO - Running <TaskInstance: prepare_data.get_last_id scheduled__2022-11-28T16:54:00+00:00 [running]> on host a49e44ee4a94
[2022-12-12 18:25:26,439] {taskinstance.py:1571} INFO - Exporting the following env vars:
AIRFLOW_CTX_DAG_OWNER=airflow
AIRFLOW_CTX_DAG_ID=prepare_data
AIRFLOW_CTX_TASK_ID=get_last_id
AIRFLOW_CTX_EXECUTION_DATE=2022-11-28T16:54:00+00:00
AIRFLOW_CTX_TRY_NUMBER=1
AIRFLOW_CTX_DAG_RUN_ID=scheduled__2022-11-28T16:54:00+00:00
[2022-12-12 18:25:26,510] {base.py:68} INFO - Using connection ID 'postgres_default' for task execution.
[2022-12-12 18:25:26,653] {python.py:173} INFO - Done. Returned value was: None
[2022-12-12 18:25:27,286] {taskinstance.py:1400} INFO - Marking task as SUCCESS. dag_id=prepare_data, task_id=get_last_id, execution_date=20221128T165400, start_date=20221212T182525, end_date=20221212T182527
[2022-12-12 18:25:27,491] {local_task_job.py:156} INFO - Task exited with return code 0
[2022-12-12 18:25:27,907] {local_task_job.py:273} INFO - 1 downstream tasks scheduled from follow-on schedule check
[2022-12-12 18:38:41,641] {taskinstance.py:1159} INFO - Dependencies all met for <TaskInstance: prepare_data.get_last_id scheduled__2022-11-28T16:54:00+00:00 [queued]>
[2022-12-12 18:38:41,765] {taskinstance.py:1159} INFO - Dependencies all met for <TaskInstance: prepare_data.get_last_id scheduled__2022-11-28T16:54:00+00:00 [queued]>
[2022-12-12 18:38:41,769] {taskinstance.py:1356} INFO - 
--------------------------------------------------------------------------------
[2022-12-12 18:38:41,773] {taskinstance.py:1357} INFO - Starting attempt 1 of 1
[2022-12-12 18:38:41,777] {taskinstance.py:1358} INFO - 
--------------------------------------------------------------------------------
[2022-12-12 18:38:41,980] {taskinstance.py:1377} INFO - Executing <Task(PythonOperator): get_last_id> on 2022-11-28 16:54:00+00:00
[2022-12-12 18:38:41,993] {standard_task_runner.py:52} INFO - Started process 288 to run task
[2022-12-12 18:38:42,043] {standard_task_runner.py:79} INFO - Running: ['airflow', 'tasks', 'run', 'prepare_data', 'get_last_id', 'scheduled__2022-11-28T16:54:00+00:00', '--job-id', '44', '--raw', '--subdir', 'DAGS_FOLDER/prepare_data.py', '--cfg-path', '/tmp/tmpa_p8d7yd', '--error-file', '/tmp/tmpw4sjum3c']
[2022-12-12 18:38:42,062] {standard_task_runner.py:80} INFO - Job 44: Subtask get_last_id
[2022-12-12 18:38:42,434] {task_command.py:369} INFO - Running <TaskInstance: prepare_data.get_last_id scheduled__2022-11-28T16:54:00+00:00 [running]> on host cfea470654c7
[2022-12-12 18:38:42,991] {taskinstance.py:1571} INFO - Exporting the following env vars:
AIRFLOW_CTX_DAG_OWNER=airflow
AIRFLOW_CTX_DAG_ID=prepare_data
AIRFLOW_CTX_TASK_ID=get_last_id
AIRFLOW_CTX_EXECUTION_DATE=2022-11-28T16:54:00+00:00
AIRFLOW_CTX_TRY_NUMBER=1
AIRFLOW_CTX_DAG_RUN_ID=scheduled__2022-11-28T16:54:00+00:00
[2022-12-12 18:38:43,057] {base.py:68} INFO - Using connection ID 'postgres_default' for task execution.
[2022-12-12 18:38:43,179] {python.py:173} INFO - Done. Returned value was: None
[2022-12-12 18:38:43,254] {taskinstance.py:1400} INFO - Marking task as SUCCESS. dag_id=prepare_data, task_id=get_last_id, execution_date=20221128T165400, start_date=20221212T183841, end_date=20221212T183843
[2022-12-12 18:38:43,358] {local_task_job.py:156} INFO - Task exited with return code 0
[2022-12-12 18:38:43,634] {local_task_job.py:273} INFO - 0 downstream tasks scheduled from follow-on schedule check
