[2022-12-15 17:00:01,168] {taskinstance.py:1159} INFO - Dependencies all met for <TaskInstance: prepare_data.create_table scheduled__2022-12-15T16:59:00+00:00 [queued]>
[2022-12-15 17:00:01,262] {taskinstance.py:1159} INFO - Dependencies all met for <TaskInstance: prepare_data.create_table scheduled__2022-12-15T16:59:00+00:00 [queued]>
[2022-12-15 17:00:01,270] {taskinstance.py:1356} INFO - 
--------------------------------------------------------------------------------
[2022-12-15 17:00:01,277] {taskinstance.py:1357} INFO - Starting attempt 1 of 1
[2022-12-15 17:00:01,303] {taskinstance.py:1358} INFO - 
--------------------------------------------------------------------------------
[2022-12-15 17:00:01,345] {taskinstance.py:1377} INFO - Executing <Task(PostgresOperator): create_table> on 2022-12-15 16:59:00+00:00
[2022-12-15 17:00:01,357] {standard_task_runner.py:52} INFO - Started process 298 to run task
[2022-12-15 17:00:01,367] {standard_task_runner.py:79} INFO - Running: ['airflow', 'tasks', 'run', 'prepare_data', 'create_table', 'scheduled__2022-12-15T16:59:00+00:00', '--job-id', '27', '--raw', '--subdir', 'DAGS_FOLDER/prepare_data.py', '--cfg-path', '/tmp/tmpz4js0t7a', '--error-file', '/tmp/tmpdgjv2ncv']
[2022-12-15 17:00:01,374] {standard_task_runner.py:80} INFO - Job 27: Subtask create_table
[2022-12-15 17:00:01,550] {task_command.py:369} INFO - Running <TaskInstance: prepare_data.create_table scheduled__2022-12-15T16:59:00+00:00 [running]> on host 39e562fe01ff
[2022-12-15 17:00:01,723] {taskinstance.py:1571} INFO - Exporting the following env vars:
AIRFLOW_CTX_DAG_OWNER=airflow
AIRFLOW_CTX_DAG_ID=prepare_data
AIRFLOW_CTX_TASK_ID=create_table
AIRFLOW_CTX_EXECUTION_DATE=2022-12-15T16:59:00+00:00
AIRFLOW_CTX_TRY_NUMBER=1
AIRFLOW_CTX_DAG_RUN_ID=scheduled__2022-12-15T16:59:00+00:00
[2022-12-15 17:00:01,746] {base.py:68} INFO - Using connection ID 'gp_conn' for task execution.
[2022-12-15 17:00:01,758] {dbapi.py:208} INFO - Running statement: CREATE TABLE IF NOT EXISTS prepared_data (
	id SERIAL,
	sensor_id BIGINT,
	longitude FLOAT,
	latitude FLOAT,
	controller_id BIGINT,
	datetime TIMESTAMP WITH TIME ZONE,
	temperature INTEGER
);, parameters: None
[2022-12-15 17:00:01,763] {postgres.py:94} INFO - NOTICE:  relation "prepared_data" already exists, skipping

[2022-12-15 17:00:01,795] {taskinstance.py:1400} INFO - Marking task as SUCCESS. dag_id=prepare_data, task_id=create_table, execution_date=20221215T165900, start_date=20221215T170001, end_date=20221215T170001
[2022-12-15 17:00:01,822] {local_task_job.py:156} INFO - Task exited with return code 0
[2022-12-15 17:00:01,936] {local_task_job.py:273} INFO - 1 downstream tasks scheduled from follow-on schedule check
[2022-12-16 08:01:36,845] {taskinstance.py:1159} INFO - Dependencies all met for <TaskInstance: prepare_data.create_table scheduled__2022-12-15T16:59:00+00:00 [queued]>
[2022-12-16 08:01:39,115] {taskinstance.py:1159} INFO - Dependencies all met for <TaskInstance: prepare_data.create_table scheduled__2022-12-15T16:59:00+00:00 [queued]>
[2022-12-16 08:01:39,115] {taskinstance.py:1356} INFO - 
--------------------------------------------------------------------------------
[2022-12-16 08:01:39,115] {taskinstance.py:1357} INFO - Starting attempt 1 of 1
[2022-12-16 08:01:39,115] {taskinstance.py:1358} INFO - 
--------------------------------------------------------------------------------
[2022-12-16 08:01:42,251] {taskinstance.py:1377} INFO - Executing <Task(PostgresOperator): create_table> on 2022-12-15 16:59:00+00:00
[2022-12-16 08:01:43,187] {standard_task_runner.py:52} INFO - Started process 16631 to run task
[2022-12-16 08:01:44,094] {standard_task_runner.py:79} INFO - Running: ['airflow', 'tasks', 'run', 'prepare_data', 'create_table', 'scheduled__2022-12-15T16:59:00+00:00', '--job-id', '35', '--raw', '--subdir', 'DAGS_FOLDER/prepare_data.py', '--cfg-path', '/tmp/tmpnt0grglg', '--error-file', '/tmp/tmpz7o30ft_']
[2022-12-16 08:01:44,095] {standard_task_runner.py:80} INFO - Job 35: Subtask create_table
[2022-12-16 08:02:24,669] {task_command.py:369} INFO - Running <TaskInstance: prepare_data.create_table scheduled__2022-12-15T16:59:00+00:00 [running]> on host 8e2f65ec4c74
[2022-12-16 08:03:04,923] {taskinstance.py:1571} INFO - Exporting the following env vars:
AIRFLOW_CTX_DAG_OWNER=airflow
AIRFLOW_CTX_DAG_ID=prepare_data
AIRFLOW_CTX_TASK_ID=create_table
AIRFLOW_CTX_EXECUTION_DATE=2022-12-15T16:59:00+00:00
AIRFLOW_CTX_TRY_NUMBER=1
AIRFLOW_CTX_DAG_RUN_ID=scheduled__2022-12-15T16:59:00+00:00
[2022-12-16 08:03:08,537] {base.py:68} INFO - Using connection ID 'gp_conn' for task execution.
[2022-12-16 08:03:09,566] {dbapi.py:208} INFO - Running statement: CREATE TABLE IF NOT EXISTS prepared_data (
	id SERIAL,
	sensor_id BIGINT,
	longitude FLOAT,
	latitude FLOAT,
	controller_id BIGINT,
	datetime TIMESTAMP WITH TIME ZONE,
	temperature INTEGER
);, parameters: None
[2022-12-16 08:03:09,700] {postgres.py:94} INFO - NOTICE:  relation "prepared_data" already exists, skipping

[2022-12-16 08:03:14,614] {taskinstance.py:1400} INFO - Marking task as SUCCESS. dag_id=prepare_data, task_id=create_table, execution_date=20221215T165900, start_date=20221216T080137, end_date=20221216T080314
[2022-12-16 08:03:16,368] {local_task_job.py:156} INFO - Task exited with return code 0
[2022-12-16 08:03:24,188] {local_task_job.py:273} INFO - 1 downstream tasks scheduled from follow-on schedule check
