[2022-12-16 10:39:32,573] {taskinstance.py:1159} INFO - Dependencies all met for <TaskInstance: prepare_data.transfer_data scheduled__2022-12-15T20:51:00+00:00 [queued]>
[2022-12-16 10:39:32,940] {taskinstance.py:1159} INFO - Dependencies all met for <TaskInstance: prepare_data.transfer_data scheduled__2022-12-15T20:51:00+00:00 [queued]>
[2022-12-16 10:39:32,940] {taskinstance.py:1356} INFO - 
--------------------------------------------------------------------------------
[2022-12-16 10:39:32,940] {taskinstance.py:1357} INFO - Starting attempt 1 of 1
[2022-12-16 10:39:32,940] {taskinstance.py:1358} INFO - 
--------------------------------------------------------------------------------
[2022-12-16 10:39:33,347] {taskinstance.py:1377} INFO - Executing <Task(PythonOperator): transfer_data> on 2022-12-15 20:51:00+00:00
[2022-12-16 10:39:33,414] {standard_task_runner.py:52} INFO - Started process 1328 to run task
[2022-12-16 10:39:33,445] {standard_task_runner.py:79} INFO - Running: ['airflow', 'tasks', 'run', 'prepare_data', 'transfer_data', 'scheduled__2022-12-15T20:51:00+00:00', '--job-id', '772', '--raw', '--subdir', 'DAGS_FOLDER/prepare_data.py', '--cfg-path', '/tmp/tmp7nezkz9l', '--error-file', '/tmp/tmploa4sxta']
[2022-12-16 10:39:33,446] {standard_task_runner.py:80} INFO - Job 772: Subtask transfer_data
[2022-12-16 10:39:34,939] {task_command.py:369} INFO - Running <TaskInstance: prepare_data.transfer_data scheduled__2022-12-15T20:51:00+00:00 [running]> on host 8e2f65ec4c74
[2022-12-16 10:39:36,687] {taskinstance.py:1571} INFO - Exporting the following env vars:
AIRFLOW_CTX_DAG_OWNER=airflow
AIRFLOW_CTX_DAG_ID=prepare_data
AIRFLOW_CTX_TASK_ID=transfer_data
AIRFLOW_CTX_EXECUTION_DATE=2022-12-15T20:51:00+00:00
AIRFLOW_CTX_TRY_NUMBER=1
AIRFLOW_CTX_DAG_RUN_ID=scheduled__2022-12-15T20:51:00+00:00
[2022-12-16 10:39:37,359] {base.py:68} INFO - Using connection ID 'gp_conn' for task execution.
[2022-12-16 10:39:37,821] {python.py:173} INFO - Done. Returned value was: None
[2022-12-16 10:39:38,220] {taskinstance.py:1400} INFO - Marking task as SUCCESS. dag_id=prepare_data, task_id=transfer_data, execution_date=20221215T205100, start_date=20221216T103932, end_date=20221216T103938
[2022-12-16 10:39:38,371] {local_task_job.py:156} INFO - Task exited with return code 0
[2022-12-16 10:39:38,728] {local_task_job.py:273} INFO - 0 downstream tasks scheduled from follow-on schedule check
