[2022-12-12 18:41:20,792] {taskinstance.py:1159} INFO - Dependencies all met for <TaskInstance: prepare_data.create_table scheduled__2022-11-28T18:47:00+00:00 [queued]>
[2022-12-12 18:41:20,838] {taskinstance.py:1159} INFO - Dependencies all met for <TaskInstance: prepare_data.create_table scheduled__2022-11-28T18:47:00+00:00 [queued]>
[2022-12-12 18:41:20,842] {taskinstance.py:1356} INFO - 
--------------------------------------------------------------------------------
[2022-12-12 18:41:20,844] {taskinstance.py:1357} INFO - Starting attempt 1 of 1
[2022-12-12 18:41:20,846] {taskinstance.py:1358} INFO - 
--------------------------------------------------------------------------------
[2022-12-12 18:41:20,990] {taskinstance.py:1377} INFO - Executing <Task(PostgresOperator): create_table> on 2022-11-28 18:47:00+00:00
[2022-12-12 18:41:21,033] {standard_task_runner.py:52} INFO - Started process 980 to run task
[2022-12-12 18:41:21,040] {standard_task_runner.py:79} INFO - Running: ['airflow', 'tasks', 'run', 'prepare_data', 'create_table', 'scheduled__2022-11-28T18:47:00+00:00', '--job-id', '377', '--raw', '--subdir', 'DAGS_FOLDER/prepare_data.py', '--cfg-path', '/tmp/tmpcy_5auug', '--error-file', '/tmp/tmp_xd6tur8']
[2022-12-12 18:41:21,071] {standard_task_runner.py:80} INFO - Job 377: Subtask create_table
[2022-12-12 18:41:21,657] {task_command.py:369} INFO - Running <TaskInstance: prepare_data.create_table scheduled__2022-11-28T18:47:00+00:00 [running]> on host cfea470654c7
[2022-12-12 18:41:22,469] {taskinstance.py:1571} INFO - Exporting the following env vars:
AIRFLOW_CTX_DAG_OWNER=airflow
AIRFLOW_CTX_DAG_ID=prepare_data
AIRFLOW_CTX_TASK_ID=create_table
AIRFLOW_CTX_EXECUTION_DATE=2022-11-28T18:47:00+00:00
AIRFLOW_CTX_TRY_NUMBER=1
AIRFLOW_CTX_DAG_RUN_ID=scheduled__2022-11-28T18:47:00+00:00
[2022-12-12 18:41:22,538] {base.py:68} INFO - Using connection ID 'postgres_default' for task execution.
[2022-12-12 18:41:22,565] {dbapi.py:208} INFO - Running statement: CREATE TABLE IF NOT EXISTS prepared_data (
	id SERIAL,
	sensor_id BIGINT,
	longitude FLOAT,
	latitude FLOAT,
	controller_id BIGINT,
	datetime TIMESTAMP WITH TIME ZONE,
	temperature INTEGER
);, parameters: None
[2022-12-12 18:41:22,573] {postgres.py:94} INFO - NOTICE:  relation "prepared_data" already exists, skipping

[2022-12-12 18:41:22,800] {taskinstance.py:1400} INFO - Marking task as SUCCESS. dag_id=prepare_data, task_id=create_table, execution_date=20221128T184700, start_date=20221212T184120, end_date=20221212T184122
[2022-12-12 18:41:22,938] {local_task_job.py:156} INFO - Task exited with return code 0
[2022-12-12 18:41:23,461] {local_task_job.py:273} INFO - 1 downstream tasks scheduled from follow-on schedule check
