[2022-12-16 13:02:52,415] {taskinstance.py:1159} INFO - Dependencies all met for <TaskInstance: prepare_data.get_last_id scheduled__2022-12-16T11:38:00+00:00 [queued]>
[2022-12-16 13:02:52,539] {taskinstance.py:1159} INFO - Dependencies all met for <TaskInstance: prepare_data.get_last_id scheduled__2022-12-16T11:38:00+00:00 [queued]>
[2022-12-16 13:02:52,560] {taskinstance.py:1356} INFO - 
--------------------------------------------------------------------------------
[2022-12-16 13:02:52,560] {taskinstance.py:1357} INFO - Starting attempt 1 of 1
[2022-12-16 13:02:52,560] {taskinstance.py:1358} INFO - 
--------------------------------------------------------------------------------
[2022-12-16 13:02:52,752] {taskinstance.py:1377} INFO - Executing <Task(PythonOperator): get_last_id> on 2022-12-16 11:38:00+00:00
[2022-12-16 13:02:52,793] {standard_task_runner.py:52} INFO - Started process 3792 to run task
[2022-12-16 13:02:52,807] {standard_task_runner.py:79} INFO - Running: ['airflow', 'tasks', 'run', 'prepare_data', 'get_last_id', 'scheduled__2022-12-16T11:38:00+00:00', '--job-id', '1881', '--raw', '--subdir', 'DAGS_FOLDER/prepare_data.py', '--cfg-path', '/tmp/tmp6ekep2lu', '--error-file', '/tmp/tmp3uzakn40']
[2022-12-16 13:02:52,879] {standard_task_runner.py:80} INFO - Job 1881: Subtask get_last_id
[2022-12-16 13:02:53,456] {task_command.py:369} INFO - Running <TaskInstance: prepare_data.get_last_id scheduled__2022-12-16T11:38:00+00:00 [running]> on host 8e2f65ec4c74
[2022-12-16 13:02:54,156] {taskinstance.py:1571} INFO - Exporting the following env vars:
AIRFLOW_CTX_DAG_OWNER=airflow
AIRFLOW_CTX_DAG_ID=prepare_data
AIRFLOW_CTX_TASK_ID=get_last_id
AIRFLOW_CTX_EXECUTION_DATE=2022-12-16T11:38:00+00:00
AIRFLOW_CTX_TRY_NUMBER=1
AIRFLOW_CTX_DAG_RUN_ID=scheduled__2022-12-16T11:38:00+00:00
[2022-12-16 13:02:54,226] {base.py:68} INFO - Using connection ID 'gp_conn' for task execution.
[2022-12-16 13:02:54,423] {python.py:173} INFO - Done. Returned value was: None
[2022-12-16 13:02:54,519] {taskinstance.py:1400} INFO - Marking task as SUCCESS. dag_id=prepare_data, task_id=get_last_id, execution_date=20221216T113800, start_date=20221216T130252, end_date=20221216T130254
[2022-12-16 13:02:54,668] {local_task_job.py:156} INFO - Task exited with return code 0
[2022-12-16 13:02:55,070] {local_task_job.py:273} INFO - 1 downstream tasks scheduled from follow-on schedule check
