[2022-12-16 10:38:02,833] {taskinstance.py:1159} INFO - Dependencies all met for <TaskInstance: prepare_data.transfer_data scheduled__2022-12-15T20:22:00+00:00 [queued]>
[2022-12-16 10:38:03,226] {taskinstance.py:1159} INFO - Dependencies all met for <TaskInstance: prepare_data.transfer_data scheduled__2022-12-15T20:22:00+00:00 [queued]>
[2022-12-16 10:38:03,269] {taskinstance.py:1356} INFO - 
--------------------------------------------------------------------------------
[2022-12-16 10:38:03,269] {taskinstance.py:1357} INFO - Starting attempt 1 of 1
[2022-12-16 10:38:03,269] {taskinstance.py:1358} INFO - 
--------------------------------------------------------------------------------
[2022-12-16 10:38:03,680] {taskinstance.py:1377} INFO - Executing <Task(PythonOperator): transfer_data> on 2022-12-15 20:22:00+00:00
[2022-12-16 10:38:03,781] {standard_task_runner.py:52} INFO - Started process 1145 to run task
[2022-12-16 10:38:03,880] {standard_task_runner.py:79} INFO - Running: ['airflow', 'tasks', 'run', 'prepare_data', 'transfer_data', 'scheduled__2022-12-15T20:22:00+00:00', '--job-id', '688', '--raw', '--subdir', 'DAGS_FOLDER/prepare_data.py', '--cfg-path', '/tmp/tmpxheuum2g', '--error-file', '/tmp/tmpg62v2gyf']
[2022-12-16 10:38:03,912] {standard_task_runner.py:80} INFO - Job 688: Subtask transfer_data
[2022-12-16 10:38:05,096] {task_command.py:369} INFO - Running <TaskInstance: prepare_data.transfer_data scheduled__2022-12-15T20:22:00+00:00 [running]> on host 8e2f65ec4c74
[2022-12-16 10:38:06,586] {taskinstance.py:1571} INFO - Exporting the following env vars:
AIRFLOW_CTX_DAG_OWNER=airflow
AIRFLOW_CTX_DAG_ID=prepare_data
AIRFLOW_CTX_TASK_ID=transfer_data
AIRFLOW_CTX_EXECUTION_DATE=2022-12-15T20:22:00+00:00
AIRFLOW_CTX_TRY_NUMBER=1
AIRFLOW_CTX_DAG_RUN_ID=scheduled__2022-12-15T20:22:00+00:00
[2022-12-16 10:38:06,810] {base.py:68} INFO - Using connection ID 'gp_conn' for task execution.
[2022-12-16 10:38:07,230] {python.py:173} INFO - Done. Returned value was: None
[2022-12-16 10:38:08,103] {taskinstance.py:1400} INFO - Marking task as SUCCESS. dag_id=prepare_data, task_id=transfer_data, execution_date=20221215T202200, start_date=20221216T103802, end_date=20221216T103808
[2022-12-16 10:38:08,322] {local_task_job.py:156} INFO - Task exited with return code 0
[2022-12-16 10:38:08,881] {local_task_job.py:273} INFO - 0 downstream tasks scheduled from follow-on schedule check
