[2022-12-16 08:16:42,889] {taskinstance.py:1159} INFO - Dependencies all met for <TaskInstance: prepare_data.transfer_data scheduled__2022-12-15T17:44:00+00:00 [queued]>
[2022-12-16 08:16:46,552] {taskinstance.py:1159} INFO - Dependencies all met for <TaskInstance: prepare_data.transfer_data scheduled__2022-12-15T17:44:00+00:00 [queued]>
[2022-12-16 08:16:47,045] {taskinstance.py:1356} INFO - 
--------------------------------------------------------------------------------
[2022-12-16 08:16:47,107] {taskinstance.py:1357} INFO - Starting attempt 1 of 1
[2022-12-16 08:16:47,107] {taskinstance.py:1358} INFO - 
--------------------------------------------------------------------------------
[2022-12-16 08:16:58,991] {taskinstance.py:1377} INFO - Executing <Task(PythonOperator): transfer_data> on 2022-12-15 17:44:00+00:00
[2022-12-16 08:16:59,959] {standard_task_runner.py:52} INFO - Started process 17029 to run task
[2022-12-16 08:17:02,019] {standard_task_runner.py:79} INFO - Running: ['airflow', 'tasks', 'run', 'prepare_data', 'transfer_data', 'scheduled__2022-12-15T17:44:00+00:00', '--job-id', '195', '--raw', '--subdir', 'DAGS_FOLDER/prepare_data.py', '--cfg-path', '/tmp/tmpo204uu0e', '--error-file', '/tmp/tmpz09ywnzz']
[2022-12-16 08:17:03,443] {standard_task_runner.py:80} INFO - Job 195: Subtask transfer_data
[2022-12-16 08:17:29,685] {task_command.py:369} INFO - Running <TaskInstance: prepare_data.transfer_data scheduled__2022-12-15T17:44:00+00:00 [running]> on host 8e2f65ec4c74
[2022-12-16 08:17:35,875] {taskinstance.py:1571} INFO - Exporting the following env vars:
AIRFLOW_CTX_DAG_OWNER=airflow
AIRFLOW_CTX_DAG_ID=prepare_data
AIRFLOW_CTX_TASK_ID=transfer_data
AIRFLOW_CTX_EXECUTION_DATE=2022-12-15T17:44:00+00:00
AIRFLOW_CTX_TRY_NUMBER=1
AIRFLOW_CTX_DAG_RUN_ID=scheduled__2022-12-15T17:44:00+00:00
[2022-12-16 08:17:36,453] {base.py:68} INFO - Using connection ID 'gp_conn' for task execution.
[2022-12-16 08:17:37,484] {python.py:173} INFO - Done. Returned value was: None
[2022-12-16 08:17:40,629] {taskinstance.py:1400} INFO - Marking task as SUCCESS. dag_id=prepare_data, task_id=transfer_data, execution_date=20221215T174400, start_date=20221216T081642, end_date=20221216T081740
[2022-12-16 08:17:41,149] {local_task_job.py:156} INFO - Task exited with return code 0
[2022-12-16 08:17:41,751] {local_task_job.py:273} INFO - 0 downstream tasks scheduled from follow-on schedule check
