[2022-12-12 18:25:27,825] {taskinstance.py:1159} INFO - Dependencies all met for <TaskInstance: prepare_data.get_last_id scheduled__2022-11-28T16:58:00+00:00 [queued]>
[2022-12-12 18:25:27,995] {taskinstance.py:1159} INFO - Dependencies all met for <TaskInstance: prepare_data.get_last_id scheduled__2022-11-28T16:58:00+00:00 [queued]>
[2022-12-12 18:25:27,999] {taskinstance.py:1356} INFO - 
--------------------------------------------------------------------------------
[2022-12-12 18:25:28,003] {taskinstance.py:1357} INFO - Starting attempt 1 of 1
[2022-12-12 18:25:28,004] {taskinstance.py:1358} INFO - 
--------------------------------------------------------------------------------
[2022-12-12 18:25:28,158] {taskinstance.py:1377} INFO - Executing <Task(PythonOperator): get_last_id> on 2022-11-28 16:58:00+00:00
[2022-12-12 18:25:28,170] {standard_task_runner.py:52} INFO - Started process 340 to run task
[2022-12-12 18:25:28,186] {standard_task_runner.py:79} INFO - Running: ['airflow', 'tasks', 'run', 'prepare_data', 'get_last_id', 'scheduled__2022-11-28T16:58:00+00:00', '--job-id', '65', '--raw', '--subdir', 'DAGS_FOLDER/prepare_data.py', '--cfg-path', '/tmp/tmp2bpv93qf', '--error-file', '/tmp/tmpvfhcdmk_']
[2022-12-12 18:25:28,194] {standard_task_runner.py:80} INFO - Job 65: Subtask get_last_id
[2022-12-12 18:25:28,511] {task_command.py:369} INFO - Running <TaskInstance: prepare_data.get_last_id scheduled__2022-11-28T16:58:00+00:00 [running]> on host a49e44ee4a94
[2022-12-12 18:25:29,393] {taskinstance.py:1571} INFO - Exporting the following env vars:
AIRFLOW_CTX_DAG_OWNER=airflow
AIRFLOW_CTX_DAG_ID=prepare_data
AIRFLOW_CTX_TASK_ID=get_last_id
AIRFLOW_CTX_EXECUTION_DATE=2022-11-28T16:58:00+00:00
AIRFLOW_CTX_TRY_NUMBER=1
AIRFLOW_CTX_DAG_RUN_ID=scheduled__2022-11-28T16:58:00+00:00
[2022-12-12 18:25:29,511] {base.py:68} INFO - Using connection ID 'postgres_default' for task execution.
[2022-12-12 18:25:29,633] {python.py:173} INFO - Done. Returned value was: None
[2022-12-12 18:25:29,905] {taskinstance.py:1400} INFO - Marking task as SUCCESS. dag_id=prepare_data, task_id=get_last_id, execution_date=20221128T165800, start_date=20221212T182527, end_date=20221212T182529
[2022-12-12 18:25:30,007] {local_task_job.py:156} INFO - Task exited with return code 0
[2022-12-12 18:25:31,421] {local_task_job.py:273} INFO - 0 downstream tasks scheduled from follow-on schedule check
[2022-12-12 18:38:52,032] {taskinstance.py:1159} INFO - Dependencies all met for <TaskInstance: prepare_data.get_last_id scheduled__2022-11-28T16:58:00+00:00 [queued]>
[2022-12-12 18:38:52,240] {taskinstance.py:1159} INFO - Dependencies all met for <TaskInstance: prepare_data.get_last_id scheduled__2022-11-28T16:58:00+00:00 [queued]>
[2022-12-12 18:38:52,246] {taskinstance.py:1356} INFO - 
--------------------------------------------------------------------------------
[2022-12-12 18:38:52,249] {taskinstance.py:1357} INFO - Starting attempt 1 of 1
[2022-12-12 18:38:52,253] {taskinstance.py:1358} INFO - 
--------------------------------------------------------------------------------
[2022-12-12 18:38:52,513] {taskinstance.py:1377} INFO - Executing <Task(PythonOperator): get_last_id> on 2022-11-28 16:58:00+00:00
[2022-12-12 18:38:52,560] {standard_task_runner.py:52} INFO - Started process 323 to run task
[2022-12-12 18:38:52,576] {standard_task_runner.py:79} INFO - Running: ['airflow', 'tasks', 'run', 'prepare_data', 'get_last_id', 'scheduled__2022-11-28T16:58:00+00:00', '--job-id', '61', '--raw', '--subdir', 'DAGS_FOLDER/prepare_data.py', '--cfg-path', '/tmp/tmpnw06ke8f', '--error-file', '/tmp/tmp9h4cf5tb']
[2022-12-12 18:38:52,587] {standard_task_runner.py:80} INFO - Job 61: Subtask get_last_id
[2022-12-12 18:38:53,104] {task_command.py:369} INFO - Running <TaskInstance: prepare_data.get_last_id scheduled__2022-11-28T16:58:00+00:00 [running]> on host cfea470654c7
[2022-12-12 18:38:53,622] {taskinstance.py:1571} INFO - Exporting the following env vars:
AIRFLOW_CTX_DAG_OWNER=airflow
AIRFLOW_CTX_DAG_ID=prepare_data
AIRFLOW_CTX_TASK_ID=get_last_id
AIRFLOW_CTX_EXECUTION_DATE=2022-11-28T16:58:00+00:00
AIRFLOW_CTX_TRY_NUMBER=1
AIRFLOW_CTX_DAG_RUN_ID=scheduled__2022-11-28T16:58:00+00:00
[2022-12-12 18:38:53,746] {base.py:68} INFO - Using connection ID 'postgres_default' for task execution.
[2022-12-12 18:38:53,903] {python.py:173} INFO - Done. Returned value was: None
[2022-12-12 18:38:54,162] {taskinstance.py:1400} INFO - Marking task as SUCCESS. dag_id=prepare_data, task_id=get_last_id, execution_date=20221128T165800, start_date=20221212T183852, end_date=20221212T183854
[2022-12-12 18:38:54,463] {local_task_job.py:156} INFO - Task exited with return code 0
[2022-12-12 18:38:55,464] {local_task_job.py:273} INFO - 0 downstream tasks scheduled from follow-on schedule check
