[2022-12-16 08:04:26,062] {taskinstance.py:1159} INFO - Dependencies all met for <TaskInstance: prepare_data.transfer_data scheduled__2022-12-15T16:53:00+00:00 [queued]>
[2022-12-16 08:04:27,738] {taskinstance.py:1159} INFO - Dependencies all met for <TaskInstance: prepare_data.transfer_data scheduled__2022-12-15T16:53:00+00:00 [queued]>
[2022-12-16 08:04:27,738] {taskinstance.py:1356} INFO - 
--------------------------------------------------------------------------------
[2022-12-16 08:04:27,738] {taskinstance.py:1357} INFO - Starting attempt 1 of 1
[2022-12-16 08:04:27,738] {taskinstance.py:1358} INFO - 
--------------------------------------------------------------------------------
[2022-12-16 08:04:29,789] {taskinstance.py:1377} INFO - Executing <Task(PythonOperator): transfer_data> on 2022-12-15 16:53:00+00:00
[2022-12-16 08:04:30,255] {standard_task_runner.py:52} INFO - Started process 16657 to run task
[2022-12-16 08:04:30,598] {standard_task_runner.py:79} INFO - Running: ['airflow', 'tasks', 'run', 'prepare_data', 'transfer_data', 'scheduled__2022-12-15T16:53:00+00:00', '--job-id', '48', '--raw', '--subdir', 'DAGS_FOLDER/prepare_data.py', '--cfg-path', '/tmp/tmpvqk_sn8m', '--error-file', '/tmp/tmpxd_s222y']
[2022-12-16 08:04:30,634] {standard_task_runner.py:80} INFO - Job 48: Subtask transfer_data
[2022-12-16 08:04:51,096] {task_command.py:369} INFO - Running <TaskInstance: prepare_data.transfer_data scheduled__2022-12-15T16:53:00+00:00 [running]> on host 8e2f65ec4c74
[2022-12-16 08:05:03,763] {taskinstance.py:1571} INFO - Exporting the following env vars:
AIRFLOW_CTX_DAG_OWNER=airflow
AIRFLOW_CTX_DAG_ID=prepare_data
AIRFLOW_CTX_TASK_ID=transfer_data
AIRFLOW_CTX_EXECUTION_DATE=2022-12-15T16:53:00+00:00
AIRFLOW_CTX_TRY_NUMBER=1
AIRFLOW_CTX_DAG_RUN_ID=scheduled__2022-12-15T16:53:00+00:00
[2022-12-16 08:05:08,230] {base.py:68} INFO - Using connection ID 'gp_conn' for task execution.
[2022-12-16 08:05:28,373] {python.py:173} INFO - Done. Returned value was: None
[2022-12-16 08:05:35,050] {taskinstance.py:1400} INFO - Marking task as SUCCESS. dag_id=prepare_data, task_id=transfer_data, execution_date=20221215T165300, start_date=20221216T080426, end_date=20221216T080535
[2022-12-16 08:05:38,529] {local_task_job.py:156} INFO - Task exited with return code 0
[2022-12-16 08:05:40,810] {local_task_job.py:273} INFO - 0 downstream tasks scheduled from follow-on schedule check
