[2022-12-16 10:42:24,836] {taskinstance.py:1159} INFO - Dependencies all met for <TaskInstance: prepare_data.create_table scheduled__2022-12-15T21:48:00+00:00 [queued]>
[2022-12-16 10:42:25,035] {taskinstance.py:1159} INFO - Dependencies all met for <TaskInstance: prepare_data.create_table scheduled__2022-12-15T21:48:00+00:00 [queued]>
[2022-12-16 10:42:25,035] {taskinstance.py:1356} INFO - 
--------------------------------------------------------------------------------
[2022-12-16 10:42:25,035] {taskinstance.py:1357} INFO - Starting attempt 1 of 1
[2022-12-16 10:42:25,035] {taskinstance.py:1358} INFO - 
--------------------------------------------------------------------------------
[2022-12-16 10:42:25,345] {taskinstance.py:1377} INFO - Executing <Task(PostgresOperator): create_table> on 2022-12-15 21:48:00+00:00
[2022-12-16 10:42:25,397] {standard_task_runner.py:52} INFO - Started process 1646 to run task
[2022-12-16 10:42:25,564] {standard_task_runner.py:79} INFO - Running: ['airflow', 'tasks', 'run', 'prepare_data', 'create_table', 'scheduled__2022-12-15T21:48:00+00:00', '--job-id', '919', '--raw', '--subdir', 'DAGS_FOLDER/prepare_data.py', '--cfg-path', '/tmp/tmp1gfcw9ln', '--error-file', '/tmp/tmp63e6bjsv']
[2022-12-16 10:42:25,641] {standard_task_runner.py:80} INFO - Job 919: Subtask create_table
[2022-12-16 10:42:27,282] {task_command.py:369} INFO - Running <TaskInstance: prepare_data.create_table scheduled__2022-12-15T21:48:00+00:00 [running]> on host 8e2f65ec4c74
[2022-12-16 10:42:28,725] {taskinstance.py:1571} INFO - Exporting the following env vars:
AIRFLOW_CTX_DAG_OWNER=airflow
AIRFLOW_CTX_DAG_ID=prepare_data
AIRFLOW_CTX_TASK_ID=create_table
AIRFLOW_CTX_EXECUTION_DATE=2022-12-15T21:48:00+00:00
AIRFLOW_CTX_TRY_NUMBER=1
AIRFLOW_CTX_DAG_RUN_ID=scheduled__2022-12-15T21:48:00+00:00
[2022-12-16 10:42:29,303] {base.py:68} INFO - Using connection ID 'gp_conn' for task execution.
[2022-12-16 10:42:29,336] {dbapi.py:208} INFO - Running statement: CREATE TABLE IF NOT EXISTS prepared_data (
	id SERIAL,
	sensor_id BIGINT,
	longitude FLOAT,
	latitude FLOAT,
	controller_id BIGINT,
	datetime TIMESTAMP WITH TIME ZONE,
	temperature INTEGER
);, parameters: None
[2022-12-16 10:42:29,409] {postgres.py:94} INFO - NOTICE:  relation "prepared_data" already exists, skipping

[2022-12-16 10:42:29,758] {taskinstance.py:1400} INFO - Marking task as SUCCESS. dag_id=prepare_data, task_id=create_table, execution_date=20221215T214800, start_date=20221216T104224, end_date=20221216T104229
[2022-12-16 10:42:30,213] {local_task_job.py:156} INFO - Task exited with return code 0
[2022-12-16 10:42:33,259] {local_task_job.py:273} INFO - 0 downstream tasks scheduled from follow-on schedule check
