[2022-12-15 16:59:00,632] {taskinstance.py:1159} INFO - Dependencies all met for <TaskInstance: prepare_data.create_table scheduled__2022-12-15T16:58:00+00:00 [queued]>
[2022-12-15 16:59:00,645] {taskinstance.py:1159} INFO - Dependencies all met for <TaskInstance: prepare_data.create_table scheduled__2022-12-15T16:58:00+00:00 [queued]>
[2022-12-15 16:59:00,646] {taskinstance.py:1356} INFO - 
--------------------------------------------------------------------------------
[2022-12-15 16:59:00,647] {taskinstance.py:1357} INFO - Starting attempt 1 of 1
[2022-12-15 16:59:00,648] {taskinstance.py:1358} INFO - 
--------------------------------------------------------------------------------
[2022-12-15 16:59:00,671] {taskinstance.py:1377} INFO - Executing <Task(PostgresOperator): create_table> on 2022-12-15 16:58:00+00:00
[2022-12-15 16:59:00,677] {standard_task_runner.py:52} INFO - Started process 282 to run task
[2022-12-15 16:59:00,682] {standard_task_runner.py:79} INFO - Running: ['airflow', 'tasks', 'run', 'prepare_data', 'create_table', 'scheduled__2022-12-15T16:58:00+00:00', '--job-id', '24', '--raw', '--subdir', 'DAGS_FOLDER/prepare_data.py', '--cfg-path', '/tmp/tmpba6y3mzz', '--error-file', '/tmp/tmp03ybef4d']
[2022-12-15 16:59:00,684] {standard_task_runner.py:80} INFO - Job 24: Subtask create_table
[2022-12-15 16:59:00,780] {task_command.py:369} INFO - Running <TaskInstance: prepare_data.create_table scheduled__2022-12-15T16:58:00+00:00 [running]> on host 39e562fe01ff
[2022-12-15 16:59:00,904] {taskinstance.py:1571} INFO - Exporting the following env vars:
AIRFLOW_CTX_DAG_OWNER=airflow
AIRFLOW_CTX_DAG_ID=prepare_data
AIRFLOW_CTX_TASK_ID=create_table
AIRFLOW_CTX_EXECUTION_DATE=2022-12-15T16:58:00+00:00
AIRFLOW_CTX_TRY_NUMBER=1
AIRFLOW_CTX_DAG_RUN_ID=scheduled__2022-12-15T16:58:00+00:00
[2022-12-15 16:59:00,923] {base.py:68} INFO - Using connection ID 'gp_conn' for task execution.
[2022-12-15 16:59:00,931] {dbapi.py:208} INFO - Running statement: CREATE TABLE IF NOT EXISTS prepared_data (
	id SERIAL,
	sensor_id BIGINT,
	longitude FLOAT,
	latitude FLOAT,
	controller_id BIGINT,
	datetime TIMESTAMP WITH TIME ZONE,
	temperature INTEGER
);, parameters: None
[2022-12-15 16:59:00,934] {postgres.py:94} INFO - NOTICE:  relation "prepared_data" already exists, skipping

[2022-12-15 16:59:00,956] {taskinstance.py:1400} INFO - Marking task as SUCCESS. dag_id=prepare_data, task_id=create_table, execution_date=20221215T165800, start_date=20221215T165900, end_date=20221215T165900
[2022-12-15 16:59:01,016] {local_task_job.py:156} INFO - Task exited with return code 0
[2022-12-15 16:59:01,136] {local_task_job.py:273} INFO - 1 downstream tasks scheduled from follow-on schedule check
[2022-12-16 07:59:14,993] {taskinstance.py:1159} INFO - Dependencies all met for <TaskInstance: prepare_data.create_table scheduled__2022-12-15T16:58:00+00:00 [queued]>
[2022-12-16 07:59:29,170] {taskinstance.py:1159} INFO - Dependencies all met for <TaskInstance: prepare_data.create_table scheduled__2022-12-15T16:58:00+00:00 [queued]>
[2022-12-16 07:59:29,357] {taskinstance.py:1356} INFO - 
--------------------------------------------------------------------------------
[2022-12-16 07:59:29,504] {taskinstance.py:1357} INFO - Starting attempt 1 of 1
[2022-12-16 07:59:29,505] {taskinstance.py:1358} INFO - 
--------------------------------------------------------------------------------
[2022-12-16 07:59:36,917] {taskinstance.py:1377} INFO - Executing <Task(PostgresOperator): create_table> on 2022-12-15 16:58:00+00:00
[2022-12-16 07:59:37,692] {standard_task_runner.py:52} INFO - Started process 16605 to run task
[2022-12-16 07:59:39,373] {standard_task_runner.py:79} INFO - Running: ['airflow', 'tasks', 'run', 'prepare_data', 'create_table', 'scheduled__2022-12-15T16:58:00+00:00', '--job-id', '33', '--raw', '--subdir', 'DAGS_FOLDER/prepare_data.py', '--cfg-path', '/tmp/tmp4wezc6y3', '--error-file', '/tmp/tmpo5blkzi9']
[2022-12-16 07:59:39,374] {standard_task_runner.py:80} INFO - Job 33: Subtask create_table
[2022-12-16 07:59:55,552] {task_command.py:369} INFO - Running <TaskInstance: prepare_data.create_table scheduled__2022-12-15T16:58:00+00:00 [running]> on host 8e2f65ec4c74
[2022-12-16 08:00:14,213] {taskinstance.py:1571} INFO - Exporting the following env vars:
AIRFLOW_CTX_DAG_OWNER=airflow
AIRFLOW_CTX_DAG_ID=prepare_data
AIRFLOW_CTX_TASK_ID=create_table
AIRFLOW_CTX_EXECUTION_DATE=2022-12-15T16:58:00+00:00
AIRFLOW_CTX_TRY_NUMBER=1
AIRFLOW_CTX_DAG_RUN_ID=scheduled__2022-12-15T16:58:00+00:00
[2022-12-16 08:00:19,715] {base.py:68} INFO - Using connection ID 'gp_conn' for task execution.
[2022-12-16 08:00:21,079] {dbapi.py:208} INFO - Running statement: CREATE TABLE IF NOT EXISTS prepared_data (
	id SERIAL,
	sensor_id BIGINT,
	longitude FLOAT,
	latitude FLOAT,
	controller_id BIGINT,
	datetime TIMESTAMP WITH TIME ZONE,
	temperature INTEGER
);, parameters: None
[2022-12-16 08:00:21,217] {postgres.py:94} INFO - NOTICE:  relation "prepared_data" already exists, skipping

[2022-12-16 08:00:25,246] {taskinstance.py:1400} INFO - Marking task as SUCCESS. dag_id=prepare_data, task_id=create_table, execution_date=20221215T165800, start_date=20221216T075915, end_date=20221216T080025
[2022-12-16 08:00:47,510] {local_task_job.py:156} INFO - Task exited with return code 0
[2022-12-16 08:00:59,629] {local_task_job.py:273} INFO - 1 downstream tasks scheduled from follow-on schedule check
