[2022-12-12 18:25:22,649] {taskinstance.py:1159} INFO - Dependencies all met for <TaskInstance: prepare_data.create_table scheduled__2022-11-28T16:56:00+00:00 [queued]>
[2022-12-12 18:25:22,772] {taskinstance.py:1159} INFO - Dependencies all met for <TaskInstance: prepare_data.create_table scheduled__2022-11-28T16:56:00+00:00 [queued]>
[2022-12-12 18:25:22,776] {taskinstance.py:1356} INFO - 
--------------------------------------------------------------------------------
[2022-12-12 18:25:22,784] {taskinstance.py:1357} INFO - Starting attempt 1 of 1
[2022-12-12 18:25:22,793] {taskinstance.py:1358} INFO - 
--------------------------------------------------------------------------------
[2022-12-12 18:25:22,936] {taskinstance.py:1377} INFO - Executing <Task(PostgresOperator): create_table> on 2022-11-28 16:56:00+00:00
[2022-12-12 18:25:22,974] {standard_task_runner.py:52} INFO - Started process 310 to run task
[2022-12-12 18:25:22,988] {standard_task_runner.py:79} INFO - Running: ['airflow', 'tasks', 'run', 'prepare_data', 'create_table', 'scheduled__2022-11-28T16:56:00+00:00', '--job-id', '50', '--raw', '--subdir', 'DAGS_FOLDER/prepare_data.py', '--cfg-path', '/tmp/tmpe5sgx3xa', '--error-file', '/tmp/tmpoorsbvi2']
[2022-12-12 18:25:23,011] {standard_task_runner.py:80} INFO - Job 50: Subtask create_table
[2022-12-12 18:25:23,225] {task_command.py:369} INFO - Running <TaskInstance: prepare_data.create_table scheduled__2022-11-28T16:56:00+00:00 [running]> on host a49e44ee4a94
[2022-12-12 18:25:23,620] {taskinstance.py:1571} INFO - Exporting the following env vars:
AIRFLOW_CTX_DAG_OWNER=airflow
AIRFLOW_CTX_DAG_ID=prepare_data
AIRFLOW_CTX_TASK_ID=create_table
AIRFLOW_CTX_EXECUTION_DATE=2022-11-28T16:56:00+00:00
AIRFLOW_CTX_TRY_NUMBER=1
AIRFLOW_CTX_DAG_RUN_ID=scheduled__2022-11-28T16:56:00+00:00
[2022-12-12 18:25:23,699] {base.py:68} INFO - Using connection ID 'postgres_default' for task execution.
[2022-12-12 18:25:23,722] {dbapi.py:208} INFO - Running statement: CREATE TABLE IF NOT EXISTS prepared_data (
	id SERIAL,
	sensor_id BIGINT,
	longitude FLOAT,
	latitude FLOAT,
	controller_id BIGINT,
	datetime TIMESTAMP WITH TIME ZONE,
	temperature INTEGER
);, parameters: None
[2022-12-12 18:25:23,735] {postgres.py:94} INFO - NOTICE:  relation "prepared_data" already exists, skipping

[2022-12-12 18:25:24,002] {taskinstance.py:1400} INFO - Marking task as SUCCESS. dag_id=prepare_data, task_id=create_table, execution_date=20221128T165600, start_date=20221212T182522, end_date=20221212T182524
[2022-12-12 18:25:24,233] {local_task_job.py:156} INFO - Task exited with return code 0
[2022-12-12 18:25:24,630] {local_task_job.py:273} INFO - 1 downstream tasks scheduled from follow-on schedule check
[2022-12-12 18:38:48,691] {taskinstance.py:1159} INFO - Dependencies all met for <TaskInstance: prepare_data.create_table scheduled__2022-11-28T16:56:00+00:00 [queued]>
[2022-12-12 18:38:48,731] {taskinstance.py:1159} INFO - Dependencies all met for <TaskInstance: prepare_data.create_table scheduled__2022-11-28T16:56:00+00:00 [queued]>
[2022-12-12 18:38:48,733] {taskinstance.py:1356} INFO - 
--------------------------------------------------------------------------------
[2022-12-12 18:38:48,735] {taskinstance.py:1357} INFO - Starting attempt 1 of 1
[2022-12-12 18:38:48,737] {taskinstance.py:1358} INFO - 
--------------------------------------------------------------------------------
[2022-12-12 18:38:48,775] {taskinstance.py:1377} INFO - Executing <Task(PostgresOperator): create_table> on 2022-11-28 16:56:00+00:00
[2022-12-12 18:38:48,785] {standard_task_runner.py:52} INFO - Started process 303 to run task
[2022-12-12 18:38:48,792] {standard_task_runner.py:79} INFO - Running: ['airflow', 'tasks', 'run', 'prepare_data', 'create_table', 'scheduled__2022-11-28T16:56:00+00:00', '--job-id', '52', '--raw', '--subdir', 'DAGS_FOLDER/prepare_data.py', '--cfg-path', '/tmp/tmp58zzry52', '--error-file', '/tmp/tmpqkp07hrk']
[2022-12-12 18:38:48,797] {standard_task_runner.py:80} INFO - Job 52: Subtask create_table
[2022-12-12 18:38:49,100] {task_command.py:369} INFO - Running <TaskInstance: prepare_data.create_table scheduled__2022-11-28T16:56:00+00:00 [running]> on host cfea470654c7
[2022-12-12 18:38:49,496] {taskinstance.py:1571} INFO - Exporting the following env vars:
AIRFLOW_CTX_DAG_OWNER=airflow
AIRFLOW_CTX_DAG_ID=prepare_data
AIRFLOW_CTX_TASK_ID=create_table
AIRFLOW_CTX_EXECUTION_DATE=2022-11-28T16:56:00+00:00
AIRFLOW_CTX_TRY_NUMBER=1
AIRFLOW_CTX_DAG_RUN_ID=scheduled__2022-11-28T16:56:00+00:00
[2022-12-12 18:38:49,521] {base.py:68} INFO - Using connection ID 'postgres_default' for task execution.
[2022-12-12 18:38:49,535] {dbapi.py:208} INFO - Running statement: CREATE TABLE IF NOT EXISTS prepared_data (
	id SERIAL,
	sensor_id BIGINT,
	longitude FLOAT,
	latitude FLOAT,
	controller_id BIGINT,
	datetime TIMESTAMP WITH TIME ZONE,
	temperature INTEGER
);, parameters: None
[2022-12-12 18:38:49,539] {postgres.py:94} INFO - NOTICE:  relation "prepared_data" already exists, skipping

[2022-12-12 18:38:49,598] {taskinstance.py:1400} INFO - Marking task as SUCCESS. dag_id=prepare_data, task_id=create_table, execution_date=20221128T165600, start_date=20221212T183848, end_date=20221212T183849
[2022-12-12 18:38:49,670] {local_task_job.py:156} INFO - Task exited with return code 0
[2022-12-12 18:38:49,961] {local_task_job.py:273} INFO - 0 downstream tasks scheduled from follow-on schedule check
