[2022-12-16 10:32:24,617] {taskinstance.py:1159} INFO - Dependencies all met for <TaskInstance: prepare_data.create_table scheduled__2022-12-15T19:08:00+00:00 [queued]>
[2022-12-16 10:32:24,796] {taskinstance.py:1159} INFO - Dependencies all met for <TaskInstance: prepare_data.create_table scheduled__2022-12-15T19:08:00+00:00 [queued]>
[2022-12-16 10:32:24,796] {taskinstance.py:1356} INFO - 
--------------------------------------------------------------------------------
[2022-12-16 10:32:24,796] {taskinstance.py:1357} INFO - Starting attempt 1 of 1
[2022-12-16 10:32:24,796] {taskinstance.py:1358} INFO - 
--------------------------------------------------------------------------------
[2022-12-16 10:32:25,237] {taskinstance.py:1377} INFO - Executing <Task(PostgresOperator): create_table> on 2022-12-15 19:08:00+00:00
[2022-12-16 10:32:25,269] {standard_task_runner.py:52} INFO - Started process 610 to run task
[2022-12-16 10:32:25,314] {standard_task_runner.py:79} INFO - Running: ['airflow', 'tasks', 'run', 'prepare_data', 'create_table', 'scheduled__2022-12-15T19:08:00+00:00', '--job-id', '445', '--raw', '--subdir', 'DAGS_FOLDER/prepare_data.py', '--cfg-path', '/tmp/tmpexe16lk7', '--error-file', '/tmp/tmppbqf53wh']
[2022-12-16 10:32:25,315] {standard_task_runner.py:80} INFO - Job 445: Subtask create_table
[2022-12-16 10:32:25,937] {task_command.py:369} INFO - Running <TaskInstance: prepare_data.create_table scheduled__2022-12-15T19:08:00+00:00 [running]> on host 8e2f65ec4c74
[2022-12-16 10:32:27,330] {taskinstance.py:1571} INFO - Exporting the following env vars:
AIRFLOW_CTX_DAG_OWNER=airflow
AIRFLOW_CTX_DAG_ID=prepare_data
AIRFLOW_CTX_TASK_ID=create_table
AIRFLOW_CTX_EXECUTION_DATE=2022-12-15T19:08:00+00:00
AIRFLOW_CTX_TRY_NUMBER=1
AIRFLOW_CTX_DAG_RUN_ID=scheduled__2022-12-15T19:08:00+00:00
[2022-12-16 10:32:27,440] {base.py:68} INFO - Using connection ID 'gp_conn' for task execution.
[2022-12-16 10:32:27,472] {dbapi.py:208} INFO - Running statement: CREATE TABLE IF NOT EXISTS prepared_data (
	id SERIAL,
	sensor_id BIGINT,
	longitude FLOAT,
	latitude FLOAT,
	controller_id BIGINT,
	datetime TIMESTAMP WITH TIME ZONE,
	temperature INTEGER
);, parameters: None
[2022-12-16 10:32:27,479] {postgres.py:94} INFO - NOTICE:  relation "prepared_data" already exists, skipping

[2022-12-16 10:32:27,951] {taskinstance.py:1400} INFO - Marking task as SUCCESS. dag_id=prepare_data, task_id=create_table, execution_date=20221215T190800, start_date=20221216T103224, end_date=20221216T103227
[2022-12-16 10:32:28,071] {local_task_job.py:156} INFO - Task exited with return code 0
[2022-12-16 10:32:28,927] {local_task_job.py:273} INFO - 1 downstream tasks scheduled from follow-on schedule check
