[2022-12-12 18:43:20,149] {taskinstance.py:1159} INFO - Dependencies all met for <TaskInstance: prepare_data.get_last_id scheduled__2022-11-28T20:16:00+00:00 [queued]>
[2022-12-12 18:43:20,306] {taskinstance.py:1159} INFO - Dependencies all met for <TaskInstance: prepare_data.get_last_id scheduled__2022-11-28T20:16:00+00:00 [queued]>
[2022-12-12 18:43:20,356] {taskinstance.py:1356} INFO - 
--------------------------------------------------------------------------------
[2022-12-12 18:43:20,378] {taskinstance.py:1357} INFO - Starting attempt 1 of 1
[2022-12-12 18:43:20,380] {taskinstance.py:1358} INFO - 
--------------------------------------------------------------------------------
[2022-12-12 18:43:20,512] {taskinstance.py:1377} INFO - Executing <Task(PythonOperator): get_last_id> on 2022-11-28 20:16:00+00:00
[2022-12-12 18:43:20,563] {standard_task_runner.py:52} INFO - Started process 1551 to run task
[2022-12-12 18:43:20,614] {standard_task_runner.py:79} INFO - Running: ['airflow', 'tasks', 'run', 'prepare_data', 'get_last_id', 'scheduled__2022-11-28T20:16:00+00:00', '--job-id', '651', '--raw', '--subdir', 'DAGS_FOLDER/prepare_data.py', '--cfg-path', '/tmp/tmp8k9t3zac', '--error-file', '/tmp/tmp542wsgsk']
[2022-12-12 18:43:20,633] {standard_task_runner.py:80} INFO - Job 651: Subtask get_last_id
[2022-12-12 18:43:21,096] {task_command.py:369} INFO - Running <TaskInstance: prepare_data.get_last_id scheduled__2022-11-28T20:16:00+00:00 [running]> on host cfea470654c7
[2022-12-12 18:43:21,788] {taskinstance.py:1571} INFO - Exporting the following env vars:
AIRFLOW_CTX_DAG_OWNER=airflow
AIRFLOW_CTX_DAG_ID=prepare_data
AIRFLOW_CTX_TASK_ID=get_last_id
AIRFLOW_CTX_EXECUTION_DATE=2022-11-28T20:16:00+00:00
AIRFLOW_CTX_TRY_NUMBER=1
AIRFLOW_CTX_DAG_RUN_ID=scheduled__2022-11-28T20:16:00+00:00
[2022-12-12 18:43:21,838] {base.py:68} INFO - Using connection ID 'postgres_default' for task execution.
[2022-12-12 18:43:22,009] {python.py:173} INFO - Done. Returned value was: None
[2022-12-12 18:43:22,136] {taskinstance.py:1400} INFO - Marking task as SUCCESS. dag_id=prepare_data, task_id=get_last_id, execution_date=20221128T201600, start_date=20221212T184320, end_date=20221212T184322
[2022-12-12 18:43:22,323] {local_task_job.py:156} INFO - Task exited with return code 0
[2022-12-12 18:43:22,538] {local_task_job.py:273} INFO - 0 downstream tasks scheduled from follow-on schedule check
