[2022-12-12 18:43:01,308] {taskinstance.py:1159} INFO - Dependencies all met for <TaskInstance: prepare_data.get_last_id scheduled__2022-11-28T20:03:00+00:00 [queued]>
[2022-12-12 18:43:01,703] {taskinstance.py:1159} INFO - Dependencies all met for <TaskInstance: prepare_data.get_last_id scheduled__2022-11-28T20:03:00+00:00 [queued]>
[2022-12-12 18:43:01,707] {taskinstance.py:1356} INFO - 
--------------------------------------------------------------------------------
[2022-12-12 18:43:01,710] {taskinstance.py:1357} INFO - Starting attempt 1 of 1
[2022-12-12 18:43:01,717] {taskinstance.py:1358} INFO - 
--------------------------------------------------------------------------------
[2022-12-12 18:43:01,938] {taskinstance.py:1377} INFO - Executing <Task(PythonOperator): get_last_id> on 2022-11-28 20:03:00+00:00
[2022-12-12 18:43:01,963] {standard_task_runner.py:52} INFO - Started process 1460 to run task
[2022-12-12 18:43:01,974] {standard_task_runner.py:79} INFO - Running: ['airflow', 'tasks', 'run', 'prepare_data', 'get_last_id', 'scheduled__2022-11-28T20:03:00+00:00', '--job-id', '611', '--raw', '--subdir', 'DAGS_FOLDER/prepare_data.py', '--cfg-path', '/tmp/tmpvl8fuq7p', '--error-file', '/tmp/tmpzf9564de']
[2022-12-12 18:43:01,980] {standard_task_runner.py:80} INFO - Job 611: Subtask get_last_id
[2022-12-12 18:43:02,371] {task_command.py:369} INFO - Running <TaskInstance: prepare_data.get_last_id scheduled__2022-11-28T20:03:00+00:00 [running]> on host cfea470654c7
[2022-12-12 18:43:03,514] {taskinstance.py:1571} INFO - Exporting the following env vars:
AIRFLOW_CTX_DAG_OWNER=airflow
AIRFLOW_CTX_DAG_ID=prepare_data
AIRFLOW_CTX_TASK_ID=get_last_id
AIRFLOW_CTX_EXECUTION_DATE=2022-11-28T20:03:00+00:00
AIRFLOW_CTX_TRY_NUMBER=1
AIRFLOW_CTX_DAG_RUN_ID=scheduled__2022-11-28T20:03:00+00:00
[2022-12-12 18:43:03,632] {base.py:68} INFO - Using connection ID 'postgres_default' for task execution.
[2022-12-12 18:43:03,741] {python.py:173} INFO - Done. Returned value was: None
[2022-12-12 18:43:03,892] {taskinstance.py:1400} INFO - Marking task as SUCCESS. dag_id=prepare_data, task_id=get_last_id, execution_date=20221128T200300, start_date=20221212T184301, end_date=20221212T184303
[2022-12-12 18:43:04,028] {local_task_job.py:156} INFO - Task exited with return code 0
[2022-12-12 18:43:04,780] {local_task_job.py:273} INFO - 0 downstream tasks scheduled from follow-on schedule check
