[2022-12-12 18:24:22,342] {taskinstance.py:1159} INFO - Dependencies all met for <TaskInstance: prepare_data.create_table scheduled__2022-11-28T16:39:00+00:00 [queued]>
[2022-12-12 18:24:22,482] {taskinstance.py:1159} INFO - Dependencies all met for <TaskInstance: prepare_data.create_table scheduled__2022-11-28T16:39:00+00:00 [queued]>
[2022-12-12 18:24:22,562] {taskinstance.py:1356} INFO - 
--------------------------------------------------------------------------------
[2022-12-12 18:24:22,573] {taskinstance.py:1357} INFO - Starting attempt 1 of 1
[2022-12-12 18:24:22,576] {taskinstance.py:1358} INFO - 
--------------------------------------------------------------------------------
[2022-12-12 18:24:22,763] {taskinstance.py:1377} INFO - Executing <Task(PostgresOperator): create_table> on 2022-11-28 16:39:00+00:00
[2022-12-12 18:24:22,801] {standard_task_runner.py:79} INFO - Running: ['airflow', 'tasks', 'run', 'prepare_data', 'create_table', 'scheduled__2022-11-28T16:39:00+00:00', '--job-id', '8', '--raw', '--subdir', 'DAGS_FOLDER/prepare_data.py', '--cfg-path', '/tmp/tmpkrdsx_zu', '--error-file', '/tmp/tmp5flmu5xa']
[2022-12-12 18:24:22,795] {standard_task_runner.py:52} INFO - Started process 218 to run task
[2022-12-12 18:24:22,805] {standard_task_runner.py:80} INFO - Job 8: Subtask create_table
[2022-12-12 18:24:23,184] {task_command.py:369} INFO - Running <TaskInstance: prepare_data.create_table scheduled__2022-11-28T16:39:00+00:00 [running]> on host a49e44ee4a94
[2022-12-12 18:24:23,957] {taskinstance.py:1571} INFO - Exporting the following env vars:
AIRFLOW_CTX_DAG_OWNER=airflow
AIRFLOW_CTX_DAG_ID=prepare_data
AIRFLOW_CTX_TASK_ID=create_table
AIRFLOW_CTX_EXECUTION_DATE=2022-11-28T16:39:00+00:00
AIRFLOW_CTX_TRY_NUMBER=1
AIRFLOW_CTX_DAG_RUN_ID=scheduled__2022-11-28T16:39:00+00:00
[2022-12-12 18:24:24,071] {base.py:68} INFO - Using connection ID 'postgres_default' for task execution.
[2022-12-12 18:24:24,095] {dbapi.py:208} INFO - Running statement: CREATE TABLE IF NOT EXISTS prepared_data (
	id SERIAL,
	sensor_id BIGINT,
	longitude FLOAT,
	latitude FLOAT,
	controller_id BIGINT,
	datetime TIMESTAMP WITH TIME ZONE,
	temperature INTEGER
);, parameters: None
[2022-12-12 18:24:24,100] {postgres.py:94} INFO - NOTICE:  relation "prepared_data" already exists, skipping

[2022-12-12 18:24:24,148] {taskinstance.py:1400} INFO - Marking task as SUCCESS. dag_id=prepare_data, task_id=create_table, execution_date=20221128T163900, start_date=20221212T182422, end_date=20221212T182424
[2022-12-12 18:24:24,257] {local_task_job.py:156} INFO - Task exited with return code 0
[2022-12-12 18:24:25,132] {local_task_job.py:273} INFO - 0 downstream tasks scheduled from follow-on schedule check
[2022-12-12 18:37:38,153] {taskinstance.py:1159} INFO - Dependencies all met for <TaskInstance: prepare_data.create_table scheduled__2022-11-28T16:39:00+00:00 [queued]>
[2022-12-12 18:37:38,248] {taskinstance.py:1159} INFO - Dependencies all met for <TaskInstance: prepare_data.create_table scheduled__2022-11-28T16:39:00+00:00 [queued]>
[2022-12-12 18:37:38,253] {taskinstance.py:1356} INFO - 
--------------------------------------------------------------------------------
[2022-12-12 18:37:38,255] {taskinstance.py:1357} INFO - Starting attempt 1 of 1
[2022-12-12 18:37:38,258] {taskinstance.py:1358} INFO - 
--------------------------------------------------------------------------------
[2022-12-12 18:37:38,353] {taskinstance.py:1377} INFO - Executing <Task(PostgresOperator): create_table> on 2022-11-28 16:39:00+00:00
[2022-12-12 18:37:38,369] {standard_task_runner.py:52} INFO - Started process 202 to run task
[2022-12-12 18:37:38,394] {standard_task_runner.py:79} INFO - Running: ['airflow', 'tasks', 'run', 'prepare_data', 'create_table', 'scheduled__2022-11-28T16:39:00+00:00', '--job-id', '7', '--raw', '--subdir', 'DAGS_FOLDER/prepare_data.py', '--cfg-path', '/tmp/tmpj7t_yn89', '--error-file', '/tmp/tmpginxwbpw']
[2022-12-12 18:37:38,414] {standard_task_runner.py:80} INFO - Job 7: Subtask create_table
[2022-12-12 18:37:38,769] {task_command.py:369} INFO - Running <TaskInstance: prepare_data.create_table scheduled__2022-11-28T16:39:00+00:00 [running]> on host cfea470654c7
[2022-12-12 18:37:39,104] {taskinstance.py:1571} INFO - Exporting the following env vars:
AIRFLOW_CTX_DAG_OWNER=airflow
AIRFLOW_CTX_DAG_ID=prepare_data
AIRFLOW_CTX_TASK_ID=create_table
AIRFLOW_CTX_EXECUTION_DATE=2022-11-28T16:39:00+00:00
AIRFLOW_CTX_TRY_NUMBER=1
AIRFLOW_CTX_DAG_RUN_ID=scheduled__2022-11-28T16:39:00+00:00
[2022-12-12 18:37:39,209] {taskinstance.py:1889} ERROR - Task failed with exception
Traceback (most recent call last):
  File "/home/airflow/.local/lib/python3.7/site-packages/airflow/providers/postgres/operators/postgres.py", line 92, in execute
    self.hook.run(self.sql, self.autocommit, parameters=self.parameters)
  File "/home/airflow/.local/lib/python3.7/site-packages/airflow/hooks/dbapi.py", line 181, in run
    with closing(self.get_conn()) as conn:
  File "/home/airflow/.local/lib/python3.7/site-packages/airflow/providers/postgres/hooks/postgres.py", line 86, in get_conn
    conn = deepcopy(self.connection or self.get_connection(conn_id))
  File "/home/airflow/.local/lib/python3.7/site-packages/airflow/hooks/base.py", line 67, in get_connection
    conn = Connection.get_connection_from_secrets(conn_id)
  File "/home/airflow/.local/lib/python3.7/site-packages/airflow/models/connection.py", line 430, in get_connection_from_secrets
    raise AirflowNotFoundException(f"The conn_id `{conn_id}` isn't defined")
airflow.exceptions.AirflowNotFoundException: The conn_id `postgres_default` isn't defined
[2022-12-12 18:37:39,237] {taskinstance.py:1400} INFO - Marking task as FAILED. dag_id=prepare_data, task_id=create_table, execution_date=20221128T163900, start_date=20221212T183738, end_date=20221212T183739
[2022-12-12 18:37:39,356] {standard_task_runner.py:97} ERROR - Failed to execute job 7 for task create_table (The conn_id `postgres_default` isn't defined; 202)
[2022-12-12 18:37:39,402] {local_task_job.py:156} INFO - Task exited with return code 1
[2022-12-12 18:37:39,513] {local_task_job.py:273} INFO - 0 downstream tasks scheduled from follow-on schedule check
