[2022-12-12 18:25:28,513] {taskinstance.py:1159} INFO - Dependencies all met for <TaskInstance: prepare_data.get_last_id scheduled__2022-11-28T16:57:00+00:00 [queued]>
[2022-12-12 18:25:28,591] {taskinstance.py:1159} INFO - Dependencies all met for <TaskInstance: prepare_data.get_last_id scheduled__2022-11-28T16:57:00+00:00 [queued]>
[2022-12-12 18:25:28,596] {taskinstance.py:1356} INFO - 
--------------------------------------------------------------------------------
[2022-12-12 18:25:28,598] {taskinstance.py:1357} INFO - Starting attempt 1 of 1
[2022-12-12 18:25:28,601] {taskinstance.py:1358} INFO - 
--------------------------------------------------------------------------------
[2022-12-12 18:25:28,715] {taskinstance.py:1377} INFO - Executing <Task(PythonOperator): get_last_id> on 2022-11-28 16:57:00+00:00
[2022-12-12 18:25:28,743] {standard_task_runner.py:52} INFO - Started process 341 to run task
[2022-12-12 18:25:28,784] {standard_task_runner.py:79} INFO - Running: ['airflow', 'tasks', 'run', 'prepare_data', 'get_last_id', 'scheduled__2022-11-28T16:57:00+00:00', '--job-id', '66', '--raw', '--subdir', 'DAGS_FOLDER/prepare_data.py', '--cfg-path', '/tmp/tmpbhmcxdgg', '--error-file', '/tmp/tmpzaldrmag']
[2022-12-12 18:25:28,816] {standard_task_runner.py:80} INFO - Job 66: Subtask get_last_id
[2022-12-12 18:25:29,429] {task_command.py:369} INFO - Running <TaskInstance: prepare_data.get_last_id scheduled__2022-11-28T16:57:00+00:00 [running]> on host a49e44ee4a94
[2022-12-12 18:25:30,174] {taskinstance.py:1571} INFO - Exporting the following env vars:
AIRFLOW_CTX_DAG_OWNER=airflow
AIRFLOW_CTX_DAG_ID=prepare_data
AIRFLOW_CTX_TASK_ID=get_last_id
AIRFLOW_CTX_EXECUTION_DATE=2022-11-28T16:57:00+00:00
AIRFLOW_CTX_TRY_NUMBER=1
AIRFLOW_CTX_DAG_RUN_ID=scheduled__2022-11-28T16:57:00+00:00
[2022-12-12 18:25:30,416] {base.py:68} INFO - Using connection ID 'postgres_default' for task execution.
[2022-12-12 18:25:30,567] {python.py:173} INFO - Done. Returned value was: None
[2022-12-12 18:25:31,161] {taskinstance.py:1400} INFO - Marking task as SUCCESS. dag_id=prepare_data, task_id=get_last_id, execution_date=20221128T165700, start_date=20221212T182528, end_date=20221212T182531
[2022-12-12 18:25:31,569] {local_task_job.py:156} INFO - Task exited with return code 0
[2022-12-12 18:25:31,951] {local_task_job.py:273} INFO - 1 downstream tasks scheduled from follow-on schedule check
[2022-12-12 18:38:51,796] {taskinstance.py:1159} INFO - Dependencies all met for <TaskInstance: prepare_data.get_last_id scheduled__2022-11-28T16:57:00+00:00 [queued]>
[2022-12-12 18:38:51,989] {taskinstance.py:1159} INFO - Dependencies all met for <TaskInstance: prepare_data.get_last_id scheduled__2022-11-28T16:57:00+00:00 [queued]>
[2022-12-12 18:38:51,993] {taskinstance.py:1356} INFO - 
--------------------------------------------------------------------------------
[2022-12-12 18:38:51,997] {taskinstance.py:1357} INFO - Starting attempt 1 of 1
[2022-12-12 18:38:51,999] {taskinstance.py:1358} INFO - 
--------------------------------------------------------------------------------
[2022-12-12 18:38:52,337] {taskinstance.py:1377} INFO - Executing <Task(PythonOperator): get_last_id> on 2022-11-28 16:57:00+00:00
[2022-12-12 18:38:52,378] {standard_task_runner.py:52} INFO - Started process 321 to run task
[2022-12-12 18:38:52,435] {standard_task_runner.py:79} INFO - Running: ['airflow', 'tasks', 'run', 'prepare_data', 'get_last_id', 'scheduled__2022-11-28T16:57:00+00:00', '--job-id', '60', '--raw', '--subdir', 'DAGS_FOLDER/prepare_data.py', '--cfg-path', '/tmp/tmpl1cean19', '--error-file', '/tmp/tmpn5apjoma']
[2022-12-12 18:38:52,464] {standard_task_runner.py:80} INFO - Job 60: Subtask get_last_id
[2022-12-12 18:38:53,088] {task_command.py:369} INFO - Running <TaskInstance: prepare_data.get_last_id scheduled__2022-11-28T16:57:00+00:00 [running]> on host cfea470654c7
[2022-12-12 18:38:53,669] {taskinstance.py:1571} INFO - Exporting the following env vars:
AIRFLOW_CTX_DAG_OWNER=airflow
AIRFLOW_CTX_DAG_ID=prepare_data
AIRFLOW_CTX_TASK_ID=get_last_id
AIRFLOW_CTX_EXECUTION_DATE=2022-11-28T16:57:00+00:00
AIRFLOW_CTX_TRY_NUMBER=1
AIRFLOW_CTX_DAG_RUN_ID=scheduled__2022-11-28T16:57:00+00:00
[2022-12-12 18:38:53,768] {base.py:68} INFO - Using connection ID 'postgres_default' for task execution.
[2022-12-12 18:38:54,028] {python.py:173} INFO - Done. Returned value was: None
[2022-12-12 18:38:54,209] {taskinstance.py:1400} INFO - Marking task as SUCCESS. dag_id=prepare_data, task_id=get_last_id, execution_date=20221128T165700, start_date=20221212T183851, end_date=20221212T183854
[2022-12-12 18:38:54,551] {local_task_job.py:156} INFO - Task exited with return code 0
[2022-12-12 18:38:55,463] {local_task_job.py:273} INFO - 0 downstream tasks scheduled from follow-on schedule check
