[2022-12-12 18:41:45,911] {taskinstance.py:1159} INFO - Dependencies all met for <TaskInstance: prepare_data.get_last_id scheduled__2022-11-28T19:02:00+00:00 [queued]>
[2022-12-12 18:41:46,053] {taskinstance.py:1159} INFO - Dependencies all met for <TaskInstance: prepare_data.get_last_id scheduled__2022-11-28T19:02:00+00:00 [queued]>
[2022-12-12 18:41:46,060] {taskinstance.py:1356} INFO - 
--------------------------------------------------------------------------------
[2022-12-12 18:41:46,066] {taskinstance.py:1357} INFO - Starting attempt 1 of 1
[2022-12-12 18:41:46,070] {taskinstance.py:1358} INFO - 
--------------------------------------------------------------------------------
[2022-12-12 18:41:46,217] {taskinstance.py:1377} INFO - Executing <Task(PythonOperator): get_last_id> on 2022-11-28 19:02:00+00:00
[2022-12-12 18:41:46,231] {standard_task_runner.py:52} INFO - Started process 1093 to run task
[2022-12-12 18:41:46,250] {standard_task_runner.py:79} INFO - Running: ['airflow', 'tasks', 'run', 'prepare_data', 'get_last_id', 'scheduled__2022-11-28T19:02:00+00:00', '--job-id', '432', '--raw', '--subdir', 'DAGS_FOLDER/prepare_data.py', '--cfg-path', '/tmp/tmpc_7xeaxe', '--error-file', '/tmp/tmpjg4hfsua']
[2022-12-12 18:41:46,266] {standard_task_runner.py:80} INFO - Job 432: Subtask get_last_id
[2022-12-12 18:41:46,639] {task_command.py:369} INFO - Running <TaskInstance: prepare_data.get_last_id scheduled__2022-11-28T19:02:00+00:00 [running]> on host cfea470654c7
[2022-12-12 18:41:47,498] {taskinstance.py:1571} INFO - Exporting the following env vars:
AIRFLOW_CTX_DAG_OWNER=airflow
AIRFLOW_CTX_DAG_ID=prepare_data
AIRFLOW_CTX_TASK_ID=get_last_id
AIRFLOW_CTX_EXECUTION_DATE=2022-11-28T19:02:00+00:00
AIRFLOW_CTX_TRY_NUMBER=1
AIRFLOW_CTX_DAG_RUN_ID=scheduled__2022-11-28T19:02:00+00:00
[2022-12-12 18:41:47,594] {base.py:68} INFO - Using connection ID 'postgres_default' for task execution.
[2022-12-12 18:41:48,223] {python.py:173} INFO - Done. Returned value was: None
[2022-12-12 18:41:48,333] {taskinstance.py:1400} INFO - Marking task as SUCCESS. dag_id=prepare_data, task_id=get_last_id, execution_date=20221128T190200, start_date=20221212T184145, end_date=20221212T184148
[2022-12-12 18:41:48,496] {local_task_job.py:156} INFO - Task exited with return code 0
[2022-12-12 18:41:49,016] {local_task_job.py:273} INFO - 0 downstream tasks scheduled from follow-on schedule check
