[2022-12-12 21:09:09,102] {taskinstance.py:1159} INFO - Dependencies all met for <TaskInstance: prepare_data.get_last_id scheduled__2022-11-28T20:40:00+00:00 [queued]>
[2022-12-12 21:09:09,438] {taskinstance.py:1159} INFO - Dependencies all met for <TaskInstance: prepare_data.get_last_id scheduled__2022-11-28T20:40:00+00:00 [queued]>
[2022-12-12 21:09:09,442] {taskinstance.py:1356} INFO - 
--------------------------------------------------------------------------------
[2022-12-12 21:09:09,446] {taskinstance.py:1357} INFO - Starting attempt 2 of 1
[2022-12-12 21:09:09,449] {taskinstance.py:1358} INFO - 
--------------------------------------------------------------------------------
[2022-12-12 21:09:10,045] {taskinstance.py:1377} INFO - Executing <Task(PythonOperator): get_last_id> on 2022-11-28 20:40:00+00:00
[2022-12-12 21:09:10,148] {standard_task_runner.py:52} INFO - Started process 203 to run task
[2022-12-12 21:09:10,253] {standard_task_runner.py:79} INFO - Running: ['airflow', 'tasks', 'run', 'prepare_data', 'get_last_id', 'scheduled__2022-11-28T20:40:00+00:00', '--job-id', '731', '--raw', '--subdir', 'DAGS_FOLDER/prepare_data.py', '--cfg-path', '/tmp/tmpykc6ljjc', '--error-file', '/tmp/tmpnkjq7b30']
[2022-12-12 21:09:10,318] {standard_task_runner.py:80} INFO - Job 731: Subtask get_last_id
[2022-12-12 21:09:11,842] {task_command.py:369} INFO - Running <TaskInstance: prepare_data.get_last_id scheduled__2022-11-28T20:40:00+00:00 [running]> on host cfea470654c7
[2022-12-12 21:09:14,667] {taskinstance.py:1571} INFO - Exporting the following env vars:
AIRFLOW_CTX_DAG_OWNER=airflow
AIRFLOW_CTX_DAG_ID=prepare_data
AIRFLOW_CTX_TASK_ID=get_last_id
AIRFLOW_CTX_EXECUTION_DATE=2022-11-28T20:40:00+00:00
AIRFLOW_CTX_TRY_NUMBER=2
AIRFLOW_CTX_DAG_RUN_ID=scheduled__2022-11-28T20:40:00+00:00
[2022-12-12 21:09:15,140] {base.py:68} INFO - Using connection ID 'postgres_default' for task execution.
[2022-12-12 21:09:15,791] {python.py:173} INFO - Done. Returned value was: None
[2022-12-12 21:09:17,420] {taskinstance.py:1400} INFO - Marking task as SUCCESS. dag_id=prepare_data, task_id=get_last_id, execution_date=20221128T204000, start_date=20221212T210909, end_date=20221212T210917
[2022-12-12 21:09:17,838] {local_task_job.py:156} INFO - Task exited with return code 0
[2022-12-12 21:09:18,469] {local_task_job.py:273} INFO - 1 downstream tasks scheduled from follow-on schedule check
