[2022-12-12 18:25:57,231] {taskinstance.py:1159} INFO - Dependencies all met for <TaskInstance: prepare_data.transfer_data scheduled__2022-11-28T17:09:00+00:00 [queued]>
[2022-12-12 18:25:57,295] {taskinstance.py:1159} INFO - Dependencies all met for <TaskInstance: prepare_data.transfer_data scheduled__2022-11-28T17:09:00+00:00 [queued]>
[2022-12-12 18:25:57,297] {taskinstance.py:1356} INFO - 
--------------------------------------------------------------------------------
[2022-12-12 18:25:57,298] {taskinstance.py:1357} INFO - Starting attempt 1 of 1
[2022-12-12 18:25:57,301] {taskinstance.py:1358} INFO - 
--------------------------------------------------------------------------------
[2022-12-12 18:25:57,379] {taskinstance.py:1377} INFO - Executing <Task(PythonOperator): transfer_data> on 2022-11-28 17:09:00+00:00
[2022-12-12 18:25:57,441] {standard_task_runner.py:52} INFO - Started process 443 to run task
[2022-12-12 18:25:57,481] {standard_task_runner.py:79} INFO - Running: ['airflow', 'tasks', 'run', 'prepare_data', 'transfer_data', 'scheduled__2022-11-28T17:09:00+00:00', '--job-id', '116', '--raw', '--subdir', 'DAGS_FOLDER/prepare_data.py', '--cfg-path', '/tmp/tmprcgi37t3', '--error-file', '/tmp/tmptk11vx54']
[2022-12-12 18:25:57,618] {standard_task_runner.py:80} INFO - Job 116: Subtask transfer_data
[2022-12-12 18:25:58,613] {task_command.py:369} INFO - Running <TaskInstance: prepare_data.transfer_data scheduled__2022-11-28T17:09:00+00:00 [running]> on host a49e44ee4a94
[2022-12-12 18:25:59,117] {taskinstance.py:1571} INFO - Exporting the following env vars:
AIRFLOW_CTX_DAG_OWNER=airflow
AIRFLOW_CTX_DAG_ID=prepare_data
AIRFLOW_CTX_TASK_ID=transfer_data
AIRFLOW_CTX_EXECUTION_DATE=2022-11-28T17:09:00+00:00
AIRFLOW_CTX_TRY_NUMBER=1
AIRFLOW_CTX_DAG_RUN_ID=scheduled__2022-11-28T17:09:00+00:00
[2022-12-12 18:25:59,174] {base.py:68} INFO - Using connection ID 'postgres_default' for task execution.
[2022-12-12 18:25:59,339] {python.py:173} INFO - Done. Returned value was: None
[2022-12-12 18:25:59,455] {taskinstance.py:1400} INFO - Marking task as SUCCESS. dag_id=prepare_data, task_id=transfer_data, execution_date=20221128T170900, start_date=20221212T182557, end_date=20221212T182559
[2022-12-12 18:25:59,510] {local_task_job.py:156} INFO - Task exited with return code 0
[2022-12-12 18:25:59,610] {local_task_job.py:273} INFO - 0 downstream tasks scheduled from follow-on schedule check
[2022-12-12 18:25:59,743] {dagrun.py:562} INFO - Marking run <DagRun prepare_data @ 2022-11-28 17:09:00+00:00: scheduled__2022-11-28T17:09:00+00:00, externally triggered: False> successful
[2022-12-12 18:25:59,747] {dagrun.py:622} INFO - DagRun Finished: dag_id=prepare_data, execution_date=2022-11-28 17:09:00+00:00, run_id=scheduled__2022-11-28T17:09:00+00:00, run_start_date=2022-12-12 18:25:43.304768+00:00, run_end_date=2022-12-12 18:25:59.747433+00:00, run_duration=16.442665, state=success, external_trigger=False, run_type=scheduled, data_interval_start=2022-11-28 17:09:00+00:00, data_interval_end=2022-11-28 17:10:00+00:00, dag_hash=74eff07297e15e09abd94d4632e2b9b9
[2022-12-12 18:39:13,645] {taskinstance.py:1159} INFO - Dependencies all met for <TaskInstance: prepare_data.transfer_data scheduled__2022-11-28T17:09:00+00:00 [queued]>
[2022-12-12 18:39:13,681] {taskinstance.py:1159} INFO - Dependencies all met for <TaskInstance: prepare_data.transfer_data scheduled__2022-11-28T17:09:00+00:00 [queued]>
[2022-12-12 18:39:13,683] {taskinstance.py:1356} INFO - 
--------------------------------------------------------------------------------
[2022-12-12 18:39:13,686] {taskinstance.py:1357} INFO - Starting attempt 1 of 1
[2022-12-12 18:39:13,688] {taskinstance.py:1358} INFO - 
--------------------------------------------------------------------------------
[2022-12-12 18:39:13,771] {taskinstance.py:1377} INFO - Executing <Task(PythonOperator): transfer_data> on 2022-11-28 17:09:00+00:00
[2022-12-12 18:39:13,781] {standard_task_runner.py:52} INFO - Started process 403 to run task
[2022-12-12 18:39:13,790] {standard_task_runner.py:79} INFO - Running: ['airflow', 'tasks', 'run', 'prepare_data', 'transfer_data', 'scheduled__2022-11-28T17:09:00+00:00', '--job-id', '100', '--raw', '--subdir', 'DAGS_FOLDER/prepare_data.py', '--cfg-path', '/tmp/tmp3vfzyi8h', '--error-file', '/tmp/tmpeiq37sjv']
[2022-12-12 18:39:13,796] {standard_task_runner.py:80} INFO - Job 100: Subtask transfer_data
[2022-12-12 18:39:14,062] {task_command.py:369} INFO - Running <TaskInstance: prepare_data.transfer_data scheduled__2022-11-28T17:09:00+00:00 [running]> on host cfea470654c7
[2022-12-12 18:39:14,412] {taskinstance.py:1571} INFO - Exporting the following env vars:
AIRFLOW_CTX_DAG_OWNER=airflow
AIRFLOW_CTX_DAG_ID=prepare_data
AIRFLOW_CTX_TASK_ID=transfer_data
AIRFLOW_CTX_EXECUTION_DATE=2022-11-28T17:09:00+00:00
AIRFLOW_CTX_TRY_NUMBER=1
AIRFLOW_CTX_DAG_RUN_ID=scheduled__2022-11-28T17:09:00+00:00
[2022-12-12 18:39:14,453] {base.py:68} INFO - Using connection ID 'postgres_default' for task execution.
[2022-12-12 18:39:14,532] {python.py:173} INFO - Done. Returned value was: None
[2022-12-12 18:39:14,592] {taskinstance.py:1400} INFO - Marking task as SUCCESS. dag_id=prepare_data, task_id=transfer_data, execution_date=20221128T170900, start_date=20221212T183913, end_date=20221212T183914
[2022-12-12 18:39:14,702] {local_task_job.py:156} INFO - Task exited with return code 0
[2022-12-12 18:39:14,832] {local_task_job.py:273} INFO - 0 downstream tasks scheduled from follow-on schedule check
