[2022-12-12 18:25:28,665] {taskinstance.py:1159} INFO - Dependencies all met for <TaskInstance: prepare_data.transfer_data scheduled__2022-11-28T16:53:00+00:00 [queued]>
[2022-12-12 18:25:28,716] {taskinstance.py:1159} INFO - Dependencies all met for <TaskInstance: prepare_data.transfer_data scheduled__2022-11-28T16:53:00+00:00 [queued]>
[2022-12-12 18:25:28,717] {taskinstance.py:1356} INFO - 
--------------------------------------------------------------------------------
[2022-12-12 18:25:28,719] {taskinstance.py:1357} INFO - Starting attempt 1 of 1
[2022-12-12 18:25:28,721] {taskinstance.py:1358} INFO - 
--------------------------------------------------------------------------------
[2022-12-12 18:25:29,010] {taskinstance.py:1377} INFO - Executing <Task(PythonOperator): transfer_data> on 2022-11-28 16:53:00+00:00
[2022-12-12 18:25:29,040] {standard_task_runner.py:52} INFO - Started process 349 to run task
[2022-12-12 18:25:29,107] {standard_task_runner.py:79} INFO - Running: ['airflow', 'tasks', 'run', 'prepare_data', 'transfer_data', 'scheduled__2022-11-28T16:53:00+00:00', '--job-id', '69', '--raw', '--subdir', 'DAGS_FOLDER/prepare_data.py', '--cfg-path', '/tmp/tmpffaflayc', '--error-file', '/tmp/tmpcpluaoyb']
[2022-12-12 18:25:29,132] {standard_task_runner.py:80} INFO - Job 69: Subtask transfer_data
[2022-12-12 18:25:29,732] {task_command.py:369} INFO - Running <TaskInstance: prepare_data.transfer_data scheduled__2022-11-28T16:53:00+00:00 [running]> on host a49e44ee4a94
[2022-12-12 18:25:30,601] {taskinstance.py:1571} INFO - Exporting the following env vars:
AIRFLOW_CTX_DAG_OWNER=airflow
AIRFLOW_CTX_DAG_ID=prepare_data
AIRFLOW_CTX_TASK_ID=transfer_data
AIRFLOW_CTX_EXECUTION_DATE=2022-11-28T16:53:00+00:00
AIRFLOW_CTX_TRY_NUMBER=1
AIRFLOW_CTX_DAG_RUN_ID=scheduled__2022-11-28T16:53:00+00:00
[2022-12-12 18:25:30,767] {base.py:68} INFO - Using connection ID 'postgres_default' for task execution.
[2022-12-12 18:25:31,001] {python.py:173} INFO - Done. Returned value was: None
[2022-12-12 18:25:31,185] {taskinstance.py:1400} INFO - Marking task as SUCCESS. dag_id=prepare_data, task_id=transfer_data, execution_date=20221128T165300, start_date=20221212T182528, end_date=20221212T182531
[2022-12-12 18:25:31,334] {local_task_job.py:156} INFO - Task exited with return code 0
[2022-12-12 18:25:31,795] {local_task_job.py:273} INFO - 0 downstream tasks scheduled from follow-on schedule check
[2022-12-12 18:38:44,592] {taskinstance.py:1159} INFO - Dependencies all met for <TaskInstance: prepare_data.transfer_data scheduled__2022-11-28T16:53:00+00:00 [queued]>
[2022-12-12 18:38:44,612] {taskinstance.py:1159} INFO - Dependencies all met for <TaskInstance: prepare_data.transfer_data scheduled__2022-11-28T16:53:00+00:00 [queued]>
[2022-12-12 18:38:44,614] {taskinstance.py:1356} INFO - 
--------------------------------------------------------------------------------
[2022-12-12 18:38:44,616] {taskinstance.py:1357} INFO - Starting attempt 1 of 1
[2022-12-12 18:38:44,618] {taskinstance.py:1358} INFO - 
--------------------------------------------------------------------------------
[2022-12-12 18:38:44,653] {taskinstance.py:1377} INFO - Executing <Task(PythonOperator): transfer_data> on 2022-11-28 16:53:00+00:00
[2022-12-12 18:38:44,665] {standard_task_runner.py:52} INFO - Started process 297 to run task
[2022-12-12 18:38:44,680] {standard_task_runner.py:79} INFO - Running: ['airflow', 'tasks', 'run', 'prepare_data', 'transfer_data', 'scheduled__2022-11-28T16:53:00+00:00', '--job-id', '50', '--raw', '--subdir', 'DAGS_FOLDER/prepare_data.py', '--cfg-path', '/tmp/tmpfswkgd1c', '--error-file', '/tmp/tmpx0wvukog']
[2022-12-12 18:38:44,686] {standard_task_runner.py:80} INFO - Job 50: Subtask transfer_data
[2022-12-12 18:38:44,882] {task_command.py:369} INFO - Running <TaskInstance: prepare_data.transfer_data scheduled__2022-11-28T16:53:00+00:00 [running]> on host cfea470654c7
[2022-12-12 18:38:45,026] {taskinstance.py:1571} INFO - Exporting the following env vars:
AIRFLOW_CTX_DAG_OWNER=airflow
AIRFLOW_CTX_DAG_ID=prepare_data
AIRFLOW_CTX_TASK_ID=transfer_data
AIRFLOW_CTX_EXECUTION_DATE=2022-11-28T16:53:00+00:00
AIRFLOW_CTX_TRY_NUMBER=1
AIRFLOW_CTX_DAG_RUN_ID=scheduled__2022-11-28T16:53:00+00:00
[2022-12-12 18:38:45,050] {base.py:68} INFO - Using connection ID 'postgres_default' for task execution.
[2022-12-12 18:38:45,083] {python.py:173} INFO - Done. Returned value was: None
[2022-12-12 18:38:45,124] {taskinstance.py:1400} INFO - Marking task as SUCCESS. dag_id=prepare_data, task_id=transfer_data, execution_date=20221128T165300, start_date=20221212T183844, end_date=20221212T183845
[2022-12-12 18:38:45,194] {local_task_job.py:156} INFO - Task exited with return code 0
[2022-12-12 18:38:45,653] {local_task_job.py:273} INFO - 0 downstream tasks scheduled from follow-on schedule check
