[2022-12-12 18:42:02,783] {taskinstance.py:1159} INFO - Dependencies all met for <TaskInstance: prepare_data.transfer_data scheduled__2022-11-28T19:11:00+00:00 [queued]>
[2022-12-12 18:42:02,919] {taskinstance.py:1159} INFO - Dependencies all met for <TaskInstance: prepare_data.transfer_data scheduled__2022-11-28T19:11:00+00:00 [queued]>
[2022-12-12 18:42:02,921] {taskinstance.py:1356} INFO - 
--------------------------------------------------------------------------------
[2022-12-12 18:42:02,927] {taskinstance.py:1357} INFO - Starting attempt 1 of 1
[2022-12-12 18:42:02,931] {taskinstance.py:1358} INFO - 
--------------------------------------------------------------------------------
[2022-12-12 18:42:03,081] {taskinstance.py:1377} INFO - Executing <Task(PythonOperator): transfer_data> on 2022-11-28 19:11:00+00:00
[2022-12-12 18:42:03,089] {standard_task_runner.py:52} INFO - Started process 1182 to run task
[2022-12-12 18:42:03,103] {standard_task_runner.py:79} INFO - Running: ['airflow', 'tasks', 'run', 'prepare_data', 'transfer_data', 'scheduled__2022-11-28T19:11:00+00:00', '--job-id', '474', '--raw', '--subdir', 'DAGS_FOLDER/prepare_data.py', '--cfg-path', '/tmp/tmpjm2mx7xn', '--error-file', '/tmp/tmp2v1n1p6y']
[2022-12-12 18:42:03,134] {standard_task_runner.py:80} INFO - Job 474: Subtask transfer_data
[2022-12-12 18:42:03,539] {task_command.py:369} INFO - Running <TaskInstance: prepare_data.transfer_data scheduled__2022-11-28T19:11:00+00:00 [running]> on host cfea470654c7
[2022-12-12 18:42:04,126] {taskinstance.py:1571} INFO - Exporting the following env vars:
AIRFLOW_CTX_DAG_OWNER=airflow
AIRFLOW_CTX_DAG_ID=prepare_data
AIRFLOW_CTX_TASK_ID=transfer_data
AIRFLOW_CTX_EXECUTION_DATE=2022-11-28T19:11:00+00:00
AIRFLOW_CTX_TRY_NUMBER=1
AIRFLOW_CTX_DAG_RUN_ID=scheduled__2022-11-28T19:11:00+00:00
[2022-12-12 18:42:04,175] {base.py:68} INFO - Using connection ID 'postgres_default' for task execution.
[2022-12-12 18:42:04,334] {python.py:173} INFO - Done. Returned value was: None
[2022-12-12 18:42:04,892] {taskinstance.py:1400} INFO - Marking task as SUCCESS. dag_id=prepare_data, task_id=transfer_data, execution_date=20221128T191100, start_date=20221212T184202, end_date=20221212T184204
[2022-12-12 18:42:05,019] {local_task_job.py:156} INFO - Task exited with return code 0
[2022-12-12 18:42:05,309] {local_task_job.py:273} INFO - 0 downstream tasks scheduled from follow-on schedule check
