[2022-12-16 13:41:02,457] {taskinstance.py:1159} INFO - Dependencies all met for <TaskInstance: prepare_data.get_last_id scheduled__2022-12-16T13:40:00+00:00 [queued]>
[2022-12-16 13:41:02,471] {taskinstance.py:1159} INFO - Dependencies all met for <TaskInstance: prepare_data.get_last_id scheduled__2022-12-16T13:40:00+00:00 [queued]>
[2022-12-16 13:41:02,471] {taskinstance.py:1356} INFO - 
--------------------------------------------------------------------------------
[2022-12-16 13:41:02,471] {taskinstance.py:1357} INFO - Starting attempt 1 of 1
[2022-12-16 13:41:02,471] {taskinstance.py:1358} INFO - 
--------------------------------------------------------------------------------
[2022-12-16 13:41:02,489] {taskinstance.py:1377} INFO - Executing <Task(PythonOperator): get_last_id> on 2022-12-16 13:40:00+00:00
[2022-12-16 13:41:02,493] {standard_task_runner.py:52} INFO - Started process 4904 to run task
[2022-12-16 13:41:02,499] {standard_task_runner.py:79} INFO - Running: ['airflow', 'tasks', 'run', 'prepare_data', 'get_last_id', 'scheduled__2022-12-16T13:40:00+00:00', '--job-id', '2246', '--raw', '--subdir', 'DAGS_FOLDER/prepare_data.py', '--cfg-path', '/tmp/tmp5s5d1wpo', '--error-file', '/tmp/tmpulx8x2ed']
[2022-12-16 13:41:02,500] {standard_task_runner.py:80} INFO - Job 2246: Subtask get_last_id
[2022-12-16 13:41:02,582] {task_command.py:369} INFO - Running <TaskInstance: prepare_data.get_last_id scheduled__2022-12-16T13:40:00+00:00 [running]> on host 8e2f65ec4c74
[2022-12-16 13:41:02,691] {taskinstance.py:1571} INFO - Exporting the following env vars:
AIRFLOW_CTX_DAG_OWNER=airflow
AIRFLOW_CTX_DAG_ID=prepare_data
AIRFLOW_CTX_TASK_ID=get_last_id
AIRFLOW_CTX_EXECUTION_DATE=2022-12-16T13:40:00+00:00
AIRFLOW_CTX_TRY_NUMBER=1
AIRFLOW_CTX_DAG_RUN_ID=scheduled__2022-12-16T13:40:00+00:00
[2022-12-16 13:41:02,708] {base.py:68} INFO - Using connection ID 'gp_conn' for task execution.
[2022-12-16 13:41:02,772] {python.py:173} INFO - Done. Returned value was: None
[2022-12-16 13:41:02,797] {taskinstance.py:1400} INFO - Marking task as SUCCESS. dag_id=prepare_data, task_id=get_last_id, execution_date=20221216T134000, start_date=20221216T134102, end_date=20221216T134102
[2022-12-16 13:41:02,832] {local_task_job.py:156} INFO - Task exited with return code 0
[2022-12-16 13:41:02,887] {local_task_job.py:273} INFO - 1 downstream tasks scheduled from follow-on schedule check
