[2022-12-16 13:02:17,776] {taskinstance.py:1159} INFO - Dependencies all met for <TaskInstance: prepare_data.get_last_id scheduled__2022-12-16T11:26:00+00:00 [queued]>
[2022-12-16 13:02:18,091] {taskinstance.py:1159} INFO - Dependencies all met for <TaskInstance: prepare_data.get_last_id scheduled__2022-12-16T11:26:00+00:00 [queued]>
[2022-12-16 13:02:18,091] {taskinstance.py:1356} INFO - 
--------------------------------------------------------------------------------
[2022-12-16 13:02:18,091] {taskinstance.py:1357} INFO - Starting attempt 1 of 1
[2022-12-16 13:02:18,092] {taskinstance.py:1358} INFO - 
--------------------------------------------------------------------------------
[2022-12-16 13:02:18,518] {taskinstance.py:1377} INFO - Executing <Task(PythonOperator): get_last_id> on 2022-12-16 11:26:00+00:00
[2022-12-16 13:02:18,600] {standard_task_runner.py:52} INFO - Started process 3715 to run task
[2022-12-16 13:02:18,659] {standard_task_runner.py:79} INFO - Running: ['airflow', 'tasks', 'run', 'prepare_data', 'get_last_id', 'scheduled__2022-12-16T11:26:00+00:00', '--job-id', '1844', '--raw', '--subdir', 'DAGS_FOLDER/prepare_data.py', '--cfg-path', '/tmp/tmpyia6xhtd', '--error-file', '/tmp/tmphux_7y0i']
[2022-12-16 13:02:18,737] {standard_task_runner.py:80} INFO - Job 1844: Subtask get_last_id
[2022-12-16 13:02:19,491] {task_command.py:369} INFO - Running <TaskInstance: prepare_data.get_last_id scheduled__2022-12-16T11:26:00+00:00 [running]> on host 8e2f65ec4c74
[2022-12-16 13:02:20,406] {taskinstance.py:1571} INFO - Exporting the following env vars:
AIRFLOW_CTX_DAG_OWNER=airflow
AIRFLOW_CTX_DAG_ID=prepare_data
AIRFLOW_CTX_TASK_ID=get_last_id
AIRFLOW_CTX_EXECUTION_DATE=2022-12-16T11:26:00+00:00
AIRFLOW_CTX_TRY_NUMBER=1
AIRFLOW_CTX_DAG_RUN_ID=scheduled__2022-12-16T11:26:00+00:00
[2022-12-16 13:02:20,599] {base.py:68} INFO - Using connection ID 'gp_conn' for task execution.
[2022-12-16 13:02:20,921] {python.py:173} INFO - Done. Returned value was: None
[2022-12-16 13:02:21,141] {taskinstance.py:1400} INFO - Marking task as SUCCESS. dag_id=prepare_data, task_id=get_last_id, execution_date=20221216T112600, start_date=20221216T130217, end_date=20221216T130221
[2022-12-16 13:02:21,402] {local_task_job.py:156} INFO - Task exited with return code 0
[2022-12-16 13:02:21,853] {local_task_job.py:273} INFO - 1 downstream tasks scheduled from follow-on schedule check
