[2022-12-16 13:02:09,081] {taskinstance.py:1159} INFO - Dependencies all met for <TaskInstance: prepare_data.create_table scheduled__2022-12-16T11:26:00+00:00 [queued]>
[2022-12-16 13:02:09,328] {taskinstance.py:1159} INFO - Dependencies all met for <TaskInstance: prepare_data.create_table scheduled__2022-12-16T11:26:00+00:00 [queued]>
[2022-12-16 13:02:09,329] {taskinstance.py:1356} INFO - 
--------------------------------------------------------------------------------
[2022-12-16 13:02:09,329] {taskinstance.py:1357} INFO - Starting attempt 1 of 1
[2022-12-16 13:02:09,329] {taskinstance.py:1358} INFO - 
--------------------------------------------------------------------------------
[2022-12-16 13:02:09,612] {taskinstance.py:1377} INFO - Executing <Task(PostgresOperator): create_table> on 2022-12-16 11:26:00+00:00
[2022-12-16 13:02:09,662] {standard_task_runner.py:52} INFO - Started process 3689 to run task
[2022-12-16 13:02:09,717] {standard_task_runner.py:79} INFO - Running: ['airflow', 'tasks', 'run', 'prepare_data', 'create_table', 'scheduled__2022-12-16T11:26:00+00:00', '--job-id', '1832', '--raw', '--subdir', 'DAGS_FOLDER/prepare_data.py', '--cfg-path', '/tmp/tmputmqz7ib', '--error-file', '/tmp/tmpqgxer9ju']
[2022-12-16 13:02:09,731] {standard_task_runner.py:80} INFO - Job 1832: Subtask create_table
[2022-12-16 13:02:10,169] {task_command.py:369} INFO - Running <TaskInstance: prepare_data.create_table scheduled__2022-12-16T11:26:00+00:00 [running]> on host 8e2f65ec4c74
[2022-12-16 13:02:11,091] {taskinstance.py:1571} INFO - Exporting the following env vars:
AIRFLOW_CTX_DAG_OWNER=airflow
AIRFLOW_CTX_DAG_ID=prepare_data
AIRFLOW_CTX_TASK_ID=create_table
AIRFLOW_CTX_EXECUTION_DATE=2022-12-16T11:26:00+00:00
AIRFLOW_CTX_TRY_NUMBER=1
AIRFLOW_CTX_DAG_RUN_ID=scheduled__2022-12-16T11:26:00+00:00
[2022-12-16 13:02:11,317] {base.py:68} INFO - Using connection ID 'gp_conn' for task execution.
[2022-12-16 13:02:11,367] {dbapi.py:208} INFO - Running statement: CREATE TABLE IF NOT EXISTS prepared_data (
	id SERIAL,
	sensor_id BIGINT,
	longitude FLOAT,
	latitude FLOAT,
	controller_id BIGINT,
	datetime TIMESTAMP WITH TIME ZONE,
	temperature INTEGER
);, parameters: None
[2022-12-16 13:02:11,386] {postgres.py:94} INFO - NOTICE:  relation "prepared_data" already exists, skipping

[2022-12-16 13:02:12,491] {taskinstance.py:1400} INFO - Marking task as SUCCESS. dag_id=prepare_data, task_id=create_table, execution_date=20221216T112600, start_date=20221216T130209, end_date=20221216T130212
[2022-12-16 13:02:12,662] {local_task_job.py:156} INFO - Task exited with return code 0
[2022-12-16 13:02:13,234] {local_task_job.py:273} INFO - 1 downstream tasks scheduled from follow-on schedule check
