[2022-12-12 18:43:09,217] {taskinstance.py:1159} INFO - Dependencies all met for <TaskInstance: prepare_data.transfer_data scheduled__2022-11-28T20:06:00+00:00 [queued]>
[2022-12-12 18:43:09,305] {taskinstance.py:1159} INFO - Dependencies all met for <TaskInstance: prepare_data.transfer_data scheduled__2022-11-28T20:06:00+00:00 [queued]>
[2022-12-12 18:43:09,325] {taskinstance.py:1356} INFO - 
--------------------------------------------------------------------------------
[2022-12-12 18:43:09,339] {taskinstance.py:1357} INFO - Starting attempt 1 of 1
[2022-12-12 18:43:09,341] {taskinstance.py:1358} INFO - 
--------------------------------------------------------------------------------
[2022-12-12 18:43:09,537] {taskinstance.py:1377} INFO - Executing <Task(PythonOperator): transfer_data> on 2022-11-28 20:06:00+00:00
[2022-12-12 18:43:09,579] {standard_task_runner.py:52} INFO - Started process 1488 to run task
[2022-12-12 18:43:09,604] {standard_task_runner.py:79} INFO - Running: ['airflow', 'tasks', 'run', 'prepare_data', 'transfer_data', 'scheduled__2022-11-28T20:06:00+00:00', '--job-id', '625', '--raw', '--subdir', 'DAGS_FOLDER/prepare_data.py', '--cfg-path', '/tmp/tmp5aacldtj', '--error-file', '/tmp/tmpxm2uou65']
[2022-12-12 18:43:09,614] {standard_task_runner.py:80} INFO - Job 625: Subtask transfer_data
[2022-12-12 18:43:09,900] {task_command.py:369} INFO - Running <TaskInstance: prepare_data.transfer_data scheduled__2022-11-28T20:06:00+00:00 [running]> on host cfea470654c7
[2022-12-12 18:43:10,181] {taskinstance.py:1571} INFO - Exporting the following env vars:
AIRFLOW_CTX_DAG_OWNER=airflow
AIRFLOW_CTX_DAG_ID=prepare_data
AIRFLOW_CTX_TASK_ID=transfer_data
AIRFLOW_CTX_EXECUTION_DATE=2022-11-28T20:06:00+00:00
AIRFLOW_CTX_TRY_NUMBER=1
AIRFLOW_CTX_DAG_RUN_ID=scheduled__2022-11-28T20:06:00+00:00
[2022-12-12 18:43:10,207] {base.py:68} INFO - Using connection ID 'postgres_default' for task execution.
[2022-12-12 18:43:10,259] {python.py:173} INFO - Done. Returned value was: None
[2022-12-12 18:43:10,609] {taskinstance.py:1400} INFO - Marking task as SUCCESS. dag_id=prepare_data, task_id=transfer_data, execution_date=20221128T200600, start_date=20221212T184309, end_date=20221212T184310
[2022-12-12 18:43:10,792] {local_task_job.py:156} INFO - Task exited with return code 0
[2022-12-12 18:43:10,987] {local_task_job.py:273} INFO - 0 downstream tasks scheduled from follow-on schedule check
