[2022-12-12 18:43:14,134] {taskinstance.py:1159} INFO - Dependencies all met for <TaskInstance: prepare_data.create_table scheduled__2022-11-28T20:13:00+00:00 [queued]>
[2022-12-12 18:43:14,194] {taskinstance.py:1159} INFO - Dependencies all met for <TaskInstance: prepare_data.create_table scheduled__2022-11-28T20:13:00+00:00 [queued]>
[2022-12-12 18:43:14,196] {taskinstance.py:1356} INFO - 
--------------------------------------------------------------------------------
[2022-12-12 18:43:14,198] {taskinstance.py:1357} INFO - Starting attempt 1 of 1
[2022-12-12 18:43:14,204] {taskinstance.py:1358} INFO - 
--------------------------------------------------------------------------------
[2022-12-12 18:43:14,338] {taskinstance.py:1377} INFO - Executing <Task(PostgresOperator): create_table> on 2022-11-28 20:13:00+00:00
[2022-12-12 18:43:14,354] {standard_task_runner.py:52} INFO - Started process 1514 to run task
[2022-12-12 18:43:14,370] {standard_task_runner.py:79} INFO - Running: ['airflow', 'tasks', 'run', 'prepare_data', 'create_table', 'scheduled__2022-11-28T20:13:00+00:00', '--job-id', '634', '--raw', '--subdir', 'DAGS_FOLDER/prepare_data.py', '--cfg-path', '/tmp/tmpn_k2ok3o', '--error-file', '/tmp/tmph9ossb9r']
[2022-12-12 18:43:14,374] {standard_task_runner.py:80} INFO - Job 634: Subtask create_table
[2022-12-12 18:43:14,750] {task_command.py:369} INFO - Running <TaskInstance: prepare_data.create_table scheduled__2022-11-28T20:13:00+00:00 [running]> on host cfea470654c7
[2022-12-12 18:43:15,131] {taskinstance.py:1571} INFO - Exporting the following env vars:
AIRFLOW_CTX_DAG_OWNER=airflow
AIRFLOW_CTX_DAG_ID=prepare_data
AIRFLOW_CTX_TASK_ID=create_table
AIRFLOW_CTX_EXECUTION_DATE=2022-11-28T20:13:00+00:00
AIRFLOW_CTX_TRY_NUMBER=1
AIRFLOW_CTX_DAG_RUN_ID=scheduled__2022-11-28T20:13:00+00:00
[2022-12-12 18:43:15,179] {base.py:68} INFO - Using connection ID 'postgres_default' for task execution.
[2022-12-12 18:43:15,194] {dbapi.py:208} INFO - Running statement: CREATE TABLE IF NOT EXISTS prepared_data (
	id SERIAL,
	sensor_id BIGINT,
	longitude FLOAT,
	latitude FLOAT,
	controller_id BIGINT,
	datetime TIMESTAMP WITH TIME ZONE,
	temperature INTEGER
);, parameters: None
[2022-12-12 18:43:15,197] {postgres.py:94} INFO - NOTICE:  relation "prepared_data" already exists, skipping

[2022-12-12 18:43:15,477] {taskinstance.py:1400} INFO - Marking task as SUCCESS. dag_id=prepare_data, task_id=create_table, execution_date=20221128T201300, start_date=20221212T184314, end_date=20221212T184315
[2022-12-12 18:43:15,615] {local_task_job.py:156} INFO - Task exited with return code 0
[2022-12-12 18:43:15,892] {local_task_job.py:273} INFO - 1 downstream tasks scheduled from follow-on schedule check
