[2022-12-12 18:25:21,387] {taskinstance.py:1159} INFO - Dependencies all met for <TaskInstance: prepare_data.create_table scheduled__2022-11-28T16:53:00+00:00 [queued]>
[2022-12-12 18:25:21,458] {taskinstance.py:1159} INFO - Dependencies all met for <TaskInstance: prepare_data.create_table scheduled__2022-11-28T16:53:00+00:00 [queued]>
[2022-12-12 18:25:21,462] {taskinstance.py:1356} INFO - 
--------------------------------------------------------------------------------
[2022-12-12 18:25:21,464] {taskinstance.py:1357} INFO - Starting attempt 1 of 1
[2022-12-12 18:25:21,465] {taskinstance.py:1358} INFO - 
--------------------------------------------------------------------------------
[2022-12-12 18:25:21,538] {taskinstance.py:1377} INFO - Executing <Task(PostgresOperator): create_table> on 2022-11-28 16:53:00+00:00
[2022-12-12 18:25:21,551] {standard_task_runner.py:52} INFO - Started process 298 to run task
[2022-12-12 18:25:21,579] {standard_task_runner.py:79} INFO - Running: ['airflow', 'tasks', 'run', 'prepare_data', 'create_table', 'scheduled__2022-11-28T16:53:00+00:00', '--job-id', '46', '--raw', '--subdir', 'DAGS_FOLDER/prepare_data.py', '--cfg-path', '/tmp/tmptcksy2rl', '--error-file', '/tmp/tmpczlooc8n']
[2022-12-12 18:25:21,588] {standard_task_runner.py:80} INFO - Job 46: Subtask create_table
[2022-12-12 18:25:21,803] {task_command.py:369} INFO - Running <TaskInstance: prepare_data.create_table scheduled__2022-11-28T16:53:00+00:00 [running]> on host a49e44ee4a94
[2022-12-12 18:25:22,196] {taskinstance.py:1571} INFO - Exporting the following env vars:
AIRFLOW_CTX_DAG_OWNER=airflow
AIRFLOW_CTX_DAG_ID=prepare_data
AIRFLOW_CTX_TASK_ID=create_table
AIRFLOW_CTX_EXECUTION_DATE=2022-11-28T16:53:00+00:00
AIRFLOW_CTX_TRY_NUMBER=1
AIRFLOW_CTX_DAG_RUN_ID=scheduled__2022-11-28T16:53:00+00:00
[2022-12-12 18:25:22,252] {base.py:68} INFO - Using connection ID 'postgres_default' for task execution.
[2022-12-12 18:25:22,307] {dbapi.py:208} INFO - Running statement: CREATE TABLE IF NOT EXISTS prepared_data (
	id SERIAL,
	sensor_id BIGINT,
	longitude FLOAT,
	latitude FLOAT,
	controller_id BIGINT,
	datetime TIMESTAMP WITH TIME ZONE,
	temperature INTEGER
);, parameters: None
[2022-12-12 18:25:22,329] {postgres.py:94} INFO - NOTICE:  relation "prepared_data" already exists, skipping

[2022-12-12 18:25:22,593] {taskinstance.py:1400} INFO - Marking task as SUCCESS. dag_id=prepare_data, task_id=create_table, execution_date=20221128T165300, start_date=20221212T182521, end_date=20221212T182522
[2022-12-12 18:25:22,711] {local_task_job.py:156} INFO - Task exited with return code 0
[2022-12-12 18:25:22,960] {local_task_job.py:273} INFO - 1 downstream tasks scheduled from follow-on schedule check
[2022-12-12 18:38:35,430] {taskinstance.py:1159} INFO - Dependencies all met for <TaskInstance: prepare_data.create_table scheduled__2022-11-28T16:53:00+00:00 [queued]>
[2022-12-12 18:38:35,583] {taskinstance.py:1159} INFO - Dependencies all met for <TaskInstance: prepare_data.create_table scheduled__2022-11-28T16:53:00+00:00 [queued]>
[2022-12-12 18:38:35,584] {taskinstance.py:1356} INFO - 
--------------------------------------------------------------------------------
[2022-12-12 18:38:35,588] {taskinstance.py:1357} INFO - Starting attempt 1 of 1
[2022-12-12 18:38:35,596] {taskinstance.py:1358} INFO - 
--------------------------------------------------------------------------------
[2022-12-12 18:38:35,792] {taskinstance.py:1377} INFO - Executing <Task(PostgresOperator): create_table> on 2022-11-28 16:53:00+00:00
[2022-12-12 18:38:35,954] {standard_task_runner.py:52} INFO - Started process 267 to run task
[2022-12-12 18:38:36,008] {standard_task_runner.py:79} INFO - Running: ['airflow', 'tasks', 'run', 'prepare_data', 'create_table', 'scheduled__2022-11-28T16:53:00+00:00', '--job-id', '32', '--raw', '--subdir', 'DAGS_FOLDER/prepare_data.py', '--cfg-path', '/tmp/tmpxwbqhd85', '--error-file', '/tmp/tmp1io75s95']
[2022-12-12 18:38:36,058] {standard_task_runner.py:80} INFO - Job 32: Subtask create_table
[2022-12-12 18:38:36,721] {task_command.py:369} INFO - Running <TaskInstance: prepare_data.create_table scheduled__2022-11-28T16:53:00+00:00 [running]> on host cfea470654c7
[2022-12-12 18:38:37,684] {taskinstance.py:1571} INFO - Exporting the following env vars:
AIRFLOW_CTX_DAG_OWNER=airflow
AIRFLOW_CTX_DAG_ID=prepare_data
AIRFLOW_CTX_TASK_ID=create_table
AIRFLOW_CTX_EXECUTION_DATE=2022-11-28T16:53:00+00:00
AIRFLOW_CTX_TRY_NUMBER=1
AIRFLOW_CTX_DAG_RUN_ID=scheduled__2022-11-28T16:53:00+00:00
[2022-12-12 18:38:37,869] {base.py:68} INFO - Using connection ID 'postgres_default' for task execution.
[2022-12-12 18:38:37,930] {dbapi.py:208} INFO - Running statement: CREATE TABLE IF NOT EXISTS prepared_data (
	id SERIAL,
	sensor_id BIGINT,
	longitude FLOAT,
	latitude FLOAT,
	controller_id BIGINT,
	datetime TIMESTAMP WITH TIME ZONE,
	temperature INTEGER
);, parameters: None
[2022-12-12 18:38:37,959] {postgres.py:94} INFO - NOTICE:  relation "prepared_data" already exists, skipping

[2022-12-12 18:38:38,628] {taskinstance.py:1400} INFO - Marking task as SUCCESS. dag_id=prepare_data, task_id=create_table, execution_date=20221128T165300, start_date=20221212T183835, end_date=20221212T183838
[2022-12-12 18:38:38,802] {local_task_job.py:156} INFO - Task exited with return code 0
[2022-12-12 18:38:39,969] {local_task_job.py:273} INFO - 0 downstream tasks scheduled from follow-on schedule check
