[2022-12-12 18:25:51,695] {taskinstance.py:1159} INFO - Dependencies all met for <TaskInstance: prepare_data.get_last_id scheduled__2022-11-28T17:10:00+00:00 [queued]>
[2022-12-12 18:25:51,848] {taskinstance.py:1159} INFO - Dependencies all met for <TaskInstance: prepare_data.get_last_id scheduled__2022-11-28T17:10:00+00:00 [queued]>
[2022-12-12 18:25:51,852] {taskinstance.py:1356} INFO - 
--------------------------------------------------------------------------------
[2022-12-12 18:25:51,858] {taskinstance.py:1357} INFO - Starting attempt 1 of 1
[2022-12-12 18:25:51,867] {taskinstance.py:1358} INFO - 
--------------------------------------------------------------------------------
[2022-12-12 18:25:52,030] {taskinstance.py:1377} INFO - Executing <Task(PythonOperator): get_last_id> on 2022-11-28 17:10:00+00:00
[2022-12-12 18:25:52,050] {standard_task_runner.py:52} INFO - Started process 427 to run task
[2022-12-12 18:25:52,068] {standard_task_runner.py:79} INFO - Running: ['airflow', 'tasks', 'run', 'prepare_data', 'get_last_id', 'scheduled__2022-11-28T17:10:00+00:00', '--job-id', '108', '--raw', '--subdir', 'DAGS_FOLDER/prepare_data.py', '--cfg-path', '/tmp/tmpgf9j2619', '--error-file', '/tmp/tmpdr9o0jhj']
[2022-12-12 18:25:52,077] {standard_task_runner.py:80} INFO - Job 108: Subtask get_last_id
[2022-12-12 18:25:52,367] {task_command.py:369} INFO - Running <TaskInstance: prepare_data.get_last_id scheduled__2022-11-28T17:10:00+00:00 [running]> on host a49e44ee4a94
[2022-12-12 18:25:53,385] {taskinstance.py:1571} INFO - Exporting the following env vars:
AIRFLOW_CTX_DAG_OWNER=airflow
AIRFLOW_CTX_DAG_ID=prepare_data
AIRFLOW_CTX_TASK_ID=get_last_id
AIRFLOW_CTX_EXECUTION_DATE=2022-11-28T17:10:00+00:00
AIRFLOW_CTX_TRY_NUMBER=1
AIRFLOW_CTX_DAG_RUN_ID=scheduled__2022-11-28T17:10:00+00:00
[2022-12-12 18:25:53,481] {base.py:68} INFO - Using connection ID 'postgres_default' for task execution.
[2022-12-12 18:25:53,686] {python.py:173} INFO - Done. Returned value was: None
[2022-12-12 18:25:54,119] {taskinstance.py:1400} INFO - Marking task as SUCCESS. dag_id=prepare_data, task_id=get_last_id, execution_date=20221128T171000, start_date=20221212T182551, end_date=20221212T182554
[2022-12-12 18:25:54,574] {local_task_job.py:156} INFO - Task exited with return code 0
[2022-12-12 18:25:55,085] {local_task_job.py:273} INFO - 1 downstream tasks scheduled from follow-on schedule check
[2022-12-12 18:39:10,232] {taskinstance.py:1159} INFO - Dependencies all met for <TaskInstance: prepare_data.get_last_id scheduled__2022-11-28T17:10:00+00:00 [queued]>
[2022-12-12 18:39:10,341] {taskinstance.py:1159} INFO - Dependencies all met for <TaskInstance: prepare_data.get_last_id scheduled__2022-11-28T17:10:00+00:00 [queued]>
[2022-12-12 18:39:10,398] {taskinstance.py:1356} INFO - 
--------------------------------------------------------------------------------
[2022-12-12 18:39:10,424] {taskinstance.py:1357} INFO - Starting attempt 1 of 1
[2022-12-12 18:39:10,433] {taskinstance.py:1358} INFO - 
--------------------------------------------------------------------------------
[2022-12-12 18:39:10,768] {taskinstance.py:1377} INFO - Executing <Task(PythonOperator): get_last_id> on 2022-11-28 17:10:00+00:00
[2022-12-12 18:39:10,803] {standard_task_runner.py:52} INFO - Started process 393 to run task
[2022-12-12 18:39:10,905] {standard_task_runner.py:79} INFO - Running: ['airflow', 'tasks', 'run', 'prepare_data', 'get_last_id', 'scheduled__2022-11-28T17:10:00+00:00', '--job-id', '94', '--raw', '--subdir', 'DAGS_FOLDER/prepare_data.py', '--cfg-path', '/tmp/tmpe98424z7', '--error-file', '/tmp/tmpg6fcwyxm']
[2022-12-12 18:39:10,919] {standard_task_runner.py:80} INFO - Job 94: Subtask get_last_id
[2022-12-12 18:39:11,352] {task_command.py:369} INFO - Running <TaskInstance: prepare_data.get_last_id scheduled__2022-11-28T17:10:00+00:00 [running]> on host cfea470654c7
[2022-12-12 18:39:11,726] {taskinstance.py:1571} INFO - Exporting the following env vars:
AIRFLOW_CTX_DAG_OWNER=airflow
AIRFLOW_CTX_DAG_ID=prepare_data
AIRFLOW_CTX_TASK_ID=get_last_id
AIRFLOW_CTX_EXECUTION_DATE=2022-11-28T17:10:00+00:00
AIRFLOW_CTX_TRY_NUMBER=1
AIRFLOW_CTX_DAG_RUN_ID=scheduled__2022-11-28T17:10:00+00:00
[2022-12-12 18:39:11,810] {base.py:68} INFO - Using connection ID 'postgres_default' for task execution.
[2022-12-12 18:39:12,045] {python.py:173} INFO - Done. Returned value was: None
[2022-12-12 18:39:12,140] {taskinstance.py:1400} INFO - Marking task as SUCCESS. dag_id=prepare_data, task_id=get_last_id, execution_date=20221128T171000, start_date=20221212T183910, end_date=20221212T183912
[2022-12-12 18:39:12,260] {local_task_job.py:156} INFO - Task exited with return code 0
[2022-12-12 18:39:12,412] {local_task_job.py:273} INFO - 1 downstream tasks scheduled from follow-on schedule check
