[2022-12-12 18:42:40,614] {taskinstance.py:1159} INFO - Dependencies all met for <TaskInstance: prepare_data.get_last_id scheduled__2022-11-28T19:50:00+00:00 [queued]>
[2022-12-12 18:42:40,677] {taskinstance.py:1159} INFO - Dependencies all met for <TaskInstance: prepare_data.get_last_id scheduled__2022-11-28T19:50:00+00:00 [queued]>
[2022-12-12 18:42:40,680] {taskinstance.py:1356} INFO - 
--------------------------------------------------------------------------------
[2022-12-12 18:42:40,681] {taskinstance.py:1357} INFO - Starting attempt 1 of 1
[2022-12-12 18:42:40,683] {taskinstance.py:1358} INFO - 
--------------------------------------------------------------------------------
[2022-12-12 18:42:40,775] {taskinstance.py:1377} INFO - Executing <Task(PythonOperator): get_last_id> on 2022-11-28 19:50:00+00:00
[2022-12-12 18:42:40,784] {standard_task_runner.py:52} INFO - Started process 1383 to run task
[2022-12-12 18:42:40,830] {standard_task_runner.py:79} INFO - Running: ['airflow', 'tasks', 'run', 'prepare_data', 'get_last_id', 'scheduled__2022-11-28T19:50:00+00:00', '--job-id', '573', '--raw', '--subdir', 'DAGS_FOLDER/prepare_data.py', '--cfg-path', '/tmp/tmpfcn71c8p', '--error-file', '/tmp/tmpebva1_j3']
[2022-12-12 18:42:40,837] {standard_task_runner.py:80} INFO - Job 573: Subtask get_last_id
[2022-12-12 18:42:41,111] {task_command.py:369} INFO - Running <TaskInstance: prepare_data.get_last_id scheduled__2022-11-28T19:50:00+00:00 [running]> on host cfea470654c7
[2022-12-12 18:42:41,449] {taskinstance.py:1571} INFO - Exporting the following env vars:
AIRFLOW_CTX_DAG_OWNER=airflow
AIRFLOW_CTX_DAG_ID=prepare_data
AIRFLOW_CTX_TASK_ID=get_last_id
AIRFLOW_CTX_EXECUTION_DATE=2022-11-28T19:50:00+00:00
AIRFLOW_CTX_TRY_NUMBER=1
AIRFLOW_CTX_DAG_RUN_ID=scheduled__2022-11-28T19:50:00+00:00
[2022-12-12 18:42:41,559] {base.py:68} INFO - Using connection ID 'postgres_default' for task execution.
[2022-12-12 18:42:41,730] {python.py:173} INFO - Done. Returned value was: None
[2022-12-12 18:42:41,867] {taskinstance.py:1400} INFO - Marking task as SUCCESS. dag_id=prepare_data, task_id=get_last_id, execution_date=20221128T195000, start_date=20221212T184240, end_date=20221212T184241
[2022-12-12 18:42:41,939] {local_task_job.py:156} INFO - Task exited with return code 0
[2022-12-12 18:42:42,149] {local_task_job.py:273} INFO - 0 downstream tasks scheduled from follow-on schedule check
