[2022-12-12 18:43:01,193] {taskinstance.py:1159} INFO - Dependencies all met for <TaskInstance: prepare_data.transfer_data scheduled__2022-11-28T19:57:00+00:00 [queued]>
[2022-12-12 18:43:01,545] {taskinstance.py:1159} INFO - Dependencies all met for <TaskInstance: prepare_data.transfer_data scheduled__2022-11-28T19:57:00+00:00 [queued]>
[2022-12-12 18:43:01,609] {taskinstance.py:1356} INFO - 
--------------------------------------------------------------------------------
[2022-12-12 18:43:01,623] {taskinstance.py:1357} INFO - Starting attempt 1 of 1
[2022-12-12 18:43:01,625] {taskinstance.py:1358} INFO - 
--------------------------------------------------------------------------------
[2022-12-12 18:43:02,003] {taskinstance.py:1377} INFO - Executing <Task(PythonOperator): transfer_data> on 2022-11-28 19:57:00+00:00
[2022-12-12 18:43:02,028] {standard_task_runner.py:52} INFO - Started process 1463 to run task
[2022-12-12 18:43:02,073] {standard_task_runner.py:79} INFO - Running: ['airflow', 'tasks', 'run', 'prepare_data', 'transfer_data', 'scheduled__2022-11-28T19:57:00+00:00', '--job-id', '608', '--raw', '--subdir', 'DAGS_FOLDER/prepare_data.py', '--cfg-path', '/tmp/tmpl92hb8d_', '--error-file', '/tmp/tmp1mqbvfc8']
[2022-12-12 18:43:02,118] {standard_task_runner.py:80} INFO - Job 608: Subtask transfer_data
[2022-12-12 18:43:02,558] {task_command.py:369} INFO - Running <TaskInstance: prepare_data.transfer_data scheduled__2022-11-28T19:57:00+00:00 [running]> on host cfea470654c7
[2022-12-12 18:43:03,689] {taskinstance.py:1571} INFO - Exporting the following env vars:
AIRFLOW_CTX_DAG_OWNER=airflow
AIRFLOW_CTX_DAG_ID=prepare_data
AIRFLOW_CTX_TASK_ID=transfer_data
AIRFLOW_CTX_EXECUTION_DATE=2022-11-28T19:57:00+00:00
AIRFLOW_CTX_TRY_NUMBER=1
AIRFLOW_CTX_DAG_RUN_ID=scheduled__2022-11-28T19:57:00+00:00
[2022-12-12 18:43:03,753] {base.py:68} INFO - Using connection ID 'postgres_default' for task execution.
[2022-12-12 18:43:03,879] {python.py:173} INFO - Done. Returned value was: None
[2022-12-12 18:43:03,992] {taskinstance.py:1400} INFO - Marking task as SUCCESS. dag_id=prepare_data, task_id=transfer_data, execution_date=20221128T195700, start_date=20221212T184301, end_date=20221212T184303
[2022-12-12 18:43:04,196] {local_task_job.py:156} INFO - Task exited with return code 0
[2022-12-12 18:43:04,798] {local_task_job.py:273} INFO - 0 downstream tasks scheduled from follow-on schedule check
