[2022-12-16 07:52:26,359] {taskinstance.py:1159} INFO - Dependencies all met for <TaskInstance: prepare_data.get_last_id scheduled__2022-12-15T16:51:00+00:00 [queued]>
[2022-12-16 07:52:28,059] {taskinstance.py:1159} INFO - Dependencies all met for <TaskInstance: prepare_data.get_last_id scheduled__2022-12-15T16:51:00+00:00 [queued]>
[2022-12-16 07:52:28,060] {taskinstance.py:1356} INFO - 
--------------------------------------------------------------------------------
[2022-12-16 07:52:28,060] {taskinstance.py:1357} INFO - Starting attempt 1 of 1
[2022-12-16 07:52:28,060] {taskinstance.py:1358} INFO - 
--------------------------------------------------------------------------------
[2022-12-16 07:52:30,149] {taskinstance.py:1377} INFO - Executing <Task(PythonOperator): get_last_id> on 2022-12-15 16:51:00+00:00
[2022-12-16 07:52:30,444] {standard_task_runner.py:52} INFO - Started process 16563 to run task
[2022-12-16 07:52:31,083] {standard_task_runner.py:79} INFO - Running: ['airflow', 'tasks', 'run', 'prepare_data', 'get_last_id', 'scheduled__2022-12-15T16:51:00+00:00', '--job-id', '18', '--raw', '--subdir', 'DAGS_FOLDER/prepare_data.py', '--cfg-path', '/tmp/tmpn5458yjn', '--error-file', '/tmp/tmpehwbl15e']
[2022-12-16 07:52:31,350] {standard_task_runner.py:80} INFO - Job 18: Subtask get_last_id
[2022-12-16 07:52:42,878] {task_command.py:369} INFO - Running <TaskInstance: prepare_data.get_last_id scheduled__2022-12-15T16:51:00+00:00 [running]> on host 8e2f65ec4c74
[2022-12-16 07:53:04,525] {taskinstance.py:1571} INFO - Exporting the following env vars:
AIRFLOW_CTX_DAG_OWNER=airflow
AIRFLOW_CTX_DAG_ID=prepare_data
AIRFLOW_CTX_TASK_ID=get_last_id
AIRFLOW_CTX_EXECUTION_DATE=2022-12-15T16:51:00+00:00
AIRFLOW_CTX_TRY_NUMBER=1
AIRFLOW_CTX_DAG_RUN_ID=scheduled__2022-12-15T16:51:00+00:00
[2022-12-16 07:53:17,127] {base.py:68} INFO - Using connection ID 'gp_conn' for task execution.
[2022-12-16 07:53:26,226] {python.py:173} INFO - Done. Returned value was: None
[2022-12-16 07:53:29,730] {taskinstance.py:1400} INFO - Marking task as SUCCESS. dag_id=prepare_data, task_id=get_last_id, execution_date=20221215T165100, start_date=20221216T075226, end_date=20221216T075329
[2022-12-16 07:53:31,195] {local_task_job.py:221} WARNING - State of this instance has been externally set to None. Terminating instance.
[2022-12-16 07:53:32,546] {process_utils.py:129} INFO - Sending Signals.SIGTERM to group 16563. PIDs of all processes in the group: [16563]
[2022-12-16 07:53:32,661] {process_utils.py:80} INFO - Sending the signal Signals.SIGTERM to group 16563
[2022-12-16 07:53:33,012] {process_utils.py:75} INFO - Process psutil.Process(pid=16563, status='terminated', exitcode=0, started='07:52:29') (16563) terminated with exit code 0
