[2022-12-12 18:42:56,486] {taskinstance.py:1159} INFO - Dependencies all met for <TaskInstance: prepare_data.get_last_id scheduled__2022-11-28T20:01:00+00:00 [queued]>
[2022-12-12 18:42:57,252] {taskinstance.py:1159} INFO - Dependencies all met for <TaskInstance: prepare_data.get_last_id scheduled__2022-11-28T20:01:00+00:00 [queued]>
[2022-12-12 18:42:57,259] {taskinstance.py:1356} INFO - 
--------------------------------------------------------------------------------
[2022-12-12 18:42:57,268] {taskinstance.py:1357} INFO - Starting attempt 1 of 1
[2022-12-12 18:42:57,271] {taskinstance.py:1358} INFO - 
--------------------------------------------------------------------------------
[2022-12-12 18:42:57,703] {taskinstance.py:1377} INFO - Executing <Task(PythonOperator): get_last_id> on 2022-11-28 20:01:00+00:00
[2022-12-12 18:42:57,760] {standard_task_runner.py:52} INFO - Started process 1447 to run task
[2022-12-12 18:42:57,885] {standard_task_runner.py:79} INFO - Running: ['airflow', 'tasks', 'run', 'prepare_data', 'get_last_id', 'scheduled__2022-11-28T20:01:00+00:00', '--job-id', '599', '--raw', '--subdir', 'DAGS_FOLDER/prepare_data.py', '--cfg-path', '/tmp/tmpbxs976d8', '--error-file', '/tmp/tmppc3raidb']
[2022-12-12 18:42:57,900] {standard_task_runner.py:80} INFO - Job 599: Subtask get_last_id
[2022-12-12 18:42:58,388] {task_command.py:369} INFO - Running <TaskInstance: prepare_data.get_last_id scheduled__2022-11-28T20:01:00+00:00 [running]> on host cfea470654c7
[2022-12-12 18:42:59,264] {taskinstance.py:1571} INFO - Exporting the following env vars:
AIRFLOW_CTX_DAG_OWNER=airflow
AIRFLOW_CTX_DAG_ID=prepare_data
AIRFLOW_CTX_TASK_ID=get_last_id
AIRFLOW_CTX_EXECUTION_DATE=2022-11-28T20:01:00+00:00
AIRFLOW_CTX_TRY_NUMBER=1
AIRFLOW_CTX_DAG_RUN_ID=scheduled__2022-11-28T20:01:00+00:00
[2022-12-12 18:42:59,531] {base.py:68} INFO - Using connection ID 'postgres_default' for task execution.
[2022-12-12 18:42:59,787] {python.py:173} INFO - Done. Returned value was: None
[2022-12-12 18:43:00,106] {taskinstance.py:1400} INFO - Marking task as SUCCESS. dag_id=prepare_data, task_id=get_last_id, execution_date=20221128T200100, start_date=20221212T184256, end_date=20221212T184300
[2022-12-12 18:43:00,260] {local_task_job.py:156} INFO - Task exited with return code 0
[2022-12-12 18:43:01,383] {local_task_job.py:273} INFO - 1 downstream tasks scheduled from follow-on schedule check
