[2022-12-16 13:04:51,924] {taskinstance.py:1159} INFO - Dependencies all met for <TaskInstance: prepare_data.create_table scheduled__2022-12-16T12:28:00+00:00 [queued]>
[2022-12-16 13:04:51,935] {taskinstance.py:1159} INFO - Dependencies all met for <TaskInstance: prepare_data.create_table scheduled__2022-12-16T12:28:00+00:00 [queued]>
[2022-12-16 13:04:51,935] {taskinstance.py:1356} INFO - 
--------------------------------------------------------------------------------
[2022-12-16 13:04:51,935] {taskinstance.py:1357} INFO - Starting attempt 1 of 1
[2022-12-16 13:04:51,935] {taskinstance.py:1358} INFO - 
--------------------------------------------------------------------------------
[2022-12-16 13:04:51,953] {taskinstance.py:1377} INFO - Executing <Task(PostgresOperator): create_table> on 2022-12-16 12:28:00+00:00
[2022-12-16 13:04:51,958] {standard_task_runner.py:52} INFO - Started process 4105 to run task
[2022-12-16 13:04:51,970] {standard_task_runner.py:79} INFO - Running: ['airflow', 'tasks', 'run', 'prepare_data', 'create_table', 'scheduled__2022-12-16T12:28:00+00:00', '--job-id', '2029', '--raw', '--subdir', 'DAGS_FOLDER/prepare_data.py', '--cfg-path', '/tmp/tmpjkilgdur', '--error-file', '/tmp/tmpwsbubpy6']
[2022-12-16 13:04:51,972] {standard_task_runner.py:80} INFO - Job 2029: Subtask create_table
[2022-12-16 13:04:52,050] {task_command.py:369} INFO - Running <TaskInstance: prepare_data.create_table scheduled__2022-12-16T12:28:00+00:00 [running]> on host 8e2f65ec4c74
[2022-12-16 13:04:52,156] {taskinstance.py:1571} INFO - Exporting the following env vars:
AIRFLOW_CTX_DAG_OWNER=airflow
AIRFLOW_CTX_DAG_ID=prepare_data
AIRFLOW_CTX_TASK_ID=create_table
AIRFLOW_CTX_EXECUTION_DATE=2022-12-16T12:28:00+00:00
AIRFLOW_CTX_TRY_NUMBER=1
AIRFLOW_CTX_DAG_RUN_ID=scheduled__2022-12-16T12:28:00+00:00
[2022-12-16 13:04:52,172] {base.py:68} INFO - Using connection ID 'gp_conn' for task execution.
[2022-12-16 13:04:52,179] {dbapi.py:208} INFO - Running statement: CREATE TABLE IF NOT EXISTS prepared_data (
	id SERIAL,
	sensor_id BIGINT,
	longitude FLOAT,
	latitude FLOAT,
	controller_id BIGINT,
	datetime TIMESTAMP WITH TIME ZONE,
	temperature INTEGER
);, parameters: None
[2022-12-16 13:04:52,180] {postgres.py:94} INFO - NOTICE:  relation "prepared_data" already exists, skipping

[2022-12-16 13:04:52,201] {taskinstance.py:1400} INFO - Marking task as SUCCESS. dag_id=prepare_data, task_id=create_table, execution_date=20221216T122800, start_date=20221216T130451, end_date=20221216T130452
[2022-12-16 13:04:52,225] {local_task_job.py:156} INFO - Task exited with return code 0
[2022-12-16 13:04:52,281] {local_task_job.py:273} INFO - 1 downstream tasks scheduled from follow-on schedule check
