[2022-12-16 13:03:23,104] {taskinstance.py:1159} INFO - Dependencies all met for <TaskInstance: prepare_data.transfer_data scheduled__2022-12-16T11:47:00+00:00 [queued]>
[2022-12-16 13:03:23,232] {taskinstance.py:1159} INFO - Dependencies all met for <TaskInstance: prepare_data.transfer_data scheduled__2022-12-16T11:47:00+00:00 [queued]>
[2022-12-16 13:03:23,232] {taskinstance.py:1356} INFO - 
--------------------------------------------------------------------------------
[2022-12-16 13:03:23,232] {taskinstance.py:1357} INFO - Starting attempt 1 of 1
[2022-12-16 13:03:23,232] {taskinstance.py:1358} INFO - 
--------------------------------------------------------------------------------
[2022-12-16 13:03:23,543] {taskinstance.py:1377} INFO - Executing <Task(PythonOperator): transfer_data> on 2022-12-16 11:47:00+00:00
[2022-12-16 13:03:23,594] {standard_task_runner.py:52} INFO - Started process 3876 to run task
[2022-12-16 13:03:23,662] {standard_task_runner.py:79} INFO - Running: ['airflow', 'tasks', 'run', 'prepare_data', 'transfer_data', 'scheduled__2022-12-16T11:47:00+00:00', '--job-id', '1918', '--raw', '--subdir', 'DAGS_FOLDER/prepare_data.py', '--cfg-path', '/tmp/tmplb8hc9jk', '--error-file', '/tmp/tmpbsig1t4f']
[2022-12-16 13:03:23,663] {standard_task_runner.py:80} INFO - Job 1918: Subtask transfer_data
[2022-12-16 13:03:24,592] {task_command.py:369} INFO - Running <TaskInstance: prepare_data.transfer_data scheduled__2022-12-16T11:47:00+00:00 [running]> on host 8e2f65ec4c74
[2022-12-16 13:03:25,526] {taskinstance.py:1571} INFO - Exporting the following env vars:
AIRFLOW_CTX_DAG_OWNER=airflow
AIRFLOW_CTX_DAG_ID=prepare_data
AIRFLOW_CTX_TASK_ID=transfer_data
AIRFLOW_CTX_EXECUTION_DATE=2022-12-16T11:47:00+00:00
AIRFLOW_CTX_TRY_NUMBER=1
AIRFLOW_CTX_DAG_RUN_ID=scheduled__2022-12-16T11:47:00+00:00
[2022-12-16 13:03:25,686] {base.py:68} INFO - Using connection ID 'gp_conn' for task execution.
[2022-12-16 13:03:25,981] {python.py:173} INFO - Done. Returned value was: None
[2022-12-16 13:03:26,638] {taskinstance.py:1400} INFO - Marking task as SUCCESS. dag_id=prepare_data, task_id=transfer_data, execution_date=20221216T114700, start_date=20221216T130323, end_date=20221216T130326
[2022-12-16 13:03:26,868] {local_task_job.py:156} INFO - Task exited with return code 0
[2022-12-16 13:03:27,268] {local_task_job.py:273} INFO - 0 downstream tasks scheduled from follow-on schedule check
