[2022-12-12 18:40:27,228] {taskinstance.py:1159} INFO - Dependencies all met for <TaskInstance: prepare_data.get_last_id scheduled__2022-11-28T18:05:00+00:00 [queued]>
[2022-12-12 18:40:27,333] {taskinstance.py:1159} INFO - Dependencies all met for <TaskInstance: prepare_data.get_last_id scheduled__2022-11-28T18:05:00+00:00 [queued]>
[2022-12-12 18:40:27,335] {taskinstance.py:1356} INFO - 
--------------------------------------------------------------------------------
[2022-12-12 18:40:27,337] {taskinstance.py:1357} INFO - Starting attempt 1 of 1
[2022-12-12 18:40:27,338] {taskinstance.py:1358} INFO - 
--------------------------------------------------------------------------------
[2022-12-12 18:40:27,444] {taskinstance.py:1377} INFO - Executing <Task(PythonOperator): get_last_id> on 2022-11-28 18:05:00+00:00
[2022-12-12 18:40:27,451] {standard_task_runner.py:52} INFO - Started process 732 to run task
[2022-12-12 18:40:27,477] {standard_task_runner.py:79} INFO - Running: ['airflow', 'tasks', 'run', 'prepare_data', 'get_last_id', 'scheduled__2022-11-28T18:05:00+00:00', '--job-id', '258', '--raw', '--subdir', 'DAGS_FOLDER/prepare_data.py', '--cfg-path', '/tmp/tmpeuf7kyiu', '--error-file', '/tmp/tmppcvj3b1n']
[2022-12-12 18:40:27,504] {standard_task_runner.py:80} INFO - Job 258: Subtask get_last_id
[2022-12-12 18:40:27,830] {task_command.py:369} INFO - Running <TaskInstance: prepare_data.get_last_id scheduled__2022-11-28T18:05:00+00:00 [running]> on host cfea470654c7
[2022-12-12 18:40:28,480] {taskinstance.py:1571} INFO - Exporting the following env vars:
AIRFLOW_CTX_DAG_OWNER=airflow
AIRFLOW_CTX_DAG_ID=prepare_data
AIRFLOW_CTX_TASK_ID=get_last_id
AIRFLOW_CTX_EXECUTION_DATE=2022-11-28T18:05:00+00:00
AIRFLOW_CTX_TRY_NUMBER=1
AIRFLOW_CTX_DAG_RUN_ID=scheduled__2022-11-28T18:05:00+00:00
[2022-12-12 18:40:28,548] {base.py:68} INFO - Using connection ID 'postgres_default' for task execution.
[2022-12-12 18:40:28,634] {python.py:173} INFO - Done. Returned value was: None
[2022-12-12 18:40:28,702] {taskinstance.py:1400} INFO - Marking task as SUCCESS. dag_id=prepare_data, task_id=get_last_id, execution_date=20221128T180500, start_date=20221212T184027, end_date=20221212T184028
[2022-12-12 18:40:28,899] {local_task_job.py:156} INFO - Task exited with return code 0
[2022-12-12 18:40:29,189] {local_task_job.py:273} INFO - 1 downstream tasks scheduled from follow-on schedule check
