[2022-12-12 18:42:40,616] {taskinstance.py:1159} INFO - Dependencies all met for <TaskInstance: prepare_data.transfer_data scheduled__2022-11-28T19:45:00+00:00 [queued]>
[2022-12-12 18:42:40,660] {taskinstance.py:1159} INFO - Dependencies all met for <TaskInstance: prepare_data.transfer_data scheduled__2022-11-28T19:45:00+00:00 [queued]>
[2022-12-12 18:42:40,661] {taskinstance.py:1356} INFO - 
--------------------------------------------------------------------------------
[2022-12-12 18:42:40,663] {taskinstance.py:1357} INFO - Starting attempt 1 of 1
[2022-12-12 18:42:40,664] {taskinstance.py:1358} INFO - 
--------------------------------------------------------------------------------
[2022-12-12 18:42:40,753] {taskinstance.py:1377} INFO - Executing <Task(PythonOperator): transfer_data> on 2022-11-28 19:45:00+00:00
[2022-12-12 18:42:40,766] {standard_task_runner.py:52} INFO - Started process 1382 to run task
[2022-12-12 18:42:40,791] {standard_task_runner.py:79} INFO - Running: ['airflow', 'tasks', 'run', 'prepare_data', 'transfer_data', 'scheduled__2022-11-28T19:45:00+00:00', '--job-id', '572', '--raw', '--subdir', 'DAGS_FOLDER/prepare_data.py', '--cfg-path', '/tmp/tmpwk6bfj4_', '--error-file', '/tmp/tmpudm8hn9v']
[2022-12-12 18:42:40,798] {standard_task_runner.py:80} INFO - Job 572: Subtask transfer_data
[2022-12-12 18:42:41,090] {task_command.py:369} INFO - Running <TaskInstance: prepare_data.transfer_data scheduled__2022-11-28T19:45:00+00:00 [running]> on host cfea470654c7
[2022-12-12 18:42:41,375] {taskinstance.py:1571} INFO - Exporting the following env vars:
AIRFLOW_CTX_DAG_OWNER=airflow
AIRFLOW_CTX_DAG_ID=prepare_data
AIRFLOW_CTX_TASK_ID=transfer_data
AIRFLOW_CTX_EXECUTION_DATE=2022-11-28T19:45:00+00:00
AIRFLOW_CTX_TRY_NUMBER=1
AIRFLOW_CTX_DAG_RUN_ID=scheduled__2022-11-28T19:45:00+00:00
[2022-12-12 18:42:41,414] {base.py:68} INFO - Using connection ID 'postgres_default' for task execution.
[2022-12-12 18:42:41,573] {python.py:173} INFO - Done. Returned value was: None
[2022-12-12 18:42:41,662] {taskinstance.py:1400} INFO - Marking task as SUCCESS. dag_id=prepare_data, task_id=transfer_data, execution_date=20221128T194500, start_date=20221212T184240, end_date=20221212T184241
[2022-12-12 18:42:41,745] {local_task_job.py:156} INFO - Task exited with return code 0
[2022-12-12 18:42:41,918] {local_task_job.py:273} INFO - 0 downstream tasks scheduled from follow-on schedule check
