[2022-12-12 18:39:34,693] {taskinstance.py:1159} INFO - Dependencies all met for <TaskInstance: prepare_data.transfer_data scheduled__2022-11-28T17:20:00+00:00 [queued]>
[2022-12-12 18:39:34,738] {taskinstance.py:1159} INFO - Dependencies all met for <TaskInstance: prepare_data.transfer_data scheduled__2022-11-28T17:20:00+00:00 [queued]>
[2022-12-12 18:39:34,743] {taskinstance.py:1356} INFO - 
--------------------------------------------------------------------------------
[2022-12-12 18:39:34,756] {taskinstance.py:1357} INFO - Starting attempt 1 of 1
[2022-12-12 18:39:34,760] {taskinstance.py:1358} INFO - 
--------------------------------------------------------------------------------
[2022-12-12 18:39:34,826] {taskinstance.py:1377} INFO - Executing <Task(PythonOperator): transfer_data> on 2022-11-28 17:20:00+00:00
[2022-12-12 18:39:34,848] {standard_task_runner.py:52} INFO - Started process 484 to run task
[2022-12-12 18:39:34,874] {standard_task_runner.py:79} INFO - Running: ['airflow', 'tasks', 'run', 'prepare_data', 'transfer_data', 'scheduled__2022-11-28T17:20:00+00:00', '--job-id', '138', '--raw', '--subdir', 'DAGS_FOLDER/prepare_data.py', '--cfg-path', '/tmp/tmpuzkrm939', '--error-file', '/tmp/tmp2wc3mbjz']
[2022-12-12 18:39:34,879] {standard_task_runner.py:80} INFO - Job 138: Subtask transfer_data
[2022-12-12 18:39:35,340] {task_command.py:369} INFO - Running <TaskInstance: prepare_data.transfer_data scheduled__2022-11-28T17:20:00+00:00 [running]> on host cfea470654c7
[2022-12-12 18:39:35,621] {taskinstance.py:1571} INFO - Exporting the following env vars:
AIRFLOW_CTX_DAG_OWNER=airflow
AIRFLOW_CTX_DAG_ID=prepare_data
AIRFLOW_CTX_TASK_ID=transfer_data
AIRFLOW_CTX_EXECUTION_DATE=2022-11-28T17:20:00+00:00
AIRFLOW_CTX_TRY_NUMBER=1
AIRFLOW_CTX_DAG_RUN_ID=scheduled__2022-11-28T17:20:00+00:00
[2022-12-12 18:39:35,681] {base.py:68} INFO - Using connection ID 'postgres_default' for task execution.
[2022-12-12 18:39:35,744] {python.py:173} INFO - Done. Returned value was: None
[2022-12-12 18:39:35,811] {taskinstance.py:1400} INFO - Marking task as SUCCESS. dag_id=prepare_data, task_id=transfer_data, execution_date=20221128T172000, start_date=20221212T183934, end_date=20221212T183935
[2022-12-12 18:39:35,877] {local_task_job.py:156} INFO - Task exited with return code 0
[2022-12-12 18:39:36,092] {local_task_job.py:273} INFO - 0 downstream tasks scheduled from follow-on schedule check
