[2022-12-16 10:33:16,752] {taskinstance.py:1159} INFO - Dependencies all met for <TaskInstance: prepare_data.get_last_id scheduled__2022-12-15T19:25:00+00:00 [queued]>
[2022-12-16 10:33:16,994] {taskinstance.py:1159} INFO - Dependencies all met for <TaskInstance: prepare_data.get_last_id scheduled__2022-12-15T19:25:00+00:00 [queued]>
[2022-12-16 10:33:16,995] {taskinstance.py:1356} INFO - 
--------------------------------------------------------------------------------
[2022-12-16 10:33:17,003] {taskinstance.py:1357} INFO - Starting attempt 1 of 1
[2022-12-16 10:33:17,004] {taskinstance.py:1358} INFO - 
--------------------------------------------------------------------------------
[2022-12-16 10:33:17,339] {taskinstance.py:1377} INFO - Executing <Task(PythonOperator): get_last_id> on 2022-12-15 19:25:00+00:00
[2022-12-16 10:33:17,342] {standard_task_runner.py:52} INFO - Started process 736 to run task
[2022-12-16 10:33:17,489] {standard_task_runner.py:79} INFO - Running: ['airflow', 'tasks', 'run', 'prepare_data', 'get_last_id', 'scheduled__2022-12-15T19:25:00+00:00', '--job-id', '504', '--raw', '--subdir', 'DAGS_FOLDER/prepare_data.py', '--cfg-path', '/tmp/tmpa9qyrk79', '--error-file', '/tmp/tmp4ybssqf0']
[2022-12-16 10:33:17,490] {standard_task_runner.py:80} INFO - Job 504: Subtask get_last_id
[2022-12-16 10:33:19,145] {task_command.py:369} INFO - Running <TaskInstance: prepare_data.get_last_id scheduled__2022-12-15T19:25:00+00:00 [running]> on host 8e2f65ec4c74
[2022-12-16 10:33:23,040] {taskinstance.py:1571} INFO - Exporting the following env vars:
AIRFLOW_CTX_DAG_OWNER=airflow
AIRFLOW_CTX_DAG_ID=prepare_data
AIRFLOW_CTX_TASK_ID=get_last_id
AIRFLOW_CTX_EXECUTION_DATE=2022-12-15T19:25:00+00:00
AIRFLOW_CTX_TRY_NUMBER=1
AIRFLOW_CTX_DAG_RUN_ID=scheduled__2022-12-15T19:25:00+00:00
[2022-12-16 10:33:23,690] {base.py:68} INFO - Using connection ID 'gp_conn' for task execution.
[2022-12-16 10:33:24,385] {python.py:173} INFO - Done. Returned value was: None
[2022-12-16 10:33:24,722] {taskinstance.py:1400} INFO - Marking task as SUCCESS. dag_id=prepare_data, task_id=get_last_id, execution_date=20221215T192500, start_date=20221216T103316, end_date=20221216T103324
[2022-12-16 10:33:25,484] {local_task_job.py:156} INFO - Task exited with return code 0
[2022-12-16 10:33:29,527] {local_task_job.py:273} INFO - 0 downstream tasks scheduled from follow-on schedule check
