[2022-12-16 11:01:01,893] {taskinstance.py:1159} INFO - Dependencies all met for <TaskInstance: prepare_data.get_last_id scheduled__2022-12-16T01:16:00+00:00 [queued]>
[2022-12-16 11:01:02,401] {taskinstance.py:1159} INFO - Dependencies all met for <TaskInstance: prepare_data.get_last_id scheduled__2022-12-16T01:16:00+00:00 [queued]>
[2022-12-16 11:01:02,402] {taskinstance.py:1356} INFO - 
--------------------------------------------------------------------------------
[2022-12-16 11:01:02,402] {taskinstance.py:1357} INFO - Starting attempt 1 of 1
[2022-12-16 11:01:02,402] {taskinstance.py:1358} INFO - 
--------------------------------------------------------------------------------
[2022-12-16 11:01:03,283] {taskinstance.py:1377} INFO - Executing <Task(PythonOperator): get_last_id> on 2022-12-16 01:16:00+00:00
[2022-12-16 11:01:03,368] {standard_task_runner.py:52} INFO - Started process 3119 to run task
[2022-12-16 11:01:03,430] {standard_task_runner.py:79} INFO - Running: ['airflow', 'tasks', 'run', 'prepare_data', 'get_last_id', 'scheduled__2022-12-16T01:16:00+00:00', '--job-id', '1572', '--raw', '--subdir', 'DAGS_FOLDER/prepare_data.py', '--cfg-path', '/tmp/tmpmk6qtvg6', '--error-file', '/tmp/tmpnk0e6utv']
[2022-12-16 11:01:03,476] {standard_task_runner.py:80} INFO - Job 1572: Subtask get_last_id
[2022-12-16 11:01:05,318] {task_command.py:369} INFO - Running <TaskInstance: prepare_data.get_last_id scheduled__2022-12-16T01:16:00+00:00 [running]> on host 8e2f65ec4c74
[2022-12-16 11:01:07,790] {taskinstance.py:1571} INFO - Exporting the following env vars:
AIRFLOW_CTX_DAG_OWNER=airflow
AIRFLOW_CTX_DAG_ID=prepare_data
AIRFLOW_CTX_TASK_ID=get_last_id
AIRFLOW_CTX_EXECUTION_DATE=2022-12-16T01:16:00+00:00
AIRFLOW_CTX_TRY_NUMBER=1
AIRFLOW_CTX_DAG_RUN_ID=scheduled__2022-12-16T01:16:00+00:00
[2022-12-16 11:01:07,995] {base.py:68} INFO - Using connection ID 'gp_conn' for task execution.
[2022-12-16 11:01:08,460] {python.py:173} INFO - Done. Returned value was: None
[2022-12-16 11:01:08,793] {taskinstance.py:1400} INFO - Marking task as SUCCESS. dag_id=prepare_data, task_id=get_last_id, execution_date=20221216T011600, start_date=20221216T110101, end_date=20221216T110108
[2022-12-16 11:01:09,070] {local_task_job.py:221} WARNING - State of this instance has been externally set to success. Terminating instance.
[2022-12-16 11:01:09,109] {process_utils.py:129} INFO - Sending Signals.SIGTERM to group 3119. PIDs of all processes in the group: [3119]
[2022-12-16 11:01:09,109] {process_utils.py:80} INFO - Sending the signal Signals.SIGTERM to group 3119
[2022-12-16 11:01:09,109] {process_utils.py:75} INFO - Process psutil.Process(pid=3119, status='terminated', exitcode=0, started='11:01:03') (3119) terminated with exit code 0
