[2022-12-16 11:04:12,698] {taskinstance.py:1159} INFO - Dependencies all met for <TaskInstance: prepare_data.create_table scheduled__2022-12-16T02:14:00+00:00 [queued]>
[2022-12-16 11:04:12,937] {taskinstance.py:1159} INFO - Dependencies all met for <TaskInstance: prepare_data.create_table scheduled__2022-12-16T02:14:00+00:00 [queued]>
[2022-12-16 11:04:12,937] {taskinstance.py:1356} INFO - 
--------------------------------------------------------------------------------
[2022-12-16 11:04:12,937] {taskinstance.py:1357} INFO - Starting attempt 1 of 1
[2022-12-16 11:04:12,937] {taskinstance.py:1358} INFO - 
--------------------------------------------------------------------------------
[2022-12-16 11:04:13,144] {taskinstance.py:1377} INFO - Executing <Task(PostgresOperator): create_table> on 2022-12-16 02:14:00+00:00
[2022-12-16 11:04:13,188] {standard_task_runner.py:52} INFO - Started process 3494 to run task
[2022-12-16 11:04:13,215] {standard_task_runner.py:79} INFO - Running: ['airflow', 'tasks', 'run', 'prepare_data', 'create_table', 'scheduled__2022-12-16T02:14:00+00:00', '--job-id', '1746', '--raw', '--subdir', 'DAGS_FOLDER/prepare_data.py', '--cfg-path', '/tmp/tmp2abezgi8', '--error-file', '/tmp/tmpjg4fuj1_']
[2022-12-16 11:04:13,257] {standard_task_runner.py:80} INFO - Job 1746: Subtask create_table
[2022-12-16 11:04:13,940] {task_command.py:369} INFO - Running <TaskInstance: prepare_data.create_table scheduled__2022-12-16T02:14:00+00:00 [running]> on host 8e2f65ec4c74
[2022-12-16 11:04:15,024] {taskinstance.py:1571} INFO - Exporting the following env vars:
AIRFLOW_CTX_DAG_OWNER=airflow
AIRFLOW_CTX_DAG_ID=prepare_data
AIRFLOW_CTX_TASK_ID=create_table
AIRFLOW_CTX_EXECUTION_DATE=2022-12-16T02:14:00+00:00
AIRFLOW_CTX_TRY_NUMBER=1
AIRFLOW_CTX_DAG_RUN_ID=scheduled__2022-12-16T02:14:00+00:00
[2022-12-16 11:04:15,106] {base.py:68} INFO - Using connection ID 'gp_conn' for task execution.
[2022-12-16 11:04:15,128] {dbapi.py:208} INFO - Running statement: CREATE TABLE IF NOT EXISTS prepared_data (
	id SERIAL,
	sensor_id BIGINT,
	longitude FLOAT,
	latitude FLOAT,
	controller_id BIGINT,
	datetime TIMESTAMP WITH TIME ZONE,
	temperature INTEGER
);, parameters: None
[2022-12-16 11:04:15,143] {postgres.py:94} INFO - NOTICE:  relation "prepared_data" already exists, skipping

[2022-12-16 11:04:15,597] {taskinstance.py:1400} INFO - Marking task as SUCCESS. dag_id=prepare_data, task_id=create_table, execution_date=20221216T021400, start_date=20221216T110412, end_date=20221216T110415
[2022-12-16 11:04:15,738] {local_task_job.py:156} INFO - Task exited with return code 0
[2022-12-16 11:04:16,219] {local_task_job.py:273} INFO - 1 downstream tasks scheduled from follow-on schedule check
