[2022-12-12 18:25:57,491] {taskinstance.py:1159} INFO - Dependencies all met for <TaskInstance: prepare_data.create_table scheduled__2022-11-28T17:18:00+00:00 [queued]>
[2022-12-12 18:25:57,742] {taskinstance.py:1159} INFO - Dependencies all met for <TaskInstance: prepare_data.create_table scheduled__2022-11-28T17:18:00+00:00 [queued]>
[2022-12-12 18:25:57,745] {taskinstance.py:1356} INFO - 
--------------------------------------------------------------------------------
[2022-12-12 18:25:57,804] {taskinstance.py:1357} INFO - Starting attempt 1 of 1
[2022-12-12 18:25:57,817] {taskinstance.py:1358} INFO - 
--------------------------------------------------------------------------------
[2022-12-12 18:25:58,075] {taskinstance.py:1377} INFO - Executing <Task(PostgresOperator): create_table> on 2022-11-28 17:18:00+00:00
[2022-12-12 18:25:58,104] {standard_task_runner.py:52} INFO - Started process 444 to run task
[2022-12-12 18:25:58,257] {standard_task_runner.py:79} INFO - Running: ['airflow', 'tasks', 'run', 'prepare_data', 'create_table', 'scheduled__2022-11-28T17:18:00+00:00', '--job-id', '117', '--raw', '--subdir', 'DAGS_FOLDER/prepare_data.py', '--cfg-path', '/tmp/tmp3cgawc_l', '--error-file', '/tmp/tmpiqg6utpj']
[2022-12-12 18:25:58,283] {standard_task_runner.py:80} INFO - Job 117: Subtask create_table
[2022-12-12 18:25:58,781] {task_command.py:369} INFO - Running <TaskInstance: prepare_data.create_table scheduled__2022-11-28T17:18:00+00:00 [running]> on host a49e44ee4a94
[2022-12-12 18:25:59,150] {taskinstance.py:1571} INFO - Exporting the following env vars:
AIRFLOW_CTX_DAG_OWNER=airflow
AIRFLOW_CTX_DAG_ID=prepare_data
AIRFLOW_CTX_TASK_ID=create_table
AIRFLOW_CTX_EXECUTION_DATE=2022-11-28T17:18:00+00:00
AIRFLOW_CTX_TRY_NUMBER=1
AIRFLOW_CTX_DAG_RUN_ID=scheduled__2022-11-28T17:18:00+00:00
[2022-12-12 18:25:59,188] {base.py:68} INFO - Using connection ID 'postgres_default' for task execution.
[2022-12-12 18:25:59,203] {dbapi.py:208} INFO - Running statement: CREATE TABLE IF NOT EXISTS prepared_data (
	id SERIAL,
	sensor_id BIGINT,
	longitude FLOAT,
	latitude FLOAT,
	controller_id BIGINT,
	datetime TIMESTAMP WITH TIME ZONE,
	temperature INTEGER
);, parameters: None
[2022-12-12 18:25:59,241] {postgres.py:94} INFO - NOTICE:  relation "prepared_data" already exists, skipping

[2022-12-12 18:25:59,439] {taskinstance.py:1400} INFO - Marking task as SUCCESS. dag_id=prepare_data, task_id=create_table, execution_date=20221128T171800, start_date=20221212T182557, end_date=20221212T182559
[2022-12-12 18:25:59,511] {local_task_job.py:156} INFO - Task exited with return code 0
[2022-12-12 18:25:59,666] {local_task_job.py:273} INFO - 1 downstream tasks scheduled from follow-on schedule check
[2022-12-12 18:39:21,442] {taskinstance.py:1159} INFO - Dependencies all met for <TaskInstance: prepare_data.create_table scheduled__2022-11-28T17:18:00+00:00 [queued]>
[2022-12-12 18:39:21,487] {taskinstance.py:1159} INFO - Dependencies all met for <TaskInstance: prepare_data.create_table scheduled__2022-11-28T17:18:00+00:00 [queued]>
[2022-12-12 18:39:21,492] {taskinstance.py:1356} INFO - 
--------------------------------------------------------------------------------
[2022-12-12 18:39:21,498] {taskinstance.py:1357} INFO - Starting attempt 1 of 1
[2022-12-12 18:39:21,502] {taskinstance.py:1358} INFO - 
--------------------------------------------------------------------------------
[2022-12-12 18:39:21,715] {taskinstance.py:1377} INFO - Executing <Task(PostgresOperator): create_table> on 2022-11-28 17:18:00+00:00
[2022-12-12 18:39:21,726] {standard_task_runner.py:52} INFO - Started process 423 to run task
[2022-12-12 18:39:21,762] {standard_task_runner.py:79} INFO - Running: ['airflow', 'tasks', 'run', 'prepare_data', 'create_table', 'scheduled__2022-11-28T17:18:00+00:00', '--job-id', '109', '--raw', '--subdir', 'DAGS_FOLDER/prepare_data.py', '--cfg-path', '/tmp/tmprs5ud_10', '--error-file', '/tmp/tmpiq5j_nsw']
[2022-12-12 18:39:21,766] {standard_task_runner.py:80} INFO - Job 109: Subtask create_table
[2022-12-12 18:39:22,162] {task_command.py:369} INFO - Running <TaskInstance: prepare_data.create_table scheduled__2022-11-28T17:18:00+00:00 [running]> on host cfea470654c7
[2022-12-12 18:39:22,774] {taskinstance.py:1571} INFO - Exporting the following env vars:
AIRFLOW_CTX_DAG_OWNER=airflow
AIRFLOW_CTX_DAG_ID=prepare_data
AIRFLOW_CTX_TASK_ID=create_table
AIRFLOW_CTX_EXECUTION_DATE=2022-11-28T17:18:00+00:00
AIRFLOW_CTX_TRY_NUMBER=1
AIRFLOW_CTX_DAG_RUN_ID=scheduled__2022-11-28T17:18:00+00:00
[2022-12-12 18:39:22,826] {base.py:68} INFO - Using connection ID 'postgres_default' for task execution.
[2022-12-12 18:39:22,838] {dbapi.py:208} INFO - Running statement: CREATE TABLE IF NOT EXISTS prepared_data (
	id SERIAL,
	sensor_id BIGINT,
	longitude FLOAT,
	latitude FLOAT,
	controller_id BIGINT,
	datetime TIMESTAMP WITH TIME ZONE,
	temperature INTEGER
);, parameters: None
[2022-12-12 18:39:22,849] {postgres.py:94} INFO - NOTICE:  relation "prepared_data" already exists, skipping

[2022-12-12 18:39:22,942] {taskinstance.py:1400} INFO - Marking task as SUCCESS. dag_id=prepare_data, task_id=create_table, execution_date=20221128T171800, start_date=20221212T183921, end_date=20221212T183922
[2022-12-12 18:39:23,108] {local_task_job.py:156} INFO - Task exited with return code 0
[2022-12-12 18:39:23,514] {local_task_job.py:273} INFO - 1 downstream tasks scheduled from follow-on schedule check
