[2022-12-12 18:25:11,167] {taskinstance.py:1159} INFO - Dependencies all met for <TaskInstance: prepare_data.get_last_id scheduled__2022-11-28T16:43:00+00:00 [queued]>
[2022-12-12 18:25:11,217] {taskinstance.py:1159} INFO - Dependencies all met for <TaskInstance: prepare_data.get_last_id scheduled__2022-11-28T16:43:00+00:00 [queued]>
[2022-12-12 18:25:11,223] {taskinstance.py:1356} INFO - 
--------------------------------------------------------------------------------
[2022-12-12 18:25:11,227] {taskinstance.py:1357} INFO - Starting attempt 1 of 1
[2022-12-12 18:25:11,229] {taskinstance.py:1358} INFO - 
--------------------------------------------------------------------------------
[2022-12-12 18:25:11,322] {taskinstance.py:1377} INFO - Executing <Task(PythonOperator): get_last_id> on 2022-11-28 16:43:00+00:00
[2022-12-12 18:25:11,330] {standard_task_runner.py:52} INFO - Started process 255 to run task
[2022-12-12 18:25:11,348] {standard_task_runner.py:79} INFO - Running: ['airflow', 'tasks', 'run', 'prepare_data', 'get_last_id', 'scheduled__2022-11-28T16:43:00+00:00', '--job-id', '27', '--raw', '--subdir', 'DAGS_FOLDER/prepare_data.py', '--cfg-path', '/tmp/tmpy74b0ym2', '--error-file', '/tmp/tmp5fwye4qv']
[2022-12-12 18:25:11,377] {standard_task_runner.py:80} INFO - Job 27: Subtask get_last_id
[2022-12-12 18:25:11,656] {task_command.py:369} INFO - Running <TaskInstance: prepare_data.get_last_id scheduled__2022-11-28T16:43:00+00:00 [running]> on host a49e44ee4a94
[2022-12-12 18:25:12,141] {taskinstance.py:1571} INFO - Exporting the following env vars:
AIRFLOW_CTX_DAG_OWNER=airflow
AIRFLOW_CTX_DAG_ID=prepare_data
AIRFLOW_CTX_TASK_ID=get_last_id
AIRFLOW_CTX_EXECUTION_DATE=2022-11-28T16:43:00+00:00
AIRFLOW_CTX_TRY_NUMBER=1
AIRFLOW_CTX_DAG_RUN_ID=scheduled__2022-11-28T16:43:00+00:00
[2022-12-12 18:25:12,296] {base.py:68} INFO - Using connection ID 'postgres_default' for task execution.
[2022-12-12 18:25:12,462] {python.py:173} INFO - Done. Returned value was: None
[2022-12-12 18:25:12,634] {taskinstance.py:1400} INFO - Marking task as SUCCESS. dag_id=prepare_data, task_id=get_last_id, execution_date=20221128T164300, start_date=20221212T182511, end_date=20221212T182512
[2022-12-12 18:25:12,789] {local_task_job.py:156} INFO - Task exited with return code 0
[2022-12-12 18:25:13,026] {local_task_job.py:273} INFO - 1 downstream tasks scheduled from follow-on schedule check
[2022-12-12 18:38:28,746] {taskinstance.py:1159} INFO - Dependencies all met for <TaskInstance: prepare_data.get_last_id scheduled__2022-11-28T16:43:00+00:00 [queued]>
[2022-12-12 18:38:28,831] {taskinstance.py:1159} INFO - Dependencies all met for <TaskInstance: prepare_data.get_last_id scheduled__2022-11-28T16:43:00+00:00 [queued]>
[2022-12-12 18:38:28,834] {taskinstance.py:1356} INFO - 
--------------------------------------------------------------------------------
[2022-12-12 18:38:28,837] {taskinstance.py:1357} INFO - Starting attempt 1 of 1
[2022-12-12 18:38:28,843] {taskinstance.py:1358} INFO - 
--------------------------------------------------------------------------------
[2022-12-12 18:38:28,951] {taskinstance.py:1377} INFO - Executing <Task(PythonOperator): get_last_id> on 2022-11-28 16:43:00+00:00
[2022-12-12 18:38:28,988] {standard_task_runner.py:52} INFO - Started process 234 to run task
[2022-12-12 18:38:29,034] {standard_task_runner.py:79} INFO - Running: ['airflow', 'tasks', 'run', 'prepare_data', 'get_last_id', 'scheduled__2022-11-28T16:43:00+00:00', '--job-id', '20', '--raw', '--subdir', 'DAGS_FOLDER/prepare_data.py', '--cfg-path', '/tmp/tmpgmhl_s2p', '--error-file', '/tmp/tmpounr14p1']
[2022-12-12 18:38:29,045] {standard_task_runner.py:80} INFO - Job 20: Subtask get_last_id
[2022-12-12 18:38:29,777] {task_command.py:369} INFO - Running <TaskInstance: prepare_data.get_last_id scheduled__2022-11-28T16:43:00+00:00 [running]> on host cfea470654c7
[2022-12-12 18:38:30,773] {taskinstance.py:1571} INFO - Exporting the following env vars:
AIRFLOW_CTX_DAG_OWNER=airflow
AIRFLOW_CTX_DAG_ID=prepare_data
AIRFLOW_CTX_TASK_ID=get_last_id
AIRFLOW_CTX_EXECUTION_DATE=2022-11-28T16:43:00+00:00
AIRFLOW_CTX_TRY_NUMBER=1
AIRFLOW_CTX_DAG_RUN_ID=scheduled__2022-11-28T16:43:00+00:00
[2022-12-12 18:38:30,808] {base.py:68} INFO - Using connection ID 'postgres_default' for task execution.
[2022-12-12 18:38:30,947] {python.py:173} INFO - Done. Returned value was: None
[2022-12-12 18:38:31,101] {taskinstance.py:1400} INFO - Marking task as SUCCESS. dag_id=prepare_data, task_id=get_last_id, execution_date=20221128T164300, start_date=20221212T183828, end_date=20221212T183831
[2022-12-12 18:38:31,214] {local_task_job.py:156} INFO - Task exited with return code 0
[2022-12-12 18:38:31,470] {local_task_job.py:273} INFO - 1 downstream tasks scheduled from follow-on schedule check
