[2022-12-16 10:58:38,681] {taskinstance.py:1159} INFO - Dependencies all met for <TaskInstance: prepare_data.transfer_data scheduled__2022-12-16T10:57:00+00:00 [queued]>
[2022-12-16 10:58:38,794] {taskinstance.py:1159} INFO - Dependencies all met for <TaskInstance: prepare_data.transfer_data scheduled__2022-12-16T10:57:00+00:00 [queued]>
[2022-12-16 10:58:38,799] {taskinstance.py:1356} INFO - 
--------------------------------------------------------------------------------
[2022-12-16 10:58:38,799] {taskinstance.py:1357} INFO - Starting attempt 1 of 1
[2022-12-16 10:58:38,799] {taskinstance.py:1358} INFO - 
--------------------------------------------------------------------------------
[2022-12-16 10:58:38,903] {taskinstance.py:1377} INFO - Executing <Task(PythonOperator): transfer_data> on 2022-12-16 10:57:00+00:00
[2022-12-16 10:58:38,920] {standard_task_runner.py:52} INFO - Started process 2981 to run task
[2022-12-16 10:58:38,950] {standard_task_runner.py:79} INFO - Running: ['airflow', 'tasks', 'run', 'prepare_data', 'transfer_data', 'scheduled__2022-12-16T10:57:00+00:00', '--job-id', '1515', '--raw', '--subdir', 'DAGS_FOLDER/prepare_data.py', '--cfg-path', '/tmp/tmpqviy5f10', '--error-file', '/tmp/tmp8i6td1l8']
[2022-12-16 10:58:38,981] {standard_task_runner.py:80} INFO - Job 1515: Subtask transfer_data
[2022-12-16 10:58:39,386] {task_command.py:369} INFO - Running <TaskInstance: prepare_data.transfer_data scheduled__2022-12-16T10:57:00+00:00 [running]> on host 8e2f65ec4c74
[2022-12-16 10:58:39,964] {taskinstance.py:1571} INFO - Exporting the following env vars:
AIRFLOW_CTX_DAG_OWNER=airflow
AIRFLOW_CTX_DAG_ID=prepare_data
AIRFLOW_CTX_TASK_ID=transfer_data
AIRFLOW_CTX_EXECUTION_DATE=2022-12-16T10:57:00+00:00
AIRFLOW_CTX_TRY_NUMBER=1
AIRFLOW_CTX_DAG_RUN_ID=scheduled__2022-12-16T10:57:00+00:00
[2022-12-16 10:58:40,004] {base.py:68} INFO - Using connection ID 'gp_conn' for task execution.
[2022-12-16 10:58:40,295] {python.py:173} INFO - Done. Returned value was: None
[2022-12-16 10:58:40,482] {taskinstance.py:1400} INFO - Marking task as SUCCESS. dag_id=prepare_data, task_id=transfer_data, execution_date=20221216T105700, start_date=20221216T105838, end_date=20221216T105840
[2022-12-16 10:58:40,586] {local_task_job.py:156} INFO - Task exited with return code 0
[2022-12-16 10:58:41,258] {local_task_job.py:273} INFO - 0 downstream tasks scheduled from follow-on schedule check
