[2022-12-12 18:25:28,649] {taskinstance.py:1159} INFO - Dependencies all met for <TaskInstance: prepare_data.create_table scheduled__2022-11-28T17:03:00+00:00 [queued]>
[2022-12-12 18:25:28,714] {taskinstance.py:1159} INFO - Dependencies all met for <TaskInstance: prepare_data.create_table scheduled__2022-11-28T17:03:00+00:00 [queued]>
[2022-12-12 18:25:28,718] {taskinstance.py:1356} INFO - 
--------------------------------------------------------------------------------
[2022-12-12 18:25:28,720] {taskinstance.py:1357} INFO - Starting attempt 1 of 1
[2022-12-12 18:25:28,721] {taskinstance.py:1358} INFO - 
--------------------------------------------------------------------------------
[2022-12-12 18:25:29,006] {taskinstance.py:1377} INFO - Executing <Task(PostgresOperator): create_table> on 2022-11-28 17:03:00+00:00
[2022-12-12 18:25:29,056] {standard_task_runner.py:52} INFO - Started process 348 to run task
[2022-12-12 18:25:29,101] {standard_task_runner.py:79} INFO - Running: ['airflow', 'tasks', 'run', 'prepare_data', 'create_table', 'scheduled__2022-11-28T17:03:00+00:00', '--job-id', '70', '--raw', '--subdir', 'DAGS_FOLDER/prepare_data.py', '--cfg-path', '/tmp/tmpsm40n9ym', '--error-file', '/tmp/tmpd4j1gknw']
[2022-12-12 18:25:29,151] {standard_task_runner.py:80} INFO - Job 70: Subtask create_table
[2022-12-12 18:25:29,760] {task_command.py:369} INFO - Running <TaskInstance: prepare_data.create_table scheduled__2022-11-28T17:03:00+00:00 [running]> on host a49e44ee4a94
[2022-12-12 18:25:30,524] {taskinstance.py:1571} INFO - Exporting the following env vars:
AIRFLOW_CTX_DAG_OWNER=airflow
AIRFLOW_CTX_DAG_ID=prepare_data
AIRFLOW_CTX_TASK_ID=create_table
AIRFLOW_CTX_EXECUTION_DATE=2022-11-28T17:03:00+00:00
AIRFLOW_CTX_TRY_NUMBER=1
AIRFLOW_CTX_DAG_RUN_ID=scheduled__2022-11-28T17:03:00+00:00
[2022-12-12 18:25:30,640] {base.py:68} INFO - Using connection ID 'postgres_default' for task execution.
[2022-12-12 18:25:30,744] {dbapi.py:208} INFO - Running statement: CREATE TABLE IF NOT EXISTS prepared_data (
	id SERIAL,
	sensor_id BIGINT,
	longitude FLOAT,
	latitude FLOAT,
	controller_id BIGINT,
	datetime TIMESTAMP WITH TIME ZONE,
	temperature INTEGER
);, parameters: None
[2022-12-12 18:25:30,791] {postgres.py:94} INFO - NOTICE:  relation "prepared_data" already exists, skipping

[2022-12-12 18:25:31,177] {taskinstance.py:1400} INFO - Marking task as SUCCESS. dag_id=prepare_data, task_id=create_table, execution_date=20221128T170300, start_date=20221212T182528, end_date=20221212T182531
[2022-12-12 18:25:31,358] {local_task_job.py:156} INFO - Task exited with return code 0
[2022-12-12 18:25:32,166] {local_task_job.py:273} INFO - 1 downstream tasks scheduled from follow-on schedule check
[2022-12-12 18:38:51,939] {taskinstance.py:1159} INFO - Dependencies all met for <TaskInstance: prepare_data.create_table scheduled__2022-11-28T17:03:00+00:00 [queued]>
[2022-12-12 18:38:52,124] {taskinstance.py:1159} INFO - Dependencies all met for <TaskInstance: prepare_data.create_table scheduled__2022-11-28T17:03:00+00:00 [queued]>
[2022-12-12 18:38:52,136] {taskinstance.py:1356} INFO - 
--------------------------------------------------------------------------------
[2022-12-12 18:38:52,154] {taskinstance.py:1357} INFO - Starting attempt 1 of 1
[2022-12-12 18:38:52,160] {taskinstance.py:1358} INFO - 
--------------------------------------------------------------------------------
[2022-12-12 18:38:52,366] {taskinstance.py:1377} INFO - Executing <Task(PostgresOperator): create_table> on 2022-11-28 17:03:00+00:00
[2022-12-12 18:38:52,427] {standard_task_runner.py:52} INFO - Started process 322 to run task
[2022-12-12 18:38:52,444] {standard_task_runner.py:79} INFO - Running: ['airflow', 'tasks', 'run', 'prepare_data', 'create_table', 'scheduled__2022-11-28T17:03:00+00:00', '--job-id', '62', '--raw', '--subdir', 'DAGS_FOLDER/prepare_data.py', '--cfg-path', '/tmp/tmpo2v6t8do', '--error-file', '/tmp/tmpyd8zvrof']
[2022-12-12 18:38:52,466] {standard_task_runner.py:80} INFO - Job 62: Subtask create_table
[2022-12-12 18:38:53,012] {task_command.py:369} INFO - Running <TaskInstance: prepare_data.create_table scheduled__2022-11-28T17:03:00+00:00 [running]> on host cfea470654c7
[2022-12-12 18:38:53,590] {taskinstance.py:1571} INFO - Exporting the following env vars:
AIRFLOW_CTX_DAG_OWNER=airflow
AIRFLOW_CTX_DAG_ID=prepare_data
AIRFLOW_CTX_TASK_ID=create_table
AIRFLOW_CTX_EXECUTION_DATE=2022-11-28T17:03:00+00:00
AIRFLOW_CTX_TRY_NUMBER=1
AIRFLOW_CTX_DAG_RUN_ID=scheduled__2022-11-28T17:03:00+00:00
[2022-12-12 18:38:53,645] {base.py:68} INFO - Using connection ID 'postgres_default' for task execution.
[2022-12-12 18:38:53,678] {dbapi.py:208} INFO - Running statement: CREATE TABLE IF NOT EXISTS prepared_data (
	id SERIAL,
	sensor_id BIGINT,
	longitude FLOAT,
	latitude FLOAT,
	controller_id BIGINT,
	datetime TIMESTAMP WITH TIME ZONE,
	temperature INTEGER
);, parameters: None
[2022-12-12 18:38:53,697] {postgres.py:94} INFO - NOTICE:  relation "prepared_data" already exists, skipping

[2022-12-12 18:38:53,811] {taskinstance.py:1400} INFO - Marking task as SUCCESS. dag_id=prepare_data, task_id=create_table, execution_date=20221128T170300, start_date=20221212T183851, end_date=20221212T183853
[2022-12-12 18:38:54,098] {local_task_job.py:156} INFO - Task exited with return code 0
[2022-12-12 18:38:54,611] {local_task_job.py:273} INFO - 1 downstream tasks scheduled from follow-on schedule check
