[2022-12-16 10:29:17,017] {taskinstance.py:1159} INFO - Dependencies all met for <TaskInstance: prepare_data.transfer_data scheduled__2022-12-15T18:26:00+00:00 [queued]>
[2022-12-16 10:29:17,641] {taskinstance.py:1159} INFO - Dependencies all met for <TaskInstance: prepare_data.transfer_data scheduled__2022-12-15T18:26:00+00:00 [queued]>
[2022-12-16 10:29:17,645] {taskinstance.py:1356} INFO - 
--------------------------------------------------------------------------------
[2022-12-16 10:29:17,660] {taskinstance.py:1357} INFO - Starting attempt 1 of 1
[2022-12-16 10:29:17,676] {taskinstance.py:1358} INFO - 
--------------------------------------------------------------------------------
[2022-12-16 10:29:18,432] {taskinstance.py:1377} INFO - Executing <Task(PythonOperator): transfer_data> on 2022-12-15 18:26:00+00:00
[2022-12-16 10:29:18,572] {standard_task_runner.py:52} INFO - Started process 390 to run task
[2022-12-16 10:29:18,979] {standard_task_runner.py:79} INFO - Running: ['airflow', 'tasks', 'run', 'prepare_data', 'transfer_data', 'scheduled__2022-12-15T18:26:00+00:00', '--job-id', '344', '--raw', '--subdir', 'DAGS_FOLDER/prepare_data.py', '--cfg-path', '/tmp/tmpmhatf537', '--error-file', '/tmp/tmpd0o88b1u']
[2022-12-16 10:29:19,010] {standard_task_runner.py:80} INFO - Job 344: Subtask transfer_data
[2022-12-16 10:29:22,208] {task_command.py:369} INFO - Running <TaskInstance: prepare_data.transfer_data scheduled__2022-12-15T18:26:00+00:00 [running]> on host 8e2f65ec4c74
[2022-12-16 10:29:28,698] {taskinstance.py:1571} INFO - Exporting the following env vars:
AIRFLOW_CTX_DAG_OWNER=airflow
AIRFLOW_CTX_DAG_ID=prepare_data
AIRFLOW_CTX_TASK_ID=transfer_data
AIRFLOW_CTX_EXECUTION_DATE=2022-12-15T18:26:00+00:00
AIRFLOW_CTX_TRY_NUMBER=1
AIRFLOW_CTX_DAG_RUN_ID=scheduled__2022-12-15T18:26:00+00:00
[2022-12-16 10:29:32,622] {base.py:68} INFO - Using connection ID 'gp_conn' for task execution.
[2022-12-16 10:29:47,817] {taskinstance.py:1889} ERROR - Task failed with exception
Traceback (most recent call last):
  File "/home/airflow/.local/lib/python3.7/site-packages/airflow/operators/python.py", line 171, in execute
    return_value = self.execute_callable()
  File "/home/airflow/.local/lib/python3.7/site-packages/airflow/operators/python.py", line 189, in execute_callable
    return self.python_callable(*self.op_args, **self.op_kwargs)
  File "/opt/airflow/dags/prepare_data.py", line 28, in transfer_data
    con = pg_hook.get_conn()
  File "/home/airflow/.local/lib/python3.7/site-packages/airflow/providers/postgres/hooks/postgres.py", line 113, in get_conn
    self.conn = psycopg2.connect(**conn_args)
  File "/home/airflow/.local/lib/python3.7/site-packages/psycopg2/__init__.py", line 122, in connect
    conn = _connect(dsn, connection_factory=connection_factory, **kwasync)
psycopg2.OperationalError: could not translate host name "gp" to address: Temporary failure in name resolution

[2022-12-16 10:29:51,089] {taskinstance.py:1400} INFO - Marking task as FAILED. dag_id=prepare_data, task_id=transfer_data, execution_date=20221215T182600, start_date=20221216T102917, end_date=20221216T102951
[2022-12-16 10:29:51,645] {standard_task_runner.py:97} ERROR - Failed to execute job 344 for task transfer_data (could not translate host name "gp" to address: Temporary failure in name resolution
; 390)
[2022-12-16 10:29:51,758] {local_task_job.py:156} INFO - Task exited with return code 1
[2022-12-16 10:29:52,253] {local_task_job.py:273} INFO - 0 downstream tasks scheduled from follow-on schedule check
