[2022-12-16 07:53:34,998] {taskinstance.py:1159} INFO - Dependencies all met for <TaskInstance: prepare_data.transfer_data scheduled__2022-12-15T16:47:00+00:00 [None]>
[2022-12-16 07:53:37,435] {taskinstance.py:1159} INFO - Dependencies all met for <TaskInstance: prepare_data.transfer_data scheduled__2022-12-15T16:47:00+00:00 [None]>
[2022-12-16 07:53:37,435] {taskinstance.py:1356} INFO - 
--------------------------------------------------------------------------------
[2022-12-16 07:53:37,435] {taskinstance.py:1357} INFO - Starting attempt 1 of 1
[2022-12-16 07:53:37,435] {taskinstance.py:1358} INFO - 
--------------------------------------------------------------------------------
[2022-12-16 07:53:40,257] {taskinstance.py:1377} INFO - Executing <Task(PythonOperator): transfer_data> on 2022-12-15 16:47:00+00:00
[2022-12-16 07:53:40,484] {standard_task_runner.py:52} INFO - Started process 16575 to run task
[2022-12-16 07:53:41,095] {standard_task_runner.py:79} INFO - Running: ['airflow', 'tasks', 'run', 'prepare_data', 'transfer_data', 'scheduled__2022-12-15T16:47:00+00:00', '--job-id', '23', '--raw', '--subdir', 'DAGS_FOLDER/prepare_data.py', '--cfg-path', '/tmp/tmpxsvevlih', '--error-file', '/tmp/tmp093lrq8y']
[2022-12-16 07:53:41,096] {standard_task_runner.py:80} INFO - Job 23: Subtask transfer_data
[2022-12-16 07:53:50,664] {task_command.py:369} INFO - Running <TaskInstance: prepare_data.transfer_data scheduled__2022-12-15T16:47:00+00:00 [running]> on host 8e2f65ec4c74
[2022-12-16 07:54:06,408] {taskinstance.py:1571} INFO - Exporting the following env vars:
AIRFLOW_CTX_DAG_OWNER=airflow
AIRFLOW_CTX_DAG_ID=prepare_data
AIRFLOW_CTX_TASK_ID=transfer_data
AIRFLOW_CTX_EXECUTION_DATE=2022-12-15T16:47:00+00:00
AIRFLOW_CTX_TRY_NUMBER=1
AIRFLOW_CTX_DAG_RUN_ID=scheduled__2022-12-15T16:47:00+00:00
[2022-12-16 07:54:10,097] {base.py:68} INFO - Using connection ID 'gp_conn' for task execution.
[2022-12-16 07:54:22,987] {python.py:173} INFO - Done. Returned value was: None
[2022-12-16 07:57:36,184] {taskinstance.py:1400} INFO - Marking task as SUCCESS. dag_id=prepare_data, task_id=transfer_data, execution_date=20221215T164700, start_date=20221216T075334, end_date=20221216T075735
[2022-12-16 07:58:26,708] {local_task_job.py:156} INFO - Task exited with return code 0
[2022-12-16 07:58:59,317] {local_task_job.py:273} INFO - 0 downstream tasks scheduled from follow-on schedule check
