[2022-12-16 08:09:34,183] {taskinstance.py:1159} INFO - Dependencies all met for <TaskInstance: prepare_data.get_last_id scheduled__2022-12-15T17:12:00+00:00 [queued]>
[2022-12-16 08:09:34,759] {taskinstance.py:1159} INFO - Dependencies all met for <TaskInstance: prepare_data.get_last_id scheduled__2022-12-15T17:12:00+00:00 [queued]>
[2022-12-16 08:09:34,759] {taskinstance.py:1356} INFO - 
--------------------------------------------------------------------------------
[2022-12-16 08:09:34,759] {taskinstance.py:1357} INFO - Starting attempt 1 of 1
[2022-12-16 08:09:34,759] {taskinstance.py:1358} INFO - 
--------------------------------------------------------------------------------
[2022-12-16 08:09:35,543] {taskinstance.py:1377} INFO - Executing <Task(PythonOperator): get_last_id> on 2022-12-15 17:12:00+00:00
[2022-12-16 08:09:35,716] {standard_task_runner.py:52} INFO - Started process 16777 to run task
[2022-12-16 08:09:35,864] {standard_task_runner.py:79} INFO - Running: ['airflow', 'tasks', 'run', 'prepare_data', 'get_last_id', 'scheduled__2022-12-15T17:12:00+00:00', '--job-id', '91', '--raw', '--subdir', 'DAGS_FOLDER/prepare_data.py', '--cfg-path', '/tmp/tmpxw8833k4', '--error-file', '/tmp/tmp53m95jbu']
[2022-12-16 08:09:35,965] {standard_task_runner.py:80} INFO - Job 91: Subtask get_last_id
[2022-12-16 08:09:38,345] {task_command.py:369} INFO - Running <TaskInstance: prepare_data.get_last_id scheduled__2022-12-15T17:12:00+00:00 [running]> on host 8e2f65ec4c74
[2022-12-16 08:09:43,025] {taskinstance.py:1571} INFO - Exporting the following env vars:
AIRFLOW_CTX_DAG_OWNER=airflow
AIRFLOW_CTX_DAG_ID=prepare_data
AIRFLOW_CTX_TASK_ID=get_last_id
AIRFLOW_CTX_EXECUTION_DATE=2022-12-15T17:12:00+00:00
AIRFLOW_CTX_TRY_NUMBER=1
AIRFLOW_CTX_DAG_RUN_ID=scheduled__2022-12-15T17:12:00+00:00
[2022-12-16 08:09:43,808] {base.py:68} INFO - Using connection ID 'gp_conn' for task execution.
[2022-12-16 08:09:45,223] {python.py:173} INFO - Done. Returned value was: None
[2022-12-16 08:09:47,112] {taskinstance.py:1400} INFO - Marking task as SUCCESS. dag_id=prepare_data, task_id=get_last_id, execution_date=20221215T171200, start_date=20221216T080934, end_date=20221216T080947
[2022-12-16 08:09:49,601] {local_task_job.py:156} INFO - Task exited with return code 0
[2022-12-16 08:09:50,960] {local_task_job.py:273} INFO - 1 downstream tasks scheduled from follow-on schedule check
