[2022-12-16 10:54:45,518] {taskinstance.py:1159} INFO - Dependencies all met for <TaskInstance: prepare_data.transfer_data scheduled__2022-12-16T00:33:00+00:00 [queued]>
[2022-12-16 10:54:45,805] {taskinstance.py:1159} INFO - Dependencies all met for <TaskInstance: prepare_data.transfer_data scheduled__2022-12-16T00:33:00+00:00 [queued]>
[2022-12-16 10:54:45,847] {taskinstance.py:1356} INFO - 
--------------------------------------------------------------------------------
[2022-12-16 10:54:45,847] {taskinstance.py:1357} INFO - Starting attempt 1 of 1
[2022-12-16 10:54:45,847] {taskinstance.py:1358} INFO - 
--------------------------------------------------------------------------------
[2022-12-16 10:54:46,247] {taskinstance.py:1377} INFO - Executing <Task(PythonOperator): transfer_data> on 2022-12-16 00:33:00+00:00
[2022-12-16 10:54:46,380] {standard_task_runner.py:52} INFO - Started process 2788 to run task
[2022-12-16 10:54:46,501] {standard_task_runner.py:79} INFO - Running: ['airflow', 'tasks', 'run', 'prepare_data', 'transfer_data', 'scheduled__2022-12-16T00:33:00+00:00', '--job-id', '1433', '--raw', '--subdir', 'DAGS_FOLDER/prepare_data.py', '--cfg-path', '/tmp/tmpo3rdztgs', '--error-file', '/tmp/tmpe6qpk17o']
[2022-12-16 10:54:46,537] {standard_task_runner.py:80} INFO - Job 1433: Subtask transfer_data
[2022-12-16 10:54:47,844] {task_command.py:369} INFO - Running <TaskInstance: prepare_data.transfer_data scheduled__2022-12-16T00:33:00+00:00 [running]> on host 8e2f65ec4c74
[2022-12-16 10:54:50,447] {taskinstance.py:1571} INFO - Exporting the following env vars:
AIRFLOW_CTX_DAG_OWNER=airflow
AIRFLOW_CTX_DAG_ID=prepare_data
AIRFLOW_CTX_TASK_ID=transfer_data
AIRFLOW_CTX_EXECUTION_DATE=2022-12-16T00:33:00+00:00
AIRFLOW_CTX_TRY_NUMBER=1
AIRFLOW_CTX_DAG_RUN_ID=scheduled__2022-12-16T00:33:00+00:00
[2022-12-16 10:54:50,778] {base.py:68} INFO - Using connection ID 'gp_conn' for task execution.
[2022-12-16 10:54:51,659] {python.py:173} INFO - Done. Returned value was: None
[2022-12-16 10:54:52,972] {taskinstance.py:1400} INFO - Marking task as SUCCESS. dag_id=prepare_data, task_id=transfer_data, execution_date=20221216T003300, start_date=20221216T105445, end_date=20221216T105452
[2022-12-16 10:54:53,685] {local_task_job.py:156} INFO - Task exited with return code 0
[2022-12-16 10:54:54,279] {local_task_job.py:273} INFO - 0 downstream tasks scheduled from follow-on schedule check
