[2022-12-12 18:25:45,172] {taskinstance.py:1159} INFO - Dependencies all met for <TaskInstance: prepare_data.create_table scheduled__2022-11-28T17:10:00+00:00 [queued]>
[2022-12-12 18:25:45,242] {taskinstance.py:1159} INFO - Dependencies all met for <TaskInstance: prepare_data.create_table scheduled__2022-11-28T17:10:00+00:00 [queued]>
[2022-12-12 18:25:45,261] {taskinstance.py:1356} INFO - 
--------------------------------------------------------------------------------
[2022-12-12 18:25:45,275] {taskinstance.py:1357} INFO - Starting attempt 1 of 1
[2022-12-12 18:25:45,327] {taskinstance.py:1358} INFO - 
--------------------------------------------------------------------------------
[2022-12-12 18:25:45,499] {taskinstance.py:1377} INFO - Executing <Task(PostgresOperator): create_table> on 2022-11-28 17:10:00+00:00
[2022-12-12 18:25:45,517] {standard_task_runner.py:52} INFO - Started process 403 to run task
[2022-12-12 18:25:45,543] {standard_task_runner.py:79} INFO - Running: ['airflow', 'tasks', 'run', 'prepare_data', 'create_table', 'scheduled__2022-11-28T17:10:00+00:00', '--job-id', '95', '--raw', '--subdir', 'DAGS_FOLDER/prepare_data.py', '--cfg-path', '/tmp/tmpyi1tz9u3', '--error-file', '/tmp/tmpfgtom8ic']
[2022-12-12 18:25:45,547] {standard_task_runner.py:80} INFO - Job 95: Subtask create_table
[2022-12-12 18:25:46,061] {task_command.py:369} INFO - Running <TaskInstance: prepare_data.create_table scheduled__2022-11-28T17:10:00+00:00 [running]> on host a49e44ee4a94
[2022-12-12 18:25:46,709] {taskinstance.py:1571} INFO - Exporting the following env vars:
AIRFLOW_CTX_DAG_OWNER=airflow
AIRFLOW_CTX_DAG_ID=prepare_data
AIRFLOW_CTX_TASK_ID=create_table
AIRFLOW_CTX_EXECUTION_DATE=2022-11-28T17:10:00+00:00
AIRFLOW_CTX_TRY_NUMBER=1
AIRFLOW_CTX_DAG_RUN_ID=scheduled__2022-11-28T17:10:00+00:00
[2022-12-12 18:25:46,788] {base.py:68} INFO - Using connection ID 'postgres_default' for task execution.
[2022-12-12 18:25:46,833] {dbapi.py:208} INFO - Running statement: CREATE TABLE IF NOT EXISTS prepared_data (
	id SERIAL,
	sensor_id BIGINT,
	longitude FLOAT,
	latitude FLOAT,
	controller_id BIGINT,
	datetime TIMESTAMP WITH TIME ZONE,
	temperature INTEGER
);, parameters: None
[2022-12-12 18:25:46,853] {postgres.py:94} INFO - NOTICE:  relation "prepared_data" already exists, skipping

[2022-12-12 18:25:47,552] {taskinstance.py:1400} INFO - Marking task as SUCCESS. dag_id=prepare_data, task_id=create_table, execution_date=20221128T171000, start_date=20221212T182545, end_date=20221212T182547
[2022-12-12 18:25:47,737] {local_task_job.py:156} INFO - Task exited with return code 0
[2022-12-12 18:25:48,641] {local_task_job.py:273} INFO - 1 downstream tasks scheduled from follow-on schedule check
[2022-12-12 18:39:03,521] {taskinstance.py:1159} INFO - Dependencies all met for <TaskInstance: prepare_data.create_table scheduled__2022-11-28T17:10:00+00:00 [queued]>
[2022-12-12 18:39:03,691] {taskinstance.py:1159} INFO - Dependencies all met for <TaskInstance: prepare_data.create_table scheduled__2022-11-28T17:10:00+00:00 [queued]>
[2022-12-12 18:39:03,693] {taskinstance.py:1356} INFO - 
--------------------------------------------------------------------------------
[2022-12-12 18:39:03,696] {taskinstance.py:1357} INFO - Starting attempt 1 of 1
[2022-12-12 18:39:03,699] {taskinstance.py:1358} INFO - 
--------------------------------------------------------------------------------
[2022-12-12 18:39:04,051] {taskinstance.py:1377} INFO - Executing <Task(PostgresOperator): create_table> on 2022-11-28 17:10:00+00:00
[2022-12-12 18:39:04,128] {standard_task_runner.py:52} INFO - Started process 373 to run task
[2022-12-12 18:39:04,148] {standard_task_runner.py:79} INFO - Running: ['airflow', 'tasks', 'run', 'prepare_data', 'create_table', 'scheduled__2022-11-28T17:10:00+00:00', '--job-id', '82', '--raw', '--subdir', 'DAGS_FOLDER/prepare_data.py', '--cfg-path', '/tmp/tmpv2zyhhaw', '--error-file', '/tmp/tmp3oj9vgkz']
[2022-12-12 18:39:04,161] {standard_task_runner.py:80} INFO - Job 82: Subtask create_table
[2022-12-12 18:39:04,833] {task_command.py:369} INFO - Running <TaskInstance: prepare_data.create_table scheduled__2022-11-28T17:10:00+00:00 [running]> on host cfea470654c7
[2022-12-12 18:39:05,764] {taskinstance.py:1571} INFO - Exporting the following env vars:
AIRFLOW_CTX_DAG_OWNER=airflow
AIRFLOW_CTX_DAG_ID=prepare_data
AIRFLOW_CTX_TASK_ID=create_table
AIRFLOW_CTX_EXECUTION_DATE=2022-11-28T17:10:00+00:00
AIRFLOW_CTX_TRY_NUMBER=1
AIRFLOW_CTX_DAG_RUN_ID=scheduled__2022-11-28T17:10:00+00:00
[2022-12-12 18:39:05,899] {base.py:68} INFO - Using connection ID 'postgres_default' for task execution.
[2022-12-12 18:39:05,959] {dbapi.py:208} INFO - Running statement: CREATE TABLE IF NOT EXISTS prepared_data (
	id SERIAL,
	sensor_id BIGINT,
	longitude FLOAT,
	latitude FLOAT,
	controller_id BIGINT,
	datetime TIMESTAMP WITH TIME ZONE,
	temperature INTEGER
);, parameters: None
[2022-12-12 18:39:05,991] {postgres.py:94} INFO - NOTICE:  relation "prepared_data" already exists, skipping

[2022-12-12 18:39:06,164] {taskinstance.py:1400} INFO - Marking task as SUCCESS. dag_id=prepare_data, task_id=create_table, execution_date=20221128T171000, start_date=20221212T183903, end_date=20221212T183906
[2022-12-12 18:39:06,271] {local_task_job.py:156} INFO - Task exited with return code 0
[2022-12-12 18:39:06,678] {local_task_job.py:273} INFO - 1 downstream tasks scheduled from follow-on schedule check
