[2022-12-12 18:25:49,424] {taskinstance.py:1159} INFO - Dependencies all met for <TaskInstance: prepare_data.get_last_id scheduled__2022-11-28T17:08:00+00:00 [queued]>
[2022-12-12 18:25:49,506] {taskinstance.py:1159} INFO - Dependencies all met for <TaskInstance: prepare_data.get_last_id scheduled__2022-11-28T17:08:00+00:00 [queued]>
[2022-12-12 18:25:49,507] {taskinstance.py:1356} INFO - 
--------------------------------------------------------------------------------
[2022-12-12 18:25:49,509] {taskinstance.py:1357} INFO - Starting attempt 1 of 1
[2022-12-12 18:25:49,511] {taskinstance.py:1358} INFO - 
--------------------------------------------------------------------------------
[2022-12-12 18:25:49,608] {taskinstance.py:1377} INFO - Executing <Task(PythonOperator): get_last_id> on 2022-11-28 17:08:00+00:00
[2022-12-12 18:25:49,622] {standard_task_runner.py:52} INFO - Started process 418 to run task
[2022-12-12 18:25:49,687] {standard_task_runner.py:79} INFO - Running: ['airflow', 'tasks', 'run', 'prepare_data', 'get_last_id', 'scheduled__2022-11-28T17:08:00+00:00', '--job-id', '102', '--raw', '--subdir', 'DAGS_FOLDER/prepare_data.py', '--cfg-path', '/tmp/tmptdslt15b', '--error-file', '/tmp/tmp1vd08oaz']
[2022-12-12 18:25:49,704] {standard_task_runner.py:80} INFO - Job 102: Subtask get_last_id
[2022-12-12 18:25:50,784] {task_command.py:369} INFO - Running <TaskInstance: prepare_data.get_last_id scheduled__2022-11-28T17:08:00+00:00 [running]> on host a49e44ee4a94
[2022-12-12 18:25:51,673] {taskinstance.py:1571} INFO - Exporting the following env vars:
AIRFLOW_CTX_DAG_OWNER=airflow
AIRFLOW_CTX_DAG_ID=prepare_data
AIRFLOW_CTX_TASK_ID=get_last_id
AIRFLOW_CTX_EXECUTION_DATE=2022-11-28T17:08:00+00:00
AIRFLOW_CTX_TRY_NUMBER=1
AIRFLOW_CTX_DAG_RUN_ID=scheduled__2022-11-28T17:08:00+00:00
[2022-12-12 18:25:51,744] {base.py:68} INFO - Using connection ID 'postgres_default' for task execution.
[2022-12-12 18:25:51,898] {python.py:173} INFO - Done. Returned value was: None
[2022-12-12 18:25:52,306] {taskinstance.py:1400} INFO - Marking task as SUCCESS. dag_id=prepare_data, task_id=get_last_id, execution_date=20221128T170800, start_date=20221212T182549, end_date=20221212T182552
[2022-12-12 18:25:52,445] {local_task_job.py:156} INFO - Task exited with return code 0
[2022-12-12 18:25:52,952] {local_task_job.py:273} INFO - 1 downstream tasks scheduled from follow-on schedule check
[2022-12-12 18:39:05,961] {taskinstance.py:1159} INFO - Dependencies all met for <TaskInstance: prepare_data.get_last_id scheduled__2022-11-28T17:08:00+00:00 [queued]>
[2022-12-12 18:39:06,107] {taskinstance.py:1159} INFO - Dependencies all met for <TaskInstance: prepare_data.get_last_id scheduled__2022-11-28T17:08:00+00:00 [queued]>
[2022-12-12 18:39:06,108] {taskinstance.py:1356} INFO - 
--------------------------------------------------------------------------------
[2022-12-12 18:39:06,112] {taskinstance.py:1357} INFO - Starting attempt 1 of 1
[2022-12-12 18:39:06,121] {taskinstance.py:1358} INFO - 
--------------------------------------------------------------------------------
[2022-12-12 18:39:06,269] {taskinstance.py:1377} INFO - Executing <Task(PythonOperator): get_last_id> on 2022-11-28 17:08:00+00:00
[2022-12-12 18:39:06,286] {standard_task_runner.py:52} INFO - Started process 381 to run task
[2022-12-12 18:39:06,312] {standard_task_runner.py:79} INFO - Running: ['airflow', 'tasks', 'run', 'prepare_data', 'get_last_id', 'scheduled__2022-11-28T17:08:00+00:00', '--job-id', '87', '--raw', '--subdir', 'DAGS_FOLDER/prepare_data.py', '--cfg-path', '/tmp/tmps2kjwd67', '--error-file', '/tmp/tmptfmeruqg']
[2022-12-12 18:39:06,346] {standard_task_runner.py:80} INFO - Job 87: Subtask get_last_id
[2022-12-12 18:39:07,845] {task_command.py:369} INFO - Running <TaskInstance: prepare_data.get_last_id scheduled__2022-11-28T17:08:00+00:00 [running]> on host cfea470654c7
[2022-12-12 18:39:08,810] {taskinstance.py:1571} INFO - Exporting the following env vars:
AIRFLOW_CTX_DAG_OWNER=airflow
AIRFLOW_CTX_DAG_ID=prepare_data
AIRFLOW_CTX_TASK_ID=get_last_id
AIRFLOW_CTX_EXECUTION_DATE=2022-11-28T17:08:00+00:00
AIRFLOW_CTX_TRY_NUMBER=1
AIRFLOW_CTX_DAG_RUN_ID=scheduled__2022-11-28T17:08:00+00:00
[2022-12-12 18:39:08,940] {base.py:68} INFO - Using connection ID 'postgres_default' for task execution.
[2022-12-12 18:39:09,069] {python.py:173} INFO - Done. Returned value was: None
[2022-12-12 18:39:09,503] {taskinstance.py:1400} INFO - Marking task as SUCCESS. dag_id=prepare_data, task_id=get_last_id, execution_date=20221128T170800, start_date=20221212T183906, end_date=20221212T183909
[2022-12-12 18:39:09,662] {local_task_job.py:156} INFO - Task exited with return code 0
[2022-12-12 18:39:09,979] {local_task_job.py:273} INFO - 1 downstream tasks scheduled from follow-on schedule check
